{"level":"info","message":"MongoDB connected successfully","timestamp":"2026-06-22 10:56:01"}
{"level":"info","message":"Server running in development mode on port 5000","timestamp":"2026-06-22 10:56:01"}
{"level":"info","message":"\u001b[0mPOST /api/v1/enquiry/create \u001b[32m201\u001b[0m 84.887 ms - 392\u001b[0m","timestamp":"2026-06-22 10:56:12"}
{"level":"warn","message":"POST /api/sponsor/create - Route not found: /api/sponsor/create","timestamp":"2026-06-22 10:56:35"}
{"level":"info","message":"\u001b[0mPOST /api/sponsor/create \u001b[33m404\u001b[0m 8.901 ms - 126\u001b[0m","timestamp":"2026-06-22 10:56:35"}
{"level":"info","message":"\u001b[0mGET /api/v1/events/upcoming \u001b[32m200\u001b[0m 112.665 ms - 434\u001b[0m","timestamp":"2026-06-22 10:56:56"}
{"level":"info","message":"\u001b[0mGET /api/v1/members \u001b[32m200\u001b[0m 119.594 ms - -\u001b[0m","timestamp":"2026-06-22 10:56:56"}
{"level":"info","message":"\u001b[0mGET /api/v1/events/upcoming \u001b[32m200\u001b[0m 46.252 ms - 434\u001b[0m","timestamp":"2026-06-22 10:56:56"}
{"level":"info","message":"\u001b[0mGET /api/v1/members \u001b[32m200\u001b[0m 85.477 ms - -\u001b[0m","timestamp":"2026-06-22 10:56:57"}
{"level":"info","message":"\u001b[0mGET /api/v1/admins/me \u001b[32m200\u001b[0m 60.000 ms - 435\u001b[0m","timestamp":"2026-06-22 10:56:59"}
{"level":"info","message":"\u001b[0mGET /api/v1/members?page=1&limit=1 \u001b[32m200\u001b[0m 66.767 ms - -\u001b[0m","timestamp":"2026-06-22 10:56:59"}
{"level":"info","message":"\u001b[0mGET /api/v1/payments?page=1&limit=1 \u001b[32m200\u001b[0m 111.459 ms - 152\u001b[0m","timestamp":"2026-06-22 10:56:59"}
{"level":"info","message":"\u001b[0mGET /api/v1/admins \u001b[32m200\u001b[0m 104.944 ms - 797\u001b[0m","timestamp":"2026-06-22 10:56:59"}
{"level":"info","message":"\u001b[0mGET /api/v1/contacts?page=1&limit=1&isResolved=false \u001b[32m200\u001b[0m 346.116 ms - 447\u001b[0m","timestamp":"2026-06-22 10:56:59"}
{"level":"info","message":"\u001b[0mGET /api/v1/members?page=1&limit=12 \u001b[32m200\u001b[0m 76.021 ms - -\u001b[0m","timestamp":"2026-06-22 10:57:03"}
{"level":"info","message":"\u001b[0mGET /api/v1/events \u001b[32m200\u001b[0m 46.766 ms - -\u001b[0m","timestamp":"2026-06-22 10:57:08"}
{"level":"info","message":"\u001b[0mGET /api/v1/payments?page=1&limit=12 \u001b[32m200\u001b[0m 89.515 ms - 153\u001b[0m","timestamp":"2026-06-22 10:57:15"}
{"level":"info","message":"\u001b[0mGET /api/v1/contacts?page=1&limit=10 \u001b[32m200\u001b[0m 101.797 ms - 744\u001b[0m","timestamp":"2026-06-22 10:57:17"}
{"level":"info","message":"\u001b[0mGET /api/v1/sponsor \u001b[32m200\u001b[0m 38.303 ms - 930\u001b[0m","timestamp":"2026-06-22 10:57:18"}
{"level":"info","message":"\u001b[0mGET /api/v1/enquiry?page=1&limit=12 \u001b[32m200\u001b[0m 64.020 ms - -\u001b[0m","timestamp":"2026-06-22 10:57:20"}
{"level":"info","message":"\u001b[0mGET /api/v1/events/upcoming \u001b[32m200\u001b[0m 44.189 ms - 434\u001b[0m","timestamp":"2026-06-22 10:58:22"}
{"level":"info","message":"\u001b[0mGET /api/v1/events/upcoming \u001b[32m200\u001b[0m 29.137 ms - 434\u001b[0m","timestamp":"2026-06-22 10:58:22"}
{"level":"info","message":"\u001b[0mGET /api/v1/members \u001b[32m200\u001b[0m 68.880 ms - -\u001b[0m","timestamp":"2026-06-22 10:58:26"}
{"level":"info","message":"\u001b[0mGET /api/v1/members \u001b[32m200\u001b[0m 55.631 ms - -\u001b[0m","timestamp":"2026-06-22 10:58:26"}
{"level":"info","message":"\u001b[0mGET /api/v1/members \u001b[32m200\u001b[0m 374.062 ms - -\u001b[0m","timestamp":"2026-06-22 10:58:33"}
{"level":"info","message":"\u001b[0mGET /api/v1/members \u001b[32m200\u001b[0m 156.315 ms - -\u001b[0m","timestamp":"2026-06-22 10:58:33"}
{"level":"info","message":"\u001b[0mGET /api/v1/events/upcoming \u001b[32m200\u001b[0m 54.809 ms - 434\u001b[0m","timestamp":"2026-06-22 10:58:37"}
{"level":"info","message":"\u001b[0mGET /api/v1/members \u001b[32m200\u001b[0m 62.086 ms - -\u001b[0m","timestamp":"2026-06-22 10:58:37"}
{"level":"info","message":"\u001b[0mGET /api/v1/events/upcoming \u001b[32m200\u001b[0m 32.195 ms - 434\u001b[0m","timestamp":"2026-06-22 10:58:37"}
{"level":"info","message":"\u001b[0mGET /api/v1/members \u001b[32m200\u001b[0m 65.566 ms - -\u001b[0m","timestamp":"2026-06-22 10:58:37"}
{"level":"info","message":"\u001b[0mGET /api/v1/members \u001b[32m200\u001b[0m 74.572 ms - -\u001b[0m","timestamp":"2026-06-22 10:59:30"}
{"level":"info","message":"\u001b[0mGET /api/v1/members \u001b[32m200\u001b[0m 72.388 ms - -\u001b[0m","timestamp":"2026-06-22 10:59:30"}
{"level":"info","message":"\u001b[0mGET /api/v1/events/upcoming \u001b[32m200\u001b[0m 32.587 ms - 434\u001b[0m","timestamp":"2026-06-22 10:59:32"}
{"level":"info","message":"\u001b[0mGET /api/v1/events/upcoming \u001b[32m200\u001b[0m 38.097 ms - 434\u001b[0m","timestamp":"2026-06-22 10:59:32"}
{"level":"warn","message":"POST /api/sponsor/create - Route not found: /api/sponsor/create","timestamp":"2026-06-22 11:24:01"}
{"level":"info","message":"\u001b[0mPOST /api/sponsor/create \u001b[33m404\u001b[0m 6.313 ms - 126\u001b[0m","timestamp":"2026-06-22 11:24:01"}
{"level":"info","message":"\u001b[0mGET /api/v1/events/upcoming \u001b[32m200\u001b[0m 89.857 ms - 434\u001b[0m","timestamp":"2026-06-22 11:29:17"}
{"level":"info","message":"\u001b[0mGET /api/v1/members \u001b[32m200\u001b[0m 143.399 ms - -\u001b[0m","timestamp":"2026-06-22 11:29:17"}
{"level":"info","message":"\u001b[0mGET /api/v1/events/upcoming \u001b[32m200\u001b[0m 31.863 ms - 434\u001b[0m","timestamp":"2026-06-22 11:29:17"}
{"level":"info","message":"\u001b[0mGET /api/v1/members \u001b[32m200\u001b[0m 54.344 ms - -\u001b[0m","timestamp":"2026-06-22 11:29:17"}
{"level":"info","message":"\u001b[0mGET /api/v1/members \u001b[32m200\u001b[0m 65.043 ms - -\u001b[0m","timestamp":"2026-06-22 11:29:24"}
{"level":"info","message":"\u001b[0mGET /api/v1/events/upcoming \u001b[32m200\u001b[0m 66.559 ms - 434\u001b[0m","timestamp":"2026-06-22 11:29:24"}
{"level":"info","message":"\u001b[0mGET /api/v1/events/upcoming \u001b[32m200\u001b[0m 63.668 ms - 434\u001b[0m","timestamp":"2026-06-22 11:29:25"}
{"level":"info","message":"\u001b[0mGET /api/v1/members \u001b[32m200\u001b[0m 77.227 ms - -\u001b[0m","timestamp":"2026-06-22 11:29:25"}
{"level":"info","message":"\u001b[0mPOST /api/v1/sponsor/create \u001b[32m201\u001b[0m 199.928 ms - 601\u001b[0m","timestamp":"2026-06-22 11:29:49"}
{"level":"info","message":"\u001b[0mGET /api/v1/admins/me \u001b[32m200\u001b[0m 57.180 ms - 435\u001b[0m","timestamp":"2026-06-22 11:30:00"}
{"level":"info","message":"\u001b[0mGET /api/v1/enquiry?page=1&limit=12 \u001b[32m200\u001b[0m 62.004 ms - -\u001b[0m","timestamp":"2026-06-22 11:30:00"}
{"level":"info","message":"\u001b[0mGET /api/v1/sponsor \u001b[32m200\u001b[0m 34.011 ms - -\u001b[0m","timestamp":"2026-06-22 11:30:03"}
{"level":"info","message":"\u001b[0mGET /api/v1/admins \u001b[32m200\u001b[0m 160.946 ms - 797\u001b[0m","timestamp":"2026-06-22 11:30:13"}
{"level":"info","message":"\u001b[0mGET /api/v1/contacts?page=1&limit=10 \u001b[32m200\u001b[0m 87.165 ms - 744\u001b[0m","timestamp":"2026-06-22 11:30:18"}
{"level":"info","message":"\u001b[0mGET /api/v1/payments?page=1&limit=12 \u001b[32m200\u001b[0m 159.690 ms - 153\u001b[0m","timestamp":"2026-06-22 11:30:19"}
{"level":"info","message":"\u001b[0mGET /api/v1/members?page=1&limit=12 \u001b[32m200\u001b[0m 67.488 ms - -\u001b[0m","timestamp":"2026-06-22 11:30:21"}
{"level":"info","message":"\u001b[0mGET /api/v1/members?page=1&limit=1 \u001b[32m200\u001b[0m 96.500 ms - -\u001b[0m","timestamp":"2026-06-22 11:30:26"}
{"level":"info","message":"\u001b[0mGET /api/v1/payments?page=1&limit=1 \u001b[32m200\u001b[0m 131.873 ms - 152\u001b[0m","timestamp":"2026-06-22 11:30:26"}
{"level":"info","message":"\u001b[0mGET /api/v1/contacts?page=1&limit=1&isResolved=false \u001b[32m200\u001b[0m 132.529 ms - 447\u001b[0m","timestamp":"2026-06-22 11:30:26"}
{"level":"info","message":"\u001b[0mGET /api/v1/events \u001b[32m200\u001b[0m 51.672 ms - -\u001b[0m","timestamp":"2026-06-22 11:31:39"}
{"level":"info","message":"MongoDB connected successfully","timestamp":"2026-06-22 12:16:59"}
{"level":"info","message":"Server running in development mode on port 5000","timestamp":"2026-06-22 12:16:59"}
{"level":"info","message":"\u001b[0mGET /api/v1/members \u001b[0m-\u001b[0m - ms - -\u001b[0m","timestamp":"2026-06-22 12:17:12"}
{"level":"info","message":"\u001b[0mGET /api/v1/events/upcoming \u001b[0m-\u001b[0m - ms - -\u001b[0m","timestamp":"2026-06-22 12:17:12"}
{"level":"info","message":"\u001b[0mGET /api/v1/admins/me \u001b[32m200\u001b[0m 4516.769 ms - 435\u001b[0m","timestamp":"2026-06-22 12:17:17"}
{"level":"info","message":"\u001b[0mGET /api/v1/members?page=1&limit=1 \u001b[32m200\u001b[0m 1921.865 ms - -\u001b[0m","timestamp":"2026-06-22 12:17:19"}
{"level":"info","message":"\u001b[0mGET /api/v1/admins \u001b[32m200\u001b[0m 4304.285 ms - 797\u001b[0m","timestamp":"2026-06-22 12:17:21"}
{"level":"info","message":"\u001b[0mGET /api/v1/payments?page=1&limit=1 \u001b[32m200\u001b[0m 4323.766 ms - 152\u001b[0m","timestamp":"2026-06-22 12:17:21"}
{"level":"info","message":"\u001b[0mGET /api/v1/events \u001b[32m200\u001b[0m 2412.964 ms - -\u001b[0m","timestamp":"2026-06-22 12:17:21"}
{"level":"info","message":"\u001b[0mGET /api/v1/contacts?page=1&limit=1&isResolved=false \u001b[32m200\u001b[0m 6913.282 ms - 447\u001b[0m","timestamp":"2026-06-22 12:17:24"}
{"level":"info","message":"\u001b[0mDELETE /api/v1/events/6a3640d3df4baa223932b27d \u001b[32m200\u001b[0m 208.986 ms - 42\u001b[0m","timestamp":"2026-06-22 12:17:29"}
{"level":"info","message":"\u001b[0mGET /api/v1/events \u001b[32m200\u001b[0m 245.374 ms - -\u001b[0m","timestamp":"2026-06-22 12:17:29"}
{"level":"info","message":"\u001b[0mGET /api/v1/payments?page=1&limit=12 \u001b[32m200\u001b[0m 117.473 ms - 153\u001b[0m","timestamp":"2026-06-22 12:17:52"}
{"level":"info","message":"\u001b[0mGET /api/v1/members?page=1&limit=12 \u001b[32m200\u001b[0m 88.548 ms - -\u001b[0m","timestamp":"2026-06-22 12:17:53"}
{"level":"info","message":"\u001b[0mGET /api/v1/events/upcoming \u001b[32m200\u001b[0m 707.860 ms - 434\u001b[0m","timestamp":"2026-06-22 12:21:33"}
{"level":"info","message":"\u001b[0mGET /api/v1/events/upcoming \u001b[32m200\u001b[0m 543.910 ms - 434\u001b[0m","timestamp":"2026-06-22 12:21:34"}
{"level":"info","message":"\u001b[0mGET /api/v1/members \u001b[32m200\u001b[0m 1642.118 ms - -\u001b[0m","timestamp":"2026-06-22 12:21:34"}
{"level":"info","message":"\u001b[0mGET /api/v1/members \u001b[32m200\u001b[0m 549.201 ms - -\u001b[0m","timestamp":"2026-06-22 12:21:34"}
{"level":"info","message":"\u001b[0mGET /api/v1/members?page=1&limit=12 \u001b[32m200\u001b[0m 425.187 ms - -\u001b[0m","timestamp":"2026-06-22 12:21:52"}
{"level":"info","message":"\u001b[0mGET /api/v1/members?page=1&limit=1 \u001b[32m200\u001b[0m 449.731 ms - -\u001b[0m","timestamp":"2026-06-22 12:21:53"}
{"level":"info","message":"\u001b[0mGET /api/v1/payments?page=1&limit=1 \u001b[32m200\u001b[0m 649.396 ms - 152\u001b[0m","timestamp":"2026-06-22 12:21:54"}
{"level":"info","message":"\u001b[0mGET /api/v1/admins \u001b[32m200\u001b[0m 808.031 ms - 797\u001b[0m","timestamp":"2026-06-22 12:21:54"}
{"level":"info","message":"\u001b[0mGET /api/v1/contacts?page=1&limit=1&isResolved=false \u001b[32m200\u001b[0m 953.204 ms - 447\u001b[0m","timestamp":"2026-06-22 12:21:54"}
{"level":"info","message":"\u001b[0mPOST /api/v1/events/create \u001b[31m500\u001b[0m 12.529 ms - 359\u001b[0m","timestamp":"2026-06-22 12:22:55"}
{"level":"info","message":"\u001b[0mGET /api/v1/events \u001b[32m200\u001b[0m 181.267 ms - -\u001b[0m","timestamp":"2026-06-22 12:22:55"}
{"level":"info","message":"\u001b[0mDELETE /api/v1/events/6a365e7053f25c7710be0af4 \u001b[32m200\u001b[0m 172.296 ms - 42\u001b[0m","timestamp":"2026-06-22 12:30:33"}
{"level":"info","message":"\u001b[0mGET /api/v1/events \u001b[32m200\u001b[0m 57.096 ms - -\u001b[0m","timestamp":"2026-06-22 12:30:33"}
{"level":"info","message":"\u001b[0mGET /api/v1/members?page=1&limit=12 \u001b[32m200\u001b[0m 89.521 ms - -\u001b[0m","timestamp":"2026-06-22 12:45:37"}
{"level":"info","message":"MongoDB connected successfully","timestamp":"2026-06-22 14:19:14"}
{"level":"info","message":"Server running in development mode on port 5000","timestamp":"2026-06-22 14:19:14"}
{"level":"info","message":"\u001b[0mGET /api/v1/events/upcoming \u001b[32m200\u001b[0m 112.380 ms - 434\u001b[0m","timestamp":"2026-06-22 14:21:19"}
{"level":"info","message":"\u001b[0mGET /api/v1/members \u001b[32m200\u001b[0m 144.066 ms - -\u001b[0m","timestamp":"2026-06-22 14:21:19"}
{"level":"info","message":"\u001b[0mGET /api/v1/events/upcoming \u001b[32m200\u001b[0m 33.090 ms - 434\u001b[0m","timestamp":"2026-06-22 14:21:19"}
{"level":"info","message":"\u001b[0mGET /api/v1/members \u001b[32m200\u001b[0m 73.368 ms - -\u001b[0m","timestamp":"2026-06-22 14:21:19"}
