{"level":"info","message":"MongoDB connected successfully","timestamp":"2026-06-17 10:25:53"}
{"level":"info","message":"Server running in development mode on port 5000","timestamp":"2026-06-17 10:25:53"}
{"level":"info","message":"\u001b[0mPOST /api/enquiry/create \u001b[32m201\u001b[0m 151.871 ms - 290\u001b[0m","timestamp":"2026-06-17 10:26:36"}
{"level":"info","message":"\u001b[0mPOST /api/sponsor/create \u001b[32m201\u001b[0m 111.264 ms - 524\u001b[0m","timestamp":"2026-06-17 10:27:11"}
{"level":"info","message":"\u001b[0mPOST /api/members/create \u001b[31m500\u001b[0m 35.494 ms - 124\u001b[0m","timestamp":"2026-06-17 10:27:40"}
{"level":"info","message":"\u001b[0mPOST /api/members/create \u001b[31m500\u001b[0m 10.835 ms - 115\u001b[0m","timestamp":"2026-06-17 10:30:27"}
{"level":"info","message":"MongoDB connected successfully","timestamp":"2026-06-17 10:31:22"}
{"level":"info","message":"Server running in development mode on port 5000","timestamp":"2026-06-17 10:31:22"}
{"level":"info","message":"\u001b[0mPOST /api/members/create \u001b[31m500\u001b[0m 93.871 ms - 135\u001b[0m","timestamp":"2026-06-17 10:31:43"}
{"level":"info","message":"MongoDB connected successfully","timestamp":"2026-06-17 10:33:30"}
{"level":"info","message":"Server running in development mode on port 5000","timestamp":"2026-06-17 10:33:30"}
{"level":"info","message":"\u001b[0mPOST /api/members/create \u001b[32m201\u001b[0m 201.577 ms - 897\u001b[0m","timestamp":"2026-06-17 10:33:53"}
{"level":"info","message":"\u001b[0mGET /api/v1/admins/me \u001b[36m304\u001b[0m 105.605 ms - -\u001b[0m","timestamp":"2026-06-17 10:36:49"}
{"level":"info","message":"\u001b[0mGET /api/v1/admins/me \u001b[36m304\u001b[0m 48.367 ms - -\u001b[0m","timestamp":"2026-06-17 10:37:07"}
{"level":"info","message":"\u001b[0mGET /api/v1/admins/me \u001b[36m304\u001b[0m 105.171 ms - -\u001b[0m","timestamp":"2026-06-17 10:37:11"}
{"level":"info","message":"\u001b[0mGET /api/v1/admins/me \u001b[36m304\u001b[0m 35.156 ms - -\u001b[0m","timestamp":"2026-06-17 10:37:22"}
{"level":"warn","message":"GET /api/v1/members?page=1&limit=1 - Route not found: /api/v1/members?page=1&limit=1","timestamp":"2026-06-17 10:37:23"}
{"level":"info","message":"\u001b[0mGET /api/v1/members?page=1&limit=1 \u001b[33m404\u001b[0m 14.063 ms - 148\u001b[0m","timestamp":"2026-06-17 10:37:23"}
{"level":"info","message":"\u001b[0mGET /api/v1/payments?page=1&limit=1 \u001b[36m304\u001b[0m 147.347 ms - -\u001b[0m","timestamp":"2026-06-17 10:37:23"}
{"level":"info","message":"\u001b[0mGET /api/v1/admins \u001b[36m304\u001b[0m 139.715 ms - -\u001b[0m","timestamp":"2026-06-17 10:37:23"}
{"level":"info","message":"\u001b[0mGET /api/v1/contacts?page=1&limit=1&isResolved=false \u001b[36m304\u001b[0m 661.370 ms - -\u001b[0m","timestamp":"2026-06-17 10:37:23"}
{"level":"info","message":"\u001b[0mGET /api/v1/payments?page=1&limit=12 \u001b[36m304\u001b[0m 236.853 ms - -\u001b[0m","timestamp":"2026-06-17 10:37:30"}
{"level":"info","message":"\u001b[0mGET /api/v1/contacts?page=1&limit=10 \u001b[36m304\u001b[0m 186.408 ms - -\u001b[0m","timestamp":"2026-06-17 10:37:31"}
{"level":"warn","message":"GET /api/v1/members?page=1&limit=1 - Route not found: /api/v1/members?page=1&limit=1","timestamp":"2026-06-17 10:37:34"}
{"level":"info","message":"\u001b[0mGET /api/v1/members?page=1&limit=1 \u001b[33m404\u001b[0m 2.221 ms - 148\u001b[0m","timestamp":"2026-06-17 10:37:34"}
{"level":"warn","message":"GET /api/v1/members?page=1&limit=12 - Route not found: /api/v1/members?page=1&limit=12","timestamp":"2026-06-17 10:40:37"}
{"level":"info","message":"\u001b[0mGET /api/v1/members?page=1&limit=12 \u001b[33m404\u001b[0m 3.140 ms - 150\u001b[0m","timestamp":"2026-06-17 10:40:37"}
{"level":"info","message":"\u001b[0mGET /api/v1/payments?page=1&limit=12 \u001b[36m304\u001b[0m 148.406 ms - -\u001b[0m","timestamp":"2026-06-17 10:40:41"}
{"level":"info","message":"\u001b[0mGET /api/v1/contacts?page=1&limit=10 \u001b[36m304\u001b[0m 309.516 ms - -\u001b[0m","timestamp":"2026-06-17 10:44:56"}
{"level":"info","message":"\u001b[0mGET /api/v1/admins \u001b[36m304\u001b[0m 78.075 ms - -\u001b[0m","timestamp":"2026-06-17 10:44:57"}
{"level":"warn","message":"GET /api/v1/members?page=1&limit=1 - Route not found: /api/v1/members?page=1&limit=1","timestamp":"2026-06-17 10:45:34"}
{"level":"info","message":"\u001b[0mGET /api/v1/members?page=1&limit=1 \u001b[33m404\u001b[0m 1.779 ms - 148\u001b[0m","timestamp":"2026-06-17 10:45:34"}
{"level":"info","message":"\u001b[0mGET /api/v1/payments?page=1&limit=1 \u001b[36m304\u001b[0m 318.411 ms - -\u001b[0m","timestamp":"2026-06-17 10:45:34"}
{"level":"info","message":"\u001b[0mGET /api/v1/contacts?page=1&limit=1&isResolved=false \u001b[36m304\u001b[0m 319.773 ms - -\u001b[0m","timestamp":"2026-06-17 10:45:34"}
{"level":"info","message":"\u001b[0mGET /api/v1/admins/me \u001b[36m304\u001b[0m 663.672 ms - -\u001b[0m","timestamp":"2026-06-17 10:57:52"}
{"level":"warn","message":"GET /api/v1/members?page=1&limit=1 - Route not found: /api/v1/members?page=1&limit=1","timestamp":"2026-06-17 10:57:53"}
{"level":"info","message":"\u001b[0mGET /api/v1/members?page=1&limit=1 \u001b[33m404\u001b[0m 3.011 ms - 148\u001b[0m","timestamp":"2026-06-17 10:57:53"}
{"level":"info","message":"\u001b[0mGET /api/v1/admins \u001b[36m304\u001b[0m 147.444 ms - -\u001b[0m","timestamp":"2026-06-17 10:57:53"}
{"level":"info","message":"\u001b[0mGET /api/v1/payments?page=1&limit=1 \u001b[36m304\u001b[0m 504.286 ms - -\u001b[0m","timestamp":"2026-06-17 10:57:53"}
{"level":"info","message":"\u001b[0mGET /api/v1/contacts?page=1&limit=1&isResolved=false \u001b[36m304\u001b[0m 503.770 ms - -\u001b[0m","timestamp":"2026-06-17 10:57:53"}
{"level":"info","message":"MongoDB connected successfully","timestamp":"2026-06-17 16:38:42"}
{"level":"info","message":"Server running in development mode on port 5000","timestamp":"2026-06-17 16:38:42"}
{"level":"info","message":"\u001b[0mGET /api/v1/admins/me \u001b[36m304\u001b[0m 154.065 ms - -\u001b[0m","timestamp":"2026-06-17 16:54:36"}
{"level":"info","message":"\u001b[0mGET /api/v1/admins/me \u001b[36m304\u001b[0m 40.161 ms - -\u001b[0m","timestamp":"2026-06-17 16:54:42"}
{"level":"info","message":"\u001b[0mGET /api/v1/admins/me \u001b[36m304\u001b[0m 35.199 ms - -\u001b[0m","timestamp":"2026-06-17 16:54:56"}
{"level":"warn","message":"GET /api/v1/members?page=1&limit=1 - Route not found: /api/v1/members?page=1&limit=1","timestamp":"2026-06-17 16:54:56"}
{"level":"info","message":"\u001b[0mGET /api/v1/members?page=1&limit=1 \u001b[33m404\u001b[0m 3.192 ms - 148\u001b[0m","timestamp":"2026-06-17 16:54:56"}
{"level":"info","message":"\u001b[0mGET /api/v1/admins \u001b[36m304\u001b[0m 84.587 ms - -\u001b[0m","timestamp":"2026-06-17 16:54:56"}
{"level":"info","message":"\u001b[0mGET /api/v1/payments?page=1&limit=1 \u001b[36m304\u001b[0m 83.436 ms - -\u001b[0m","timestamp":"2026-06-17 16:54:56"}
{"level":"info","message":"\u001b[0mGET /api/v1/contacts?page=1&limit=1&isResolved=false \u001b[36m304\u001b[0m 350.122 ms - -\u001b[0m","timestamp":"2026-06-17 16:54:56"}
{"level":"info","message":"\u001b[0mGET /api/v1/admins/me \u001b[36m304\u001b[0m 34.289 ms - -\u001b[0m","timestamp":"2026-06-17 16:55:01"}
{"level":"warn","message":"GET /api/v1/members?page=1&limit=1 - Route not found: /api/v1/members?page=1&limit=1","timestamp":"2026-06-17 16:55:01"}
{"level":"info","message":"\u001b[0mGET /api/v1/members?page=1&limit=1 \u001b[33m404\u001b[0m 2.310 ms - 148\u001b[0m","timestamp":"2026-06-17 16:55:01"}
{"level":"info","message":"\u001b[0mGET /api/v1/payments?page=1&limit=1 \u001b[36m304\u001b[0m 69.901 ms - -\u001b[0m","timestamp":"2026-06-17 16:55:01"}
{"level":"info","message":"\u001b[0mGET /api/v1/contacts?page=1&limit=1&isResolved=false \u001b[36m304\u001b[0m 74.039 ms - -\u001b[0m","timestamp":"2026-06-17 16:55:01"}
{"level":"info","message":"\u001b[0mGET /api/v1/admins \u001b[36m304\u001b[0m 79.022 ms - -\u001b[0m","timestamp":"2026-06-17 16:55:01"}
{"level":"info","message":"\u001b[0mGET /api/v1/admins/me \u001b[36m304\u001b[0m 44.189 ms - -\u001b[0m","timestamp":"2026-06-17 16:55:56"}
{"level":"warn","message":"GET /api/v1/members?page=1&limit=1 - Route not found: /api/v1/members?page=1&limit=1","timestamp":"2026-06-17 16:55:56"}
{"level":"info","message":"\u001b[0mGET /api/v1/members?page=1&limit=1 \u001b[33m404\u001b[0m 4.980 ms - 148\u001b[0m","timestamp":"2026-06-17 16:55:56"}
{"level":"info","message":"\u001b[0mGET /api/v1/payments?page=1&limit=1 \u001b[36m304\u001b[0m 70.017 ms - -\u001b[0m","timestamp":"2026-06-17 16:55:56"}
{"level":"info","message":"\u001b[0mGET /api/v1/contacts?page=1&limit=1&isResolved=false \u001b[36m304\u001b[0m 70.582 ms - -\u001b[0m","timestamp":"2026-06-17 16:55:56"}
{"level":"info","message":"\u001b[0mGET /api/v1/admins \u001b[36m304\u001b[0m 78.704 ms - -\u001b[0m","timestamp":"2026-06-17 16:55:56"}
{"level":"warn","message":"GET /api/dashboard/stats - Route not found: /api/dashboard/stats","timestamp":"2026-06-17 17:10:55"}
{"level":"info","message":"\u001b[0mGET /api/dashboard/stats \u001b[33m404\u001b[0m 6.716 ms - 128\u001b[0m","timestamp":"2026-06-17 17:10:55"}
{"level":"warn","message":"GET /favicon.ico - Route not found: /favicon.ico","timestamp":"2026-06-17 17:10:55"}
{"level":"info","message":"\u001b[0mGET /favicon.ico \u001b[33m404\u001b[0m 1.041 ms - 112\u001b[0m","timestamp":"2026-06-17 17:10:55"}
{"level":"warn","message":"GET /api/dashboard/stats - Route not found: /api/dashboard/stats","timestamp":"2026-06-17 17:12:49"}
{"level":"info","message":"\u001b[0mGET /api/dashboard/stats \u001b[33m404\u001b[0m 0.746 ms - 128\u001b[0m","timestamp":"2026-06-17 17:12:49"}
