{"level":"info","message":"MongoDB connected successfully","timestamp":"2026-06-23 10:37:47"}
{"level":"info","message":"Server running in development mode on port 5000","timestamp":"2026-06-23 10:37:47"}
{"level":"info","message":"\u001b[0mGET /api/v1/events/upcoming \u001b[32m200\u001b[0m 197.974 ms - 434\u001b[0m","timestamp":"2026-06-23 10:38:07"}
{"level":"info","message":"\u001b[0mGET /api/v1/members \u001b[32m200\u001b[0m 209.966 ms - -\u001b[0m","timestamp":"2026-06-23 10:38:07"}
{"level":"info","message":"\u001b[0mGET /api/v1/events/upcoming \u001b[32m200\u001b[0m 47.488 ms - 434\u001b[0m","timestamp":"2026-06-23 10:38:07"}
{"level":"info","message":"\u001b[0mGET /api/v1/members \u001b[32m200\u001b[0m 178.948 ms - -\u001b[0m","timestamp":"2026-06-23 10:38:08"}
{"level":"info","message":"\u001b[0mGET /api/v1/members \u001b[32m200\u001b[0m 188.059 ms - -\u001b[0m","timestamp":"2026-06-23 10:38:25"}
{"level":"info","message":"\u001b[0mGET /api/v1/events/upcoming \u001b[32m200\u001b[0m 142.642 ms - 434\u001b[0m","timestamp":"2026-06-23 10:38:25"}
{"level":"info","message":"\u001b[0mGET /api/v1/events/upcoming \u001b[32m200\u001b[0m 128.602 ms - 434\u001b[0m","timestamp":"2026-06-23 10:38:26"}
{"level":"info","message":"\u001b[0mGET /api/v1/members \u001b[32m200\u001b[0m 122.714 ms - -\u001b[0m","timestamp":"2026-06-23 10:38:26"}
{"level":"info","message":"\u001b[0mGET /api/v1/events/upcoming \u001b[32m200\u001b[0m 261.173 ms - 434\u001b[0m","timestamp":"2026-06-23 10:39:57"}
{"level":"info","message":"\u001b[0mGET /api/v1/members \u001b[32m200\u001b[0m 254.136 ms - -\u001b[0m","timestamp":"2026-06-23 10:39:57"}
{"level":"info","message":"\u001b[0mGET /api/v1/events/upcoming \u001b[32m200\u001b[0m 95.710 ms - 434\u001b[0m","timestamp":"2026-06-23 10:39:57"}
{"level":"info","message":"\u001b[0mGET /api/v1/members \u001b[32m200\u001b[0m 112.406 ms - -\u001b[0m","timestamp":"2026-06-23 10:39:57"}
{"level":"info","message":"\u001b[0mGET /api/v1/events/upcoming \u001b[32m200\u001b[0m 114.791 ms - 434\u001b[0m","timestamp":"2026-06-23 10:41:44"}
{"level":"info","message":"\u001b[0mGET /api/v1/members \u001b[32m200\u001b[0m 116.042 ms - -\u001b[0m","timestamp":"2026-06-23 10:41:44"}
{"level":"info","message":"\u001b[0mGET /api/v1/events/upcoming \u001b[32m200\u001b[0m 37.309 ms - 434\u001b[0m","timestamp":"2026-06-23 10:41:44"}
{"level":"info","message":"\u001b[0mGET /api/v1/members \u001b[32m200\u001b[0m 197.777 ms - -\u001b[0m","timestamp":"2026-06-23 10:41:44"}
{"level":"info","message":"\u001b[0mGET /api/v1/events/upcoming \u001b[32m200\u001b[0m 84.122 ms - 434\u001b[0m","timestamp":"2026-06-23 10:43:23"}
{"level":"info","message":"\u001b[0mGET /api/v1/members \u001b[32m200\u001b[0m 97.843 ms - -\u001b[0m","timestamp":"2026-06-23 10:43:23"}
{"level":"info","message":"\u001b[0mGET /api/v1/events/upcoming \u001b[32m200\u001b[0m 42.600 ms - 434\u001b[0m","timestamp":"2026-06-23 10:43:23"}
{"level":"info","message":"\u001b[0mGET /api/v1/members \u001b[32m200\u001b[0m 63.484 ms - -\u001b[0m","timestamp":"2026-06-23 10:43:23"}
{"level":"info","message":"MongoDB connected successfully","timestamp":"2026-06-23 12:25:09"}
{"level":"info","message":"Server running in development mode on port 5000","timestamp":"2026-06-23 12:25:09"}
{"level":"info","message":"MongoDB connected successfully","timestamp":"2026-06-23 17:44:55"}
{"level":"info","message":"Server running in development mode on port 5000","timestamp":"2026-06-23 17:44:55"}
{"level":"info","message":"\u001b[0mGET /api/v1/events/upcoming \u001b[32m200\u001b[0m 64.131 ms - 434\u001b[0m","timestamp":"2026-06-23 17:45:33"}
{"level":"info","message":"\u001b[0mGET /api/v1/members \u001b[32m200\u001b[0m 69.412 ms - -\u001b[0m","timestamp":"2026-06-23 17:45:33"}
{"level":"info","message":"\u001b[0mGET /api/v1/events/upcoming \u001b[32m200\u001b[0m 34.428 ms - 434\u001b[0m","timestamp":"2026-06-23 17:45:33"}
{"level":"info","message":"\u001b[0mGET /api/v1/members \u001b[32m200\u001b[0m 41.280 ms - -\u001b[0m","timestamp":"2026-06-23 17:45:33"}
{"level":"info","message":"\u001b[0mGET /api/v1/events/upcoming \u001b[32m200\u001b[0m 50.249 ms - 434\u001b[0m","timestamp":"2026-06-23 17:45:56"}
{"level":"info","message":"\u001b[0mGET /api/v1/members \u001b[32m200\u001b[0m 50.623 ms - -\u001b[0m","timestamp":"2026-06-23 17:45:56"}
{"level":"info","message":"\u001b[0mGET /api/v1/events/upcoming \u001b[32m200\u001b[0m 36.359 ms - 434\u001b[0m","timestamp":"2026-06-23 17:45:56"}
{"level":"info","message":"\u001b[0mGET /api/v1/members \u001b[32m200\u001b[0m 42.932 ms - -\u001b[0m","timestamp":"2026-06-23 17:45:56"}
{"level":"info","message":"\u001b[0mPOST /api/v1/sponsor/create \u001b[32m201\u001b[0m 54.526 ms - 520\u001b[0m","timestamp":"2026-06-23 17:46:23"}
{"level":"info","message":"\u001b[0mPOST /api/v1/enquiry/create \u001b[32m201\u001b[0m 35.128 ms - 386\u001b[0m","timestamp":"2026-06-23 17:46:45"}
{"level":"info","message":"MongoDB connected successfully","timestamp":"2026-06-23 18:07:58"}
{"level":"info","message":"Server running in development mode on port 5000","timestamp":"2026-06-23 18:07:58"}
{"level":"info","message":"MongoDB connected successfully","timestamp":"2026-06-23 18:16:57"}
{"level":"info","message":"Server running in development mode on port 5000","timestamp":"2026-06-23 18:16:57"}
{"level":"info","message":"\u001b[0mPOST /api/v1/sponsor/create \u001b[32m201\u001b[0m 78.738 ms - 584\u001b[0m","timestamp":"2026-06-23 18:18:01"}
{"level":"info","message":"\u001b[0mPOST /api/v1/enquiry/create \u001b[32m201\u001b[0m 51.289 ms - 399\u001b[0m","timestamp":"2026-06-23 18:18:29"}
{"level":"info","message":"MongoDB connected successfully","timestamp":"2026-06-23 18:23:24"}
{"level":"info","message":"Server running in development mode on port 5000","timestamp":"2026-06-23 18:23:24"}
