{"level":"info","message":"MongoDB connected successfully","timestamp":"2026-07-08 04:53:36"}
{"level":"info","message":"Server running in development mode on port 5000","timestamp":"2026-07-08 04:53:36"}
{"level":"info","message":"MongoDB connected successfully","timestamp":"2026-07-08 10:24:13"}
{"level":"info","message":"Server running in development mode on port 5000","timestamp":"2026-07-08 10:24:14"}
{"level":"info","message":"\u001b[0mGET /api/v1/events \u001b[32m200\u001b[0m 386.851 ms - -\u001b[0m","timestamp":"2026-07-08 04:59:07"}
{"level":"info","message":"\u001b[0mGET /api/v1/events \u001b[32m200\u001b[0m 80.826 ms - -\u001b[0m","timestamp":"2026-07-08 04:59:08"}
{"level":"info","message":"\u001b[0mGET /api/v1/events \u001b[32m200\u001b[0m 56.916 ms - -\u001b[0m","timestamp":"2026-07-08 04:59:24"}
{"level":"info","message":"\u001b[0mGET /api/v1/events \u001b[32m200\u001b[0m 62.565 ms - -\u001b[0m","timestamp":"2026-07-08 04:59:24"}
{"level":"info","message":"\u001b[0mGET /api/v1/events \u001b[32m200\u001b[0m 180.070 ms - -\u001b[0m","timestamp":"2026-07-08 05:02:59"}
{"level":"info","message":"\u001b[0mGET /api/v1/events \u001b[32m200\u001b[0m 89.653 ms - -\u001b[0m","timestamp":"2026-07-08 05:02:59"}
{"level":"info","message":"\u001b[0mGET /api/v1/events \u001b[32m200\u001b[0m 104.950 ms - -\u001b[0m","timestamp":"2026-07-08 05:05:28"}
{"level":"info","message":"\u001b[0mGET /api/v1/members \u001b[32m200\u001b[0m 94.657 ms - -\u001b[0m","timestamp":"2026-07-08 05:05:34"}
{"level":"info","message":"\u001b[0mGET /api/v1/members \u001b[32m200\u001b[0m 89.910 ms - -\u001b[0m","timestamp":"2026-07-08 05:05:34"}
{"level":"info","message":"\u001b[0mGET /api/v1/admins/me \u001b[32m200\u001b[0m 394.425 ms - 435\u001b[0m","timestamp":"2026-07-08 05:06:16"}
{"level":"info","message":"\u001b[0mGET /api/v1/payments?page=1&limit=1 \u001b[32m200\u001b[0m 280.161 ms - 152\u001b[0m","timestamp":"2026-07-08 05:06:17"}
{"level":"info","message":"\u001b[0mGET /api/v1/members?page=1&limit=1 \u001b[32m200\u001b[0m 279.732 ms - -\u001b[0m","timestamp":"2026-07-08 05:06:17"}
{"level":"info","message":"\u001b[0mGET /api/v1/admins \u001b[32m200\u001b[0m 247.828 ms - -\u001b[0m","timestamp":"2026-07-08 05:06:17"}
{"level":"info","message":"\u001b[0mGET /api/v1/contacts?page=1&limit=1&isResolved=false \u001b[32m200\u001b[0m 324.872 ms - 451\u001b[0m","timestamp":"2026-07-08 05:06:17"}
{"level":"info","message":"\u001b[0mGET /api/v1/events \u001b[32m200\u001b[0m 40.690 ms - -\u001b[0m","timestamp":"2026-07-08 05:06:20"}
{"level":"info","message":"\u001b[0mGET /api/v1/members?page=1&limit=12 \u001b[32m200\u001b[0m 83.196 ms - -\u001b[0m","timestamp":"2026-07-08 05:06:23"}
{"level":"info","message":"\u001b[0mGET /api/v1/payments?page=1&limit=12 \u001b[32m200\u001b[0m 203.570 ms - 153\u001b[0m","timestamp":"2026-07-08 05:06:27"}
{"level":"info","message":"\u001b[0mGET /api/v1/contacts?page=1&limit=10 \u001b[32m200\u001b[0m 143.512 ms - -\u001b[0m","timestamp":"2026-07-08 05:06:28"}
{"level":"info","message":"\u001b[0mGET /api/v1/enquiry?page=1&limit=12 \u001b[32m200\u001b[0m 88.071 ms - -\u001b[0m","timestamp":"2026-07-08 05:06:29"}
{"level":"info","message":"\u001b[0mGET /api/v1/sponsor \u001b[32m200\u001b[0m 50.302 ms - -\u001b[0m","timestamp":"2026-07-08 05:07:18"}
{"level":"info","message":"MongoDB connected successfully","timestamp":"2026-07-08 05:15:41"}
{"level":"info","message":"Server running in development mode on port 5000","timestamp":"2026-07-08 05:15:41"}
{"level":"info","message":"MongoDB connected successfully","timestamp":"2026-07-08 05:15:55"}
{"level":"info","message":"Server running in development mode on port 5000","timestamp":"2026-07-08 05:15:55"}
{"level":"info","message":"MongoDB connected successfully","timestamp":"2026-07-08 05:16:01"}
{"level":"info","message":"Server running in development mode on port 5000","timestamp":"2026-07-08 05:16:01"}
{"level":"info","message":"MongoDB connected successfully","timestamp":"2026-07-08 05:16:13"}
{"level":"info","message":"Server running in development mode on port 5000","timestamp":"2026-07-08 05:16:13"}
{"level":"info","message":"\u001b[0mGET /api/v1/admins/me \u001b[32m200\u001b[0m 63.596 ms - 435\u001b[0m","timestamp":"2026-07-08 05:16:20"}
{"level":"info","message":"\u001b[0mGET /api/v1/admins \u001b[32m200\u001b[0m 82.414 ms - -\u001b[0m","timestamp":"2026-07-08 05:16:20"}
{"level":"info","message":"\u001b[0mGET /api/v1/gallery?type=video \u001b[32m200\u001b[0m 45.020 ms - 36\u001b[0m","timestamp":"2026-07-08 05:18:30"}
{"level":"info","message":"\u001b[0mGET /api/v1/health \u001b[32m200\u001b[0m 19.505 ms - 85\u001b[0m","timestamp":"2026-07-08 10:49:42"}
{"level":"warn","message":"GET /api/v1/gallery - Route not found: /api/v1/gallery","timestamp":"2026-07-08 10:49:42"}
{"level":"info","message":"\u001b[0mGET /api/v1/gallery \u001b[33m404\u001b[0m 2.637 ms - 118\u001b[0m","timestamp":"2026-07-08 10:49:42"}
{"level":"info","message":"MongoDB connected successfully","timestamp":"2026-07-08 10:49:51"}
{"level":"info","message":"Server running in development mode on port 5000","timestamp":"2026-07-08 10:49:51"}
{"level":"warn","message":"GET /api/v1/gallery - Route not found: /api/v1/gallery","timestamp":"2026-07-08 10:50:52"}
{"level":"info","message":"\u001b[0mGET /api/v1/gallery \u001b[33m404\u001b[0m 6.405 ms - 118\u001b[0m","timestamp":"2026-07-08 10:50:52"}
{"level":"warn","message":"GET /api/v1/gallery?type=photo - Route not found: /api/v1/gallery?type=photo","timestamp":"2026-07-08 10:50:52"}
{"level":"info","message":"\u001b[0mGET /api/v1/gallery?type=photo \u001b[33m404\u001b[0m 2.524 ms - 140\u001b[0m","timestamp":"2026-07-08 10:50:52"}
{"level":"info","message":"MongoDB connected successfully","timestamp":"2026-07-08 10:51:47"}
{"level":"info","message":"Server running in development mode on port 5000","timestamp":"2026-07-08 10:51:47"}
{"level":"info","message":"\u001b[0mGET /api/v1/health \u001b[32m200\u001b[0m 3.378 ms - 84\u001b[0m","timestamp":"2026-07-08 10:52:04"}
{"level":"info","message":"\u001b[0mGET /api/v1/gallery \u001b[32m200\u001b[0m 37.372 ms - 36\u001b[0m","timestamp":"2026-07-08 10:52:04"}
{"level":"warn","message":"POST /api/v1/gallery/create - You are not logged in. Please log in to continue","timestamp":"2026-07-08 10:52:10"}
{"level":"info","message":"\u001b[0mPOST /api/v1/gallery/create \u001b[33m401\u001b[0m 3.284 ms - 150\u001b[0m","timestamp":"2026-07-08 10:52:10"}
{"level":"info","message":"\u001b[0mPOST /api/v1/admins/login \u001b[32m200\u001b[0m 400.692 ms - 633\u001b[0m","timestamp":"2026-07-08 10:54:02"}
{"level":"info","message":"\u001b[0mPOST /api/v1/gallery/create \u001b[32m201\u001b[0m 1981.328 ms - 482\u001b[0m","timestamp":"2026-07-08 10:54:13"}
{"level":"info","message":"\u001b[0mGET /api/v1/gallery?type=photo \u001b[32m200\u001b[0m 32.526 ms - 448\u001b[0m","timestamp":"2026-07-08 10:54:18"}
{"level":"info","message":"\u001b[0mDELETE /api/v1/gallery/6a4ddefdbf739e6cbae288c0 \u001b[32m200\u001b[0m 1286.049 ms - 62\u001b[0m","timestamp":"2026-07-08 10:54:28"}
{"level":"info","message":"\u001b[0mGET /api/v1/gallery?type=photo \u001b[32m200\u001b[0m 30.048 ms - 36\u001b[0m","timestamp":"2026-07-08 10:54:28"}
{"level":"info","message":"\u001b[0mGET /api/v1/admins/me \u001b[32m200\u001b[0m 298.718 ms - 435\u001b[0m","timestamp":"2026-07-08 05:32:11"}
{"level":"info","message":"\u001b[0mGET /api/v1/admins \u001b[32m200\u001b[0m 107.261 ms - -\u001b[0m","timestamp":"2026-07-08 05:32:11"}
{"level":"info","message":"\u001b[0mGET /api/v1/gallery \u001b[32m200\u001b[0m 44.332 ms - 36\u001b[0m","timestamp":"2026-07-08 05:32:14"}
{"level":"info","message":"\u001b[0mGET /api/v1/gallery?type=photo \u001b[32m200\u001b[0m 66.151 ms - 36\u001b[0m","timestamp":"2026-07-08 05:32:18"}
{"level":"info","message":"\u001b[0mGET /api/v1/gallery?type=video \u001b[32m200\u001b[0m 39.573 ms - 36\u001b[0m","timestamp":"2026-07-08 05:32:19"}
{"level":"info","message":"\u001b[0mGET /api/v1/gallery?type=guest \u001b[32m200\u001b[0m 35.404 ms - 36\u001b[0m","timestamp":"2026-07-08 05:32:21"}
{"level":"info","message":"\u001b[0mPOST /api/v1/gallery/create \u001b[32m201\u001b[0m 3908.026 ms - 485\u001b[0m","timestamp":"2026-07-08 05:33:58"}
{"level":"info","message":"\u001b[0mGET /api/v1/gallery?type=guest \u001b[32m200\u001b[0m 54.836 ms - 36\u001b[0m","timestamp":"2026-07-08 05:33:58"}
{"level":"info","message":"\u001b[0mGET /api/v1/gallery?type=video \u001b[32m200\u001b[0m 50.391 ms - 36\u001b[0m","timestamp":"2026-07-08 05:34:04"}
{"level":"info","message":"\u001b[0mGET /api/v1/gallery?type=video \u001b[32m200\u001b[0m 45.281 ms - 36\u001b[0m","timestamp":"2026-07-08 05:34:04"}
{"level":"info","message":"\u001b[0mGET /api/v1/gallery?type=video \u001b[32m200\u001b[0m 36.331 ms - 36\u001b[0m","timestamp":"2026-07-08 05:34:16"}
{"level":"info","message":"\u001b[0mGET /api/v1/gallery?type=video \u001b[32m200\u001b[0m 45.835 ms - 36\u001b[0m","timestamp":"2026-07-08 05:34:16"}
{"level":"info","message":"\u001b[0mGET /api/v1/gallery?type=photo \u001b[32m200\u001b[0m 45.621 ms - 451\u001b[0m","timestamp":"2026-07-08 05:34:39"}
{"level":"info","message":"\u001b[0mPOST /api/v1/gallery/create \u001b[32m201\u001b[0m 3084.647 ms - 488\u001b[0m","timestamp":"2026-07-08 05:35:39"}
{"level":"info","message":"\u001b[0mGET /api/v1/gallery?type=guest \u001b[32m200\u001b[0m 60.928 ms - 36\u001b[0m","timestamp":"2026-07-08 05:35:39"}
{"level":"info","message":"\u001b[0mGET /api/v1/admins/me \u001b[32m200\u001b[0m 35.936 ms - 435\u001b[0m","timestamp":"2026-07-08 05:35:46"}
{"level":"info","message":"\u001b[0mGET /api/v1/gallery \u001b[32m200\u001b[0m 57.838 ms - 870\u001b[0m","timestamp":"2026-07-08 05:35:46"}
{"level":"info","message":"\u001b[0mDELETE /api/v1/gallery/6a4de1abffc53be863c299a7 \u001b[32m200\u001b[0m 1300.835 ms - 62\u001b[0m","timestamp":"2026-07-08 05:37:58"}
{"level":"info","message":"\u001b[0mGET /api/v1/gallery \u001b[32m200\u001b[0m 34.136 ms - 451\u001b[0m","timestamp":"2026-07-08 05:37:58"}
{"level":"info","message":"\u001b[0mDELETE /api/v1/gallery/6a4de146ffc53be863c299a6 \u001b[32m200\u001b[0m 1098.098 ms - 62\u001b[0m","timestamp":"2026-07-08 05:38:09"}
{"level":"info","message":"\u001b[0mGET /api/v1/gallery \u001b[32m200\u001b[0m 45.929 ms - 36\u001b[0m","timestamp":"2026-07-08 05:38:09"}
{"level":"info","message":"\u001b[0mGET /api/v1/gallery?type=photo \u001b[32m200\u001b[0m 41.315 ms - 36\u001b[0m","timestamp":"2026-07-08 05:38:24"}
{"level":"info","message":"\u001b[0mPOST /api/v1/gallery/create \u001b[32m201\u001b[0m 1424.562 ms - 481\u001b[0m","timestamp":"2026-07-08 11:09:38"}
{"level":"info","message":"\u001b[0mGET /api/v1/gallery?type=photo \u001b[32m200\u001b[0m 36.938 ms - 447\u001b[0m","timestamp":"2026-07-08 11:09:38"}
{"level":"info","message":"\u001b[0mDELETE /api/v1/gallery/6a4de29abf739e6cbae288c1 \u001b[32m200\u001b[0m 1270.812 ms - 62\u001b[0m","timestamp":"2026-07-08 11:09:46"}
{"level":"info","message":"\u001b[0mGET /api/v1/admins/me \u001b[32m200\u001b[0m 47.063 ms - 435\u001b[0m","timestamp":"2026-07-08 05:39:58"}
{"level":"info","message":"\u001b[0mGET /api/v1/gallery \u001b[32m200\u001b[0m 33.518 ms - 36\u001b[0m","timestamp":"2026-07-08 05:39:58"}
{"level":"info","message":"\u001b[0mGET /api/v1/gallery?type=photo \u001b[32m200\u001b[0m 45.433 ms - 36\u001b[0m","timestamp":"2026-07-08 05:39:59"}
{"level":"info","message":"\u001b[0mPOST /api/v1/gallery/create \u001b[32m201\u001b[0m 2774.027 ms - 483\u001b[0m","timestamp":"2026-07-08 05:40:31"}
{"level":"info","message":"\u001b[0mGET /api/v1/gallery?type=photo \u001b[32m200\u001b[0m 35.976 ms - 449\u001b[0m","timestamp":"2026-07-08 05:40:32"}
{"level":"info","message":"\u001b[0mGET /api/v1/gallery?type=photo \u001b[32m200\u001b[0m 34.064 ms - 449\u001b[0m","timestamp":"2026-07-08 05:40:54"}
{"level":"info","message":"\u001b[0mGET /api/v1/gallery?type=photo \u001b[32m200\u001b[0m 43.213 ms - 449\u001b[0m","timestamp":"2026-07-08 05:40:54"}
{"level":"info","message":"\u001b[0mGET /api/v1/gallery?type=photo \u001b[32m200\u001b[0m 40.980 ms - 449\u001b[0m","timestamp":"2026-07-08 05:40:56"}
{"level":"info","message":"\u001b[0mGET /api/v1/gallery?type=photo \u001b[32m200\u001b[0m 33.276 ms - 449\u001b[0m","timestamp":"2026-07-08 05:40:56"}
{"level":"info","message":"\u001b[0mGET /api/v1/gallery?type=guest \u001b[32m200\u001b[0m 113.144 ms - 36\u001b[0m","timestamp":"2026-07-08 05:42:05"}
{"level":"info","message":"\u001b[0mGET /api/v1/gallery?type=guest \u001b[32m200\u001b[0m 70.826 ms - 36\u001b[0m","timestamp":"2026-07-08 05:42:05"}
{"level":"info","message":"\u001b[0mGET /api/v1/admins/me \u001b[32m200\u001b[0m 44.680 ms - 435\u001b[0m","timestamp":"2026-07-08 05:42:15"}
{"level":"info","message":"\u001b[0mGET /api/v1/gallery \u001b[32m200\u001b[0m 36.766 ms - 449\u001b[0m","timestamp":"2026-07-08 05:42:15"}
{"level":"info","message":"\u001b[0mGET /api/v1/admins \u001b[32m200\u001b[0m 95.627 ms - -\u001b[0m","timestamp":"2026-07-08 05:42:15"}
{"level":"info","message":"\u001b[0mDELETE /api/v1/gallery/6a4de2cfffc53be863c299a8 \u001b[32m200\u001b[0m 1062.674 ms - 62\u001b[0m","timestamp":"2026-07-08 05:42:41"}
{"level":"info","message":"\u001b[0mGET /api/v1/gallery \u001b[32m200\u001b[0m 43.023 ms - 36\u001b[0m","timestamp":"2026-07-08 05:42:41"}
{"level":"info","message":"\u001b[0mGET /api/v1/gallery?type=photo \u001b[32m200\u001b[0m 44.408 ms - 36\u001b[0m","timestamp":"2026-07-08 05:42:53"}
{"level":"info","message":"\u001b[0mGET /api/v1/gallery?type=photo \u001b[32m200\u001b[0m 37.619 ms - 36\u001b[0m","timestamp":"2026-07-08 05:42:53"}
{"level":"info","message":"\u001b[0mGET /api/v1/gallery?type=guest \u001b[32m200\u001b[0m 32.648 ms - 36\u001b[0m","timestamp":"2026-07-08 05:43:04"}
{"level":"info","message":"\u001b[0mGET /api/v1/gallery?type=photo \u001b[32m200\u001b[0m 42.572 ms - 36\u001b[0m","timestamp":"2026-07-08 05:43:06"}
{"level":"info","message":"\u001b[0mGET /api/v1/gallery?type=guest \u001b[32m200\u001b[0m 32.392 ms - 36\u001b[0m","timestamp":"2026-07-08 05:45:23"}
{"level":"info","message":"\u001b[0mGET /api/v1/gallery?type=guest \u001b[32m200\u001b[0m 32.495 ms - 36\u001b[0m","timestamp":"2026-07-08 05:45:23"}
{"level":"info","message":"MongoDB connected successfully","timestamp":"2026-07-08 05:45:39"}
{"level":"info","message":"Server running in development mode on port 5000","timestamp":"2026-07-08 05:45:39"}
{"level":"info","message":"MongoDB connected successfully","timestamp":"2026-07-08 05:45:49"}
{"level":"info","message":"Server running in development mode on port 5000","timestamp":"2026-07-08 05:45:49"}
{"level":"info","message":"\u001b[0mPOST /api/v1/gallery/create \u001b[32m201\u001b[0m 3490.913 ms - 513\u001b[0m","timestamp":"2026-07-08 05:46:07"}
{"level":"info","message":"\u001b[0mGET /api/v1/gallery?type=photo \u001b[32m200\u001b[0m 45.896 ms - 36\u001b[0m","timestamp":"2026-07-08 05:46:07"}
{"level":"info","message":"\u001b[0mGET /api/v1/admins/me \u001b[32m200\u001b[0m 65.759 ms - 435\u001b[0m","timestamp":"2026-07-08 05:46:15"}
{"level":"info","message":"\u001b[0mGET /api/v1/gallery \u001b[32m200\u001b[0m 54.997 ms - 479\u001b[0m","timestamp":"2026-07-08 05:46:16"}
{"level":"info","message":"\u001b[0mGET /api/v1/members \u001b[32m200\u001b[0m 43.471 ms - -\u001b[0m","timestamp":"2026-07-08 05:46:23"}
{"level":"info","message":"\u001b[0mGET /api/v1/members \u001b[32m200\u001b[0m 42.092 ms - -\u001b[0m","timestamp":"2026-07-08 05:46:23"}
{"level":"info","message":"\u001b[0mGET /api/v1/members \u001b[32m200\u001b[0m 37.042 ms - -\u001b[0m","timestamp":"2026-07-08 05:46:26"}
{"level":"info","message":"\u001b[0mGET /api/v1/members \u001b[32m200\u001b[0m 49.899 ms - -\u001b[0m","timestamp":"2026-07-08 05:46:26"}
{"level":"info","message":"\u001b[0mGET /api/v1/gallery?type=guest \u001b[32m200\u001b[0m 43.865 ms - 479\u001b[0m","timestamp":"2026-07-08 05:46:30"}
{"level":"info","message":"\u001b[0mGET /api/v1/gallery?type=guest \u001b[32m200\u001b[0m 41.049 ms - 479\u001b[0m","timestamp":"2026-07-08 05:46:30"}
{"level":"info","message":"\u001b[0mGET /api/v1/gallery?type=video \u001b[32m200\u001b[0m 33.277 ms - 36\u001b[0m","timestamp":"2026-07-08 05:46:45"}
{"level":"info","message":"\u001b[0mGET /api/v1/gallery?type=video \u001b[32m200\u001b[0m 35.857 ms - 36\u001b[0m","timestamp":"2026-07-08 05:46:45"}
{"level":"info","message":"\u001b[0mGET /api/v1/gallery?type=photo \u001b[32m200\u001b[0m 41.270 ms - 36\u001b[0m","timestamp":"2026-07-08 05:46:50"}
{"level":"info","message":"\u001b[0mGET /api/v1/gallery?type=photo \u001b[32m200\u001b[0m 36.513 ms - 36\u001b[0m","timestamp":"2026-07-08 05:46:50"}
{"level":"info","message":"\u001b[0mGET /api/v1/events \u001b[32m200\u001b[0m 65.299 ms - -\u001b[0m","timestamp":"2026-07-08 05:47:27"}
{"level":"info","message":"\u001b[0mGET /api/v1/gallery?type=video \u001b[32m200\u001b[0m 36.164 ms - 36\u001b[0m","timestamp":"2026-07-08 05:47:40"}
{"level":"info","message":"\u001b[0mGET /api/v1/gallery?type=guest \u001b[32m200\u001b[0m 95.397 ms - 479\u001b[0m","timestamp":"2026-07-08 05:47:41"}
{"level":"info","message":"\u001b[0mGET /api/v1/health \u001b[32m200\u001b[0m 4.555 ms - 86\u001b[0m","timestamp":"2026-07-08 11:17:56"}
{"level":"info","message":"\u001b[0mGET /api/v1/sponsor \u001b[32m200\u001b[0m 53.116 ms - -\u001b[0m","timestamp":"2026-07-08 05:47:58"}
{"level":"info","message":"\u001b[0mGET /api/v1/enquiry?page=1&limit=12 \u001b[32m200\u001b[0m 88.986 ms - -\u001b[0m","timestamp":"2026-07-08 05:47:59"}
{"level":"info","message":"\u001b[0mGET /api/v1/events \u001b[32m200\u001b[0m 83.592 ms - -\u001b[0m","timestamp":"2026-07-08 05:48:05"}
{"level":"info","message":"\u001b[0mGET /api/v1/events \u001b[32m200\u001b[0m 69.334 ms - -\u001b[0m","timestamp":"2026-07-08 05:48:05"}
{"level":"info","message":"\u001b[0mGET /api/v1/events \u001b[32m200\u001b[0m 75.809 ms - -\u001b[0m","timestamp":"2026-07-08 05:50:22"}
{"level":"info","message":"\u001b[0mGET /api/v1/members \u001b[32m200\u001b[0m 62.623 ms - -\u001b[0m","timestamp":"2026-07-08 05:50:25"}
{"level":"info","message":"\u001b[0mGET /api/v1/members \u001b[32m200\u001b[0m 69.589 ms - -\u001b[0m","timestamp":"2026-07-08 05:50:25"}
{"level":"info","message":"\u001b[0mGET /api/v1/events \u001b[32m200\u001b[0m 33.889 ms - -\u001b[0m","timestamp":"2026-07-08 05:50:41"}
{"level":"info","message":"\u001b[0mGET /api/v1/events \u001b[32m200\u001b[0m 45.356 ms - -\u001b[0m","timestamp":"2026-07-08 05:50:41"}
{"level":"info","message":"\u001b[0mPOST /api/v1/gallery/create \u001b[32m201\u001b[0m 2031.198 ms - 488\u001b[0m","timestamp":"2026-07-08 11:21:24"}
{"level":"info","message":"\u001b[0mGET /api/v1/contacts?page=1&limit=10 \u001b[32m200\u001b[0m 437.711 ms - -\u001b[0m","timestamp":"2026-07-08 06:14:30"}
{"level":"info","message":"\u001b[0mGET /api/v1/gallery \u001b[32m200\u001b[0m 46.633 ms - 917\u001b[0m","timestamp":"2026-07-08 06:14:31"}
{"level":"info","message":"\u001b[0mDELETE /api/v1/gallery/6a4de41e6b6f28fc48875afb \u001b[32m200\u001b[0m 1767.669 ms - 62\u001b[0m","timestamp":"2026-07-08 06:14:39"}
{"level":"info","message":"\u001b[0mGET /api/v1/gallery \u001b[32m200\u001b[0m 34.759 ms - 473\u001b[0m","timestamp":"2026-07-08 06:14:39"}
{"level":"info","message":"\u001b[0mDELETE /api/v1/gallery/6a4de55cbf739e6cbae288c2 \u001b[32m200\u001b[0m 794.562 ms - 62\u001b[0m","timestamp":"2026-07-08 06:14:41"}
{"level":"info","message":"\u001b[0mGET /api/v1/gallery \u001b[32m200\u001b[0m 32.050 ms - 36\u001b[0m","timestamp":"2026-07-08 06:14:42"}
{"level":"info","message":"\u001b[0mGET /api/v1/gallery?type=photo \u001b[32m200\u001b[0m 39.627 ms - 36\u001b[0m","timestamp":"2026-07-08 06:14:43"}
{"level":"info","message":"\u001b[0mGET /api/v1/gallery?type=video \u001b[32m200\u001b[0m 36.836 ms - 36\u001b[0m","timestamp":"2026-07-08 06:15:00"}
{"level":"info","message":"\u001b[0mGET /api/v1/gallery?type=video \u001b[32m200\u001b[0m 41.600 ms - 36\u001b[0m","timestamp":"2026-07-08 06:15:00"}
{"level":"info","message":"MongoDB connected successfully","timestamp":"2026-07-08 06:15:21"}
{"level":"info","message":"Server running in development mode on port 5000","timestamp":"2026-07-08 06:15:21"}
{"level":"info","message":"MongoDB connected successfully","timestamp":"2026-07-08 06:15:35"}
{"level":"info","message":"Server running in development mode on port 5000","timestamp":"2026-07-08 06:15:35"}
{"level":"info","message":"MongoDB connected successfully","timestamp":"2026-07-08 06:16:58"}
{"level":"info","message":"Server running in development mode on port 5000","timestamp":"2026-07-08 06:16:58"}
{"level":"info","message":"MongoDB connected successfully","timestamp":"2026-07-08 11:47:04"}
{"level":"info","message":"Server running in development mode on port 5000","timestamp":"2026-07-08 11:47:04"}
{"level":"info","message":"MongoDB connected successfully","timestamp":"2026-07-08 06:17:13"}
{"level":"info","message":"Server running in development mode on port 5000","timestamp":"2026-07-08 06:17:13"}
{"level":"info","message":"\u001b[0mGET /api/v1/health \u001b[32m200\u001b[0m 12.202 ms - 84\u001b[0m","timestamp":"2026-07-08 11:48:12"}
{"level":"info","message":"\u001b[0mPOST /api/v1/gallery/create \u001b[32m201\u001b[0m 2047.370 ms - 513\u001b[0m","timestamp":"2026-07-08 11:48:14"}
{"level":"info","message":"\u001b[0mDELETE /api/v1/gallery/6a4de55cbf739e6cbae288c2 \u001b[33m404\u001b[0m 85.019 ms - 52\u001b[0m","timestamp":"2026-07-08 11:48:24"}
{"level":"info","message":"\u001b[0mDELETE /api/v1/gallery/6a4deba667494ab8c5add852 \u001b[32m200\u001b[0m 1071.173 ms - 62\u001b[0m","timestamp":"2026-07-08 11:48:26"}
{"level":"info","message":"\u001b[0mGET /api/v1/gallery?type=photo \u001b[32m200\u001b[0m 34.224 ms - 36\u001b[0m","timestamp":"2026-07-08 11:48:26"}
{"level":"info","message":"\u001b[0mGET /api/v1/gallery?type=video \u001b[32m200\u001b[0m 66.588 ms - 36\u001b[0m","timestamp":"2026-07-08 11:49:45"}
{"level":"info","message":"\u001b[0mGET /api/v1/gallery?type=video \u001b[32m200\u001b[0m 171.978 ms - 36\u001b[0m","timestamp":"2026-07-08 06:20:25"}
{"level":"info","message":"\u001b[0mPOST /api/v1/gallery/create \u001b[0m-\u001b[0m - ms - -\u001b[0m","timestamp":"2026-07-08 06:23:13"}
{"level":"error","message":"POST /api/v1/gallery/create - File too large","stack":"MulterError: File too large\n    at abortWithCode (/app/node_modules/multer/lib/make-middleware.js:107:22)\n    at FileStream.<anonymous> (/app/node_modules/multer/lib/make-middleware.js:221:11)\n    at FileStream.emit (node:events:519:28)\n    at SBMH.ssCb [as _cb] (/app/node_modules/busboy/lib/types/multipart.js:479:32)\n    at feed (/app/node_modules/streamsearch/lib/sbmh.js:248:10)\n    at SBMH.push (/app/node_modules/streamsearch/lib/sbmh.js:104:16)\n    at Multipart._write (/app/node_modules/busboy/lib/types/multipart.js:567:19)\n    at writeOrBuffer (node:internal/streams/writable:572:12)\n    at _write (node:internal/streams/writable:501:10)\n    at Writable.write (node:internal/streams/writable:510:10)","timestamp":"2026-07-08 06:23:14"}
{"level":"info","message":"\u001b[0mGET /api/v1/admins/me \u001b[32m200\u001b[0m 895.584 ms - 435\u001b[0m","timestamp":"2026-07-08 06:23:15"}
{"level":"info","message":"\u001b[0mGET /api/v1/gallery \u001b[32m200\u001b[0m 120.170 ms - 36\u001b[0m","timestamp":"2026-07-08 06:23:16"}
{"level":"info","message":"\u001b[0mGET /api/v1/gallery?type=video \u001b[0m-\u001b[0m - ms - -\u001b[0m","timestamp":"2026-07-08 06:23:19"}
{"level":"info","message":"\u001b[0mGET /api/v1/gallery?type=video \u001b[32m200\u001b[0m 107.113 ms - 36\u001b[0m","timestamp":"2026-07-08 06:23:20"}
{"level":"info","message":"\u001b[0mGET /api/v1/gallery?type=video \u001b[32m200\u001b[0m 54.842 ms - 36\u001b[0m","timestamp":"2026-07-08 06:23:20"}
{"level":"info","message":"\u001b[0mGET /api/v1/gallery?type=video \u001b[32m200\u001b[0m 69.579 ms - 36\u001b[0m","timestamp":"2026-07-08 06:23:39"}
{"level":"info","message":"\u001b[0mGET /api/v1/gallery?type=video \u001b[32m200\u001b[0m 81.092 ms - 36\u001b[0m","timestamp":"2026-07-08 06:23:39"}
{"level":"info","message":"\u001b[0mGET /api/v1/admins/me \u001b[32m200\u001b[0m 84.814 ms - 435\u001b[0m","timestamp":"2026-07-08 06:23:42"}
{"level":"info","message":"\u001b[0mGET /api/v1/gallery?type=video \u001b[32m200\u001b[0m 57.834 ms - 36\u001b[0m","timestamp":"2026-07-08 06:23:51"}
{"level":"info","message":"\u001b[0mGET /api/v1/gallery?type=video \u001b[32m200\u001b[0m 59.645 ms - 36\u001b[0m","timestamp":"2026-07-08 06:23:51"}
{"level":"info","message":"\u001b[0mGET /api/v1/gallery \u001b[32m200\u001b[0m 47.236 ms - 36\u001b[0m","timestamp":"2026-07-08 06:23:52"}
{"level":"info","message":"\u001b[0mGET /api/v1/admins/me \u001b[32m200\u001b[0m 62.379 ms - 435\u001b[0m","timestamp":"2026-07-08 06:23:54"}
{"level":"info","message":"\u001b[0mGET /api/v1/gallery \u001b[32m200\u001b[0m 90.907 ms - 36\u001b[0m","timestamp":"2026-07-08 06:23:55"}
{"level":"info","message":"\u001b[0mGET /api/v1/gallery?type=video \u001b[32m200\u001b[0m 40.428 ms - 36\u001b[0m","timestamp":"2026-07-08 06:24:00"}
{"level":"info","message":"\u001b[0mGET /api/v1/events \u001b[32m200\u001b[0m 686.803 ms - -\u001b[0m","timestamp":"2026-07-08 06:25:28"}
{"level":"info","message":"\u001b[0mGET /api/v1/events \u001b[32m200\u001b[0m 94.819 ms - -\u001b[0m","timestamp":"2026-07-08 06:25:28"}
{"level":"info","message":"\u001b[0mGET /api/v1/health \u001b[32m200\u001b[0m 32.003 ms - 85\u001b[0m","timestamp":"2026-07-08 11:57:51"}
{"level":"info","message":"\u001b[0mGET /api/v1/health \u001b[32m200\u001b[0m 9.920 ms - 87\u001b[0m","timestamp":"2026-07-08 06:27:52"}
{"level":"info","message":"\u001b[0mGET /api/v1/events \u001b[32m200\u001b[0m 3041.795 ms - -\u001b[0m","timestamp":"2026-07-08 06:28:02"}
{"level":"info","message":"\u001b[0mGET /api/v1/events \u001b[32m200\u001b[0m 3401.588 ms - -\u001b[0m","timestamp":"2026-07-08 06:28:05"}
{"level":"info","message":"\u001b[0mPOST /api/v1/gallery/create \u001b[0m-\u001b[0m - ms - -\u001b[0m","timestamp":"2026-07-08 06:30:43"}
{"level":"error","message":"POST /api/v1/gallery/create - File too large","stack":"MulterError: File too large\n    at abortWithCode (/app/node_modules/multer/lib/make-middleware.js:107:22)\n    at FileStream.<anonymous> (/app/node_modules/multer/lib/make-middleware.js:221:11)\n    at FileStream.emit (node:events:519:28)\n    at SBMH.ssCb [as _cb] (/app/node_modules/busboy/lib/types/multipart.js:479:32)\n    at feed (/app/node_modules/streamsearch/lib/sbmh.js:248:10)\n    at SBMH.push (/app/node_modules/streamsearch/lib/sbmh.js:104:16)\n    at Multipart._write (/app/node_modules/busboy/lib/types/multipart.js:567:19)\n    at writeOrBuffer (node:internal/streams/writable:572:12)\n    at _write (node:internal/streams/writable:501:10)\n    at Writable.write (node:internal/streams/writable:510:10)","timestamp":"2026-07-08 06:30:44"}
{"level":"info","message":"\u001b[0mGET /api/v1/gallery?type=video \u001b[32m200\u001b[0m 132.322 ms - 36\u001b[0m","timestamp":"2026-07-08 06:30:44"}
{"level":"info","message":"\u001b[0mGET /api/v1/members \u001b[32m200\u001b[0m 116.345 ms - -\u001b[0m","timestamp":"2026-07-08 06:31:24"}
{"level":"info","message":"\u001b[0mGET /api/v1/members \u001b[32m200\u001b[0m 51.896 ms - -\u001b[0m","timestamp":"2026-07-08 06:31:24"}
{"level":"info","message":"\u001b[0mGET /api/v1/gallery?type=video \u001b[32m200\u001b[0m 921.274 ms - 36\u001b[0m","timestamp":"2026-07-08 06:34:10"}
{"level":"info","message":"\u001b[0mGET /api/v1/gallery?type=video \u001b[32m200\u001b[0m 38.106 ms - 36\u001b[0m","timestamp":"2026-07-08 06:34:10"}
{"level":"info","message":"\u001b[0mGET /api/v1/gallery?type=photo \u001b[32m200\u001b[0m 42.519 ms - 36\u001b[0m","timestamp":"2026-07-08 06:34:11"}
{"level":"info","message":"\u001b[0mGET /api/v1/gallery?type=photo \u001b[32m200\u001b[0m 67.179 ms - 36\u001b[0m","timestamp":"2026-07-08 06:34:12"}
{"level":"info","message":"\u001b[0mGET /api/v1/gallery?type=guest \u001b[32m200\u001b[0m 56.083 ms - 36\u001b[0m","timestamp":"2026-07-08 06:34:15"}
{"level":"info","message":"\u001b[0mGET /api/v1/gallery?type=guest \u001b[32m200\u001b[0m 39.124 ms - 36\u001b[0m","timestamp":"2026-07-08 06:34:15"}
{"level":"info","message":"MongoDB connected successfully","timestamp":"2026-07-08 06:38:23"}
{"level":"info","message":"Server running in development mode on port 5000","timestamp":"2026-07-08 06:38:23"}
{"level":"info","message":"\u001b[0mGET /api/v1/gallery \u001b[32m200\u001b[0m 118.817 ms - 36\u001b[0m","timestamp":"2026-07-08 06:38:49"}
{"level":"info","message":"\u001b[0mGET /api/v1/events \u001b[32m200\u001b[0m 139.402 ms - -\u001b[0m","timestamp":"2026-07-08 06:38:49"}
{"level":"info","message":"\u001b[0mGET /api/v1/events \u001b[32m200\u001b[0m 67.152 ms - -\u001b[0m","timestamp":"2026-07-08 06:38:49"}
{"level":"info","message":"\u001b[0mGET /api/v1/events \u001b[32m200\u001b[0m 132.473 ms - -\u001b[0m","timestamp":"2026-07-08 06:39:14"}
{"level":"info","message":"\u001b[0mGET /api/v1/events \u001b[32m200\u001b[0m 64.715 ms - -\u001b[0m","timestamp":"2026-07-08 06:39:14"}
{"level":"info","message":"\u001b[0mGET /api/v1/admins/me \u001b[32m200\u001b[0m 154.782 ms - 435\u001b[0m","timestamp":"2026-07-08 06:41:12"}
{"level":"info","message":"\u001b[0mGET /api/v1/gallery \u001b[32m200\u001b[0m 48.757 ms - 36\u001b[0m","timestamp":"2026-07-08 06:41:12"}
{"level":"info","message":"\u001b[0mGET /api/v1/gallery?type=video \u001b[32m200\u001b[0m 3465.717 ms - 36\u001b[0m","timestamp":"2026-07-08 06:44:06"}
{"level":"info","message":"\u001b[0mGET /api/v1/events \u001b[32m200\u001b[0m 395.315 ms - -\u001b[0m","timestamp":"2026-07-08 06:47:40"}
{"level":"info","message":"\u001b[0mGET /api/v1/events \u001b[32m200\u001b[0m 58.545 ms - -\u001b[0m","timestamp":"2026-07-08 06:47:40"}
{"level":"info","message":"\u001b[0mGET /api/v1/events \u001b[32m200\u001b[0m 240.831 ms - -\u001b[0m","timestamp":"2026-07-08 06:48:40"}
{"level":"info","message":"\u001b[0mGET /api/v1/events \u001b[32m200\u001b[0m 88.419 ms - -\u001b[0m","timestamp":"2026-07-08 06:48:40"}
{"level":"info","message":"\u001b[0mGET /api/v1/events \u001b[32m200\u001b[0m 60.493 ms - -\u001b[0m","timestamp":"2026-07-08 06:48:51"}
{"level":"info","message":"\u001b[0mGET /api/v1/events \u001b[32m200\u001b[0m 59.910 ms - -\u001b[0m","timestamp":"2026-07-08 06:48:52"}
{"level":"info","message":"\u001b[0mGET /api/v1/gallery \u001b[32m200\u001b[0m 117.777 ms - 36\u001b[0m","timestamp":"2026-07-08 06:50:28"}
{"level":"info","message":"\u001b[0mGET /api/v1/health \u001b[32m200\u001b[0m 14.746 ms - 87\u001b[0m","timestamp":"2026-07-08 06:50:28"}
{"level":"info","message":"\u001b[0mGET /api/v1/events \u001b[32m200\u001b[0m 96.889 ms - -\u001b[0m","timestamp":"2026-07-08 06:50:35"}
{"level":"info","message":"\u001b[0mGET /api/v1/events \u001b[32m200\u001b[0m 103.783 ms - -\u001b[0m","timestamp":"2026-07-08 06:50:35"}
{"level":"info","message":"\u001b[0mPOST /api/v1/admins/login \u001b[32m200\u001b[0m 890.562 ms - 633\u001b[0m","timestamp":"2026-07-08 06:50:48"}
{"level":"info","message":"\u001b[0mPOST /api/v1/gallery/create \u001b[32m201\u001b[0m 168.993 ms - 506\u001b[0m","timestamp":"2026-07-08 06:51:05"}
{"level":"info","message":"\u001b[0mDELETE /api/v1/gallery/6a4df359a2da702f1969c07c \u001b[32m200\u001b[0m 2465.728 ms - 62\u001b[0m","timestamp":"2026-07-08 06:51:21"}
{"level":"info","message":"\u001b[0mGET /api/v1/events \u001b[32m200\u001b[0m 175.326 ms - -\u001b[0m","timestamp":"2026-07-08 06:52:42"}
{"level":"info","message":"\u001b[0mGET /api/v1/events \u001b[32m200\u001b[0m 131.909 ms - -\u001b[0m","timestamp":"2026-07-08 06:52:42"}
{"level":"info","message":"\u001b[0mGET /api/v1/events \u001b[32m200\u001b[0m 171.570 ms - -\u001b[0m","timestamp":"2026-07-08 06:55:33"}
{"level":"info","message":"\u001b[0mGET /api/v1/events \u001b[32m200\u001b[0m 50.382 ms - -\u001b[0m","timestamp":"2026-07-08 06:55:33"}
{"level":"info","message":"\u001b[0mGET /api/v1/events \u001b[32m200\u001b[0m 246.187 ms - -\u001b[0m","timestamp":"2026-07-08 07:00:15"}
{"level":"info","message":"\u001b[0mGET /api/v1/events \u001b[32m200\u001b[0m 62.796 ms - -\u001b[0m","timestamp":"2026-07-08 07:00:15"}
{"level":"info","message":"\u001b[0mGET /api/v1/events \u001b[32m200\u001b[0m 155.383 ms - -\u001b[0m","timestamp":"2026-07-08 07:00:30"}
{"level":"info","message":"\u001b[0mGET /api/v1/events \u001b[32m200\u001b[0m 96.295 ms - -\u001b[0m","timestamp":"2026-07-08 07:00:30"}
{"level":"info","message":"\u001b[0mGET /api/v1/events \u001b[32m200\u001b[0m 1186.611 ms - -\u001b[0m","timestamp":"2026-07-08 07:09:14"}
{"level":"info","message":"\u001b[0mGET /api/v1/events \u001b[32m200\u001b[0m 82.599 ms - -\u001b[0m","timestamp":"2026-07-08 07:09:14"}
{"level":"info","message":"\u001b[0mGET /api/v1/events \u001b[32m200\u001b[0m 64.842 ms - -\u001b[0m","timestamp":"2026-07-08 07:10:22"}
{"level":"info","message":"\u001b[0mGET /api/v1/events \u001b[32m200\u001b[0m 47.720 ms - -\u001b[0m","timestamp":"2026-07-08 07:10:22"}
{"level":"info","message":"\u001b[0mGET /api/v1/events \u001b[32m200\u001b[0m 62.435 ms - -\u001b[0m","timestamp":"2026-07-08 07:11:38"}
{"level":"info","message":"\u001b[0mGET /api/v1/events \u001b[32m200\u001b[0m 61.276 ms - -\u001b[0m","timestamp":"2026-07-08 07:11:38"}
{"level":"info","message":"\u001b[0mGET /api/v1/events \u001b[32m200\u001b[0m 204.931 ms - -\u001b[0m","timestamp":"2026-07-08 07:12:22"}
{"level":"info","message":"\u001b[0mGET /api/v1/events \u001b[32m200\u001b[0m 53.428 ms - -\u001b[0m","timestamp":"2026-07-08 07:12:22"}
{"level":"info","message":"\u001b[0mGET /api/v1/events \u001b[32m200\u001b[0m 138.426 ms - -\u001b[0m","timestamp":"2026-07-08 07:12:39"}
{"level":"info","message":"\u001b[0mGET /api/v1/events \u001b[32m200\u001b[0m 173.552 ms - -\u001b[0m","timestamp":"2026-07-08 07:12:39"}
{"level":"info","message":"\u001b[0mGET /api/v1/events \u001b[32m200\u001b[0m 53.670 ms - -\u001b[0m","timestamp":"2026-07-08 07:12:56"}
{"level":"info","message":"\u001b[0mGET /api/v1/events \u001b[32m200\u001b[0m 197.002 ms - -\u001b[0m","timestamp":"2026-07-08 07:12:56"}
{"level":"info","message":"\u001b[0mGET /api/v1/gallery?type=video \u001b[32m200\u001b[0m 108.141 ms - 36\u001b[0m","timestamp":"2026-07-08 07:14:30"}
{"level":"info","message":"\u001b[0mGET /api/v1/gallery?type=video \u001b[32m200\u001b[0m 36.731 ms - 36\u001b[0m","timestamp":"2026-07-08 07:14:30"}
{"level":"info","message":"\u001b[0mGET /api/v1/events \u001b[32m200\u001b[0m 62.638 ms - -\u001b[0m","timestamp":"2026-07-08 07:15:32"}
{"level":"info","message":"\u001b[0mGET /api/v1/events \u001b[32m200\u001b[0m 94.237 ms - -\u001b[0m","timestamp":"2026-07-08 07:15:32"}
{"level":"info","message":"\u001b[0mGET /api/v1/events \u001b[32m200\u001b[0m 82.590 ms - -\u001b[0m","timestamp":"2026-07-08 07:20:44"}
{"level":"info","message":"\u001b[0mGET /api/v1/events \u001b[32m200\u001b[0m 49.160 ms - -\u001b[0m","timestamp":"2026-07-08 07:20:44"}
