{"level":"info","message":"MongoDB connected successfully","timestamp":"2026-06-20 10:19:31"}
{"level":"info","message":"Server running in development mode on port 5000","timestamp":"2026-06-20 10:19:31"}
{"level":"info","message":"\u001b[0mGET /api/v1/members \u001b[32m200\u001b[0m 358.000 ms - -\u001b[0m","timestamp":"2026-06-20 10:19:32"}
{"level":"info","message":"\u001b[0mGET /api/v1/members \u001b[32m200\u001b[0m 97.887 ms - -\u001b[0m","timestamp":"2026-06-20 10:19:32"}
{"level":"info","message":"\u001b[0mGET /api/v1/events/upcoming \u001b[32m200\u001b[0m 585.343 ms - 434\u001b[0m","timestamp":"2026-06-20 10:19:32"}
{"level":"info","message":"\u001b[0mGET /api/v1/events/upcoming \u001b[32m200\u001b[0m 36.693 ms - 434\u001b[0m","timestamp":"2026-06-20 10:19:32"}
{"level":"info","message":"\u001b[0mGET /api/v1/members \u001b[32m200\u001b[0m 132.820 ms - -\u001b[0m","timestamp":"2026-06-20 10:19:39"}
{"level":"info","message":"\u001b[0mGET /api/v1/events/upcoming \u001b[32m200\u001b[0m 125.193 ms - 434\u001b[0m","timestamp":"2026-06-20 10:19:39"}
{"level":"info","message":"\u001b[0mGET /api/v1/events/upcoming \u001b[32m200\u001b[0m 93.371 ms - 434\u001b[0m","timestamp":"2026-06-20 10:19:39"}
{"level":"info","message":"\u001b[0mGET /api/v1/members \u001b[32m200\u001b[0m 150.566 ms - -\u001b[0m","timestamp":"2026-06-20 10:19:39"}
{"level":"info","message":"\u001b[0mGET /api/v1/members \u001b[32m200\u001b[0m 76.481 ms - -\u001b[0m","timestamp":"2026-06-20 10:20:11"}
{"level":"info","message":"\u001b[0mGET /api/v1/members \u001b[32m200\u001b[0m 50.655 ms - -\u001b[0m","timestamp":"2026-06-20 10:20:11"}
{"level":"info","message":"\u001b[0mGET /api/v1/events/upcoming \u001b[32m200\u001b[0m 38.741 ms - 434\u001b[0m","timestamp":"2026-06-20 10:20:31"}
{"level":"info","message":"\u001b[0mGET /api/v1/events/upcoming \u001b[32m200\u001b[0m 47.954 ms - 434\u001b[0m","timestamp":"2026-06-20 10:20:31"}
{"level":"info","message":"\u001b[0mGET /api/v1/members \u001b[32m200\u001b[0m 70.742 ms - -\u001b[0m","timestamp":"2026-06-20 10:20:34"}
{"level":"info","message":"\u001b[0mGET /api/v1/members \u001b[32m200\u001b[0m 84.137 ms - -\u001b[0m","timestamp":"2026-06-20 10:20:35"}
{"level":"info","message":"\u001b[0mGET /api/v1/events/upcoming \u001b[32m200\u001b[0m 59.914 ms - 434\u001b[0m","timestamp":"2026-06-20 10:20:49"}
{"level":"info","message":"\u001b[0mGET /api/v1/members \u001b[32m200\u001b[0m 61.463 ms - -\u001b[0m","timestamp":"2026-06-20 10:20:49"}
{"level":"info","message":"\u001b[0mGET /api/v1/events/upcoming \u001b[32m200\u001b[0m 36.422 ms - 434\u001b[0m","timestamp":"2026-06-20 10:20:49"}
{"level":"info","message":"\u001b[0mGET /api/v1/members \u001b[32m200\u001b[0m 62.578 ms - -\u001b[0m","timestamp":"2026-06-20 10:20:49"}
{"level":"info","message":"\u001b[0mGET /api/v1/admins/me \u001b[32m200\u001b[0m 58.739 ms - 435\u001b[0m","timestamp":"2026-06-20 10:20:53"}
{"level":"info","message":"\u001b[0mGET /api/v1/contacts?page=1&limit=1&isResolved=false \u001b[32m200\u001b[0m 137.731 ms - 447\u001b[0m","timestamp":"2026-06-20 10:20:53"}
{"level":"info","message":"\u001b[0mGET /api/v1/members?page=1&limit=1 \u001b[32m200\u001b[0m 146.750 ms - -\u001b[0m","timestamp":"2026-06-20 10:20:53"}
{"level":"info","message":"\u001b[0mGET /api/v1/admins \u001b[32m200\u001b[0m 171.319 ms - 797\u001b[0m","timestamp":"2026-06-20 10:20:53"}
{"level":"info","message":"\u001b[0mGET /api/v1/payments?page=1&limit=1 \u001b[32m200\u001b[0m 485.237 ms - 152\u001b[0m","timestamp":"2026-06-20 10:20:54"}
{"level":"info","message":"\u001b[0mGET /api/v1/members?page=1&limit=12 \u001b[32m200\u001b[0m 65.369 ms - -\u001b[0m","timestamp":"2026-06-20 10:20:58"}
{"level":"info","message":"\u001b[0mGET /api/v1/events \u001b[32m200\u001b[0m 38.641 ms - 845\u001b[0m","timestamp":"2026-06-20 10:21:00"}
{"level":"info","message":"\u001b[0mGET /api/v1/payments?page=1&limit=12 \u001b[32m200\u001b[0m 90.241 ms - 153\u001b[0m","timestamp":"2026-06-20 10:21:02"}
{"level":"info","message":"\u001b[0mGET /api/v1/contacts?page=1&limit=10 \u001b[32m200\u001b[0m 84.016 ms - 744\u001b[0m","timestamp":"2026-06-20 10:21:03"}
{"level":"info","message":"\u001b[0mGET /api/v1/enquiry?page=1&limit=12 \u001b[32m200\u001b[0m 43.736 ms - -\u001b[0m","timestamp":"2026-06-20 10:21:05"}
{"level":"info","message":"\u001b[0mGET /api/v1/sponsor \u001b[32m200\u001b[0m 37.456 ms - 930\u001b[0m","timestamp":"2026-06-20 10:21:06"}
{"level":"info","message":"\u001b[0mGET /api/v1/events \u001b[32m200\u001b[0m 98.626 ms - 845\u001b[0m","timestamp":"2026-06-20 10:48:11"}
{"level":"info","message":"\u001b[0mGET /api/v1/payments?page=1&limit=12 \u001b[32m200\u001b[0m 116.903 ms - 153\u001b[0m","timestamp":"2026-06-20 10:48:13"}
{"level":"info","message":"\u001b[0mGET /api/v1/contacts?page=1&limit=10 \u001b[32m200\u001b[0m 112.246 ms - 744\u001b[0m","timestamp":"2026-06-20 10:48:14"}
{"level":"info","message":"\u001b[0mGET /api/v1/enquiry?page=1&limit=12 \u001b[32m200\u001b[0m 57.599 ms - -\u001b[0m","timestamp":"2026-06-20 10:48:19"}
{"level":"info","message":"\u001b[0mGET /api/v1/sponsor \u001b[32m200\u001b[0m 55.701 ms - 930\u001b[0m","timestamp":"2026-06-20 10:48:23"}
{"level":"info","message":"\u001b[0mGET /api/v1/members?page=1&limit=12 \u001b[32m200\u001b[0m 62.801 ms - -\u001b[0m","timestamp":"2026-06-20 10:48:29"}
{"level":"info","message":"\u001b[0mGET /api/v1/admins/me \u001b[0m-\u001b[0m - ms - -\u001b[0m","timestamp":"2026-06-20 11:40:58"}
{"level":"info","message":"\u001b[0mGET /api/v1/admins/me \u001b[32m200\u001b[0m 35.018 ms - 435\u001b[0m","timestamp":"2026-06-20 11:40:58"}
{"level":"info","message":"\u001b[0mGET /api/v1/members?page=1&limit=12 \u001b[32m200\u001b[0m 50.390 ms - -\u001b[0m","timestamp":"2026-06-20 11:40:59"}
{"level":"info","message":"\u001b[0mGET /api/v1/members \u001b[32m200\u001b[0m 40.261 ms - -\u001b[0m","timestamp":"2026-06-20 11:41:00"}
{"level":"info","message":"\u001b[0mGET /api/v1/events/upcoming \u001b[32m200\u001b[0m 36.773 ms - 434\u001b[0m","timestamp":"2026-06-20 11:41:00"}
{"level":"info","message":"\u001b[0mGET /api/v1/members \u001b[32m200\u001b[0m 51.152 ms - -\u001b[0m","timestamp":"2026-06-20 11:41:01"}
{"level":"info","message":"\u001b[0mGET /api/v1/events/upcoming \u001b[32m200\u001b[0m 32.075 ms - 434\u001b[0m","timestamp":"2026-06-20 11:41:01"}
{"level":"info","message":"\u001b[0mGET /api/v1/events/upcoming \u001b[32m200\u001b[0m 51.574 ms - 434\u001b[0m","timestamp":"2026-06-20 11:46:05"}
{"level":"info","message":"\u001b[0mGET /api/v1/members \u001b[32m200\u001b[0m 49.859 ms - -\u001b[0m","timestamp":"2026-06-20 11:46:05"}
{"level":"info","message":"\u001b[0mGET /api/v1/events/upcoming \u001b[32m200\u001b[0m 31.196 ms - 434\u001b[0m","timestamp":"2026-06-20 11:46:05"}
{"level":"info","message":"\u001b[0mGET /api/v1/members \u001b[32m200\u001b[0m 64.435 ms - -\u001b[0m","timestamp":"2026-06-20 11:46:05"}
{"level":"info","message":"\u001b[0mGET /api/v1/members \u001b[32m200\u001b[0m 50.565 ms - -\u001b[0m","timestamp":"2026-06-20 11:46:08"}
{"level":"info","message":"\u001b[0mGET /api/v1/members \u001b[32m200\u001b[0m 48.645 ms - -\u001b[0m","timestamp":"2026-06-20 11:46:08"}
{"level":"info","message":"\u001b[0mGET /api/v1/members/6a33a99fccdbf031c65a3c10 \u001b[32m200\u001b[0m 56.578 ms - -\u001b[0m","timestamp":"2026-06-20 11:46:35"}
{"level":"info","message":"\u001b[0mGET /api/v1/members/6a33a99fccdbf031c65a3c10 \u001b[32m200\u001b[0m 34.634 ms - -\u001b[0m","timestamp":"2026-06-20 11:46:35"}
{"level":"info","message":"\u001b[0mGET /api/v1/members \u001b[32m200\u001b[0m 61.650 ms - -\u001b[0m","timestamp":"2026-06-20 11:46:42"}
{"level":"info","message":"\u001b[0mGET /api/v1/members \u001b[32m200\u001b[0m 69.180 ms - -\u001b[0m","timestamp":"2026-06-20 11:46:42"}
{"level":"info","message":"\u001b[0mGET /api/v1/events/upcoming \u001b[32m200\u001b[0m 67.419 ms - 434\u001b[0m","timestamp":"2026-06-20 11:47:54"}
{"level":"info","message":"\u001b[0mGET /api/v1/members \u001b[32m200\u001b[0m 69.568 ms - -\u001b[0m","timestamp":"2026-06-20 11:47:54"}
{"level":"info","message":"\u001b[0mGET /api/v1/events/upcoming \u001b[32m200\u001b[0m 32.190 ms - 434\u001b[0m","timestamp":"2026-06-20 11:47:54"}
{"level":"info","message":"\u001b[0mGET /api/v1/members \u001b[32m200\u001b[0m 48.855 ms - -\u001b[0m","timestamp":"2026-06-20 11:47:54"}
{"level":"info","message":"\u001b[0mGET /api/v1/events/upcoming \u001b[32m200\u001b[0m 42.369 ms - 434\u001b[0m","timestamp":"2026-06-20 11:48:39"}
{"level":"info","message":"\u001b[0mGET /api/v1/events/upcoming \u001b[32m200\u001b[0m 41.489 ms - 434\u001b[0m","timestamp":"2026-06-20 11:48:39"}
{"level":"info","message":"\u001b[0mGET /api/v1/events \u001b[32m200\u001b[0m 38.711 ms - 845\u001b[0m","timestamp":"2026-06-20 11:55:13"}
{"level":"info","message":"\u001b[0mGET /api/v1/contacts?page=1&limit=10 \u001b[32m200\u001b[0m 86.876 ms - 744\u001b[0m","timestamp":"2026-06-20 11:55:25"}
{"level":"info","message":"\u001b[0mGET /api/v1/enquiry?page=1&limit=12 \u001b[32m200\u001b[0m 38.612 ms - -\u001b[0m","timestamp":"2026-06-20 11:55:30"}
{"level":"info","message":"\u001b[0mGET /api/v1/sponsor \u001b[32m200\u001b[0m 48.280 ms - 930\u001b[0m","timestamp":"2026-06-20 11:55:31"}
{"level":"info","message":"\u001b[0mGET /api/v1/admins \u001b[32m200\u001b[0m 83.062 ms - 797\u001b[0m","timestamp":"2026-06-20 11:55:32"}
{"level":"info","message":"\u001b[0mGET /api/v1/payments?page=1&limit=12 \u001b[32m200\u001b[0m 249.068 ms - 153\u001b[0m","timestamp":"2026-06-20 11:55:50"}
{"level":"info","message":"\u001b[0mGET /api/v1/members?page=1&limit=1 \u001b[32m200\u001b[0m 63.132 ms - -\u001b[0m","timestamp":"2026-06-20 11:56:00"}
{"level":"info","message":"\u001b[0mGET /api/v1/payments?page=1&limit=1 \u001b[32m200\u001b[0m 93.568 ms - 152\u001b[0m","timestamp":"2026-06-20 11:56:00"}
{"level":"info","message":"\u001b[0mGET /api/v1/contacts?page=1&limit=1&isResolved=false \u001b[32m200\u001b[0m 91.303 ms - 447\u001b[0m","timestamp":"2026-06-20 11:56:00"}
{"level":"info","message":"\u001b[0mGET /api/v1/admins/me \u001b[32m200\u001b[0m 318.768 ms - 435\u001b[0m","timestamp":"2026-06-20 12:05:42"}
{"level":"info","message":"\u001b[0mGET /api/v1/members?page=1&limit=1 \u001b[32m200\u001b[0m 86.925 ms - -\u001b[0m","timestamp":"2026-06-20 12:05:42"}
{"level":"info","message":"\u001b[0mGET /api/v1/payments?page=1&limit=1 \u001b[32m200\u001b[0m 120.513 ms - 152\u001b[0m","timestamp":"2026-06-20 12:05:42"}
{"level":"info","message":"\u001b[0mGET /api/v1/contacts?page=1&limit=1&isResolved=false \u001b[32m200\u001b[0m 112.681 ms - 447\u001b[0m","timestamp":"2026-06-20 12:05:42"}
{"level":"info","message":"\u001b[0mGET /api/v1/admins \u001b[32m200\u001b[0m 111.267 ms - 797\u001b[0m","timestamp":"2026-06-20 12:05:42"}
{"level":"info","message":"\u001b[0mGET /api/v1/events \u001b[32m200\u001b[0m 46.849 ms - 845\u001b[0m","timestamp":"2026-06-20 12:06:18"}
{"level":"info","message":"\u001b[0mGET /api/v1/events \u001b[32m200\u001b[0m 34.540 ms - 845\u001b[0m","timestamp":"2026-06-20 12:08:56"}
{"level":"info","message":"\u001b[0mGET /api/v1/admins/me \u001b[32m200\u001b[0m 79.805 ms - 435\u001b[0m","timestamp":"2026-06-20 12:28:23"}
{"level":"info","message":"\u001b[0mGET /api/v1/members?page=1&limit=1 \u001b[32m200\u001b[0m 53.081 ms - -\u001b[0m","timestamp":"2026-06-20 12:28:23"}
{"level":"info","message":"\u001b[0mGET /api/v1/payments?page=1&limit=1 \u001b[32m200\u001b[0m 97.497 ms - 152\u001b[0m","timestamp":"2026-06-20 12:28:23"}
{"level":"info","message":"\u001b[0mGET /api/v1/contacts?page=1&limit=1&isResolved=false \u001b[32m200\u001b[0m 94.283 ms - 447\u001b[0m","timestamp":"2026-06-20 12:28:23"}
{"level":"info","message":"\u001b[0mGET /api/v1/admins \u001b[32m200\u001b[0m 90.046 ms - 797\u001b[0m","timestamp":"2026-06-20 12:28:23"}
{"level":"info","message":"\u001b[0mGET /api/v1/admins/me \u001b[32m200\u001b[0m 147.810 ms - 435\u001b[0m","timestamp":"2026-06-20 12:43:33"}
{"level":"info","message":"\u001b[0mGET /api/v1/members?page=1&limit=1 \u001b[32m200\u001b[0m 97.293 ms - -\u001b[0m","timestamp":"2026-06-20 12:43:33"}
{"level":"info","message":"\u001b[0mGET /api/v1/contacts?page=1&limit=1&isResolved=false \u001b[32m200\u001b[0m 163.536 ms - 447\u001b[0m","timestamp":"2026-06-20 12:43:33"}
{"level":"info","message":"\u001b[0mGET /api/v1/payments?page=1&limit=1 \u001b[32m200\u001b[0m 146.063 ms - 152\u001b[0m","timestamp":"2026-06-20 12:43:33"}
{"level":"info","message":"\u001b[0mGET /api/v1/admins \u001b[32m200\u001b[0m 146.333 ms - 797\u001b[0m","timestamp":"2026-06-20 12:43:33"}
{"level":"info","message":"\u001b[0mGET /api/v1/events \u001b[32m200\u001b[0m 44.388 ms - 845\u001b[0m","timestamp":"2026-06-20 12:45:58"}
{"level":"info","message":"\u001b[0mPOST /api/v1/events/create \u001b[31m500\u001b[0m 46.072 ms - 393\u001b[0m","timestamp":"2026-06-20 12:56:14"}
{"level":"info","message":"\u001b[0mGET /api/v1/events \u001b[32m200\u001b[0m 37.893 ms - 845\u001b[0m","timestamp":"2026-06-20 12:56:14"}
{"level":"info","message":"\u001b[0mPOST /api/v1/events/create \u001b[31m500\u001b[0m 8.854 ms - 393\u001b[0m","timestamp":"2026-06-20 12:56:31"}
{"level":"info","message":"\u001b[0mGET /api/v1/events \u001b[32m200\u001b[0m 129.850 ms - 845\u001b[0m","timestamp":"2026-06-20 12:56:31"}
{"level":"info","message":"\u001b[0mPOST /api/v1/events/create \u001b[31m500\u001b[0m 4.725 ms - 87\u001b[0m","timestamp":"2026-06-20 12:57:05"}
{"level":"info","message":"\u001b[0mGET /api/v1/events \u001b[32m200\u001b[0m 39.595 ms - 845\u001b[0m","timestamp":"2026-06-20 12:57:06"}
{"level":"info","message":"\u001b[0mPOST /api/v1/events/create \u001b[32m201\u001b[0m 91.364 ms - 464\u001b[0m","timestamp":"2026-06-20 12:57:15"}
{"level":"info","message":"\u001b[0mGET /api/v1/events \u001b[32m200\u001b[0m 73.587 ms - -\u001b[0m","timestamp":"2026-06-20 12:57:15"}
{"level":"info","message":"\u001b[0mPOST /api/v1/events/create \u001b[31m500\u001b[0m 4.871 ms - 393\u001b[0m","timestamp":"2026-06-20 12:57:24"}
{"level":"info","message":"\u001b[0mGET /api/v1/events \u001b[32m200\u001b[0m 36.142 ms - -\u001b[0m","timestamp":"2026-06-20 12:57:24"}
{"level":"info","message":"\u001b[0mGET /api/v1/admins/me \u001b[32m200\u001b[0m 82.378 ms - 435\u001b[0m","timestamp":"2026-06-20 12:57:33"}
{"level":"info","message":"\u001b[0mGET /api/v1/events \u001b[32m200\u001b[0m 43.934 ms - -\u001b[0m","timestamp":"2026-06-20 12:57:33"}
{"level":"info","message":"\u001b[0mPOST /api/v1/events/create \u001b[31m500\u001b[0m 2.728 ms - 393\u001b[0m","timestamp":"2026-06-20 12:57:39"}
{"level":"info","message":"\u001b[0mGET /api/v1/events \u001b[32m200\u001b[0m 48.045 ms - -\u001b[0m","timestamp":"2026-06-20 12:57:40"}
{"level":"info","message":"\u001b[0mPOST /api/v1/events/create \u001b[31m500\u001b[0m 24.071 ms - 87\u001b[0m","timestamp":"2026-06-20 12:58:35"}
{"level":"info","message":"\u001b[0mGET /api/v1/events \u001b[32m200\u001b[0m 33.479 ms - -\u001b[0m","timestamp":"2026-06-20 12:58:35"}
{"level":"info","message":"\u001b[0mPOST /api/v1/events/create \u001b[31m500\u001b[0m 4.029 ms - 87\u001b[0m","timestamp":"2026-06-20 13:00:00"}
{"level":"info","message":"\u001b[0mGET /api/v1/events \u001b[32m200\u001b[0m 43.904 ms - -\u001b[0m","timestamp":"2026-06-20 13:00:00"}
{"level":"info","message":"\u001b[0mGET /api/v1/payments?page=1&limit=12 \u001b[32m200\u001b[0m 188.265 ms - 153\u001b[0m","timestamp":"2026-06-20 13:14:12"}
{"level":"info","message":"\u001b[0mGET /api/v1/contacts?page=1&limit=10 \u001b[32m200\u001b[0m 97.195 ms - 744\u001b[0m","timestamp":"2026-06-20 13:14:14"}
{"level":"info","message":"\u001b[0mGET /api/v1/enquiry?page=1&limit=12 \u001b[32m200\u001b[0m 45.122 ms - -\u001b[0m","timestamp":"2026-06-20 13:14:15"}
{"level":"info","message":"\u001b[0mGET /api/v1/sponsor \u001b[32m200\u001b[0m 154.481 ms - 930\u001b[0m","timestamp":"2026-06-20 13:14:17"}
{"level":"info","message":"\u001b[0mGET /api/v1/admins \u001b[32m200\u001b[0m 155.602 ms - 797\u001b[0m","timestamp":"2026-06-20 13:14:19"}
{"level":"info","message":"\u001b[0mGET /api/v1/members?page=1&limit=1 \u001b[32m200\u001b[0m 65.781 ms - -\u001b[0m","timestamp":"2026-06-20 13:14:24"}
{"level":"info","message":"\u001b[0mGET /api/v1/payments?page=1&limit=1 \u001b[32m200\u001b[0m 115.099 ms - 152\u001b[0m","timestamp":"2026-06-20 13:14:24"}
{"level":"info","message":"\u001b[0mGET /api/v1/contacts?page=1&limit=1&isResolved=false \u001b[32m200\u001b[0m 88.354 ms - 447\u001b[0m","timestamp":"2026-06-20 13:14:24"}
{"level":"info","message":"\u001b[0mGET /api/v1/members?page=1&limit=12 \u001b[32m200\u001b[0m 50.034 ms - -\u001b[0m","timestamp":"2026-06-20 13:14:28"}
{"level":"info","message":"\u001b[0mGET /api/v1/admins/me \u001b[32m200\u001b[0m 68.144 ms - 435\u001b[0m","timestamp":"2026-06-20 13:22:13"}
{"level":"info","message":"\u001b[0mGET /api/v1/members?page=1&limit=12 \u001b[32m200\u001b[0m 59.065 ms - -\u001b[0m","timestamp":"2026-06-20 13:22:14"}
{"level":"info","message":"\u001b[0mGET /api/v1/members?page=1&limit=1 \u001b[32m200\u001b[0m 56.565 ms - -\u001b[0m","timestamp":"2026-06-20 13:22:24"}
{"level":"info","message":"\u001b[0mGET /api/v1/contacts?page=1&limit=1&isResolved=false \u001b[32m200\u001b[0m 88.285 ms - 447\u001b[0m","timestamp":"2026-06-20 13:22:24"}
{"level":"info","message":"\u001b[0mGET /api/v1/payments?page=1&limit=1 \u001b[32m200\u001b[0m 85.747 ms - 152\u001b[0m","timestamp":"2026-06-20 13:22:24"}
{"level":"info","message":"\u001b[0mGET /api/v1/admins \u001b[32m200\u001b[0m 84.537 ms - 797\u001b[0m","timestamp":"2026-06-20 13:22:24"}
{"level":"info","message":"\u001b[0mGET /api/v1/sponsor \u001b[32m200\u001b[0m 65.550 ms - 930\u001b[0m","timestamp":"2026-06-20 13:22:42"}
{"level":"info","message":"\u001b[0mGET /api/v1/enquiry?page=1&limit=12 \u001b[32m200\u001b[0m 60.932 ms - -\u001b[0m","timestamp":"2026-06-20 13:22:48"}
{"level":"info","message":"\u001b[0mGET /api/v1/contacts?page=1&limit=10 \u001b[32m200\u001b[0m 77.915 ms - 744\u001b[0m","timestamp":"2026-06-20 13:22:57"}
{"level":"info","message":"\u001b[0mGET /api/v1/contacts?page=1&limit=10&isRead=true \u001b[32m200\u001b[0m 67.278 ms - 456\u001b[0m","timestamp":"2026-06-20 13:23:02"}
{"level":"info","message":"\u001b[0mGET /api/v1/contacts?page=1&limit=10&isRead=false \u001b[32m200\u001b[0m 84.827 ms - 448\u001b[0m","timestamp":"2026-06-20 13:23:05"}
{"level":"info","message":"\u001b[0mGET /api/v1/members?page=1&limit=12 \u001b[32m200\u001b[0m 136.061 ms - -\u001b[0m","timestamp":"2026-06-20 13:23:36"}
{"level":"info","message":"\u001b[0mGET /api/v1/events \u001b[32m200\u001b[0m 45.667 ms - -\u001b[0m","timestamp":"2026-06-20 13:23:50"}
{"level":"info","message":"\u001b[0mGET /api/v1/members?page=1&limit=12 \u001b[32m200\u001b[0m 139.771 ms - -\u001b[0m","timestamp":"2026-06-20 13:26:12"}
{"level":"info","message":"\u001b[0mGET /api/v1/events \u001b[32m200\u001b[0m 66.633 ms - -\u001b[0m","timestamp":"2026-06-20 13:27:16"}
{"level":"info","message":"\u001b[0mGET /api/v1/payments?page=1&limit=12 \u001b[32m200\u001b[0m 76.321 ms - 153\u001b[0m","timestamp":"2026-06-20 13:27:24"}
{"level":"info","message":"\u001b[0mGET /api/v1/contacts?page=1&limit=10 \u001b[32m200\u001b[0m 79.032 ms - 744\u001b[0m","timestamp":"2026-06-20 13:27:26"}
{"level":"info","message":"\u001b[0mGET /api/v1/enquiry?page=1&limit=12 \u001b[32m200\u001b[0m 37.987 ms - -\u001b[0m","timestamp":"2026-06-20 13:27:29"}
{"level":"info","message":"\u001b[0mGET /api/v1/sponsor \u001b[32m200\u001b[0m 50.970 ms - 930\u001b[0m","timestamp":"2026-06-20 13:27:31"}
{"level":"info","message":"\u001b[0mGET /api/v1/events \u001b[32m200\u001b[0m 34.693 ms - -\u001b[0m","timestamp":"2026-06-20 13:30:10"}
{"level":"info","message":"\u001b[0mGET /api/v1/members?page=1&limit=12 \u001b[32m200\u001b[0m 45.109 ms - -\u001b[0m","timestamp":"2026-06-20 13:30:29"}
{"level":"info","message":"\u001b[0mGET /api/v1/members?page=1&limit=1 \u001b[32m200\u001b[0m 52.963 ms - -\u001b[0m","timestamp":"2026-06-20 13:30:30"}
{"level":"info","message":"\u001b[0mGET /api/v1/admins \u001b[32m200\u001b[0m 94.623 ms - 797\u001b[0m","timestamp":"2026-06-20 13:30:30"}
{"level":"info","message":"\u001b[0mGET /api/v1/contacts?page=1&limit=1&isResolved=false \u001b[32m200\u001b[0m 81.834 ms - 447\u001b[0m","timestamp":"2026-06-20 13:30:30"}
{"level":"info","message":"\u001b[0mGET /api/v1/payments?page=1&limit=1 \u001b[32m200\u001b[0m 88.712 ms - 152\u001b[0m","timestamp":"2026-06-20 13:30:30"}
{"level":"info","message":"\u001b[0mGET /api/v1/enquiry?page=1&limit=12 \u001b[32m200\u001b[0m 45.370 ms - -\u001b[0m","timestamp":"2026-06-20 13:37:51"}
{"level":"info","message":"\u001b[0mGET /api/v1/contacts?page=1&limit=10 \u001b[32m200\u001b[0m 88.813 ms - 744\u001b[0m","timestamp":"2026-06-20 13:37:58"}
{"level":"info","message":"\u001b[0mGET /api/v1/payments?page=1&limit=12 \u001b[32m200\u001b[0m 72.429 ms - 153\u001b[0m","timestamp":"2026-06-20 13:38:01"}
{"level":"info","message":"\u001b[0mGET /api/v1/events \u001b[32m200\u001b[0m 36.250 ms - -\u001b[0m","timestamp":"2026-06-20 13:38:03"}
{"level":"info","message":"\u001b[0mGET /api/v1/admins \u001b[32m200\u001b[0m 70.959 ms - 797\u001b[0m","timestamp":"2026-06-20 13:38:09"}
{"level":"info","message":"\u001b[0mGET /api/v1/members?page=1&limit=12 \u001b[32m200\u001b[0m 59.009 ms - -\u001b[0m","timestamp":"2026-06-20 13:38:16"}
{"level":"info","message":"\u001b[0mGET /api/v1/admins/me \u001b[32m200\u001b[0m 61.843 ms - 435\u001b[0m","timestamp":"2026-06-20 13:39:04"}
{"level":"info","message":"\u001b[0mGET /api/v1/sponsor \u001b[32m200\u001b[0m 55.912 ms - 930\u001b[0m","timestamp":"2026-06-20 13:39:04"}
{"level":"info","message":"\u001b[0mGET /api/v1/members?page=1&limit=12 \u001b[32m200\u001b[0m 43.090 ms - -\u001b[0m","timestamp":"2026-06-20 13:43:15"}
{"level":"info","message":"\u001b[0mGET /api/v1/members?page=1&limit=1 \u001b[32m200\u001b[0m 64.384 ms - -\u001b[0m","timestamp":"2026-06-20 13:43:22"}
{"level":"info","message":"\u001b[0mGET /api/v1/payments?page=1&limit=1 \u001b[32m200\u001b[0m 86.316 ms - 152\u001b[0m","timestamp":"2026-06-20 13:43:22"}
{"level":"info","message":"\u001b[0mGET /api/v1/contacts?page=1&limit=1&isResolved=false \u001b[32m200\u001b[0m 104.464 ms - 447\u001b[0m","timestamp":"2026-06-20 13:43:22"}
{"level":"info","message":"\u001b[0mGET /api/v1/admins \u001b[32m200\u001b[0m 94.368 ms - 797\u001b[0m","timestamp":"2026-06-20 13:43:22"}
{"level":"info","message":"\u001b[0mGET /api/v1/payments?page=1&limit=12 \u001b[32m200\u001b[0m 86.443 ms - 153\u001b[0m","timestamp":"2026-06-20 13:43:26"}
{"level":"info","message":"\u001b[0mGET /api/v1/contacts?page=1&limit=10 \u001b[32m200\u001b[0m 103.350 ms - 744\u001b[0m","timestamp":"2026-06-20 13:43:28"}
{"level":"info","message":"\u001b[0mGET /api/v1/enquiry?page=1&limit=12 \u001b[32m200\u001b[0m 40.527 ms - -\u001b[0m","timestamp":"2026-06-20 13:43:30"}
{"level":"info","message":"\u001b[0mGET /api/v1/enquiry?page=1&limit=12 \u001b[32m200\u001b[0m 42.947 ms - -\u001b[0m","timestamp":"2026-06-20 13:47:55"}
{"level":"info","message":"\u001b[0mGET /api/v1/events \u001b[32m200\u001b[0m 39.411 ms - -\u001b[0m","timestamp":"2026-06-20 13:47:59"}
{"level":"info","message":"\u001b[0mGET /api/v1/admins/me \u001b[32m200\u001b[0m 96.406 ms - 435\u001b[0m","timestamp":"2026-06-20 14:01:46"}
{"level":"info","message":"\u001b[0mGET /api/v1/sponsor \u001b[32m200\u001b[0m 35.960 ms - 930\u001b[0m","timestamp":"2026-06-20 14:01:46"}
{"level":"info","message":"\u001b[0mGET /api/v1/admins/me \u001b[32m200\u001b[0m 57.826 ms - 435\u001b[0m","timestamp":"2026-06-20 14:03:13"}
{"level":"info","message":"\u001b[0mGET /api/v1/sponsor \u001b[32m200\u001b[0m 40.730 ms - 930\u001b[0m","timestamp":"2026-06-20 14:03:14"}
{"level":"info","message":"\u001b[0mGET /api/v1/members?page=1&limit=12 \u001b[32m200\u001b[0m 69.304 ms - -\u001b[0m","timestamp":"2026-06-20 14:03:49"}
{"level":"info","message":"\u001b[0mGET /api/v1/members?page=1&limit=1 \u001b[32m200\u001b[0m 58.624 ms - -\u001b[0m","timestamp":"2026-06-20 14:03:51"}
{"level":"info","message":"\u001b[0mGET /api/v1/payments?page=1&limit=1 \u001b[32m200\u001b[0m 116.305 ms - 152\u001b[0m","timestamp":"2026-06-20 14:03:51"}
{"level":"info","message":"\u001b[0mGET /api/v1/contacts?page=1&limit=1&isResolved=false \u001b[32m200\u001b[0m 85.724 ms - 447\u001b[0m","timestamp":"2026-06-20 14:03:51"}
{"level":"info","message":"\u001b[0mGET /api/v1/admins \u001b[32m200\u001b[0m 91.281 ms - 797\u001b[0m","timestamp":"2026-06-20 14:03:51"}
{"level":"info","message":"\u001b[0mGET /api/v1/events/upcoming \u001b[32m200\u001b[0m 63.466 ms - 434\u001b[0m","timestamp":"2026-06-20 14:09:02"}
{"level":"info","message":"\u001b[0mGET /api/v1/members \u001b[32m200\u001b[0m 69.676 ms - -\u001b[0m","timestamp":"2026-06-20 14:09:02"}
{"level":"info","message":"\u001b[0mGET /api/v1/events/upcoming \u001b[32m200\u001b[0m 34.835 ms - 434\u001b[0m","timestamp":"2026-06-20 14:09:02"}
{"level":"info","message":"\u001b[0mGET /api/v1/members \u001b[32m200\u001b[0m 55.448 ms - -\u001b[0m","timestamp":"2026-06-20 14:09:02"}
{"level":"info","message":"\u001b[0mGET /api/v1/events/upcoming \u001b[32m200\u001b[0m 35.730 ms - 434\u001b[0m","timestamp":"2026-06-20 14:10:08"}
{"level":"info","message":"\u001b[0mGET /api/v1/events/upcoming \u001b[32m200\u001b[0m 32.275 ms - 434\u001b[0m","timestamp":"2026-06-20 14:10:08"}
{"level":"info","message":"\u001b[0mGET /api/v1/members \u001b[32m200\u001b[0m 44.678 ms - -\u001b[0m","timestamp":"2026-06-20 14:10:13"}
{"level":"info","message":"\u001b[0mGET /api/v1/members \u001b[32m200\u001b[0m 37.871 ms - -\u001b[0m","timestamp":"2026-06-20 14:10:13"}
{"level":"info","message":"\u001b[0mGET /api/v1/events \u001b[32m200\u001b[0m 172.429 ms - -\u001b[0m","timestamp":"2026-06-20 14:43:25"}
{"level":"info","message":"\u001b[0mPOST /api/v1/events/create \u001b[31m500\u001b[0m 59.281 ms - 87\u001b[0m","timestamp":"2026-06-20 14:44:23"}
{"level":"info","message":"\u001b[0mGET /api/v1/events \u001b[32m200\u001b[0m 86.937 ms - -\u001b[0m","timestamp":"2026-06-20 14:44:23"}
{"level":"info","message":"\u001b[0mPOST /api/v1/events/create \u001b[31m500\u001b[0m 24.215 ms - 87\u001b[0m","timestamp":"2026-06-20 14:45:07"}
{"level":"info","message":"\u001b[0mGET /api/v1/events \u001b[32m200\u001b[0m 41.007 ms - -\u001b[0m","timestamp":"2026-06-20 14:45:07"}
{"level":"info","message":"\u001b[0mGET /api/v1/admins/me \u001b[32m200\u001b[0m 132.078 ms - 435\u001b[0m","timestamp":"2026-06-20 14:45:13"}
{"level":"info","message":"\u001b[0mGET /api/v1/events \u001b[32m200\u001b[0m 32.310 ms - -\u001b[0m","timestamp":"2026-06-20 14:45:13"}
{"level":"info","message":"\u001b[0mPOST /api/v1/events/create \u001b[31m500\u001b[0m 2.511 ms - 87\u001b[0m","timestamp":"2026-06-20 14:45:56"}
{"level":"info","message":"\u001b[0mGET /api/v1/events \u001b[32m200\u001b[0m 49.448 ms - -\u001b[0m","timestamp":"2026-06-20 14:45:56"}
{"level":"info","message":"\u001b[0mPOST /api/v1/events/create \u001b[32m201\u001b[0m 139.977 ms - 477\u001b[0m","timestamp":"2026-06-20 14:46:23"}
{"level":"info","message":"\u001b[0mGET /api/v1/events \u001b[32m200\u001b[0m 32.229 ms - -\u001b[0m","timestamp":"2026-06-20 14:46:23"}
{"level":"info","message":"\u001b[0mPOST /api/v1/events/create \u001b[31m500\u001b[0m 1.600 ms - 87\u001b[0m","timestamp":"2026-06-20 14:47:24"}
{"level":"info","message":"\u001b[0mGET /api/v1/events \u001b[32m200\u001b[0m 40.146 ms - -\u001b[0m","timestamp":"2026-06-20 14:47:24"}
{"level":"info","message":"\u001b[0mPOST /api/v1/events/create \u001b[32m201\u001b[0m 36.452 ms - 501\u001b[0m","timestamp":"2026-06-20 14:47:48"}
{"level":"info","message":"\u001b[0mGET /api/v1/events \u001b[32m200\u001b[0m 46.405 ms - -\u001b[0m","timestamp":"2026-06-20 14:47:48"}
{"level":"info","message":"\u001b[0mGET /api/v1/admins/me \u001b[32m200\u001b[0m 86.708 ms - 435\u001b[0m","timestamp":"2026-06-20 14:57:50"}
{"level":"info","message":"\u001b[0mGET /api/v1/events \u001b[32m200\u001b[0m 37.997 ms - -\u001b[0m","timestamp":"2026-06-20 14:57:50"}
{"level":"info","message":"MongoDB connected successfully","timestamp":"2026-06-20 15:01:13"}
{"level":"info","message":"Server running in development mode on port 5000","timestamp":"2026-06-20 15:01:13"}
{"level":"info","message":"\u001b[0mGET /api/v1/admins/me \u001b[32m200\u001b[0m 88.741 ms - 435\u001b[0m","timestamp":"2026-06-20 15:01:22"}
{"level":"info","message":"\u001b[0mGET /api/v1/members?page=1&limit=1 \u001b[32m200\u001b[0m 88.076 ms - -\u001b[0m","timestamp":"2026-06-20 15:01:22"}
{"level":"info","message":"\u001b[0mGET /api/v1/payments?page=1&limit=1 \u001b[32m200\u001b[0m 144.958 ms - 152\u001b[0m","timestamp":"2026-06-20 15:01:22"}
{"level":"info","message":"\u001b[0mGET /api/v1/admins \u001b[32m200\u001b[0m 131.804 ms - 797\u001b[0m","timestamp":"2026-06-20 15:01:22"}
{"level":"info","message":"\u001b[0mGET /api/v1/contacts?page=1&limit=1&isResolved=false \u001b[32m200\u001b[0m 361.317 ms - 447\u001b[0m","timestamp":"2026-06-20 15:01:22"}
{"level":"info","message":"\u001b[0mGET /api/v1/events \u001b[32m200\u001b[0m 39.796 ms - -\u001b[0m","timestamp":"2026-06-20 15:01:34"}
{"level":"info","message":"\u001b[0mPOST /api/v1/events/create \u001b[32m201\u001b[0m 116.633 ms - -\u001b[0m","timestamp":"2026-06-20 15:03:36"}
{"level":"info","message":"\u001b[0mGET /api/v1/events \u001b[32m200\u001b[0m 34.292 ms - -\u001b[0m","timestamp":"2026-06-20 15:03:36"}
