{"level":"info","message":"MongoDB connected successfully","timestamp":"2026-07-14 10:29:53"}
{"level":"info","message":"Server running in development mode on port 5000","timestamp":"2026-07-14 10:29:53"}
{"level":"info","message":"\u001b[0mGET /api/v1/events/upcoming \u001b[32m200\u001b[0m 104.496 ms - -\u001b[0m","timestamp":"2026-07-14 10:30:07"}
{"level":"info","message":"\u001b[0mGET /api/v1/events/upcoming \u001b[32m200\u001b[0m 33.777 ms - -\u001b[0m","timestamp":"2026-07-14 10:30:07"}
{"level":"info","message":"\u001b[0mGET /api/v1/events/upcoming \u001b[32m200\u001b[0m 35.989 ms - -\u001b[0m","timestamp":"2026-07-14 10:30:19"}
{"level":"info","message":"\u001b[0mGET /api/v1/events/upcoming \u001b[32m200\u001b[0m 36.643 ms - -\u001b[0m","timestamp":"2026-07-14 10:30:19"}
{"level":"info","message":"\u001b[0mGET /api/v1/events/upcoming \u001b[32m200\u001b[0m 36.216 ms - -\u001b[0m","timestamp":"2026-07-14 10:33:21"}
{"level":"info","message":"\u001b[0mGET /api/v1/events/upcoming \u001b[32m200\u001b[0m 34.287 ms - -\u001b[0m","timestamp":"2026-07-14 10:33:21"}
{"level":"info","message":"\u001b[0mGET /api/v1/events/upcoming \u001b[32m200\u001b[0m 40.742 ms - -\u001b[0m","timestamp":"2026-07-14 10:33:46"}
{"level":"info","message":"\u001b[0mGET /api/v1/events/upcoming \u001b[32m200\u001b[0m 38.645 ms - -\u001b[0m","timestamp":"2026-07-14 10:33:46"}
{"level":"info","message":"\u001b[0mGET /api/v1/events/upcoming \u001b[32m200\u001b[0m 96.682 ms - -\u001b[0m","timestamp":"2026-07-14 10:36:33"}
{"level":"info","message":"\u001b[0mGET /api/v1/events/upcoming \u001b[32m200\u001b[0m 60.886 ms - -\u001b[0m","timestamp":"2026-07-14 10:36:33"}
{"level":"info","message":"\u001b[0mGET /api/v1/events/upcoming \u001b[32m200\u001b[0m 47.735 ms - -\u001b[0m","timestamp":"2026-07-14 10:45:42"}
{"level":"info","message":"\u001b[0mGET /api/v1/events/upcoming \u001b[32m200\u001b[0m 64.699 ms - -\u001b[0m","timestamp":"2026-07-14 10:45:42"}
{"level":"info","message":"\u001b[0mGET /api/v1/events \u001b[32m200\u001b[0m 37.131 ms - -\u001b[0m","timestamp":"2026-07-14 10:46:17"}
{"level":"info","message":"\u001b[0mGET /api/v1/members \u001b[32m200\u001b[0m 68.018 ms - -\u001b[0m","timestamp":"2026-07-14 10:46:20"}
{"level":"info","message":"\u001b[0mGET /api/v1/members \u001b[32m200\u001b[0m 37.136 ms - -\u001b[0m","timestamp":"2026-07-14 10:46:20"}
{"level":"info","message":"\u001b[0mGET /api/v1/events \u001b[32m200\u001b[0m 40.909 ms - -\u001b[0m","timestamp":"2026-07-14 10:48:06"}
{"level":"info","message":"\u001b[0mGET /api/v1/gallery?type=video \u001b[32m200\u001b[0m 116.026 ms - 444\u001b[0m","timestamp":"2026-07-14 10:48:11"}
{"level":"info","message":"\u001b[0mGET /api/v1/gallery?type=photo \u001b[32m200\u001b[0m 69.103 ms - -\u001b[0m","timestamp":"2026-07-14 10:48:11"}
{"level":"info","message":"\u001b[0mGET /api/v1/gallery?type=video \u001b[32m200\u001b[0m 96.825 ms - 444\u001b[0m","timestamp":"2026-07-14 10:48:11"}
{"level":"info","message":"\u001b[0mGET /api/v1/gallery?type=photo \u001b[32m200\u001b[0m 80.741 ms - -\u001b[0m","timestamp":"2026-07-14 10:48:11"}
