{"level":"info","message":"MongoDB connected successfully","timestamp":"2026-07-13 12:37:27"}
{"level":"info","message":"Server running in development mode on port 5000","timestamp":"2026-07-13 12:37:27"}
{"level":"info","message":"\u001b[0mGET /api/v1/events/upcoming \u001b[32m200\u001b[0m 118.648 ms - -\u001b[0m","timestamp":"2026-07-13 12:37:44"}
{"level":"info","message":"\u001b[0mGET /api/v1/events/upcoming \u001b[32m200\u001b[0m 57.257 ms - -\u001b[0m","timestamp":"2026-07-13 12:37:44"}
{"level":"info","message":"\u001b[0mGET /api/v1/gallery?type=photo \u001b[32m200\u001b[0m 60.319 ms - 437\u001b[0m","timestamp":"2026-07-13 12:40:48"}
{"level":"info","message":"\u001b[0mGET /api/v1/gallery?type=video \u001b[32m200\u001b[0m 51.394 ms - 444\u001b[0m","timestamp":"2026-07-13 12:40:48"}
{"level":"info","message":"\u001b[0mGET /api/v1/gallery?type=photo \u001b[32m200\u001b[0m 107.277 ms - 437\u001b[0m","timestamp":"2026-07-13 12:40:48"}
{"level":"info","message":"\u001b[0mGET /api/v1/gallery?type=video \u001b[32m200\u001b[0m 384.983 ms - 444\u001b[0m","timestamp":"2026-07-13 12:40:48"}
{"level":"info","message":"\u001b[0mGET /api/v1/gallery?type=video \u001b[32m200\u001b[0m 40.838 ms - 444\u001b[0m","timestamp":"2026-07-13 12:40:56"}
{"level":"info","message":"\u001b[0mGET /api/v1/gallery?type=video \u001b[32m200\u001b[0m 36.397 ms - 444\u001b[0m","timestamp":"2026-07-13 12:40:56"}
{"level":"info","message":"\u001b[0mGET /api/v1/gallery?type=photo \u001b[32m200\u001b[0m 40.130 ms - 437\u001b[0m","timestamp":"2026-07-13 12:40:59"}
{"level":"info","message":"\u001b[0mGET /api/v1/gallery?type=photo \u001b[32m200\u001b[0m 33.989 ms - 437\u001b[0m","timestamp":"2026-07-13 12:40:59"}
{"level":"info","message":"\u001b[0mGET /api/v1/admins/me \u001b[32m200\u001b[0m 84.010 ms - 435\u001b[0m","timestamp":"2026-07-13 12:41:56"}
{"level":"info","message":"\u001b[0mGET /api/v1/members?page=1&limit=1 \u001b[32m200\u001b[0m 128.540 ms - -\u001b[0m","timestamp":"2026-07-13 12:41:57"}
{"level":"info","message":"\u001b[0mGET /api/v1/admins \u001b[32m200\u001b[0m 101.739 ms - -\u001b[0m","timestamp":"2026-07-13 12:41:57"}
{"level":"info","message":"\u001b[0mGET /api/v1/payments?page=1&limit=1 \u001b[32m200\u001b[0m 354.753 ms - 152\u001b[0m","timestamp":"2026-07-13 12:41:57"}
{"level":"info","message":"\u001b[0mGET /api/v1/contacts?page=1&limit=1&isResolved=false \u001b[32m200\u001b[0m 354.841 ms - 454\u001b[0m","timestamp":"2026-07-13 12:41:57"}
{"level":"info","message":"\u001b[0mGET /api/v1/team \u001b[32m200\u001b[0m 95.497 ms - -\u001b[0m","timestamp":"2026-07-13 12:42:08"}
{"level":"info","message":"\u001b[0mGET /api/v1/team/6a51ff33d7b0118e58e3c7cb \u001b[32m200\u001b[0m 84.027 ms - -\u001b[0m","timestamp":"2026-07-13 12:42:18"}
{"level":"info","message":"\u001b[0mGET /api/v1/events \u001b[32m200\u001b[0m 61.608 ms - -\u001b[0m","timestamp":"2026-07-13 12:43:38"}
{"level":"info","message":"\u001b[0mGET /api/v1/payments?page=1&limit=12 \u001b[32m200\u001b[0m 112.756 ms - 153\u001b[0m","timestamp":"2026-07-13 12:43:44"}
{"level":"info","message":"\u001b[0mGET /api/v1/members?page=1&limit=100 \u001b[32m200\u001b[0m 88.592 ms - -\u001b[0m","timestamp":"2026-07-13 12:43:49"}
{"level":"info","message":"\u001b[0mGET /api/v1/contacts?page=1&limit=10 \u001b[32m200\u001b[0m 81.160 ms - -\u001b[0m","timestamp":"2026-07-13 12:43:58"}
{"level":"info","message":"\u001b[0mGET /api/v1/enquiry?page=1&limit=12 \u001b[32m200\u001b[0m 88.225 ms - -\u001b[0m","timestamp":"2026-07-13 12:44:09"}
{"level":"info","message":"\u001b[0mGET /api/v1/sponsor/admin \u001b[32m200\u001b[0m 100.694 ms - -\u001b[0m","timestamp":"2026-07-13 12:44:19"}
{"level":"info","message":"\u001b[0mGET /api/v1/gallery \u001b[32m200\u001b[0m 34.928 ms - 846\u001b[0m","timestamp":"2026-07-13 12:44:24"}
{"level":"info","message":"\u001b[0mGET /api/v1/events/upcoming \u001b[32m200\u001b[0m 44.974 ms - -\u001b[0m","timestamp":"2026-07-13 12:44:28"}
{"level":"info","message":"\u001b[0mGET /api/v1/events/upcoming \u001b[32m200\u001b[0m 37.728 ms - -\u001b[0m","timestamp":"2026-07-13 12:44:28"}
{"level":"info","message":"\u001b[0mPOST /api/v1/contacts \u001b[32m201\u001b[0m 153.082 ms - 419\u001b[0m","timestamp":"2026-07-13 12:46:37"}
{"level":"info","message":"\u001b[0mGET /api/v1/enquiry?page=1&limit=12 \u001b[32m200\u001b[0m 85.394 ms - -\u001b[0m","timestamp":"2026-07-13 12:46:46"}
{"level":"info","message":"\u001b[0mGET /api/v1/admins/me \u001b[32m200\u001b[0m 36.156 ms - 435\u001b[0m","timestamp":"2026-07-13 12:46:48"}
{"level":"info","message":"\u001b[0mGET /api/v1/enquiry?page=1&limit=12 \u001b[32m200\u001b[0m 81.047 ms - -\u001b[0m","timestamp":"2026-07-13 12:46:48"}
{"level":"info","message":"\u001b[0mGET /api/v1/admins/me \u001b[32m200\u001b[0m 73.209 ms - 435\u001b[0m","timestamp":"2026-07-13 12:47:16"}
{"level":"info","message":"\u001b[0mGET /api/v1/enquiry?page=1&limit=12 \u001b[32m200\u001b[0m 111.608 ms - -\u001b[0m","timestamp":"2026-07-13 12:47:16"}
{"level":"info","message":"\u001b[0mGET /api/v1/enquiry?page=1&limit=12&status=resolved \u001b[32m200\u001b[0m 94.086 ms - -\u001b[0m","timestamp":"2026-07-13 12:47:29"}
{"level":"info","message":"\u001b[0mGET /api/v1/admins/me \u001b[32m200\u001b[0m 34.907 ms - 435\u001b[0m","timestamp":"2026-07-13 12:48:01"}
{"level":"info","message":"\u001b[0mGET /api/v1/enquiry?page=1&limit=12 \u001b[32m200\u001b[0m 85.896 ms - -\u001b[0m","timestamp":"2026-07-13 12:48:01"}
{"level":"info","message":"\u001b[0mPOST /api/v1/contacts \u001b[32m201\u001b[0m 60.292 ms - 408\u001b[0m","timestamp":"2026-07-13 12:48:45"}
{"level":"info","message":"\u001b[0mGET /api/v1/admins/me \u001b[32m200\u001b[0m 46.964 ms - 435\u001b[0m","timestamp":"2026-07-13 12:49:11"}
{"level":"info","message":"\u001b[0mGET /api/v1/enquiry?page=1&limit=12 \u001b[32m200\u001b[0m 134.233 ms - -\u001b[0m","timestamp":"2026-07-13 12:49:11"}
{"level":"info","message":"\u001b[0mPATCH /api/v1/enquiry/6a3429167111426e9fff4491/status \u001b[32m200\u001b[0m 127.848 ms - 389\u001b[0m","timestamp":"2026-07-13 12:49:31"}
{"level":"info","message":"\u001b[0mGET /api/v1/enquiry?page=1&limit=12 \u001b[32m200\u001b[0m 108.756 ms - -\u001b[0m","timestamp":"2026-07-13 12:49:31"}
{"level":"info","message":"\u001b[0mPATCH /api/v1/enquiry/6a50c10142620c065d9eb01b/status \u001b[32m200\u001b[0m 86.200 ms - 731\u001b[0m","timestamp":"2026-07-13 12:49:44"}
{"level":"info","message":"\u001b[0mGET /api/v1/enquiry?page=1&limit=12 \u001b[32m200\u001b[0m 129.103 ms - -\u001b[0m","timestamp":"2026-07-13 12:49:45"}
{"level":"info","message":"\u001b[0mGET /api/v1/team \u001b[32m200\u001b[0m 73.219 ms - -\u001b[0m","timestamp":"2026-07-13 12:50:01"}
{"level":"info","message":"\u001b[0mGET /api/v1/events \u001b[32m200\u001b[0m 46.774 ms - -\u001b[0m","timestamp":"2026-07-13 12:50:55"}
{"level":"info","message":"\u001b[0mGET /api/v1/admins/me \u001b[32m200\u001b[0m 67.879 ms - 435\u001b[0m","timestamp":"2026-07-13 12:52:21"}
{"level":"info","message":"\u001b[0mGET /api/v1/enquiry?page=1&limit=12 \u001b[32m200\u001b[0m 115.971 ms - -\u001b[0m","timestamp":"2026-07-13 12:52:21"}
{"level":"info","message":"\u001b[0mPATCH /api/v1/enquiry/6a51fa198dc8b22631ad5244/status \u001b[32m200\u001b[0m 120.471 ms - 720\u001b[0m","timestamp":"2026-07-13 12:52:33"}
{"level":"info","message":"\u001b[0mGET /api/v1/enquiry?page=1&limit=12 \u001b[32m200\u001b[0m 116.673 ms - -\u001b[0m","timestamp":"2026-07-13 12:52:34"}
{"level":"info","message":"\u001b[0mPATCH /api/v1/enquiry/6a51fa198dc8b22631ad5244/status \u001b[32m200\u001b[0m 84.465 ms - 720\u001b[0m","timestamp":"2026-07-13 12:52:36"}
{"level":"info","message":"\u001b[0mGET /api/v1/enquiry?page=1&limit=12 \u001b[32m200\u001b[0m 100.657 ms - -\u001b[0m","timestamp":"2026-07-13 12:52:36"}
{"level":"info","message":"\u001b[0mGET /api/v1/sponsor/admin \u001b[32m200\u001b[0m 88.671 ms - -\u001b[0m","timestamp":"2026-07-13 12:53:10"}
{"level":"info","message":"\u001b[0mGET /api/v1/contacts?page=1&limit=10 \u001b[32m200\u001b[0m 124.875 ms - -\u001b[0m","timestamp":"2026-07-13 12:53:26"}
{"level":"info","message":"\u001b[0mGET /api/v1/payments?page=1&limit=12 \u001b[32m200\u001b[0m 84.843 ms - 153\u001b[0m","timestamp":"2026-07-13 12:53:27"}
{"level":"info","message":"\u001b[0mGET /api/v1/events \u001b[32m200\u001b[0m 46.891 ms - -\u001b[0m","timestamp":"2026-07-13 12:53:31"}
{"level":"info","message":"\u001b[0mGET /api/v1/team \u001b[32m200\u001b[0m 86.357 ms - -\u001b[0m","timestamp":"2026-07-13 12:53:52"}
{"level":"info","message":"\u001b[0mGET /api/v1/team/6a51ff33d7b0118e58e3c7cb \u001b[32m200\u001b[0m 214.474 ms - -\u001b[0m","timestamp":"2026-07-13 12:53:58"}
{"level":"info","message":"\u001b[0mPATCH /api/v1/team/6a51ff33d7b0118e58e3c7cb \u001b[32m200\u001b[0m 215.005 ms - 699\u001b[0m","timestamp":"2026-07-13 12:54:06"}
{"level":"info","message":"\u001b[0mGET /api/v1/team/6a51ff33d7b0118e58e3c7cb \u001b[32m200\u001b[0m 75.121 ms - -\u001b[0m","timestamp":"2026-07-13 12:54:06"}
{"level":"info","message":"\u001b[0mGET /api/v1/team \u001b[32m200\u001b[0m 76.854 ms - -\u001b[0m","timestamp":"2026-07-13 12:54:06"}
{"level":"info","message":"\u001b[0mGET /api/v1/admins/me \u001b[32m200\u001b[0m 78.255 ms - 435\u001b[0m","timestamp":"2026-07-13 13:00:24"}
{"level":"info","message":"\u001b[0mGET /api/v1/team \u001b[32m200\u001b[0m 86.095 ms - -\u001b[0m","timestamp":"2026-07-13 13:00:24"}
{"level":"info","message":"\u001b[0mGET /api/v1/contacts?page=1&limit=10 \u001b[32m200\u001b[0m 87.857 ms - -\u001b[0m","timestamp":"2026-07-13 13:01:50"}
{"level":"info","message":"\u001b[0mGET /api/v1/payments?page=1&limit=12 \u001b[32m200\u001b[0m 73.965 ms - 153\u001b[0m","timestamp":"2026-07-13 13:01:58"}
{"level":"info","message":"\u001b[0mGET /api/v1/members?page=1&limit=12 \u001b[32m200\u001b[0m 116.350 ms - -\u001b[0m","timestamp":"2026-07-13 13:02:01"}
{"level":"info","message":"\u001b[0mGET /api/v1/admins/me \u001b[32m200\u001b[0m 135.902 ms - 435\u001b[0m","timestamp":"2026-07-13 13:04:25"}
{"level":"info","message":"\u001b[0mGET /api/v1/team \u001b[32m200\u001b[0m 68.113 ms - -\u001b[0m","timestamp":"2026-07-13 13:04:25"}
{"level":"info","message":"\u001b[0mGET /api/v1/admins/me \u001b[32m200\u001b[0m 79.404 ms - 435\u001b[0m","timestamp":"2026-07-13 13:05:26"}
{"level":"info","message":"\u001b[0mGET /api/v1/team \u001b[32m200\u001b[0m 158.696 ms - -\u001b[0m","timestamp":"2026-07-13 13:05:26"}
{"level":"info","message":"\u001b[0mGET /api/v1/admins/me \u001b[32m200\u001b[0m 34.377 ms - 435\u001b[0m","timestamp":"2026-07-13 13:05:48"}
{"level":"info","message":"\u001b[0mGET /api/v1/team \u001b[32m200\u001b[0m 71.688 ms - -\u001b[0m","timestamp":"2026-07-13 13:05:48"}
{"level":"info","message":"\u001b[0mGET /api/v1/events \u001b[32m200\u001b[0m 53.701 ms - -\u001b[0m","timestamp":"2026-07-13 13:06:18"}
{"level":"info","message":"\u001b[0mGET /api/v1/contacts?page=1&limit=10 \u001b[32m200\u001b[0m 110.731 ms - -\u001b[0m","timestamp":"2026-07-13 13:06:52"}
{"level":"info","message":"\u001b[0mGET /api/v1/enquiry?page=1&limit=12 \u001b[32m200\u001b[0m 92.421 ms - -\u001b[0m","timestamp":"2026-07-13 13:07:18"}
{"level":"info","message":"\u001b[0mGET /api/v1/sponsor/admin \u001b[32m200\u001b[0m 162.843 ms - -\u001b[0m","timestamp":"2026-07-13 13:07:40"}
{"level":"info","message":"\u001b[0mGET /api/v1/team \u001b[32m200\u001b[0m 75.067 ms - -\u001b[0m","timestamp":"2026-07-13 13:07:52"}
{"level":"info","message":"\u001b[0mGET /api/v1/payments?page=1&limit=1 \u001b[32m200\u001b[0m 159.972 ms - 152\u001b[0m","timestamp":"2026-07-13 13:07:54"}
{"level":"info","message":"\u001b[0mGET /api/v1/contacts?page=1&limit=1&isResolved=false \u001b[32m200\u001b[0m 151.507 ms - 446\u001b[0m","timestamp":"2026-07-13 13:07:54"}
{"level":"info","message":"\u001b[0mGET /api/v1/members?page=1&limit=1 \u001b[32m200\u001b[0m 163.451 ms - -\u001b[0m","timestamp":"2026-07-13 13:07:54"}
{"level":"info","message":"\u001b[0mGET /api/v1/admins \u001b[32m200\u001b[0m 145.657 ms - -\u001b[0m","timestamp":"2026-07-13 13:07:54"}
{"level":"info","message":"\u001b[0mGET /api/v1/events \u001b[32m200\u001b[0m 67.577 ms - -\u001b[0m","timestamp":"2026-07-13 13:07:59"}
{"level":"info","message":"\u001b[0mGET /api/v1/members?page=1&limit=12 \u001b[32m200\u001b[0m 88.361 ms - -\u001b[0m","timestamp":"2026-07-13 13:08:14"}
{"level":"info","message":"\u001b[0mGET /api/v1/payments?page=1&limit=1 \u001b[32m200\u001b[0m 85.576 ms - 152\u001b[0m","timestamp":"2026-07-13 13:17:18"}
{"level":"info","message":"\u001b[0mGET /api/v1/contacts?page=1&limit=1&isResolved=false \u001b[32m200\u001b[0m 91.824 ms - 446\u001b[0m","timestamp":"2026-07-13 13:17:18"}
{"level":"info","message":"\u001b[0mGET /api/v1/members?page=1&limit=1 \u001b[32m200\u001b[0m 117.676 ms - -\u001b[0m","timestamp":"2026-07-13 13:17:18"}
{"level":"info","message":"\u001b[0mGET /api/v1/admins \u001b[32m200\u001b[0m 90.939 ms - -\u001b[0m","timestamp":"2026-07-13 13:17:18"}
{"level":"info","message":"\u001b[0mGET /api/v1/team \u001b[32m200\u001b[0m 91.142 ms - -\u001b[0m","timestamp":"2026-07-13 13:17:25"}
{"level":"info","message":"\u001b[0mGET /api/v1/events \u001b[32m200\u001b[0m 53.648 ms - -\u001b[0m","timestamp":"2026-07-13 13:17:28"}
{"level":"info","message":"\u001b[0mGET /api/v1/payments?page=1&limit=12 \u001b[32m200\u001b[0m 119.515 ms - 153\u001b[0m","timestamp":"2026-07-13 13:17:30"}
{"level":"info","message":"\u001b[0mGET /api/v1/contacts?page=1&limit=10 \u001b[32m200\u001b[0m 75.748 ms - -\u001b[0m","timestamp":"2026-07-13 13:17:32"}
{"level":"info","message":"\u001b[0mGET /api/v1/contacts?page=1&limit=10&isRead=false \u001b[32m200\u001b[0m 105.468 ms - -\u001b[0m","timestamp":"2026-07-13 13:17:37"}
{"level":"info","message":"\u001b[0mGET /api/v1/contacts?page=1&limit=10&isRead=false&isResolved=true \u001b[32m200\u001b[0m 77.147 ms - 469\u001b[0m","timestamp":"2026-07-13 13:17:40"}
{"level":"info","message":"\u001b[0mGET /api/v1/enquiry?page=1&limit=12 \u001b[32m200\u001b[0m 83.293 ms - -\u001b[0m","timestamp":"2026-07-13 13:17:42"}
{"level":"info","message":"\u001b[0mGET /api/v1/sponsor/admin \u001b[32m200\u001b[0m 80.085 ms - -\u001b[0m","timestamp":"2026-07-13 13:17:45"}
{"level":"info","message":"\u001b[0mGET /api/v1/gallery \u001b[32m200\u001b[0m 40.556 ms - 846\u001b[0m","timestamp":"2026-07-13 13:17:49"}
{"level":"info","message":"\u001b[0mGET /api/v1/gallery?type=photo \u001b[32m200\u001b[0m 38.596 ms - 437\u001b[0m","timestamp":"2026-07-13 13:17:52"}
{"level":"info","message":"\u001b[0mGET /api/v1/gallery?type=video \u001b[32m200\u001b[0m 40.891 ms - 444\u001b[0m","timestamp":"2026-07-13 13:17:54"}
{"level":"warn","message":"POST /api/v1/admins/create - An admin with this email or phone number already exists","timestamp":"2026-07-13 13:18:47"}
{"level":"info","message":"\u001b[0mPOST /api/v1/admins/create \u001b[33m409\u001b[0m 176.740 ms - 164\u001b[0m","timestamp":"2026-07-13 13:18:47"}
{"level":"info","message":"\u001b[0mGET /api/v1/admins/me \u001b[32m200\u001b[0m 37.950 ms - 435\u001b[0m","timestamp":"2026-07-13 13:18:47"}
{"level":"info","message":"\u001b[0mGET /api/v1/admins \u001b[32m200\u001b[0m 77.536 ms - -\u001b[0m","timestamp":"2026-07-13 13:18:48"}
{"level":"warn","message":"POST /api/v1/admins/create - An admin with this email or phone number already exists","timestamp":"2026-07-13 13:19:04"}
{"level":"info","message":"\u001b[0mPOST /api/v1/admins/create \u001b[33m409\u001b[0m 83.646 ms - 164\u001b[0m","timestamp":"2026-07-13 13:19:04"}
{"level":"info","message":"\u001b[0mGET /api/v1/admins/me \u001b[32m200\u001b[0m 48.487 ms - 435\u001b[0m","timestamp":"2026-07-13 13:19:04"}
{"level":"info","message":"\u001b[0mGET /api/v1/admins \u001b[32m200\u001b[0m 88.280 ms - -\u001b[0m","timestamp":"2026-07-13 13:19:04"}
{"level":"info","message":"\u001b[0mPOST /api/v1/admins/create \u001b[32m201\u001b[0m 1137.050 ms - 431\u001b[0m","timestamp":"2026-07-13 13:23:02"}
{"level":"info","message":"\u001b[0mGET /api/v1/admins/me \u001b[32m200\u001b[0m 34.486 ms - 435\u001b[0m","timestamp":"2026-07-13 13:23:02"}
{"level":"info","message":"\u001b[0mGET /api/v1/admins \u001b[32m200\u001b[0m 78.919 ms - -\u001b[0m","timestamp":"2026-07-13 13:23:02"}
{"level":"info","message":"\u001b[0mGET /api/v1/events \u001b[32m200\u001b[0m 47.250 ms - -\u001b[0m","timestamp":"2026-07-13 13:23:23"}
{"level":"info","message":"\u001b[0mGET /api/v1/enquiry?page=1&limit=12 \u001b[32m200\u001b[0m 149.187 ms - -\u001b[0m","timestamp":"2026-07-13 13:23:25"}
{"level":"info","message":"\u001b[0mPOST /api/v1/contacts \u001b[32m201\u001b[0m 86.661 ms - 408\u001b[0m","timestamp":"2026-07-13 13:26:39"}
{"level":"info","message":"\u001b[0mPOST /api/v1/contacts \u001b[32m201\u001b[0m 72.914 ms - 394\u001b[0m","timestamp":"2026-07-13 13:31:30"}
{"level":"info","message":"\u001b[0mGET /api/v1/admins/me \u001b[32m200\u001b[0m 88.431 ms - 435\u001b[0m","timestamp":"2026-07-13 13:31:45"}
{"level":"info","message":"\u001b[0mGET /api/v1/enquiry?page=1&limit=12 \u001b[32m200\u001b[0m 99.232 ms - -\u001b[0m","timestamp":"2026-07-13 13:31:45"}
{"level":"info","message":"\u001b[0mGET /api/v1/admins/me \u001b[32m200\u001b[0m 98.021 ms - 435\u001b[0m","timestamp":"2026-07-13 13:32:05"}
{"level":"info","message":"\u001b[0mGET /api/v1/enquiry?page=1&limit=12 \u001b[32m200\u001b[0m 108.230 ms - -\u001b[0m","timestamp":"2026-07-13 13:32:05"}
{"level":"info","message":"\u001b[0mPATCH /api/v1/enquiry/6a51fa198dc8b22631ad5244/status \u001b[32m200\u001b[0m 166.219 ms - 720\u001b[0m","timestamp":"2026-07-13 13:32:16"}
{"level":"info","message":"\u001b[0mGET /api/v1/enquiry?page=1&limit=12 \u001b[32m200\u001b[0m 97.116 ms - -\u001b[0m","timestamp":"2026-07-13 13:32:16"}
{"level":"info","message":"\u001b[0mPOST /api/v1/contacts \u001b[32m201\u001b[0m 65.637 ms - 403\u001b[0m","timestamp":"2026-07-13 13:34:02"}
{"level":"info","message":"\u001b[0mGET /api/v1/admins/me \u001b[32m200\u001b[0m 104.827 ms - 435\u001b[0m","timestamp":"2026-07-13 13:36:30"}
{"level":"info","message":"\u001b[0mGET /api/v1/enquiry?page=1&limit=12 \u001b[32m200\u001b[0m 78.379 ms - -\u001b[0m","timestamp":"2026-07-13 13:36:30"}
{"level":"info","message":"\u001b[0mPOST /api/v1/contacts \u001b[33m429\u001b[0m 23.494 ms - 103\u001b[0m","timestamp":"2026-07-13 13:37:06"}
{"level":"info","message":"\u001b[0mGET /api/v1/admins/me \u001b[32m200\u001b[0m 182.207 ms - 435\u001b[0m","timestamp":"2026-07-13 13:46:08"}
{"level":"info","message":"\u001b[0mGET /api/v1/enquiry?page=1&limit=12 \u001b[32m200\u001b[0m 113.459 ms - -\u001b[0m","timestamp":"2026-07-13 13:46:09"}
{"level":"info","message":"\u001b[0mGET /api/v1/admins/me \u001b[32m200\u001b[0m 51.657 ms - 435\u001b[0m","timestamp":"2026-07-13 13:46:24"}
{"level":"info","message":"\u001b[0mGET /api/v1/enquiry?page=1&limit=12 \u001b[32m200\u001b[0m 80.424 ms - -\u001b[0m","timestamp":"2026-07-13 13:46:24"}
{"level":"info","message":"\u001b[0mPOST /api/v1/contacts \u001b[32m201\u001b[0m 132.529 ms - 407\u001b[0m","timestamp":"2026-07-13 13:49:29"}
{"level":"info","message":"\u001b[0mGET /api/v1/admins/me \u001b[32m200\u001b[0m 61.884 ms - 435\u001b[0m","timestamp":"2026-07-13 13:49:35"}
{"level":"info","message":"\u001b[0mGET /api/v1/enquiry?page=1&limit=12 \u001b[32m200\u001b[0m 74.302 ms - -\u001b[0m","timestamp":"2026-07-13 13:49:35"}
{"level":"info","message":"\u001b[0mGET /api/v1/admins/me \u001b[32m200\u001b[0m 36.698 ms - 435\u001b[0m","timestamp":"2026-07-13 13:49:44"}
{"level":"info","message":"\u001b[0mGET /api/v1/enquiry?page=1&limit=12 \u001b[32m200\u001b[0m 76.559 ms - -\u001b[0m","timestamp":"2026-07-13 13:49:44"}
{"level":"info","message":"\u001b[0mGET /api/v1/admins/me \u001b[32m200\u001b[0m 45.036 ms - 435\u001b[0m","timestamp":"2026-07-13 13:54:51"}
{"level":"info","message":"\u001b[0mGET /api/v1/enquiry?page=1&limit=12 \u001b[32m200\u001b[0m 92.872 ms - -\u001b[0m","timestamp":"2026-07-13 13:54:51"}
{"level":"info","message":"\u001b[0mGET /api/v1/events/upcoming \u001b[32m200\u001b[0m 108.770 ms - -\u001b[0m","timestamp":"2026-07-13 13:54:56"}
{"level":"info","message":"\u001b[0mGET /api/v1/events/upcoming \u001b[32m200\u001b[0m 41.145 ms - -\u001b[0m","timestamp":"2026-07-13 13:54:56"}
{"level":"info","message":"\u001b[0mGET /api/v1/admins/me \u001b[32m200\u001b[0m 34.734 ms - 435\u001b[0m","timestamp":"2026-07-13 13:56:16"}
{"level":"info","message":"\u001b[0mGET /api/v1/enquiry?page=1&limit=12 \u001b[32m200\u001b[0m 81.555 ms - -\u001b[0m","timestamp":"2026-07-13 13:56:17"}
{"level":"info","message":"\u001b[0mGET /api/v1/events/upcoming \u001b[32m200\u001b[0m 53.032 ms - -\u001b[0m","timestamp":"2026-07-13 13:56:17"}
{"level":"info","message":"\u001b[0mGET /api/v1/events/upcoming \u001b[32m200\u001b[0m 33.707 ms - -\u001b[0m","timestamp":"2026-07-13 13:56:17"}
{"level":"info","message":"\u001b[0mGET /api/v1/admins/me \u001b[32m200\u001b[0m 1873.773 ms - 435\u001b[0m","timestamp":"2026-07-13 13:59:51"}
{"level":"info","message":"\u001b[0mGET /api/v1/events/upcoming \u001b[32m200\u001b[0m 59.708 ms - -\u001b[0m","timestamp":"2026-07-13 13:59:52"}
{"level":"info","message":"\u001b[0mGET /api/v1/events/upcoming \u001b[32m200\u001b[0m 38.620 ms - -\u001b[0m","timestamp":"2026-07-13 13:59:52"}
{"level":"info","message":"\u001b[0mGET /api/v1/enquiry?page=1&limit=12 \u001b[32m200\u001b[0m 71.415 ms - -\u001b[0m","timestamp":"2026-07-13 13:59:52"}
{"level":"info","message":"\u001b[0mGET /api/v1/gallery \u001b[32m200\u001b[0m 72.709 ms - 846\u001b[0m","timestamp":"2026-07-13 14:40:02"}
{"level":"info","message":"\u001b[0mGET /api/v1/gallery?type=photo \u001b[32m200\u001b[0m 34.636 ms - 437\u001b[0m","timestamp":"2026-07-13 14:40:04"}
{"level":"info","message":"\u001b[0mPOST /api/v1/gallery/create \u001b[32m201\u001b[0m 198.408 ms - 475\u001b[0m","timestamp":"2026-07-13 14:41:34"}
{"level":"info","message":"\u001b[0mGET /api/v1/gallery?type=photo \u001b[32m200\u001b[0m 33.365 ms - 843\u001b[0m","timestamp":"2026-07-13 14:41:34"}
{"level":"info","message":"\u001b[0mGET /api/v1/gallery?type=photo \u001b[32m200\u001b[0m 31.840 ms - 843\u001b[0m","timestamp":"2026-07-13 14:41:45"}
{"level":"info","message":"\u001b[0mGET /api/v1/gallery?type=photo \u001b[32m200\u001b[0m 34.600 ms - 843\u001b[0m","timestamp":"2026-07-13 14:41:45"}
{"level":"info","message":"\u001b[0mPOST /api/v1/gallery/create \u001b[32m201\u001b[0m 80.658 ms - 471\u001b[0m","timestamp":"2026-07-13 14:42:17"}
{"level":"info","message":"\u001b[0mGET /api/v1/gallery?type=photo \u001b[32m200\u001b[0m 35.351 ms - -\u001b[0m","timestamp":"2026-07-13 14:42:17"}
{"level":"info","message":"\u001b[0mGET /api/v1/gallery?type=photo \u001b[32m200\u001b[0m 31.541 ms - -\u001b[0m","timestamp":"2026-07-13 14:42:24"}
{"level":"info","message":"\u001b[0mGET /api/v1/gallery?type=photo \u001b[32m200\u001b[0m 37.219 ms - -\u001b[0m","timestamp":"2026-07-13 14:42:24"}
{"level":"info","message":"\u001b[0mDELETE /api/v1/gallery/6a54abf117f9dbe8cf27a590 \u001b[32m200\u001b[0m 2392.538 ms - 62\u001b[0m","timestamp":"2026-07-13 14:42:36"}
{"level":"info","message":"\u001b[0mGET /api/v1/gallery?type=photo \u001b[32m200\u001b[0m 37.020 ms - 843\u001b[0m","timestamp":"2026-07-13 14:42:37"}
{"level":"info","message":"\u001b[0mPOST /api/v1/gallery/create \u001b[32m201\u001b[0m 67.077 ms - 471\u001b[0m","timestamp":"2026-07-13 14:43:08"}
{"level":"info","message":"\u001b[0mGET /api/v1/gallery?type=photo \u001b[32m200\u001b[0m 33.410 ms - -\u001b[0m","timestamp":"2026-07-13 14:43:08"}
{"level":"info","message":"\u001b[0mGET /api/v1/gallery?type=photo \u001b[32m200\u001b[0m 137.113 ms - -\u001b[0m","timestamp":"2026-07-13 14:43:15"}
{"level":"info","message":"\u001b[0mGET /api/v1/gallery?type=photo \u001b[32m200\u001b[0m 83.848 ms - -\u001b[0m","timestamp":"2026-07-13 14:43:15"}
{"level":"info","message":"\u001b[0mGET /api/v1/gallery?type=photo \u001b[32m200\u001b[0m 199.787 ms - -\u001b[0m","timestamp":"2026-07-13 15:05:19"}
{"level":"info","message":"\u001b[0mGET /api/v1/gallery?type=photo \u001b[32m200\u001b[0m 41.534 ms - -\u001b[0m","timestamp":"2026-07-13 15:05:19"}
{"level":"info","message":"\u001b[0mGET /api/v1/gallery?type=photo \u001b[32m200\u001b[0m 33.374 ms - -\u001b[0m","timestamp":"2026-07-13 15:08:15"}
{"level":"info","message":"\u001b[0mGET /api/v1/gallery?type=photo \u001b[32m200\u001b[0m 34.054 ms - -\u001b[0m","timestamp":"2026-07-13 15:08:15"}
{"level":"info","message":"\u001b[0mGET /api/v1/gallery?type=photo \u001b[32m200\u001b[0m 36.134 ms - -\u001b[0m","timestamp":"2026-07-13 15:08:22"}
{"level":"info","message":"\u001b[0mGET /api/v1/gallery?type=photo \u001b[32m200\u001b[0m 33.159 ms - -\u001b[0m","timestamp":"2026-07-13 15:08:22"}
{"level":"info","message":"\u001b[0mGET /api/v1/gallery?type=photo \u001b[32m200\u001b[0m 33.639 ms - -\u001b[0m","timestamp":"2026-07-13 15:08:31"}
{"level":"info","message":"\u001b[0mGET /api/v1/gallery?type=photo \u001b[32m200\u001b[0m 31.968 ms - -\u001b[0m","timestamp":"2026-07-13 15:08:31"}
{"level":"info","message":"\u001b[0mGET /api/v1/gallery?type=photo \u001b[32m200\u001b[0m 62.547 ms - -\u001b[0m","timestamp":"2026-07-13 15:21:47"}
{"level":"info","message":"\u001b[0mGET /api/v1/gallery?type=photo \u001b[32m200\u001b[0m 39.112 ms - -\u001b[0m","timestamp":"2026-07-13 15:21:47"}
{"level":"info","message":"\u001b[0mGET /api/v1/members \u001b[32m200\u001b[0m 70.173 ms - -\u001b[0m","timestamp":"2026-07-13 15:21:50"}
{"level":"info","message":"\u001b[0mGET /api/v1/members \u001b[32m200\u001b[0m 34.599 ms - -\u001b[0m","timestamp":"2026-07-13 15:21:50"}
{"level":"info","message":"\u001b[0mGET /api/v1/admins \u001b[32m200\u001b[0m 106.704 ms - -\u001b[0m","timestamp":"2026-07-13 15:23:43"}
{"level":"info","message":"\u001b[0mGET /api/v1/events \u001b[32m200\u001b[0m 41.984 ms - -\u001b[0m","timestamp":"2026-07-13 15:23:47"}
{"level":"info","message":"\u001b[0mGET /api/v1/team \u001b[32m200\u001b[0m 86.429 ms - -\u001b[0m","timestamp":"2026-07-13 15:23:52"}
{"level":"info","message":"\u001b[0mGET /api/v1/members?page=1&limit=12 \u001b[32m200\u001b[0m 81.468 ms - -\u001b[0m","timestamp":"2026-07-13 15:24:11"}
{"level":"info","message":"\u001b[0mGET /api/v1/payments?page=1&limit=1 \u001b[32m200\u001b[0m 154.359 ms - 152\u001b[0m","timestamp":"2026-07-13 15:24:19"}
{"level":"info","message":"\u001b[0mGET /api/v1/contacts?page=1&limit=1&isResolved=false \u001b[32m200\u001b[0m 355.687 ms - 445\u001b[0m","timestamp":"2026-07-13 15:24:19"}
{"level":"info","message":"\u001b[0mGET /api/v1/members?page=1&limit=1 \u001b[32m200\u001b[0m 395.996 ms - -\u001b[0m","timestamp":"2026-07-13 15:24:19"}
{"level":"info","message":"\u001b[0mGET /api/v1/payments?page=1&limit=12 \u001b[32m200\u001b[0m 73.317 ms - 153\u001b[0m","timestamp":"2026-07-13 15:24:24"}
{"level":"info","message":"\u001b[0mGET /api/v1/contacts?page=1&limit=10 \u001b[32m200\u001b[0m 64.325 ms - -\u001b[0m","timestamp":"2026-07-13 15:24:27"}
{"level":"info","message":"\u001b[0mGET /api/v1/sponsor/admin \u001b[32m200\u001b[0m 67.003 ms - -\u001b[0m","timestamp":"2026-07-13 15:24:33"}
{"level":"info","message":"\u001b[0mGET /api/v1/enquiry?page=1&limit=12 \u001b[32m200\u001b[0m 72.236 ms - -\u001b[0m","timestamp":"2026-07-13 15:24:35"}
{"level":"info","message":"\u001b[0mGET /api/v1/gallery \u001b[32m200\u001b[0m 29.938 ms - -\u001b[0m","timestamp":"2026-07-13 15:24:36"}
{"level":"info","message":"\u001b[0mGET /api/v1/gallery?type=photo \u001b[32m200\u001b[0m 42.234 ms - -\u001b[0m","timestamp":"2026-07-13 15:26:32"}
{"level":"info","message":"\u001b[0mGET /api/v1/members \u001b[32m200\u001b[0m 35.379 ms - -\u001b[0m","timestamp":"2026-07-13 15:26:41"}
{"level":"info","message":"\u001b[0mGET /api/v1/members \u001b[32m200\u001b[0m 35.133 ms - -\u001b[0m","timestamp":"2026-07-13 15:26:41"}
{"level":"info","message":"\u001b[0mGET /api/v1/gallery?type=video \u001b[32m200\u001b[0m 29.939 ms - 444\u001b[0m","timestamp":"2026-07-13 15:27:24"}
{"level":"info","message":"\u001b[0mGET /api/v1/admins \u001b[32m200\u001b[0m 79.483 ms - -\u001b[0m","timestamp":"2026-07-13 15:27:46"}
{"level":"info","message":"\u001b[0mGET /api/v1/enquiry?page=1&limit=12 \u001b[32m200\u001b[0m 79.909 ms - -\u001b[0m","timestamp":"2026-07-13 15:27:47"}
{"level":"info","message":"\u001b[0mGET /api/v1/payments?page=1&limit=12 \u001b[32m200\u001b[0m 69.106 ms - 153\u001b[0m","timestamp":"2026-07-13 15:27:48"}
{"level":"info","message":"\u001b[0mGET /api/v1/events \u001b[32m200\u001b[0m 53.157 ms - -\u001b[0m","timestamp":"2026-07-13 15:27:50"}
{"level":"info","message":"\u001b[0mGET /api/v1/team \u001b[32m200\u001b[0m 77.608 ms - -\u001b[0m","timestamp":"2026-07-13 15:27:52"}
{"level":"info","message":"\u001b[0mGET /api/v1/gallery?type=photo \u001b[32m200\u001b[0m 43.410 ms - -\u001b[0m","timestamp":"2026-07-13 15:28:17"}
{"level":"info","message":"\u001b[0mGET /api/v1/gallery?type=photo \u001b[32m200\u001b[0m 53.311 ms - -\u001b[0m","timestamp":"2026-07-13 15:28:17"}
{"level":"info","message":"\u001b[0mGET /api/v1/gallery?type=photo \u001b[32m200\u001b[0m 173.439 ms - -\u001b[0m","timestamp":"2026-07-13 16:03:04"}
{"level":"info","message":"\u001b[0mGET /api/v1/gallery?type=photo \u001b[32m200\u001b[0m 44.053 ms - -\u001b[0m","timestamp":"2026-07-13 16:03:04"}
{"level":"info","message":"\u001b[0mGET /api/v1/gallery?type=photo \u001b[32m200\u001b[0m 45.879 ms - -\u001b[0m","timestamp":"2026-07-13 16:03:09"}
{"level":"info","message":"\u001b[0mGET /api/v1/gallery?type=photo \u001b[32m200\u001b[0m 36.295 ms - -\u001b[0m","timestamp":"2026-07-13 16:03:09"}
{"level":"info","message":"\u001b[0mGET /api/v1/gallery?type=photo \u001b[32m200\u001b[0m 84.725 ms - -\u001b[0m","timestamp":"2026-07-13 16:04:13"}
{"level":"info","message":"\u001b[0mGET /api/v1/gallery?type=photo \u001b[32m200\u001b[0m 88.813 ms - -\u001b[0m","timestamp":"2026-07-13 16:04:13"}
{"level":"info","message":"\u001b[0mGET /api/v1/events/upcoming \u001b[32m200\u001b[0m 52.494 ms - -\u001b[0m","timestamp":"2026-07-13 16:05:37"}
{"level":"info","message":"\u001b[0mGET /api/v1/events/upcoming \u001b[32m200\u001b[0m 36.525 ms - -\u001b[0m","timestamp":"2026-07-13 16:05:38"}
{"level":"info","message":"\u001b[0mGET /api/v1/events/upcoming \u001b[32m200\u001b[0m 47.885 ms - -\u001b[0m","timestamp":"2026-07-13 16:05:43"}
{"level":"info","message":"\u001b[0mGET /api/v1/events/upcoming \u001b[32m200\u001b[0m 38.043 ms - -\u001b[0m","timestamp":"2026-07-13 16:05:43"}
{"level":"info","message":"\u001b[0mGET /api/v1/events \u001b[32m200\u001b[0m 74.156 ms - -\u001b[0m","timestamp":"2026-07-13 16:05:50"}
{"level":"info","message":"\u001b[0mGET /api/v1/members \u001b[32m200\u001b[0m 66.147 ms - -\u001b[0m","timestamp":"2026-07-13 16:05:51"}
{"level":"info","message":"\u001b[0mGET /api/v1/members \u001b[32m200\u001b[0m 42.048 ms - -\u001b[0m","timestamp":"2026-07-13 16:05:51"}
{"level":"info","message":"\u001b[0mGET /api/v1/gallery?type=photo \u001b[32m200\u001b[0m 33.018 ms - -\u001b[0m","timestamp":"2026-07-13 16:05:55"}
{"level":"info","message":"\u001b[0mGET /api/v1/gallery?type=photo \u001b[32m200\u001b[0m 41.953 ms - -\u001b[0m","timestamp":"2026-07-13 16:05:55"}
{"level":"info","message":"\u001b[0mGET /api/v1/events \u001b[32m200\u001b[0m 48.022 ms - -\u001b[0m","timestamp":"2026-07-13 16:06:10"}
{"level":"info","message":"\u001b[0mGET /api/v1/gallery \u001b[32m200\u001b[0m 50.352 ms - -\u001b[0m","timestamp":"2026-07-13 16:06:13"}
{"level":"info","message":"\u001b[0mGET /api/v1/events/upcoming \u001b[32m200\u001b[0m 80.659 ms - -\u001b[0m","timestamp":"2026-07-13 16:11:32"}
{"level":"info","message":"\u001b[0mGET /api/v1/events/upcoming \u001b[32m200\u001b[0m 41.710 ms - -\u001b[0m","timestamp":"2026-07-13 16:11:32"}
{"level":"info","message":"\u001b[0mGET /api/v1/events \u001b[32m200\u001b[0m 266.858 ms - -\u001b[0m","timestamp":"2026-07-13 16:52:14"}
{"level":"info","message":"\u001b[0mGET /api/v1/gallery?type=video \u001b[32m200\u001b[0m 70.975 ms - 444\u001b[0m","timestamp":"2026-07-13 16:52:17"}
{"level":"info","message":"\u001b[0mGET /api/v1/gallery?type=video \u001b[32m200\u001b[0m 53.418 ms - 444\u001b[0m","timestamp":"2026-07-13 16:52:17"}
{"level":"info","message":"\u001b[0mGET /api/v1/gallery?type=photo \u001b[32m200\u001b[0m 54.650 ms - -\u001b[0m","timestamp":"2026-07-13 16:52:23"}
{"level":"info","message":"\u001b[0mGET /api/v1/gallery?type=photo \u001b[32m200\u001b[0m 52.484 ms - -\u001b[0m","timestamp":"2026-07-13 16:52:23"}
{"level":"info","message":"\u001b[0mPOST /api/v1/gallery/create \u001b[32m201\u001b[0m 245.524 ms - 471\u001b[0m","timestamp":"2026-07-13 16:53:11"}
{"level":"info","message":"\u001b[0mGET /api/v1/gallery \u001b[32m200\u001b[0m 47.033 ms - -\u001b[0m","timestamp":"2026-07-13 16:53:11"}
{"level":"info","message":"\u001b[0mGET /api/v1/gallery?type=photo \u001b[32m200\u001b[0m 55.994 ms - -\u001b[0m","timestamp":"2026-07-13 16:53:20"}
{"level":"info","message":"\u001b[0mGET /api/v1/gallery?type=photo \u001b[32m200\u001b[0m 37.186 ms - -\u001b[0m","timestamp":"2026-07-13 16:53:20"}
{"level":"info","message":"\u001b[0mPOST /api/v1/gallery/create \u001b[32m201\u001b[0m 82.345 ms - 475\u001b[0m","timestamp":"2026-07-13 16:53:52"}
{"level":"info","message":"\u001b[0mGET /api/v1/gallery \u001b[32m200\u001b[0m 46.307 ms - -\u001b[0m","timestamp":"2026-07-13 16:53:52"}
{"level":"info","message":"\u001b[0mGET /api/v1/gallery?type=photo \u001b[32m200\u001b[0m 105.599 ms - -\u001b[0m","timestamp":"2026-07-13 16:54:00"}
{"level":"info","message":"\u001b[0mGET /api/v1/gallery?type=photo \u001b[32m200\u001b[0m 128.416 ms - -\u001b[0m","timestamp":"2026-07-13 16:54:00"}
{"level":"info","message":"\u001b[0mGET /api/v1/members \u001b[32m200\u001b[0m 60.601 ms - -\u001b[0m","timestamp":"2026-07-13 16:54:09"}
{"level":"info","message":"\u001b[0mGET /api/v1/members \u001b[32m200\u001b[0m 38.126 ms - -\u001b[0m","timestamp":"2026-07-13 16:54:09"}
{"level":"info","message":"\u001b[0mGET /api/v1/team \u001b[32m200\u001b[0m 53.246 ms - -\u001b[0m","timestamp":"2026-07-13 16:54:15"}
{"level":"info","message":"\u001b[0mGET /api/v1/team \u001b[32m200\u001b[0m 29.733 ms - -\u001b[0m","timestamp":"2026-07-13 16:54:15"}
{"level":"info","message":"MongoDB connected successfully","timestamp":"2026-07-13 17:07:30"}
{"level":"info","message":"Server running in development mode on port 5000","timestamp":"2026-07-13 17:07:30"}
{"level":"info","message":"\u001b[0mGET /api/v1/team \u001b[32m200\u001b[0m 143.221 ms - -\u001b[0m","timestamp":"2026-07-13 17:08:29"}
{"level":"info","message":"\u001b[0mGET /api/v1/team \u001b[32m200\u001b[0m 50.443 ms - -\u001b[0m","timestamp":"2026-07-13 17:08:29"}
{"level":"info","message":"\u001b[0mGET /api/v1/events/upcoming \u001b[32m200\u001b[0m 42.904 ms - -\u001b[0m","timestamp":"2026-07-13 17:08:31"}
{"level":"info","message":"\u001b[0mGET /api/v1/events/upcoming \u001b[32m200\u001b[0m 54.806 ms - -\u001b[0m","timestamp":"2026-07-13 17:08:31"}
{"level":"info","message":"\u001b[0mGET /api/v1/gallery?type=photo \u001b[32m200\u001b[0m 38.851 ms - -\u001b[0m","timestamp":"2026-07-13 17:08:53"}
{"level":"info","message":"\u001b[0mGET /api/v1/gallery?type=photo \u001b[32m200\u001b[0m 50.862 ms - -\u001b[0m","timestamp":"2026-07-13 17:08:53"}
{"level":"info","message":"\u001b[0mGET /api/v1/members \u001b[32m200\u001b[0m 89.328 ms - -\u001b[0m","timestamp":"2026-07-13 17:09:10"}
{"level":"info","message":"\u001b[0mGET /api/v1/members \u001b[32m200\u001b[0m 91.344 ms - -\u001b[0m","timestamp":"2026-07-13 17:09:10"}
