{"level":"info","message":"MongoDB connected successfully","timestamp":"2026-06-27 10:20:10"}
{"level":"info","message":"Server running in development mode on port 5000","timestamp":"2026-06-27 10:20:10"}
{"level":"info","message":"MongoDB connected successfully","timestamp":"2026-06-27 04:57:03"}
{"level":"info","message":"Server running in development mode on port 5000","timestamp":"2026-06-27 04:57:03"}
{"level":"info","message":"\u001b[0mGET /api/v1/events/upcoming \u001b[32m200\u001b[0m 86.475 ms - 434\u001b[0m","timestamp":"2026-06-27 04:57:11"}
{"level":"info","message":"\u001b[0mGET /api/v1/members \u001b[32m200\u001b[0m 105.436 ms - -\u001b[0m","timestamp":"2026-06-27 04:57:11"}
{"level":"info","message":"\u001b[0mGET /api/v1/events/upcoming \u001b[32m200\u001b[0m 48.135 ms - 434\u001b[0m","timestamp":"2026-06-27 04:57:11"}
{"level":"info","message":"\u001b[0mGET /api/v1/members \u001b[32m200\u001b[0m 96.524 ms - -\u001b[0m","timestamp":"2026-06-27 04:57:11"}
{"level":"warn","message":"GET /api/v1/admins/me - You are not logged in. Please log in to continue","timestamp":"2026-06-27 04:57:58"}
{"level":"info","message":"\u001b[0mGET /api/v1/admins/me \u001b[33m401\u001b[0m 6.892 ms - 150\u001b[0m","timestamp":"2026-06-27 04:57:58"}
{"level":"info","message":"\u001b[0mGET /api/v1/events/upcoming \u001b[32m200\u001b[0m 98.446 ms - 434\u001b[0m","timestamp":"2026-06-27 04:57:58"}
{"level":"info","message":"\u001b[0mGET /api/v1/members \u001b[32m200\u001b[0m 98.066 ms - -\u001b[0m","timestamp":"2026-06-27 04:57:58"}
{"level":"info","message":"\u001b[0mGET /api/v1/events/upcoming \u001b[32m200\u001b[0m 114.211 ms - 434\u001b[0m","timestamp":"2026-06-27 04:57:58"}
{"level":"info","message":"\u001b[0mGET /api/v1/members \u001b[32m200\u001b[0m 150.836 ms - -\u001b[0m","timestamp":"2026-06-27 04:57:58"}
{"level":"info","message":"\u001b[0mGET /api/v1/events/upcoming \u001b[32m200\u001b[0m 72.641 ms - 434\u001b[0m","timestamp":"2026-06-27 04:58:10"}
{"level":"info","message":"\u001b[0mGET /api/v1/members \u001b[32m200\u001b[0m 70.056 ms - -\u001b[0m","timestamp":"2026-06-27 04:58:10"}
{"level":"info","message":"\u001b[0mGET /api/v1/events/upcoming \u001b[32m200\u001b[0m 46.562 ms - 434\u001b[0m","timestamp":"2026-06-27 04:58:10"}
{"level":"info","message":"\u001b[0mGET /api/v1/members \u001b[32m200\u001b[0m 58.649 ms - -\u001b[0m","timestamp":"2026-06-27 04:58:10"}
{"level":"warn","message":"GET /api/v1/admins/me - You are not logged in. Please log in to continue","timestamp":"2026-06-27 04:58:29"}
{"level":"info","message":"\u001b[0mGET /api/v1/admins/me \u001b[33m401\u001b[0m 5.496 ms - 150\u001b[0m","timestamp":"2026-06-27 04:58:29"}
{"level":"info","message":"\u001b[0mPOST /api/v1/admins/login \u001b[32m200\u001b[0m 336.610 ms - 633\u001b[0m","timestamp":"2026-06-27 04:58:38"}
{"level":"info","message":"\u001b[0mGET /api/v1/admins/me \u001b[32m200\u001b[0m 81.257 ms - 435\u001b[0m","timestamp":"2026-06-27 04:58:38"}
{"level":"info","message":"\u001b[0mGET /api/v1/members?page=1&limit=1 \u001b[32m200\u001b[0m 95.792 ms - -\u001b[0m","timestamp":"2026-06-27 04:58:38"}
{"level":"info","message":"\u001b[0mGET /api/v1/contacts?page=1&limit=1&isResolved=false \u001b[32m200\u001b[0m 121.704 ms - 447\u001b[0m","timestamp":"2026-06-27 04:58:38"}
{"level":"info","message":"\u001b[0mGET /api/v1/admins \u001b[32m200\u001b[0m 125.992 ms - 797\u001b[0m","timestamp":"2026-06-27 04:58:38"}
{"level":"info","message":"\u001b[0mGET /api/v1/payments?page=1&limit=1 \u001b[32m200\u001b[0m 108.847 ms - 152\u001b[0m","timestamp":"2026-06-27 04:58:38"}
{"level":"info","message":"MongoDB connected successfully","timestamp":"2026-06-27 05:14:27"}
{"level":"info","message":"Server running in development mode on port 5000","timestamp":"2026-06-27 05:14:27"}
{"level":"info","message":"\u001b[0mGET /api/v1/events/upcoming \u001b[32m200\u001b[0m 152.089 ms - 434\u001b[0m","timestamp":"2026-06-27 05:14:42"}
{"level":"info","message":"\u001b[0mGET /api/v1/members \u001b[32m200\u001b[0m 178.853 ms - -\u001b[0m","timestamp":"2026-06-27 05:14:43"}
{"level":"info","message":"\u001b[0mGET /api/v1/events/upcoming \u001b[32m200\u001b[0m 130.606 ms - 434\u001b[0m","timestamp":"2026-06-27 05:14:43"}
{"level":"info","message":"\u001b[0mGET /api/v1/members \u001b[32m200\u001b[0m 143.403 ms - -\u001b[0m","timestamp":"2026-06-27 05:14:43"}
{"level":"info","message":"\u001b[0mGET /api/v1/members?page=1&limit=12 \u001b[32m200\u001b[0m 312.393 ms - -\u001b[0m","timestamp":"2026-06-27 05:14:57"}
{"level":"info","message":"\u001b[0mGET /api/v1/events \u001b[32m200\u001b[0m 59.537 ms - -\u001b[0m","timestamp":"2026-06-27 05:14:58"}
{"level":"info","message":"\u001b[0mGET /api/v1/payments?page=1&limit=12 \u001b[32m200\u001b[0m 139.702 ms - 153\u001b[0m","timestamp":"2026-06-27 05:14:59"}
{"level":"info","message":"\u001b[0mGET /api/v1/contacts?page=1&limit=10 \u001b[32m200\u001b[0m 326.889 ms - 744\u001b[0m","timestamp":"2026-06-27 05:15:01"}
{"level":"info","message":"\u001b[0mGET /api/v1/enquiry?page=1&limit=12 \u001b[32m200\u001b[0m 441.934 ms - -\u001b[0m","timestamp":"2026-06-27 05:15:02"}
{"level":"info","message":"MongoDB connected successfully","timestamp":"2026-06-27 10:45:07"}
{"level":"info","message":"Server running in development mode on port 5000","timestamp":"2026-06-27 10:45:07"}
{"level":"info","message":"\u001b[0mGET /api/v1/events/upcoming \u001b[32m200\u001b[0m 37.701 ms - 434\u001b[0m","timestamp":"2026-06-27 05:15:42"}
{"level":"info","message":"\u001b[0mGET /api/v1/events/upcoming \u001b[32m200\u001b[0m 41.615 ms - 434\u001b[0m","timestamp":"2026-06-27 05:15:42"}
{"level":"info","message":"\u001b[0mGET /api/v1/events \u001b[32m200\u001b[0m 212.754 ms - -\u001b[0m","timestamp":"2026-06-27 05:18:55"}
{"level":"info","message":"\u001b[0mGET /api/v1/events \u001b[32m200\u001b[0m 56.978 ms - -\u001b[0m","timestamp":"2026-06-27 05:18:55"}
{"level":"info","message":"\u001b[0mGET /api/v1/admins/me \u001b[32m200\u001b[0m 390.924 ms - 435\u001b[0m","timestamp":"2026-06-27 05:19:02"}
{"level":"info","message":"\u001b[0mGET /api/v1/events \u001b[32m200\u001b[0m 126.003 ms - -\u001b[0m","timestamp":"2026-06-27 05:19:03"}
{"level":"info","message":"\u001b[0mGET /api/v1/events \u001b[32m200\u001b[0m 66.307 ms - -\u001b[0m","timestamp":"2026-06-27 05:19:06"}
{"level":"info","message":"\u001b[0mGET /api/v1/events \u001b[32m200\u001b[0m 91.445 ms - -\u001b[0m","timestamp":"2026-06-27 05:19:06"}
{"level":"info","message":"SIGTERM received. Shutting down gracefully","timestamp":"2026-06-27 05:19:18"}
{"level":"info","message":"MongoDB connected successfully","timestamp":"2026-06-27 05:20:46"}
{"level":"info","message":"Server running in development mode on port 5000","timestamp":"2026-06-27 05:20:46"}
{"level":"info","message":"\u001b[0mGET /api/v1/admins/me \u001b[32m200\u001b[0m 110.639 ms - 435\u001b[0m","timestamp":"2026-06-27 05:20:53"}
{"level":"info","message":"\u001b[0mGET /api/v1/events \u001b[32m200\u001b[0m 53.939 ms - -\u001b[0m","timestamp":"2026-06-27 05:20:53"}
{"level":"info","message":"\u001b[0mGET /api/v1/events \u001b[32m200\u001b[0m 56.530 ms - -\u001b[0m","timestamp":"2026-06-27 05:24:09"}
{"level":"info","message":"\u001b[0mGET /api/v1/events \u001b[32m200\u001b[0m 136.621 ms - -\u001b[0m","timestamp":"2026-06-27 05:24:09"}
{"level":"info","message":"\u001b[0mGET /api/v1/events \u001b[32m200\u001b[0m 46.503 ms - 5366\u001b[0m","timestamp":"2026-06-27 05:24:16"}
{"level":"info","message":"\u001b[0mHEAD /api/v1/events \u001b[32m200\u001b[0m 41.548 ms - 5366\u001b[0m","timestamp":"2026-06-27 05:24:48"}
{"level":"info","message":"\u001b[0mGET /api/v1/events \u001b[32m200\u001b[0m 81.760 ms - -\u001b[0m","timestamp":"2026-06-27 05:25:21"}
{"level":"info","message":"\u001b[0mGET /api/v1/events \u001b[32m200\u001b[0m 71.396 ms - -\u001b[0m","timestamp":"2026-06-27 05:25:21"}
{"level":"info","message":"\u001b[0mGET /api/v1/events \u001b[32m200\u001b[0m 67.079 ms - -\u001b[0m","timestamp":"2026-06-27 05:26:13"}
{"level":"info","message":"\u001b[0mGET /api/v1/events \u001b[32m200\u001b[0m 49.418 ms - -\u001b[0m","timestamp":"2026-06-27 05:26:13"}
{"level":"info","message":"\u001b[0mDELETE /api/v1/events/6a365abcdf4baa223932b287 \u001b[32m200\u001b[0m 64.483 ms - 55\u001b[0m","timestamp":"2026-06-27 05:26:39"}
{"level":"info","message":"\u001b[0mGET /api/v1/events \u001b[32m200\u001b[0m 43.214 ms - -\u001b[0m","timestamp":"2026-06-27 05:26:39"}
{"level":"info","message":"\u001b[0mDELETE /api/v1/events/6a365a66df4baa223932b285 \u001b[32m200\u001b[0m 41.259 ms - 55\u001b[0m","timestamp":"2026-06-27 05:26:42"}
{"level":"info","message":"\u001b[0mGET /api/v1/events \u001b[32m200\u001b[0m 43.303 ms - -\u001b[0m","timestamp":"2026-06-27 05:26:42"}
{"level":"info","message":"\u001b[0mDELETE /api/v1/events/6a34fae86ed2fddaacd91686 \u001b[32m200\u001b[0m 41.144 ms - 55\u001b[0m","timestamp":"2026-06-27 05:26:44"}
{"level":"info","message":"\u001b[0mGET /api/v1/events \u001b[32m200\u001b[0m 53.265 ms - -\u001b[0m","timestamp":"2026-06-27 05:26:45"}
{"level":"info","message":"\u001b[0mDELETE /api/v1/events/6a3a80f011b856ac7fa4c966 \u001b[32m200\u001b[0m 37.907 ms - 55\u001b[0m","timestamp":"2026-06-27 05:26:48"}
{"level":"info","message":"\u001b[0mGET /api/v1/events \u001b[32m200\u001b[0m 48.070 ms - -\u001b[0m","timestamp":"2026-06-27 05:26:48"}
{"level":"info","message":"\u001b[0mDELETE /api/v1/events/6a3cdfec7deb939619ee1cff \u001b[32m200\u001b[0m 76.110 ms - 55\u001b[0m","timestamp":"2026-06-27 05:26:52"}
{"level":"info","message":"\u001b[0mGET /api/v1/events \u001b[32m200\u001b[0m 51.549 ms - -\u001b[0m","timestamp":"2026-06-27 05:26:52"}
{"level":"info","message":"\u001b[0mDELETE /api/v1/events/6a3cdec67deb939619ee1cfd \u001b[32m200\u001b[0m 40.872 ms - 55\u001b[0m","timestamp":"2026-06-27 05:26:57"}
{"level":"info","message":"\u001b[0mGET /api/v1/events \u001b[32m200\u001b[0m 40.154 ms - -\u001b[0m","timestamp":"2026-06-27 05:26:57"}
{"level":"info","message":"\u001b[0mDELETE /api/v1/events/6a3cdf937deb939619ee1cfe \u001b[32m200\u001b[0m 47.356 ms - 55\u001b[0m","timestamp":"2026-06-27 05:27:00"}
{"level":"info","message":"\u001b[0mGET /api/v1/events \u001b[32m200\u001b[0m 45.687 ms - -\u001b[0m","timestamp":"2026-06-27 05:27:00"}
{"level":"info","message":"\u001b[0mDELETE /api/v1/events/6a3a811611b856ac7fa4c967 \u001b[32m200\u001b[0m 39.261 ms - 55\u001b[0m","timestamp":"2026-06-27 05:27:03"}
{"level":"info","message":"\u001b[0mGET /api/v1/events \u001b[32m200\u001b[0m 50.469 ms - -\u001b[0m","timestamp":"2026-06-27 05:27:03"}
{"level":"info","message":"\u001b[0mDELETE /api/v1/events/6a3cdbda7deb939619ee1cfb \u001b[32m200\u001b[0m 64.452 ms - 55\u001b[0m","timestamp":"2026-06-27 05:27:05"}
{"level":"info","message":"\u001b[0mGET /api/v1/events \u001b[32m200\u001b[0m 41.343 ms - -\u001b[0m","timestamp":"2026-06-27 05:27:05"}
{"level":"info","message":"\u001b[0mDELETE /api/v1/events/6a3cda207deb939619ee1cfa \u001b[32m200\u001b[0m 46.701 ms - 55\u001b[0m","timestamp":"2026-06-27 05:27:09"}
{"level":"info","message":"\u001b[0mGET /api/v1/events \u001b[32m200\u001b[0m 38.907 ms - -\u001b[0m","timestamp":"2026-06-27 05:27:09"}
{"level":"info","message":"\u001b[0mDELETE /api/v1/events/6a34f6966ed2fddaacd91685 \u001b[32m200\u001b[0m 54.053 ms - 55\u001b[0m","timestamp":"2026-06-27 05:27:12"}
{"level":"info","message":"\u001b[0mGET /api/v1/events \u001b[32m200\u001b[0m 52.717 ms - -\u001b[0m","timestamp":"2026-06-27 05:27:12"}
{"level":"info","message":"\u001b[0mGET /api/v1/events \u001b[32m200\u001b[0m 45.867 ms - -\u001b[0m","timestamp":"2026-06-27 05:27:16"}
{"level":"info","message":"\u001b[0mGET /api/v1/events \u001b[32m200\u001b[0m 42.820 ms - -\u001b[0m","timestamp":"2026-06-27 05:27:16"}
{"level":"error","message":"POST /api/v1/events/create - File too large","stack":"MulterError: File too large\n    at abortWithCode (/app/node_modules/multer/lib/make-middleware.js:107:22)\n    at FileStream.<anonymous> (/app/node_modules/multer/lib/make-middleware.js:221:11)\n    at FileStream.emit (node:events:519:28)\n    at SBMH.ssCb [as _cb] (/app/node_modules/busboy/lib/types/multipart.js:479:32)\n    at feed (/app/node_modules/streamsearch/lib/sbmh.js:248:10)\n    at SBMH.push (/app/node_modules/streamsearch/lib/sbmh.js:104:16)\n    at Multipart._write (/app/node_modules/busboy/lib/types/multipart.js:567:19)\n    at writeOrBuffer (node:internal/streams/writable:572:12)\n    at _write (node:internal/streams/writable:501:10)\n    at Writable.write (node:internal/streams/writable:510:10)","timestamp":"2026-06-27 05:28:49"}
{"level":"info","message":"\u001b[0mPOST /api/v1/events/create \u001b[31m500\u001b[0m 292.671 ms - 82\u001b[0m","timestamp":"2026-06-27 05:28:49"}
{"level":"info","message":"\u001b[0mGET /api/v1/events \u001b[32m200\u001b[0m 51.979 ms - -\u001b[0m","timestamp":"2026-06-27 05:28:49"}
{"level":"error","message":"POST /api/v1/events/create - File too large","stack":"MulterError: File too large\n    at abortWithCode (/app/node_modules/multer/lib/make-middleware.js:107:22)\n    at FileStream.<anonymous> (/app/node_modules/multer/lib/make-middleware.js:221:11)\n    at FileStream.emit (node:events:519:28)\n    at SBMH.ssCb [as _cb] (/app/node_modules/busboy/lib/types/multipart.js:479:32)\n    at feed (/app/node_modules/streamsearch/lib/sbmh.js:248:10)\n    at SBMH.push (/app/node_modules/streamsearch/lib/sbmh.js:104:16)\n    at Multipart._write (/app/node_modules/busboy/lib/types/multipart.js:567:19)\n    at writeOrBuffer (node:internal/streams/writable:572:12)\n    at _write (node:internal/streams/writable:501:10)\n    at Writable.write (node:internal/streams/writable:510:10)","timestamp":"2026-06-27 05:28:57"}
{"level":"info","message":"\u001b[0mPOST /api/v1/events/create \u001b[31m500\u001b[0m 323.673 ms - 82\u001b[0m","timestamp":"2026-06-27 05:28:57"}
{"level":"info","message":"\u001b[0mGET /api/v1/events \u001b[32m200\u001b[0m 61.935 ms - -\u001b[0m","timestamp":"2026-06-27 05:28:57"}
{"level":"info","message":"\u001b[0mGET /api/v1/events \u001b[32m200\u001b[0m 204.561 ms - -\u001b[0m","timestamp":"2026-06-27 05:29:28"}
{"level":"error","message":"POST /api/v1/events/create - File too large","stack":"MulterError: File too large\n    at abortWithCode (/app/node_modules/multer/lib/make-middleware.js:107:22)\n    at FileStream.<anonymous> (/app/node_modules/multer/lib/make-middleware.js:221:11)\n    at FileStream.emit (node:events:519:28)\n    at SBMH.ssCb [as _cb] (/app/node_modules/busboy/lib/types/multipart.js:479:32)\n    at feed (/app/node_modules/streamsearch/lib/sbmh.js:248:10)\n    at SBMH.push (/app/node_modules/streamsearch/lib/sbmh.js:104:16)\n    at Multipart._write (/app/node_modules/busboy/lib/types/multipart.js:567:19)\n    at writeOrBuffer (node:internal/streams/writable:572:12)\n    at _write (node:internal/streams/writable:501:10)\n    at Writable.write (node:internal/streams/writable:510:10)","timestamp":"2026-06-27 05:29:59"}
{"level":"info","message":"\u001b[0mPOST /api/v1/events/create \u001b[31m500\u001b[0m 150.836 ms - 82\u001b[0m","timestamp":"2026-06-27 05:29:59"}
{"level":"info","message":"\u001b[0mGET /api/v1/events \u001b[32m200\u001b[0m 54.244 ms - -\u001b[0m","timestamp":"2026-06-27 05:29:59"}
{"level":"info","message":"\u001b[0mGET /api/v1/admins/me \u001b[32m200\u001b[0m 185.049 ms - 435\u001b[0m","timestamp":"2026-06-27 05:30:04"}
{"level":"info","message":"\u001b[0mGET /api/v1/events \u001b[32m200\u001b[0m 41.967 ms - -\u001b[0m","timestamp":"2026-06-27 05:30:04"}
{"level":"error","message":"POST /api/v1/events/create - File too large","stack":"MulterError: File too large\n    at abortWithCode (/app/node_modules/multer/lib/make-middleware.js:107:22)\n    at FileStream.<anonymous> (/app/node_modules/multer/lib/make-middleware.js:221:11)\n    at FileStream.emit (node:events:519:28)\n    at SBMH.ssCb [as _cb] (/app/node_modules/busboy/lib/types/multipart.js:479:32)\n    at feed (/app/node_modules/streamsearch/lib/sbmh.js:248:10)\n    at SBMH.push (/app/node_modules/streamsearch/lib/sbmh.js:104:16)\n    at Multipart._write (/app/node_modules/busboy/lib/types/multipart.js:567:19)\n    at writeOrBuffer (node:internal/streams/writable:572:12)\n    at _write (node:internal/streams/writable:501:10)\n    at Writable.write (node:internal/streams/writable:510:10)","timestamp":"2026-06-27 05:31:19"}
{"level":"info","message":"\u001b[0mPOST /api/v1/events/create \u001b[31m500\u001b[0m 106.311 ms - 82\u001b[0m","timestamp":"2026-06-27 05:31:19"}
{"level":"info","message":"\u001b[0mGET /api/v1/events \u001b[32m200\u001b[0m 86.340 ms - -\u001b[0m","timestamp":"2026-06-27 05:31:19"}
{"level":"error","message":"POST /api/v1/events/create - File too large","stack":"MulterError: File too large\n    at abortWithCode (/app/node_modules/multer/lib/make-middleware.js:107:22)\n    at FileStream.<anonymous> (/app/node_modules/multer/lib/make-middleware.js:221:11)\n    at FileStream.emit (node:events:519:28)\n    at SBMH.ssCb [as _cb] (/app/node_modules/busboy/lib/types/multipart.js:479:32)\n    at feed (/app/node_modules/streamsearch/lib/sbmh.js:248:10)\n    at SBMH.push (/app/node_modules/streamsearch/lib/sbmh.js:104:16)\n    at Multipart._write (/app/node_modules/busboy/lib/types/multipart.js:567:19)\n    at writeOrBuffer (node:internal/streams/writable:572:12)\n    at _write (node:internal/streams/writable:501:10)\n    at Writable.write (node:internal/streams/writable:510:10)","timestamp":"2026-06-27 05:31:36"}
{"level":"info","message":"\u001b[0mPOST /api/v1/events/create \u001b[31m500\u001b[0m 69.478 ms - 82\u001b[0m","timestamp":"2026-06-27 05:31:36"}
{"level":"info","message":"\u001b[0mGET /api/v1/events \u001b[32m200\u001b[0m 52.751 ms - -\u001b[0m","timestamp":"2026-06-27 05:31:36"}
{"level":"info","message":"\u001b[0mGET /api/v1/admins/me \u001b[32m200\u001b[0m 81.620 ms - 435\u001b[0m","timestamp":"2026-06-27 05:31:40"}
{"level":"info","message":"\u001b[0mGET /api/v1/events \u001b[32m200\u001b[0m 39.628 ms - -\u001b[0m","timestamp":"2026-06-27 05:31:40"}
{"level":"error","message":"POST /api/v1/events/create - File too large","stack":"MulterError: File too large\n    at abortWithCode (/app/node_modules/multer/lib/make-middleware.js:107:22)\n    at FileStream.<anonymous> (/app/node_modules/multer/lib/make-middleware.js:221:11)\n    at FileStream.emit (node:events:519:28)\n    at SBMH.ssCb [as _cb] (/app/node_modules/busboy/lib/types/multipart.js:479:32)\n    at feed (/app/node_modules/streamsearch/lib/sbmh.js:248:10)\n    at SBMH.push (/app/node_modules/streamsearch/lib/sbmh.js:104:16)\n    at Multipart._write (/app/node_modules/busboy/lib/types/multipart.js:567:19)\n    at writeOrBuffer (node:internal/streams/writable:572:12)\n    at _write (node:internal/streams/writable:501:10)\n    at Writable.write (node:internal/streams/writable:510:10)","timestamp":"2026-06-27 05:31:52"}
{"level":"info","message":"\u001b[0mPOST /api/v1/events/create \u001b[31m500\u001b[0m 84.794 ms - 82\u001b[0m","timestamp":"2026-06-27 05:31:52"}
{"level":"info","message":"\u001b[0mGET /api/v1/events \u001b[32m200\u001b[0m 51.894 ms - -\u001b[0m","timestamp":"2026-06-27 05:31:52"}
{"level":"info","message":"SIGTERM received. Shutting down gracefully","timestamp":"2026-06-27 05:32:54"}
{"level":"info","message":"MongoDB connected successfully","timestamp":"2026-06-27 05:32:59"}
{"level":"info","message":"Server running in development mode on port 5000","timestamp":"2026-06-27 05:32:59"}
{"level":"info","message":"MongoDB connected successfully","timestamp":"2026-06-27 11:03:35"}
{"level":"info","message":"Server running in development mode on port 5000","timestamp":"2026-06-27 11:03:35"}
{"level":"info","message":"\u001b[0mGET /api/v1/admins/me \u001b[32m200\u001b[0m 237.634 ms - 435\u001b[0m","timestamp":"2026-06-27 05:33:41"}
{"level":"info","message":"\u001b[0mGET /api/v1/events \u001b[32m200\u001b[0m 164.520 ms - -\u001b[0m","timestamp":"2026-06-27 05:33:42"}
{"level":"error","message":"POST /api/v1/events/create - File too large","stack":"MulterError: File too large\n    at abortWithCode (/app/node_modules/multer/lib/make-middleware.js:107:22)\n    at FileStream.<anonymous> (/app/node_modules/multer/lib/make-middleware.js:221:11)\n    at FileStream.emit (node:events:519:28)\n    at SBMH.ssCb [as _cb] (/app/node_modules/busboy/lib/types/multipart.js:479:32)\n    at feed (/app/node_modules/streamsearch/lib/sbmh.js:248:10)\n    at SBMH.push (/app/node_modules/streamsearch/lib/sbmh.js:104:16)\n    at Multipart._write (/app/node_modules/busboy/lib/types/multipart.js:567:19)\n    at writeOrBuffer (node:internal/streams/writable:572:12)\n    at _write (node:internal/streams/writable:501:10)\n    at Writable.write (node:internal/streams/writable:510:10)","timestamp":"2026-06-27 05:33:53"}
{"level":"info","message":"\u001b[0mPOST /api/v1/events/create \u001b[31m500\u001b[0m 129.602 ms - 82\u001b[0m","timestamp":"2026-06-27 05:33:53"}
{"level":"info","message":"\u001b[0mGET /api/v1/events \u001b[32m200\u001b[0m 43.695 ms - -\u001b[0m","timestamp":"2026-06-27 05:33:53"}
{"level":"info","message":"SIGTERM received. Shutting down gracefully","timestamp":"2026-06-27 05:34:18"}
{"level":"info","message":"MongoDB connected successfully","timestamp":"2026-06-27 05:35:46"}
{"level":"info","message":"Server running in development mode on port 5000","timestamp":"2026-06-27 05:35:46"}
{"level":"error","message":"POST /api/v1/events/create - File too large","stack":"MulterError: File too large\n    at abortWithCode (/app/node_modules/multer/lib/make-middleware.js:107:22)\n    at FileStream.<anonymous> (/app/node_modules/multer/lib/make-middleware.js:221:11)\n    at FileStream.emit (node:events:519:28)\n    at SBMH.ssCb [as _cb] (/app/node_modules/busboy/lib/types/multipart.js:479:32)\n    at feed (/app/node_modules/streamsearch/lib/sbmh.js:219:14)\n    at SBMH.push (/app/node_modules/streamsearch/lib/sbmh.js:104:16)\n    at Multipart._write (/app/node_modules/busboy/lib/types/multipart.js:567:19)\n    at writeOrBuffer (node:internal/streams/writable:572:12)\n    at _write (node:internal/streams/writable:501:10)\n    at Writable.write (node:internal/streams/writable:510:10)","timestamp":"2026-06-27 05:35:49"}
{"level":"info","message":"\u001b[0mPOST /api/v1/events/create \u001b[31m500\u001b[0m 271.268 ms - 82\u001b[0m","timestamp":"2026-06-27 05:35:49"}
{"level":"info","message":"\u001b[0mGET /api/v1/events \u001b[32m200\u001b[0m 114.721 ms - -\u001b[0m","timestamp":"2026-06-27 05:35:49"}
{"level":"info","message":"MongoDB connected successfully","timestamp":"2026-06-27 05:37:49"}
{"level":"info","message":"Server running in development mode on port 5000","timestamp":"2026-06-27 05:37:49"}
{"level":"info","message":"MongoDB connected successfully","timestamp":"2026-06-27 11:14:01"}
{"level":"info","message":"Server running in development mode on port 5000","timestamp":"2026-06-27 11:14:01"}
{"level":"info","message":"MongoDB connected successfully","timestamp":"2026-06-27 05:44:10"}
{"level":"info","message":"Server running in development mode on port 5000","timestamp":"2026-06-27 05:44:10"}
{"level":"info","message":"\u001b[0mGET /api/v1/events \u001b[32m200\u001b[0m 75.234 ms - -\u001b[0m","timestamp":"2026-06-27 05:44:43"}
{"level":"error","message":"POST /api/v1/events/create - File too large","stack":"MulterError: File too large\n    at abortWithCode (/app/node_modules/multer/lib/make-middleware.js:107:22)\n    at FileStream.<anonymous> (/app/node_modules/multer/lib/make-middleware.js:221:11)\n    at FileStream.emit (node:events:519:28)\n    at SBMH.ssCb [as _cb] (/app/node_modules/busboy/lib/types/multipart.js:479:32)\n    at feed (/app/node_modules/streamsearch/lib/sbmh.js:219:14)\n    at SBMH.push (/app/node_modules/streamsearch/lib/sbmh.js:104:16)\n    at Multipart._write (/app/node_modules/busboy/lib/types/multipart.js:567:19)\n    at writeOrBuffer (node:internal/streams/writable:572:12)\n    at _write (node:internal/streams/writable:501:10)\n    at Writable.write (node:internal/streams/writable:510:10)","timestamp":"2026-06-27 05:44:48"}
{"level":"info","message":"\u001b[0mPOST /api/v1/events/create \u001b[31m500\u001b[0m 375.745 ms - 82\u001b[0m","timestamp":"2026-06-27 05:44:48"}
{"level":"info","message":"\u001b[0mGET /api/v1/events \u001b[32m200\u001b[0m 87.751 ms - -\u001b[0m","timestamp":"2026-06-27 05:44:48"}
{"level":"info","message":"\u001b[0mGET /api/v1/admins/me \u001b[32m200\u001b[0m 120.519 ms - 435\u001b[0m","timestamp":"2026-06-27 05:44:54"}
{"level":"info","message":"\u001b[0mGET /api/v1/events \u001b[32m200\u001b[0m 63.486 ms - -\u001b[0m","timestamp":"2026-06-27 05:44:54"}
{"level":"info","message":"\u001b[0mPOST /api/v1/events/create \u001b[32m201\u001b[0m 9125.297 ms - 741\u001b[0m","timestamp":"2026-06-27 05:45:53"}
{"level":"info","message":"\u001b[0mGET /api/v1/events \u001b[32m200\u001b[0m 57.129 ms - -\u001b[0m","timestamp":"2026-06-27 05:45:53"}
{"level":"info","message":"\u001b[0mGET /api/v1/events \u001b[32m200\u001b[0m 62.223 ms - -\u001b[0m","timestamp":"2026-06-27 05:45:59"}
{"level":"info","message":"\u001b[0mGET /api/v1/events \u001b[32m200\u001b[0m 83.979 ms - -\u001b[0m","timestamp":"2026-06-27 05:46:04"}
{"level":"info","message":"\u001b[0mDELETE /api/v1/events/6a3cddb97deb939619ee1cfc \u001b[32m200\u001b[0m 92.502 ms - 55\u001b[0m","timestamp":"2026-06-27 05:46:20"}
{"level":"info","message":"\u001b[0mGET /api/v1/events \u001b[32m200\u001b[0m 54.663 ms - -\u001b[0m","timestamp":"2026-06-27 05:46:20"}
{"level":"info","message":"\u001b[0mDELETE /api/v1/events/6a3cf34002e5a22c55c35870 \u001b[32m200\u001b[0m 44.838 ms - 55\u001b[0m","timestamp":"2026-06-27 05:46:23"}
{"level":"info","message":"\u001b[0mGET /api/v1/events \u001b[32m200\u001b[0m 52.714 ms - -\u001b[0m","timestamp":"2026-06-27 05:46:23"}
{"level":"info","message":"\u001b[0mDELETE /api/v1/events/6a3cee6002e5a22c55c3586f \u001b[32m200\u001b[0m 43.106 ms - 55\u001b[0m","timestamp":"2026-06-27 05:46:26"}
{"level":"info","message":"\u001b[0mGET /api/v1/events \u001b[32m200\u001b[0m 40.731 ms - 714\u001b[0m","timestamp":"2026-06-27 05:46:26"}
{"level":"info","message":"\u001b[0mGET /api/v1/events \u001b[32m200\u001b[0m 46.753 ms - 714\u001b[0m","timestamp":"2026-06-27 05:46:29"}
{"level":"info","message":"\u001b[0mGET /api/v1/events/upcoming \u001b[32m200\u001b[0m 185.354 ms - 704\u001b[0m","timestamp":"2026-06-27 05:46:34"}
{"level":"info","message":"\u001b[0mGET /api/v1/members \u001b[32m200\u001b[0m 189.491 ms - -\u001b[0m","timestamp":"2026-06-27 05:46:34"}
{"level":"info","message":"\u001b[0mGET /api/v1/events/upcoming \u001b[32m200\u001b[0m 38.140 ms - 704\u001b[0m","timestamp":"2026-06-27 05:46:34"}
{"level":"info","message":"\u001b[0mGET /api/v1/members \u001b[32m200\u001b[0m 182.097 ms - -\u001b[0m","timestamp":"2026-06-27 05:46:34"}
{"level":"info","message":"\u001b[0mGET /api/v1/events/upcoming \u001b[32m200\u001b[0m 63.900 ms - 704\u001b[0m","timestamp":"2026-06-27 05:46:35"}
{"level":"info","message":"\u001b[0mGET /api/v1/members \u001b[32m200\u001b[0m 88.634 ms - -\u001b[0m","timestamp":"2026-06-27 05:46:35"}
{"level":"info","message":"\u001b[0mGET /api/v1/events/upcoming \u001b[32m200\u001b[0m 69.824 ms - 704\u001b[0m","timestamp":"2026-06-27 05:46:35"}
{"level":"info","message":"\u001b[0mGET /api/v1/members \u001b[32m200\u001b[0m 115.839 ms - -\u001b[0m","timestamp":"2026-06-27 05:46:35"}
{"level":"info","message":"\u001b[0mPOST /api/v1/events/create \u001b[32m201\u001b[0m 12375.523 ms - -\u001b[0m","timestamp":"2026-06-27 05:48:34"}
{"level":"info","message":"\u001b[0mGET /api/v1/events \u001b[32m200\u001b[0m 46.402 ms - -\u001b[0m","timestamp":"2026-06-27 05:48:34"}
{"level":"info","message":"\u001b[0mPOST /api/v1/events/create \u001b[32m201\u001b[0m 23186.214 ms - -\u001b[0m","timestamp":"2026-06-27 05:49:56"}
{"level":"info","message":"\u001b[0mGET /api/v1/events \u001b[32m200\u001b[0m 304.596 ms - -\u001b[0m","timestamp":"2026-06-27 05:49:57"}
{"level":"info","message":"\u001b[0mGET /api/v1/events/upcoming \u001b[32m200\u001b[0m 59.875 ms - 704\u001b[0m","timestamp":"2026-06-27 05:50:20"}
{"level":"info","message":"\u001b[0mGET /api/v1/events/upcoming \u001b[32m200\u001b[0m 83.510 ms - 704\u001b[0m","timestamp":"2026-06-27 05:50:20"}
{"level":"info","message":"\u001b[0mGET /api/v1/members \u001b[32m200\u001b[0m 123.172 ms - -\u001b[0m","timestamp":"2026-06-27 05:50:20"}
{"level":"info","message":"\u001b[0mGET /api/v1/members \u001b[32m200\u001b[0m 112.328 ms - -\u001b[0m","timestamp":"2026-06-27 05:50:20"}
{"level":"info","message":"\u001b[0mGET /api/v1/events/upcoming \u001b[32m200\u001b[0m 71.987 ms - 704\u001b[0m","timestamp":"2026-06-27 05:50:23"}
{"level":"info","message":"\u001b[0mGET /api/v1/members \u001b[32m200\u001b[0m 116.933 ms - -\u001b[0m","timestamp":"2026-06-27 05:50:24"}
{"level":"info","message":"\u001b[0mGET /api/v1/events/upcoming \u001b[32m200\u001b[0m 48.717 ms - 704\u001b[0m","timestamp":"2026-06-27 05:50:24"}
{"level":"info","message":"\u001b[0mGET /api/v1/members \u001b[32m200\u001b[0m 199.626 ms - -\u001b[0m","timestamp":"2026-06-27 05:50:24"}
{"level":"info","message":"\u001b[0mGET /api/v1/events \u001b[32m200\u001b[0m 43.965 ms - -\u001b[0m","timestamp":"2026-06-27 05:50:29"}
{"level":"info","message":"\u001b[0mGET /api/v1/events \u001b[32m200\u001b[0m 51.318 ms - -\u001b[0m","timestamp":"2026-06-27 05:50:45"}
{"level":"info","message":"\u001b[0mGET /api/v1/events/upcoming \u001b[32m200\u001b[0m 53.500 ms - 704\u001b[0m","timestamp":"2026-06-27 05:50:46"}
{"level":"info","message":"\u001b[0mGET /api/v1/members \u001b[32m200\u001b[0m 73.653 ms - -\u001b[0m","timestamp":"2026-06-27 05:50:46"}
{"level":"info","message":"\u001b[0mGET /api/v1/events/upcoming \u001b[32m200\u001b[0m 43.872 ms - 704\u001b[0m","timestamp":"2026-06-27 05:50:46"}
{"level":"info","message":"\u001b[0mGET /api/v1/members \u001b[32m200\u001b[0m 85.656 ms - -\u001b[0m","timestamp":"2026-06-27 05:50:47"}
{"level":"info","message":"\u001b[0mGET /api/v1/events \u001b[32m200\u001b[0m 181.872 ms - -\u001b[0m","timestamp":"2026-06-27 05:52:41"}
{"level":"info","message":"\u001b[0mGET /api/v1/members \u001b[32m200\u001b[0m 196.912 ms - -\u001b[0m","timestamp":"2026-06-27 05:52:41"}
{"level":"info","message":"\u001b[0mGET /api/v1/members \u001b[32m200\u001b[0m 192.252 ms - -\u001b[0m","timestamp":"2026-06-27 05:52:41"}
{"level":"info","message":"\u001b[0mGET /api/v1/events \u001b[32m200\u001b[0m 205.590 ms - -\u001b[0m","timestamp":"2026-06-27 05:52:41"}
{"level":"info","message":"\u001b[0mGET /api/v1/members \u001b[32m200\u001b[0m 171.144 ms - -\u001b[0m","timestamp":"2026-06-27 06:03:57"}
{"level":"info","message":"\u001b[0mGET /api/v1/members \u001b[32m200\u001b[0m 117.863 ms - -\u001b[0m","timestamp":"2026-06-27 06:03:57"}
{"level":"info","message":"\u001b[0mGET /api/v1/events \u001b[32m200\u001b[0m 65.675 ms - -\u001b[0m","timestamp":"2026-06-27 06:04:07"}
{"level":"info","message":"\u001b[0mGET /api/v1/members \u001b[32m200\u001b[0m 265.087 ms - -\u001b[0m","timestamp":"2026-06-27 06:04:11"}
{"level":"info","message":"\u001b[0mGET /api/v1/members \u001b[32m200\u001b[0m 173.507 ms - -\u001b[0m","timestamp":"2026-06-27 06:04:11"}
{"level":"info","message":"\u001b[0mGET /api/v1/events \u001b[32m200\u001b[0m 84.128 ms - -\u001b[0m","timestamp":"2026-06-27 06:07:36"}
{"level":"info","message":"\u001b[0mGET /api/v1/members \u001b[32m200\u001b[0m 172.319 ms - -\u001b[0m","timestamp":"2026-06-27 06:07:41"}
{"level":"info","message":"\u001b[0mGET /api/v1/members \u001b[32m200\u001b[0m 136.904 ms - -\u001b[0m","timestamp":"2026-06-27 06:07:41"}
{"level":"info","message":"\u001b[0mGET /api/v1/members \u001b[32m200\u001b[0m 97.855 ms - -\u001b[0m","timestamp":"2026-06-27 06:08:59"}
{"level":"info","message":"\u001b[0mGET /api/v1/events \u001b[32m200\u001b[0m 81.298 ms - -\u001b[0m","timestamp":"2026-06-27 06:08:59"}
{"level":"info","message":"\u001b[0mGET /api/v1/members \u001b[32m200\u001b[0m 92.738 ms - -\u001b[0m","timestamp":"2026-06-27 06:08:59"}
{"level":"info","message":"\u001b[0mGET /api/v1/events/upcoming \u001b[32m200\u001b[0m 134.703 ms - 704\u001b[0m","timestamp":"2026-06-27 06:10:53"}
{"level":"info","message":"\u001b[0mGET /api/v1/events/upcoming \u001b[32m200\u001b[0m 218.317 ms - 704\u001b[0m","timestamp":"2026-06-27 06:10:53"}
{"level":"info","message":"\u001b[0mGET /api/v1/members \u001b[32m200\u001b[0m 548.135 ms - -\u001b[0m","timestamp":"2026-06-27 06:10:53"}
{"level":"info","message":"\u001b[0mGET /api/v1/members \u001b[32m200\u001b[0m 560.463 ms - -\u001b[0m","timestamp":"2026-06-27 06:10:53"}
{"level":"info","message":"\u001b[0mGET /api/v1/members/6a3396a27bf6e8e7af04d451 \u001b[32m200\u001b[0m 97.595 ms - -\u001b[0m","timestamp":"2026-06-27 06:11:30"}
{"level":"info","message":"\u001b[0mGET /api/v1/members/6a3396a27bf6e8e7af04d451 \u001b[32m200\u001b[0m 62.159 ms - -\u001b[0m","timestamp":"2026-06-27 06:11:30"}
{"level":"info","message":"\u001b[0mGET /api/v1/members \u001b[32m200\u001b[0m 70.729 ms - -\u001b[0m","timestamp":"2026-06-27 06:11:33"}
{"level":"info","message":"\u001b[0mGET /api/v1/members \u001b[32m200\u001b[0m 58.511 ms - -\u001b[0m","timestamp":"2026-06-27 06:11:33"}
{"level":"info","message":"\u001b[0mGET /api/v1/members \u001b[32m200\u001b[0m 64.221 ms - -\u001b[0m","timestamp":"2026-06-27 06:11:36"}
{"level":"info","message":"\u001b[0mGET /api/v1/members \u001b[32m200\u001b[0m 62.082 ms - -\u001b[0m","timestamp":"2026-06-27 06:11:36"}
{"level":"info","message":"\u001b[0mGET /api/v1/members \u001b[32m200\u001b[0m 66.998 ms - -\u001b[0m","timestamp":"2026-06-27 06:12:34"}
{"level":"info","message":"\u001b[0mGET /api/v1/members \u001b[32m200\u001b[0m 74.809 ms - -\u001b[0m","timestamp":"2026-06-27 06:12:34"}
{"level":"info","message":"\u001b[0mGET /api/v1/members?page=1&limit=1 \u001b[32m200\u001b[0m 400.168 ms - -\u001b[0m","timestamp":"2026-06-27 06:13:17"}
{"level":"info","message":"\u001b[0mGET /api/v1/payments?page=1&limit=1 \u001b[32m200\u001b[0m 665.550 ms - 152\u001b[0m","timestamp":"2026-06-27 06:13:17"}
{"level":"info","message":"\u001b[0mGET /api/v1/contacts?page=1&limit=1&isResolved=false \u001b[32m200\u001b[0m 299.605 ms - 447\u001b[0m","timestamp":"2026-06-27 06:13:17"}
{"level":"info","message":"\u001b[0mGET /api/v1/admins \u001b[32m200\u001b[0m 322.635 ms - 797\u001b[0m","timestamp":"2026-06-27 06:13:17"}
{"level":"info","message":"\u001b[0mGET /api/v1/members?page=1&limit=12 \u001b[32m200\u001b[0m 92.319 ms - -\u001b[0m","timestamp":"2026-06-27 06:13:20"}
{"level":"info","message":"\u001b[0mGET /api/v1/payments?page=1&limit=12 \u001b[32m200\u001b[0m 189.124 ms - 153\u001b[0m","timestamp":"2026-06-27 06:13:23"}
{"level":"info","message":"\u001b[0mGET /api/v1/contacts?page=1&limit=10 \u001b[32m200\u001b[0m 157.074 ms - 744\u001b[0m","timestamp":"2026-06-27 06:13:25"}
{"level":"info","message":"\u001b[0mGET /api/v1/enquiry?page=1&limit=12 \u001b[32m200\u001b[0m 111.959 ms - -\u001b[0m","timestamp":"2026-06-27 06:13:26"}
{"level":"info","message":"\u001b[0mGET /api/v1/sponsor \u001b[32m200\u001b[0m 43.881 ms - -\u001b[0m","timestamp":"2026-06-27 06:13:28"}
{"level":"info","message":"\u001b[0mGET /api/v1/admins/me \u001b[32m200\u001b[0m 204.909 ms - 435\u001b[0m","timestamp":"2026-06-27 06:16:07"}
{"level":"info","message":"\u001b[0mGET /api/v1/admins \u001b[32m200\u001b[0m 136.901 ms - 797\u001b[0m","timestamp":"2026-06-27 06:16:07"}
{"level":"info","message":"\u001b[0mGET /api/v1/events/upcoming \u001b[32m200\u001b[0m 48.291 ms - 704\u001b[0m","timestamp":"2026-06-27 06:16:15"}
{"level":"info","message":"\u001b[0mGET /api/v1/members \u001b[32m200\u001b[0m 106.689 ms - -\u001b[0m","timestamp":"2026-06-27 06:16:15"}
{"level":"info","message":"\u001b[0mGET /api/v1/events/upcoming \u001b[32m200\u001b[0m 48.533 ms - 704\u001b[0m","timestamp":"2026-06-27 06:16:15"}
{"level":"info","message":"\u001b[0mGET /api/v1/members \u001b[32m200\u001b[0m 107.126 ms - -\u001b[0m","timestamp":"2026-06-27 06:16:15"}
{"level":"info","message":"\u001b[0mGET /api/v1/payments?page=1&limit=12 \u001b[32m200\u001b[0m 241.671 ms - 153\u001b[0m","timestamp":"2026-06-27 06:20:58"}
{"level":"info","message":"\u001b[0mGET /api/v1/members?page=1&limit=1 \u001b[32m200\u001b[0m 128.482 ms - -\u001b[0m","timestamp":"2026-06-27 06:21:02"}
{"level":"info","message":"\u001b[0mGET /api/v1/contacts?page=1&limit=1&isResolved=false \u001b[32m200\u001b[0m 220.146 ms - 447\u001b[0m","timestamp":"2026-06-27 06:21:02"}
{"level":"info","message":"\u001b[0mGET /api/v1/payments?page=1&limit=1 \u001b[32m200\u001b[0m 147.658 ms - 152\u001b[0m","timestamp":"2026-06-27 06:21:02"}
{"level":"info","message":"\u001b[0mGET /api/v1/members?page=1&limit=12 \u001b[32m200\u001b[0m 62.731 ms - -\u001b[0m","timestamp":"2026-06-27 06:21:23"}
{"level":"info","message":"\u001b[0mGET /api/v1/events \u001b[32m200\u001b[0m 51.902 ms - -\u001b[0m","timestamp":"2026-06-27 06:21:24"}
{"level":"info","message":"\u001b[0mGET /api/v1/contacts?page=1&limit=10 \u001b[32m200\u001b[0m 114.768 ms - 744\u001b[0m","timestamp":"2026-06-27 06:21:28"}
{"level":"info","message":"\u001b[0mGET /api/v1/enquiry?page=1&limit=12 \u001b[32m200\u001b[0m 48.685 ms - -\u001b[0m","timestamp":"2026-06-27 06:21:33"}
{"level":"info","message":"\u001b[0mGET /api/v1/sponsor \u001b[32m200\u001b[0m 57.607 ms - -\u001b[0m","timestamp":"2026-06-27 06:21:34"}
{"level":"info","message":"\u001b[0mGET /api/v1/admins/me \u001b[32m200\u001b[0m 59.502 ms - 435\u001b[0m","timestamp":"2026-06-27 06:21:51"}
{"level":"info","message":"\u001b[0mGET /api/v1/admins \u001b[32m200\u001b[0m 115.345 ms - 797\u001b[0m","timestamp":"2026-06-27 06:21:51"}
{"level":"info","message":"\u001b[0mGET /api/v1/events/upcoming \u001b[32m200\u001b[0m 76.696 ms - 704\u001b[0m","timestamp":"2026-06-27 06:22:18"}
{"level":"info","message":"\u001b[0mGET /api/v1/members \u001b[32m200\u001b[0m 88.113 ms - -\u001b[0m","timestamp":"2026-06-27 06:22:18"}
{"level":"info","message":"\u001b[0mGET /api/v1/events/upcoming \u001b[32m200\u001b[0m 38.908 ms - 704\u001b[0m","timestamp":"2026-06-27 06:22:18"}
{"level":"info","message":"\u001b[0mGET /api/v1/members \u001b[32m200\u001b[0m 182.819 ms - -\u001b[0m","timestamp":"2026-06-27 06:22:19"}
{"level":"info","message":"\u001b[0mGET /api/v1/events \u001b[32m200\u001b[0m 36.553 ms - -\u001b[0m","timestamp":"2026-06-27 06:22:30"}
{"level":"info","message":"\u001b[0mGET /api/v1/members \u001b[32m200\u001b[0m 111.454 ms - -\u001b[0m","timestamp":"2026-06-27 06:22:37"}
{"level":"info","message":"\u001b[0mGET /api/v1/events/upcoming \u001b[32m200\u001b[0m 125.145 ms - 704\u001b[0m","timestamp":"2026-06-27 06:22:37"}
{"level":"info","message":"\u001b[0mGET /api/v1/events/upcoming \u001b[32m200\u001b[0m 132.383 ms - 704\u001b[0m","timestamp":"2026-06-27 06:22:37"}
{"level":"info","message":"\u001b[0mGET /api/v1/members \u001b[32m200\u001b[0m 167.204 ms - -\u001b[0m","timestamp":"2026-06-27 06:22:37"}
{"level":"info","message":"\u001b[0mGET /api/v1/events \u001b[32m200\u001b[0m 335.758 ms - -\u001b[0m","timestamp":"2026-06-27 06:23:55"}
{"level":"info","message":"\u001b[0mPOST /api/v1/events/create \u001b[32m201\u001b[0m 8689.984 ms - -\u001b[0m","timestamp":"2026-06-27 06:25:10"}
{"level":"info","message":"\u001b[0mGET /api/v1/events \u001b[32m200\u001b[0m 87.411 ms - -\u001b[0m","timestamp":"2026-06-27 06:25:10"}
{"level":"error","message":"POST /api/v1/events/create - File too large","stack":"MulterError: File too large\n    at abortWithCode (/app/node_modules/multer/lib/make-middleware.js:107:22)\n    at FileStream.<anonymous> (/app/node_modules/multer/lib/make-middleware.js:221:11)\n    at FileStream.emit (node:events:519:28)\n    at SBMH.ssCb [as _cb] (/app/node_modules/busboy/lib/types/multipart.js:479:32)\n    at feed (/app/node_modules/streamsearch/lib/sbmh.js:219:14)\n    at SBMH.push (/app/node_modules/streamsearch/lib/sbmh.js:104:16)\n    at Multipart._write (/app/node_modules/busboy/lib/types/multipart.js:567:19)\n    at writeOrBuffer (node:internal/streams/writable:572:12)\n    at _write (node:internal/streams/writable:501:10)\n    at Writable.write (node:internal/streams/writable:510:10)","timestamp":"2026-06-27 06:26:06"}
{"level":"info","message":"\u001b[0mPOST /api/v1/events/create \u001b[31m500\u001b[0m 139.269 ms - 82\u001b[0m","timestamp":"2026-06-27 06:26:06"}
{"level":"info","message":"\u001b[0mGET /api/v1/events \u001b[32m200\u001b[0m 90.298 ms - -\u001b[0m","timestamp":"2026-06-27 06:26:06"}
{"level":"error","message":"POST /api/v1/events/create - File too large","stack":"MulterError: File too large\n    at abortWithCode (/app/node_modules/multer/lib/make-middleware.js:107:22)\n    at FileStream.<anonymous> (/app/node_modules/multer/lib/make-middleware.js:221:11)\n    at FileStream.emit (node:events:519:28)\n    at SBMH.ssCb [as _cb] (/app/node_modules/busboy/lib/types/multipart.js:479:32)\n    at feed (/app/node_modules/streamsearch/lib/sbmh.js:248:10)\n    at SBMH.push (/app/node_modules/streamsearch/lib/sbmh.js:104:16)\n    at Multipart._write (/app/node_modules/busboy/lib/types/multipart.js:567:19)\n    at writeOrBuffer (node:internal/streams/writable:572:12)\n    at _write (node:internal/streams/writable:501:10)\n    at Writable.write (node:internal/streams/writable:510:10)","timestamp":"2026-06-27 06:26:13"}
{"level":"info","message":"\u001b[0mPOST /api/v1/events/create \u001b[31m500\u001b[0m 95.317 ms - 82\u001b[0m","timestamp":"2026-06-27 06:26:13"}
{"level":"info","message":"\u001b[0mGET /api/v1/events \u001b[32m200\u001b[0m 79.185 ms - -\u001b[0m","timestamp":"2026-06-27 06:26:13"}
{"level":"error","message":"POST /api/v1/events/create - File too large","stack":"MulterError: File too large\n    at abortWithCode (/app/node_modules/multer/lib/make-middleware.js:107:22)\n    at FileStream.<anonymous> (/app/node_modules/multer/lib/make-middleware.js:221:11)\n    at FileStream.emit (node:events:519:28)\n    at SBMH.ssCb [as _cb] (/app/node_modules/busboy/lib/types/multipart.js:479:32)\n    at feed (/app/node_modules/streamsearch/lib/sbmh.js:219:14)\n    at SBMH.push (/app/node_modules/streamsearch/lib/sbmh.js:104:16)\n    at Multipart._write (/app/node_modules/busboy/lib/types/multipart.js:567:19)\n    at writeOrBuffer (node:internal/streams/writable:572:12)\n    at _write (node:internal/streams/writable:501:10)\n    at Writable.write (node:internal/streams/writable:510:10)","timestamp":"2026-06-27 06:26:20"}
{"level":"info","message":"\u001b[0mPOST /api/v1/events/create \u001b[31m500\u001b[0m 137.139 ms - 82\u001b[0m","timestamp":"2026-06-27 06:26:20"}
{"level":"info","message":"\u001b[0mGET /api/v1/events \u001b[32m200\u001b[0m 659.613 ms - -\u001b[0m","timestamp":"2026-06-27 06:26:21"}
{"level":"info","message":"\u001b[0mPOST /api/v1/events/create \u001b[32m201\u001b[0m 8255.901 ms - -\u001b[0m","timestamp":"2026-06-27 06:26:54"}
{"level":"info","message":"\u001b[0mGET /api/v1/events \u001b[32m200\u001b[0m 78.682 ms - -\u001b[0m","timestamp":"2026-06-27 06:26:54"}
{"level":"info","message":"\u001b[0mGET /api/v1/events \u001b[32m200\u001b[0m 55.288 ms - -\u001b[0m","timestamp":"2026-06-27 06:27:07"}
{"level":"info","message":"\u001b[0mGET /api/v1/members \u001b[32m200\u001b[0m 119.399 ms - -\u001b[0m","timestamp":"2026-06-27 06:27:09"}
{"level":"info","message":"\u001b[0mGET /api/v1/events/upcoming \u001b[32m200\u001b[0m 105.181 ms - -\u001b[0m","timestamp":"2026-06-27 06:27:09"}
{"level":"info","message":"\u001b[0mGET /api/v1/events/upcoming \u001b[32m200\u001b[0m 73.123 ms - -\u001b[0m","timestamp":"2026-06-27 06:27:09"}
{"level":"info","message":"\u001b[0mGET /api/v1/members \u001b[32m200\u001b[0m 83.313 ms - -\u001b[0m","timestamp":"2026-06-27 06:27:09"}
{"level":"info","message":"\u001b[0mGET /api/v1/members \u001b[32m200\u001b[0m 53.141 ms - -\u001b[0m","timestamp":"2026-06-27 06:28:19"}
{"level":"info","message":"\u001b[0mGET /api/v1/members \u001b[32m200\u001b[0m 46.171 ms - -\u001b[0m","timestamp":"2026-06-27 06:28:19"}
{"level":"info","message":"\u001b[0mPOST /api/members/create \u001b[31m500\u001b[0m 83.232 ms - 147\u001b[0m","timestamp":"2026-06-27 11:59:28"}
{"level":"info","message":"\u001b[0mGET /api/v1/members?page=1&limit=12 \u001b[32m200\u001b[0m 177.333 ms - -\u001b[0m","timestamp":"2026-06-27 06:30:54"}
{"level":"warn","message":"DELETE /api/v1/members/6a33ac4ff96d7a7d003a4071 - Route not found: /api/v1/members/6a33ac4ff96d7a7d003a4071","timestamp":"2026-06-27 06:31:35"}
{"level":"info","message":"\u001b[0mDELETE /api/v1/members/6a33ac4ff96d7a7d003a4071 \u001b[33m404\u001b[0m 102.026 ms - 168\u001b[0m","timestamp":"2026-06-27 06:31:35"}
{"level":"info","message":"\u001b[0mGET /api/v1/members?page=1&limit=12 \u001b[32m200\u001b[0m 69.572 ms - -\u001b[0m","timestamp":"2026-06-27 06:31:35"}
{"level":"warn","message":"DELETE /api/v1/members/6a33ac4ff96d7a7d003a4071 - Route not found: /api/v1/members/6a33ac4ff96d7a7d003a4071","timestamp":"2026-06-27 06:32:35"}
{"level":"info","message":"\u001b[0mDELETE /api/v1/members/6a33ac4ff96d7a7d003a4071 \u001b[33m404\u001b[0m 3.675 ms - 168\u001b[0m","timestamp":"2026-06-27 06:32:35"}
{"level":"info","message":"\u001b[0mGET /api/v1/members?page=1&limit=12 \u001b[32m200\u001b[0m 144.636 ms - -\u001b[0m","timestamp":"2026-06-27 06:32:35"}
{"level":"info","message":"\u001b[0mPOST /api/v1/members/create \u001b[32m201\u001b[0m 123.971 ms - 851\u001b[0m","timestamp":"2026-06-27 06:33:16"}
{"level":"info","message":"\u001b[0mGET /api/v1/admins/me \u001b[32m200\u001b[0m 391.821 ms - 435\u001b[0m","timestamp":"2026-06-27 06:33:26"}
{"level":"info","message":"\u001b[0mGET /api/v1/members?page=1&limit=12 \u001b[32m200\u001b[0m 76.931 ms - -\u001b[0m","timestamp":"2026-06-27 06:33:26"}
{"level":"info","message":"\u001b[0mPOST /api/v1/members/create \u001b[32m201\u001b[0m 45.051 ms - 848\u001b[0m","timestamp":"2026-06-27 06:34:07"}
{"level":"info","message":"\u001b[0mGET /api/v1/admins/me \u001b[32m200\u001b[0m 42.447 ms - 435\u001b[0m","timestamp":"2026-06-27 06:34:12"}
{"level":"info","message":"\u001b[0mGET /api/v1/members?page=1&limit=12 \u001b[32m200\u001b[0m 123.822 ms - -\u001b[0m","timestamp":"2026-06-27 06:34:12"}
{"level":"warn","message":"DELETE /api/v1/members/6a3f6edfc505851fc7993d6c - Route not found: /api/v1/members/6a3f6edfc505851fc7993d6c","timestamp":"2026-06-27 06:35:03"}
{"level":"info","message":"\u001b[0mDELETE /api/v1/members/6a3f6edfc505851fc7993d6c \u001b[33m404\u001b[0m 1.901 ms - 168\u001b[0m","timestamp":"2026-06-27 06:35:03"}
{"level":"info","message":"\u001b[0mGET /api/v1/members?page=1&limit=12 \u001b[32m200\u001b[0m 96.932 ms - -\u001b[0m","timestamp":"2026-06-27 06:35:03"}
{"level":"info","message":"\u001b[0mGET /api/v1/members \u001b[32m200\u001b[0m 87.303 ms - -\u001b[0m","timestamp":"2026-06-27 06:36:04"}
{"level":"info","message":"\u001b[0mGET /api/v1/members \u001b[32m200\u001b[0m 66.108 ms - -\u001b[0m","timestamp":"2026-06-27 06:36:04"}
{"level":"info","message":"MongoDB connected successfully","timestamp":"2026-06-27 06:36:38"}
{"level":"info","message":"Server running in development mode on port 5000","timestamp":"2026-06-27 06:36:38"}
{"level":"info","message":"MongoDB connected successfully","timestamp":"2026-06-27 06:37:07"}
{"level":"info","message":"Server running in development mode on port 5000","timestamp":"2026-06-27 06:37:07"}
{"level":"info","message":"\u001b[0mGET /api/v1/members \u001b[32m200\u001b[0m 155.978 ms - -\u001b[0m","timestamp":"2026-06-27 06:37:33"}
{"level":"info","message":"\u001b[0mGET /api/v1/members \u001b[32m200\u001b[0m 78.759 ms - -\u001b[0m","timestamp":"2026-06-27 06:37:33"}
{"level":"info","message":"\u001b[0mDELETE /api/v1/members/6a3f6edfc505851fc7993d6c \u001b[32m200\u001b[0m 43.393 ms - 56\u001b[0m","timestamp":"2026-06-27 06:37:39"}
{"level":"info","message":"\u001b[0mGET /api/v1/members?page=1&limit=12 \u001b[32m200\u001b[0m 64.703 ms - -\u001b[0m","timestamp":"2026-06-27 06:37:39"}
{"level":"info","message":"MongoDB connected successfully","timestamp":"2026-06-27 06:41:10"}
{"level":"info","message":"Server running in development mode on port 5000","timestamp":"2026-06-27 06:41:10"}
{"level":"info","message":"\u001b[0mDELETE /api/v1/members/6a33a0566b1bc02ee1cbeca5 \u001b[32m200\u001b[0m 76.710 ms - 56\u001b[0m","timestamp":"2026-06-27 06:41:12"}
{"level":"info","message":"\u001b[0mGET /api/v1/members?page=1&limit=12 \u001b[32m200\u001b[0m 108.675 ms - -\u001b[0m","timestamp":"2026-06-27 06:41:13"}
{"level":"info","message":"\u001b[0mDELETE /api/v1/members/6a3f6eabc505851fc7993d6b \u001b[32m200\u001b[0m 55.230 ms - 56\u001b[0m","timestamp":"2026-06-27 06:41:17"}
{"level":"info","message":"\u001b[0mGET /api/v1/members?page=1&limit=12 \u001b[32m200\u001b[0m 202.405 ms - -\u001b[0m","timestamp":"2026-06-27 06:41:17"}
{"level":"info","message":"\u001b[0mDELETE /api/v1/members/6a33a23ed914be08379e33c7 \u001b[32m200\u001b[0m 82.714 ms - 56\u001b[0m","timestamp":"2026-06-27 06:41:22"}
{"level":"info","message":"\u001b[0mGET /api/v1/members?page=1&limit=12 \u001b[32m200\u001b[0m 126.969 ms - -\u001b[0m","timestamp":"2026-06-27 06:41:23"}
{"level":"info","message":"\u001b[0mDELETE /api/v1/members/6a33ac4ff96d7a7d003a4071 \u001b[32m200\u001b[0m 46.469 ms - 56\u001b[0m","timestamp":"2026-06-27 06:41:30"}
{"level":"info","message":"\u001b[0mGET /api/v1/members?page=1&limit=12 \u001b[32m200\u001b[0m 57.535 ms - -\u001b[0m","timestamp":"2026-06-27 06:41:30"}
{"level":"info","message":"\u001b[0mDELETE /api/v1/members/6a3396a27bf6e8e7af04d451 \u001b[32m200\u001b[0m 53.585 ms - 56\u001b[0m","timestamp":"2026-06-27 06:41:35"}
{"level":"info","message":"\u001b[0mGET /api/v1/members?page=1&limit=12 \u001b[32m200\u001b[0m 71.514 ms - -\u001b[0m","timestamp":"2026-06-27 06:41:35"}
{"level":"info","message":"\u001b[0mDELETE /api/v1/members/6a33ab3df96d7a7d003a4070 \u001b[32m200\u001b[0m 37.773 ms - 56\u001b[0m","timestamp":"2026-06-27 06:41:41"}
{"level":"info","message":"\u001b[0mGET /api/v1/members?page=1&limit=12 \u001b[32m200\u001b[0m 73.395 ms - -\u001b[0m","timestamp":"2026-06-27 06:41:41"}
{"level":"info","message":"\u001b[0mDELETE /api/v1/members/6a33a99fccdbf031c65a3c10 \u001b[32m200\u001b[0m 52.409 ms - 56\u001b[0m","timestamp":"2026-06-27 06:41:45"}
{"level":"info","message":"\u001b[0mGET /api/v1/members?page=1&limit=12 \u001b[32m200\u001b[0m 71.205 ms - -\u001b[0m","timestamp":"2026-06-27 06:41:45"}
{"level":"info","message":"\u001b[0mDELETE /api/v1/members/6a3396eb7bf6e8e7af04d452 \u001b[32m200\u001b[0m 38.073 ms - 56\u001b[0m","timestamp":"2026-06-27 06:41:50"}
{"level":"info","message":"\u001b[0mGET /api/v1/members?page=1&limit=12 \u001b[32m200\u001b[0m 46.201 ms - -\u001b[0m","timestamp":"2026-06-27 06:41:50"}
{"level":"info","message":"\u001b[0mDELETE /api/v1/members/6a33a960ccdbf031c65a3c0e \u001b[32m200\u001b[0m 43.961 ms - 56\u001b[0m","timestamp":"2026-06-27 06:41:55"}
{"level":"info","message":"\u001b[0mGET /api/v1/members?page=1&limit=12 \u001b[32m200\u001b[0m 42.507 ms - -\u001b[0m","timestamp":"2026-06-27 06:41:55"}
{"level":"info","message":"\u001b[0mDELETE /api/v1/members/6a339e1339131dc9bb857b50 \u001b[32m200\u001b[0m 53.026 ms - 56\u001b[0m","timestamp":"2026-06-27 06:42:00"}
{"level":"info","message":"\u001b[0mGET /api/v1/members?page=1&limit=12 \u001b[32m200\u001b[0m 49.181 ms - -\u001b[0m","timestamp":"2026-06-27 06:42:00"}
{"level":"info","message":"\u001b[0mDELETE /api/v1/members/6a33a770ccdbf031c65a3c0c \u001b[32m200\u001b[0m 45.372 ms - 56\u001b[0m","timestamp":"2026-06-27 06:42:05"}
{"level":"info","message":"\u001b[0mGET /api/v1/members?page=1&limit=12 \u001b[32m200\u001b[0m 47.902 ms - -\u001b[0m","timestamp":"2026-06-27 06:42:06"}
{"level":"info","message":"\u001b[0mDELETE /api/v1/members/6a33a00f39131dc9bb857b51 \u001b[32m200\u001b[0m 42.388 ms - 56\u001b[0m","timestamp":"2026-06-27 06:42:10"}
{"level":"info","message":"\u001b[0mGET /api/v1/members?page=1&limit=12 \u001b[32m200\u001b[0m 41.565 ms - -\u001b[0m","timestamp":"2026-06-27 06:42:10"}
{"level":"info","message":"MongoDB connected successfully","timestamp":"2026-06-27 06:42:30"}
{"level":"info","message":"Server running in development mode on port 5000","timestamp":"2026-06-27 06:42:30"}
{"level":"info","message":"\u001b[0mGET /api/v1/members \u001b[32m200\u001b[0m 95.993 ms - -\u001b[0m","timestamp":"2026-06-27 06:42:46"}
{"level":"info","message":"\u001b[0mGET /api/v1/members \u001b[32m200\u001b[0m 72.447 ms - -\u001b[0m","timestamp":"2026-06-27 06:42:46"}
{"level":"info","message":"\u001b[0mPOST /api/v1/members/create \u001b[32m201\u001b[0m 92.252 ms - 832\u001b[0m","timestamp":"2026-06-27 06:43:35"}
{"level":"info","message":"\u001b[0mGET /api/v1/admins/me \u001b[32m200\u001b[0m 72.926 ms - 435\u001b[0m","timestamp":"2026-06-27 06:43:41"}
{"level":"info","message":"\u001b[0mGET /api/v1/members?page=1&limit=12 \u001b[32m200\u001b[0m 40.925 ms - -\u001b[0m","timestamp":"2026-06-27 06:43:41"}
{"level":"info","message":"\u001b[0mGET /api/v1/members \u001b[32m200\u001b[0m 43.048 ms - -\u001b[0m","timestamp":"2026-06-27 06:43:56"}
{"level":"info","message":"\u001b[0mGET /api/v1/members \u001b[32m200\u001b[0m 47.436 ms - -\u001b[0m","timestamp":"2026-06-27 06:43:56"}
{"level":"info","message":"\u001b[0mPOST /api/v1/members/create \u001b[32m201\u001b[0m 15893.814 ms - 950\u001b[0m","timestamp":"2026-06-27 06:45:02"}
{"level":"info","message":"\u001b[0mPOST /api/v1/members/create \u001b[32m201\u001b[0m 16259.131 ms - 950\u001b[0m","timestamp":"2026-06-27 06:45:06"}
{"level":"info","message":"\u001b[0mPOST /api/v1/members/create \u001b[32m201\u001b[0m 27365.710 ms - 950\u001b[0m","timestamp":"2026-06-27 06:45:10"}
{"level":"info","message":"\u001b[0mPOST /api/v1/members/create \u001b[32m201\u001b[0m 22146.453 ms - 950\u001b[0m","timestamp":"2026-06-27 06:45:17"}
{"level":"info","message":"\u001b[0mPOST /api/v1/members/create \u001b[32m201\u001b[0m 22567.234 ms - 950\u001b[0m","timestamp":"2026-06-27 06:45:18"}
{"level":"info","message":"\u001b[0mGET /api/v1/admins/me \u001b[32m200\u001b[0m 162.209 ms - 435\u001b[0m","timestamp":"2026-06-27 06:46:00"}
{"level":"info","message":"\u001b[0mGET /api/v1/members?page=1&limit=12 \u001b[32m200\u001b[0m 119.152 ms - -\u001b[0m","timestamp":"2026-06-27 06:46:00"}
{"level":"info","message":"\u001b[0mGET /api/v1/members \u001b[32m200\u001b[0m 77.394 ms - -\u001b[0m","timestamp":"2026-06-27 06:46:07"}
{"level":"info","message":"\u001b[0mGET /api/v1/members \u001b[32m200\u001b[0m 60.333 ms - -\u001b[0m","timestamp":"2026-06-27 06:46:07"}
{"level":"info","message":"\u001b[0mGET /api/v1/members \u001b[32m200\u001b[0m 122.892 ms - -\u001b[0m","timestamp":"2026-06-27 06:47:22"}
{"level":"info","message":"\u001b[0mGET /api/v1/members \u001b[32m200\u001b[0m 69.489 ms - -\u001b[0m","timestamp":"2026-06-27 06:47:22"}
{"level":"info","message":"\u001b[0mGET /api/v1/members \u001b[32m200\u001b[0m 67.131 ms - -\u001b[0m","timestamp":"2026-06-27 06:47:27"}
{"level":"info","message":"\u001b[0mGET /api/v1/members \u001b[32m200\u001b[0m 138.152 ms - -\u001b[0m","timestamp":"2026-06-27 06:47:28"}
{"level":"info","message":"\u001b[0mDELETE /api/v1/members/6a3f717ecbbddf084e9af626 \u001b[32m200\u001b[0m 210.763 ms - 56\u001b[0m","timestamp":"2026-06-27 06:47:38"}
{"level":"info","message":"\u001b[0mGET /api/v1/members?page=1&limit=12 \u001b[32m200\u001b[0m 80.189 ms - -\u001b[0m","timestamp":"2026-06-27 06:47:39"}
{"level":"info","message":"\u001b[0mDELETE /api/v1/members/6a3f717dcbbddf084e9af625 \u001b[32m200\u001b[0m 42.320 ms - 56\u001b[0m","timestamp":"2026-06-27 06:47:43"}
{"level":"info","message":"\u001b[0mGET /api/v1/members?page=1&limit=12 \u001b[32m200\u001b[0m 66.669 ms - -\u001b[0m","timestamp":"2026-06-27 06:47:43"}
{"level":"info","message":"\u001b[0mDELETE /api/v1/members/6a3f7176cbbddf084e9af624 \u001b[32m200\u001b[0m 47.672 ms - 56\u001b[0m","timestamp":"2026-06-27 06:47:51"}
{"level":"info","message":"\u001b[0mGET /api/v1/members?page=1&limit=12 \u001b[32m200\u001b[0m 68.396 ms - -\u001b[0m","timestamp":"2026-06-27 06:47:51"}
{"level":"info","message":"\u001b[0mDELETE /api/v1/members/6a3f716ecbbddf084e9af622 \u001b[32m200\u001b[0m 51.993 ms - 56\u001b[0m","timestamp":"2026-06-27 06:47:57"}
{"level":"info","message":"\u001b[0mGET /api/v1/members?page=1&limit=12 \u001b[32m200\u001b[0m 54.452 ms - -\u001b[0m","timestamp":"2026-06-27 06:47:57"}
{"level":"info","message":"\u001b[0mDELETE /api/v1/members/6a33992f7bf6e8e7af04d453 \u001b[32m200\u001b[0m 50.410 ms - 56\u001b[0m","timestamp":"2026-06-27 06:48:04"}
{"level":"info","message":"\u001b[0mGET /api/v1/members?page=1&limit=12 \u001b[32m200\u001b[0m 49.416 ms - -\u001b[0m","timestamp":"2026-06-27 06:48:04"}
{"level":"info","message":"\u001b[0mGET /api/v1/members \u001b[32m200\u001b[0m 41.884 ms - -\u001b[0m","timestamp":"2026-06-27 06:48:11"}
{"level":"info","message":"\u001b[0mGET /api/v1/members \u001b[32m200\u001b[0m 70.399 ms - -\u001b[0m","timestamp":"2026-06-27 06:48:11"}
{"level":"info","message":"\u001b[0mDELETE /api/v1/members/6a3f7117cbbddf084e9af621 \u001b[32m200\u001b[0m 40.343 ms - 56\u001b[0m","timestamp":"2026-06-27 06:48:24"}
{"level":"info","message":"\u001b[0mGET /api/v1/members?page=1&limit=12 \u001b[32m200\u001b[0m 48.314 ms - -\u001b[0m","timestamp":"2026-06-27 06:48:24"}
{"level":"info","message":"\u001b[0mDELETE /api/v1/members/6a33a827ccdbf031c65a3c0d \u001b[32m200\u001b[0m 64.366 ms - 56\u001b[0m","timestamp":"2026-06-27 06:48:29"}
{"level":"info","message":"\u001b[0mGET /api/v1/members?page=1&limit=12 \u001b[32m200\u001b[0m 41.743 ms - -\u001b[0m","timestamp":"2026-06-27 06:48:29"}
{"level":"info","message":"MongoDB connected successfully","timestamp":"2026-06-27 06:48:43"}
{"level":"info","message":"Server running in development mode on port 5000","timestamp":"2026-06-27 06:48:43"}
{"level":"info","message":"\u001b[0mGET /api/v1/admins/me \u001b[32m200\u001b[0m 117.903 ms - 435\u001b[0m","timestamp":"2026-06-27 06:49:25"}
{"level":"info","message":"MongoDB connected successfully","timestamp":"2026-06-27 06:50:29"}
{"level":"info","message":"Server running in development mode on port 5000","timestamp":"2026-06-27 06:50:29"}
{"level":"info","message":"\u001b[0mGET /api/v1/members?page=1&limit=12 \u001b[32m200\u001b[0m 185.649 ms - -\u001b[0m","timestamp":"2026-06-27 06:51:31"}
{"level":"info","message":"\u001b[0mGET /api/v1/members \u001b[32m200\u001b[0m 42.389 ms - -\u001b[0m","timestamp":"2026-06-27 06:51:47"}
{"level":"info","message":"\u001b[0mGET /api/v1/members \u001b[32m200\u001b[0m 44.122 ms - -\u001b[0m","timestamp":"2026-06-27 06:51:47"}
{"level":"info","message":"MongoDB connected successfully","timestamp":"2026-06-27 06:52:59"}
{"level":"info","message":"Server running in development mode on port 5000","timestamp":"2026-06-27 06:52:59"}
{"level":"info","message":"\u001b[0mPOST /api/v1/members/create \u001b[32m201\u001b[0m 27371.733 ms - 945\u001b[0m","timestamp":"2026-06-27 06:53:32"}
{"level":"info","message":"MongoDB connected successfully","timestamp":"2026-06-27 06:55:05"}
{"level":"info","message":"Server running in development mode on port 5000","timestamp":"2026-06-27 06:55:05"}
{"level":"info","message":"\u001b[0mPOST /api/v1/members/create \u001b[32m201\u001b[0m 12083.605 ms - 937\u001b[0m","timestamp":"2026-06-27 06:57:12"}
{"level":"info","message":"\u001b[0mGET /api/v1/admins/me \u001b[32m200\u001b[0m 109.895 ms - 435\u001b[0m","timestamp":"2026-06-27 06:57:20"}
{"level":"info","message":"\u001b[0mGET /api/v1/members?page=1&limit=12 \u001b[32m200\u001b[0m 73.527 ms - -\u001b[0m","timestamp":"2026-06-27 06:57:24"}
{"level":"info","message":"\u001b[0mGET /api/v1/members \u001b[32m200\u001b[0m 42.370 ms - -\u001b[0m","timestamp":"2026-06-27 06:57:40"}
{"level":"info","message":"\u001b[0mGET /api/v1/members \u001b[32m200\u001b[0m 62.385 ms - -\u001b[0m","timestamp":"2026-06-27 06:57:40"}
{"level":"info","message":"\u001b[0mPOST /api/v1/members/create \u001b[32m201\u001b[0m 105.739 ms - 512\u001b[0m","timestamp":"2026-06-27 06:58:25"}
{"level":"info","message":"\u001b[0mGET /api/v1/members?page=1&limit=12 \u001b[32m200\u001b[0m 56.204 ms - -\u001b[0m","timestamp":"2026-06-27 06:58:25"}
{"level":"info","message":"\u001b[0mGET /api/v1/members \u001b[32m200\u001b[0m 54.292 ms - -\u001b[0m","timestamp":"2026-06-27 06:58:33"}
{"level":"info","message":"\u001b[0mGET /api/v1/members \u001b[32m200\u001b[0m 120.560 ms - -\u001b[0m","timestamp":"2026-06-27 06:58:33"}
{"level":"info","message":"\u001b[0mGET /api/v1/events \u001b[32m200\u001b[0m 119.248 ms - -\u001b[0m","timestamp":"2026-06-27 07:01:13"}
{"level":"info","message":"\u001b[0mGET /api/v1/payments?page=1&limit=12 \u001b[32m200\u001b[0m 290.677 ms - 153\u001b[0m","timestamp":"2026-06-27 07:01:22"}
{"level":"info","message":"\u001b[0mGET /api/v1/contacts?page=1&limit=10 \u001b[32m200\u001b[0m 120.502 ms - 744\u001b[0m","timestamp":"2026-06-27 07:01:23"}
{"level":"info","message":"\u001b[0mGET /api/v1/enquiry?page=1&limit=12 \u001b[32m200\u001b[0m 199.957 ms - -\u001b[0m","timestamp":"2026-06-27 07:01:25"}
{"level":"info","message":"\u001b[0mGET /api/v1/sponsor \u001b[32m200\u001b[0m 52.361 ms - -\u001b[0m","timestamp":"2026-06-27 07:01:26"}
{"level":"info","message":"\u001b[0mGET /api/v1/contacts?page=1&limit=10&isResolved=true \u001b[32m200\u001b[0m 85.240 ms - 161\u001b[0m","timestamp":"2026-06-27 07:01:39"}
{"level":"info","message":"\u001b[0mGET /api/v1/contacts?page=1&limit=10&isResolved=false \u001b[32m200\u001b[0m 74.157 ms - 744\u001b[0m","timestamp":"2026-06-27 07:01:41"}
{"level":"info","message":"\u001b[0mPATCH /api/v1/contacts/6a351a866ed2fddaacd91687/resolve \u001b[32m200\u001b[0m 204.676 ms - 403\u001b[0m","timestamp":"2026-06-27 07:01:46"}
{"level":"info","message":"\u001b[0mGET /api/v1/contacts?page=1&limit=10&isResolved=false \u001b[32m200\u001b[0m 94.672 ms - 456\u001b[0m","timestamp":"2026-06-27 07:01:47"}
{"level":"info","message":"\u001b[0mGET /api/v1/contacts?page=1&limit=10&isResolved=true \u001b[32m200\u001b[0m 79.403 ms - 469\u001b[0m","timestamp":"2026-06-27 07:01:52"}
{"level":"info","message":"\u001b[0mPATCH /api/v1/enquiry/6a3a809c0fd09a02ba676455/status \u001b[32m200\u001b[0m 97.458 ms - 397\u001b[0m","timestamp":"2026-06-27 07:02:04"}
{"level":"info","message":"\u001b[0mGET /api/v1/enquiry?page=1&limit=12 \u001b[32m200\u001b[0m 41.292 ms - -\u001b[0m","timestamp":"2026-06-27 07:02:04"}
{"level":"info","message":"\u001b[0mGET /api/v1/admins \u001b[32m200\u001b[0m 160.601 ms - 797\u001b[0m","timestamp":"2026-06-27 07:02:14"}
{"level":"info","message":"\u001b[0mPOST /api/v1/members/create \u001b[32m201\u001b[0m 116.480 ms - 333\u001b[0m","timestamp":"2026-06-27 07:02:34"}
{"level":"info","message":"\u001b[0mGET /api/v1/admins/me \u001b[32m200\u001b[0m 109.313 ms - 435\u001b[0m","timestamp":"2026-06-27 07:03:15"}
{"level":"info","message":"\u001b[0mGET /api/v1/admins \u001b[32m200\u001b[0m 393.761 ms - 797\u001b[0m","timestamp":"2026-06-27 07:03:15"}
{"level":"info","message":"\u001b[0mGET /api/v1/members?page=1&limit=1 \u001b[32m200\u001b[0m 56.389 ms - -\u001b[0m","timestamp":"2026-06-27 07:03:47"}
{"level":"info","message":"\u001b[0mGET /api/v1/contacts?page=1&limit=1&isResolved=false \u001b[32m200\u001b[0m 153.195 ms - 455\u001b[0m","timestamp":"2026-06-27 07:03:47"}
{"level":"info","message":"\u001b[0mGET /api/v1/payments?page=1&limit=1 \u001b[32m200\u001b[0m 138.550 ms - 152\u001b[0m","timestamp":"2026-06-27 07:03:47"}
{"level":"info","message":"\u001b[0mGET /api/v1/events \u001b[32m200\u001b[0m 57.626 ms - -\u001b[0m","timestamp":"2026-06-27 07:03:52"}
{"level":"warn","message":"DELETE /api/v1/members - Route not found: /api/v1/members","timestamp":"2026-06-27 07:04:12"}
{"level":"info","message":"\u001b[0mDELETE /api/v1/members \u001b[33m404\u001b[0m 51.056 ms - 118\u001b[0m","timestamp":"2026-06-27 07:04:12"}
{"level":"info","message":"\u001b[0mGET /api/v1/members \u001b[32m200\u001b[0m 50.941 ms - 7141\u001b[0m","timestamp":"2026-06-27 07:04:12"}
{"level":"info","message":"\u001b[0mGET /api/v1/members \u001b[32m200\u001b[0m 42.033 ms - 7141\u001b[0m","timestamp":"2026-06-27 07:04:42"}
{"level":"info","message":"\u001b[0mDELETE /api/v1/members/6a3f758ad99cc6bc57e03cad \u001b[32m200\u001b[0m 101.674 ms - 56\u001b[0m","timestamp":"2026-06-27 07:05:10"}
{"level":"info","message":"\u001b[0mPOST /api/v1/members/create \u001b[32m201\u001b[0m 145.327 ms - 354\u001b[0m","timestamp":"2026-06-27 07:06:37"}
{"level":"info","message":"\u001b[0mDELETE /api/v1/members/6a3f767dd99cc6bc57e03cae \u001b[32m200\u001b[0m 53.575 ms - 56\u001b[0m","timestamp":"2026-06-27 07:06:59"}
{"level":"info","message":"\u001b[0mGET /api/v1/admins/me \u001b[32m200\u001b[0m 714.954 ms - 435\u001b[0m","timestamp":"2026-06-27 07:08:19"}
{"level":"info","message":"\u001b[0mGET /api/v1/admins \u001b[32m200\u001b[0m 486.666 ms - 797\u001b[0m","timestamp":"2026-06-27 07:08:20"}
{"level":"info","message":"\u001b[0mGET /api/v1/payments?page=1&limit=1 \u001b[32m200\u001b[0m 561.537 ms - 152\u001b[0m","timestamp":"2026-06-27 07:08:20"}
{"level":"info","message":"\u001b[0mGET /api/v1/members?page=1&limit=1 \u001b[32m200\u001b[0m 602.449 ms - -\u001b[0m","timestamp":"2026-06-27 07:08:20"}
{"level":"info","message":"\u001b[0mGET /api/v1/contacts?page=1&limit=1&isResolved=false \u001b[32m200\u001b[0m 1116.715 ms - 455\u001b[0m","timestamp":"2026-06-27 07:08:21"}
{"level":"info","message":"\u001b[0mGET /api/v1/events \u001b[32m200\u001b[0m 54.068 ms - -\u001b[0m","timestamp":"2026-06-27 07:08:22"}
{"level":"info","message":"\u001b[0mGET /api/v1/members?page=1&limit=12 \u001b[32m200\u001b[0m 130.699 ms - -\u001b[0m","timestamp":"2026-06-27 07:08:27"}
{"level":"warn","message":"GET /api/v1/admins/profile - You are not logged in. Please log in to continue","timestamp":"2026-06-27 07:08:54"}
{"level":"info","message":"\u001b[0mGET /api/v1/admins/profile \u001b[33m401\u001b[0m 48.922 ms - 150\u001b[0m","timestamp":"2026-06-27 07:08:54"}
{"level":"info","message":"\u001b[0mGET /api/v1/contacts?page=1&limit=1&isResolved=false \u001b[32m200\u001b[0m 236.331 ms - 455\u001b[0m","timestamp":"2026-06-27 07:09:56"}
{"level":"info","message":"\u001b[0mGET /api/v1/admins \u001b[32m200\u001b[0m 167.772 ms - 797\u001b[0m","timestamp":"2026-06-27 07:09:56"}
{"level":"info","message":"\u001b[0mGET /api/v1/payments?page=1&limit=1 \u001b[32m200\u001b[0m 201.403 ms - 152\u001b[0m","timestamp":"2026-06-27 07:09:56"}
{"level":"info","message":"\u001b[0mGET /api/v1/members?page=1&limit=1 \u001b[32m200\u001b[0m 96.734 ms - -\u001b[0m","timestamp":"2026-06-27 07:09:56"}
{"level":"info","message":"\u001b[0mGET /api/v1/admins/me \u001b[32m200\u001b[0m 158.712 ms - 435\u001b[0m","timestamp":"2026-06-27 07:09:58"}
{"level":"info","message":"\u001b[0mGET /api/v1/members?page=1&limit=1 \u001b[32m200\u001b[0m 126.563 ms - -\u001b[0m","timestamp":"2026-06-27 07:09:58"}
{"level":"info","message":"\u001b[0mGET /api/v1/payments?page=1&limit=1 \u001b[32m200\u001b[0m 257.052 ms - 152\u001b[0m","timestamp":"2026-06-27 07:09:58"}
{"level":"info","message":"\u001b[0mGET /api/v1/contacts?page=1&limit=1&isResolved=false \u001b[32m200\u001b[0m 247.649 ms - 455\u001b[0m","timestamp":"2026-06-27 07:09:58"}
{"level":"info","message":"\u001b[0mGET /api/v1/admins \u001b[32m200\u001b[0m 280.832 ms - 797\u001b[0m","timestamp":"2026-06-27 07:09:58"}
{"level":"info","message":"\u001b[0mGET /api/v1/admins/me \u001b[32m200\u001b[0m 60.099 ms - 435\u001b[0m","timestamp":"2026-06-27 07:10:49"}
{"level":"info","message":"\u001b[0mGET /api/v1/contacts?page=1&limit=1&isResolved=false \u001b[32m200\u001b[0m 90.508 ms - 455\u001b[0m","timestamp":"2026-06-27 07:10:52"}
{"level":"info","message":"\u001b[0mGET /api/v1/payments?page=1&limit=1 \u001b[32m200\u001b[0m 83.731 ms - 152\u001b[0m","timestamp":"2026-06-27 07:10:52"}
{"level":"info","message":"\u001b[0mGET /api/v1/admins \u001b[32m200\u001b[0m 86.818 ms - 797\u001b[0m","timestamp":"2026-06-27 07:10:52"}
{"level":"info","message":"\u001b[0mGET /api/v1/members?page=1&limit=1 \u001b[32m200\u001b[0m 67.908 ms - -\u001b[0m","timestamp":"2026-06-27 07:10:52"}
{"level":"info","message":"\u001b[0mGET /api/v1/members?page=1&limit=12 \u001b[32m200\u001b[0m 41.650 ms - -\u001b[0m","timestamp":"2026-06-27 07:10:54"}
{"level":"info","message":"\u001b[0mGET /api/v1/events \u001b[32m200\u001b[0m 47.369 ms - -\u001b[0m","timestamp":"2026-06-27 07:11:00"}
{"level":"info","message":"\u001b[0mGET /api/v1/payments?page=1&limit=12 \u001b[32m200\u001b[0m 196.272 ms - 153\u001b[0m","timestamp":"2026-06-27 07:11:02"}
{"level":"info","message":"\u001b[0mGET /api/v1/contacts?page=1&limit=10 \u001b[32m200\u001b[0m 88.203 ms - 765\u001b[0m","timestamp":"2026-06-27 07:11:03"}
{"level":"info","message":"\u001b[0mGET /api/v1/members?page=1&limit=1 \u001b[32m200\u001b[0m 484.630 ms - -\u001b[0m","timestamp":"2026-06-27 07:12:33"}
{"level":"info","message":"\u001b[0mGET /api/v1/admins \u001b[32m200\u001b[0m 795.670 ms - 797\u001b[0m","timestamp":"2026-06-27 07:12:33"}
{"level":"info","message":"\u001b[0mGET /api/v1/payments?page=1&limit=1 \u001b[32m200\u001b[0m 821.583 ms - 152\u001b[0m","timestamp":"2026-06-27 07:12:33"}
{"level":"info","message":"\u001b[0mGET /api/v1/contacts?page=1&limit=1&isResolved=false \u001b[32m200\u001b[0m 919.530 ms - 455\u001b[0m","timestamp":"2026-06-27 07:12:33"}
{"level":"info","message":"\u001b[0mGET /api/v1/events \u001b[32m200\u001b[0m 67.480 ms - -\u001b[0m","timestamp":"2026-06-27 07:12:36"}
{"level":"info","message":"\u001b[0mGET /api/v1/enquiry?page=1&limit=12 \u001b[32m200\u001b[0m 53.879 ms - -\u001b[0m","timestamp":"2026-06-27 07:12:53"}
{"level":"info","message":"\u001b[0mGET /api/v1/sponsor \u001b[32m200\u001b[0m 50.215 ms - -\u001b[0m","timestamp":"2026-06-27 07:12:55"}
{"level":"info","message":"\u001b[0mGET /api/v1/contacts?page=1&limit=10 \u001b[32m200\u001b[0m 93.234 ms - 765\u001b[0m","timestamp":"2026-06-27 07:13:41"}
{"level":"info","message":"\u001b[0mGET /api/v1/payments?page=1&limit=12 \u001b[32m200\u001b[0m 82.682 ms - 153\u001b[0m","timestamp":"2026-06-27 07:13:42"}
{"level":"info","message":"\u001b[0mGET /api/v1/members?page=1&limit=1 \u001b[32m200\u001b[0m 41.482 ms - -\u001b[0m","timestamp":"2026-06-27 07:13:44"}
{"level":"info","message":"\u001b[0mGET /api/v1/payments?page=1&limit=1 \u001b[32m200\u001b[0m 92.252 ms - 152\u001b[0m","timestamp":"2026-06-27 07:13:44"}
{"level":"info","message":"\u001b[0mGET /api/v1/contacts?page=1&limit=1&isResolved=false \u001b[32m200\u001b[0m 109.062 ms - 455\u001b[0m","timestamp":"2026-06-27 07:13:44"}
{"level":"info","message":"\u001b[0mGET /api/v1/members \u001b[32m200\u001b[0m 46.732 ms - -\u001b[0m","timestamp":"2026-06-27 07:14:05"}
{"level":"info","message":"\u001b[0mGET /api/v1/members \u001b[32m200\u001b[0m 89.707 ms - -\u001b[0m","timestamp":"2026-06-27 07:14:05"}
{"level":"info","message":"\u001b[0mGET /api/v1/members \u001b[32m200\u001b[0m 44.177 ms - -\u001b[0m","timestamp":"2026-06-27 07:14:19"}
{"level":"info","message":"\u001b[0mGET /api/v1/members \u001b[32m200\u001b[0m 104.134 ms - -\u001b[0m","timestamp":"2026-06-27 07:14:19"}
{"level":"info","message":"\u001b[0mGET /api/v1/events \u001b[32m200\u001b[0m 54.621 ms - -\u001b[0m","timestamp":"2026-06-27 07:14:25"}
{"level":"info","message":"\u001b[0mDELETE /api/v1/members/6a3f7491d99cc6bc57e03cac \u001b[32m200\u001b[0m 100.645 ms - 56\u001b[0m","timestamp":"2026-06-27 07:14:35"}
{"level":"info","message":"\u001b[0mGET /api/v1/members?page=1&limit=12 \u001b[32m200\u001b[0m 51.835 ms - -\u001b[0m","timestamp":"2026-06-27 07:14:35"}
{"level":"info","message":"\u001b[0mGET /api/v1/admins/me \u001b[32m200\u001b[0m 104.529 ms - 435\u001b[0m","timestamp":"2026-06-27 07:14:53"}
{"level":"info","message":"\u001b[0mGET /api/v1/events \u001b[32m200\u001b[0m 78.466 ms - -\u001b[0m","timestamp":"2026-06-27 07:14:53"}
{"level":"info","message":"\u001b[0mGET /api/v1/members?page=1&limit=12 \u001b[32m200\u001b[0m 82.181 ms - -\u001b[0m","timestamp":"2026-06-27 07:14:56"}
{"level":"info","message":"\u001b[0mGET /api/v1/members?page=1&limit=1 \u001b[32m200\u001b[0m 63.677 ms - -\u001b[0m","timestamp":"2026-06-27 07:14:58"}
{"level":"info","message":"\u001b[0mGET /api/v1/payments?page=1&limit=1 \u001b[32m200\u001b[0m 156.301 ms - 152\u001b[0m","timestamp":"2026-06-27 07:14:58"}
{"level":"info","message":"\u001b[0mGET /api/v1/admins \u001b[32m200\u001b[0m 150.489 ms - 797\u001b[0m","timestamp":"2026-06-27 07:14:58"}
{"level":"info","message":"\u001b[0mGET /api/v1/contacts?page=1&limit=1&isResolved=false \u001b[32m200\u001b[0m 122.575 ms - 455\u001b[0m","timestamp":"2026-06-27 07:14:58"}
{"level":"info","message":"\u001b[0mGET /api/v1/contacts?page=1&limit=10 \u001b[32m200\u001b[0m 71.511 ms - 765\u001b[0m","timestamp":"2026-06-27 07:14:59"}
{"level":"info","message":"\u001b[0mGET /api/v1/sponsor \u001b[32m200\u001b[0m 36.327 ms - -\u001b[0m","timestamp":"2026-06-27 07:15:01"}
{"level":"info","message":"\u001b[0mGET /api/v1/members \u001b[32m200\u001b[0m 85.505 ms - -\u001b[0m","timestamp":"2026-06-27 07:15:14"}
{"level":"info","message":"\u001b[0mGET /api/v1/members \u001b[32m200\u001b[0m 105.164 ms - -\u001b[0m","timestamp":"2026-06-27 07:15:14"}
{"level":"info","message":"\u001b[0mGET /api/v1/members/6a3f736cd05d0ca7baebaf67 \u001b[32m200\u001b[0m 71.319 ms - -\u001b[0m","timestamp":"2026-06-27 07:15:22"}
{"level":"info","message":"\u001b[0mGET /api/v1/members/6a3f736cd05d0ca7baebaf67 \u001b[32m200\u001b[0m 39.309 ms - -\u001b[0m","timestamp":"2026-06-27 07:15:22"}
{"level":"info","message":"\u001b[0mGET /api/v1/members \u001b[32m200\u001b[0m 40.379 ms - -\u001b[0m","timestamp":"2026-06-27 07:16:56"}
{"level":"info","message":"\u001b[0mGET /api/v1/members \u001b[32m200\u001b[0m 83.465 ms - -\u001b[0m","timestamp":"2026-06-27 07:16:56"}
{"level":"info","message":"\u001b[0mGET /api/v1/members/6a3f736cd05d0ca7baebaf67 \u001b[32m200\u001b[0m 109.394 ms - -\u001b[0m","timestamp":"2026-06-27 07:17:00"}
{"level":"info","message":"\u001b[0mGET /api/v1/members/6a3f736cd05d0ca7baebaf67 \u001b[32m200\u001b[0m 43.696 ms - -\u001b[0m","timestamp":"2026-06-27 07:17:00"}
{"level":"info","message":"\u001b[0mGET /api/v1/members \u001b[32m200\u001b[0m 88.138 ms - -\u001b[0m","timestamp":"2026-06-27 07:19:12"}
{"level":"info","message":"\u001b[0mGET /api/v1/events/upcoming \u001b[32m200\u001b[0m 129.861 ms - -\u001b[0m","timestamp":"2026-06-27 07:19:12"}
{"level":"info","message":"\u001b[0mGET /api/v1/members \u001b[32m200\u001b[0m 39.222 ms - -\u001b[0m","timestamp":"2026-06-27 07:19:12"}
{"level":"info","message":"\u001b[0mGET /api/v1/events/upcoming \u001b[32m200\u001b[0m 113.391 ms - -\u001b[0m","timestamp":"2026-06-27 07:19:12"}
{"level":"info","message":"\u001b[0mGET /api/v1/members/6a3f7448d99cc6bc57e03cab \u001b[32m200\u001b[0m 64.832 ms - -\u001b[0m","timestamp":"2026-06-27 07:20:03"}
{"level":"info","message":"\u001b[0mGET /api/v1/members/6a3f7448d99cc6bc57e03cab \u001b[32m200\u001b[0m 48.764 ms - -\u001b[0m","timestamp":"2026-06-27 07:20:03"}
{"level":"info","message":"\u001b[0mGET /api/v1/members \u001b[32m200\u001b[0m 56.018 ms - -\u001b[0m","timestamp":"2026-06-27 07:20:17"}
{"level":"info","message":"\u001b[0mGET /api/v1/events/upcoming \u001b[32m200\u001b[0m 54.977 ms - -\u001b[0m","timestamp":"2026-06-27 07:20:17"}
{"level":"info","message":"\u001b[0mGET /api/v1/members \u001b[32m200\u001b[0m 124.869 ms - -\u001b[0m","timestamp":"2026-06-27 07:20:17"}
{"level":"info","message":"\u001b[0mGET /api/v1/events/upcoming \u001b[32m200\u001b[0m 68.757 ms - -\u001b[0m","timestamp":"2026-06-27 07:20:18"}
{"level":"info","message":"\u001b[0mGET /api/v1/members/6a3f736cd05d0ca7baebaf67 \u001b[32m200\u001b[0m 260.440 ms - -\u001b[0m","timestamp":"2026-06-27 07:35:38"}
{"level":"info","message":"\u001b[0mGET /api/v1/members/6a3f736cd05d0ca7baebaf67 \u001b[32m200\u001b[0m 56.378 ms - -\u001b[0m","timestamp":"2026-06-27 07:35:38"}
{"level":"info","message":"MongoDB connected successfully","timestamp":"2026-06-27 07:42:39"}
{"level":"info","message":"Server running in development mode on port 5000","timestamp":"2026-06-27 07:42:39"}
{"level":"info","message":"MongoDB connected successfully","timestamp":"2026-06-27 07:45:46"}
{"level":"info","message":"Server running in development mode on port 5000","timestamp":"2026-06-27 07:45:46"}
{"level":"info","message":"\u001b[0mGET /api/v1/members \u001b[32m200\u001b[0m 138.161 ms - -\u001b[0m","timestamp":"2026-06-27 07:47:15"}
{"level":"info","message":"\u001b[0mGET /api/v1/members \u001b[32m200\u001b[0m 134.439 ms - -\u001b[0m","timestamp":"2026-06-27 07:47:15"}
{"level":"info","message":"MongoDB connected successfully","timestamp":"2026-06-27 07:48:10"}
{"level":"info","message":"Server running in development mode on port 5000","timestamp":"2026-06-27 07:48:10"}
{"level":"info","message":"MongoDB connected successfully","timestamp":"2026-06-27 07:48:17"}
{"level":"info","message":"Server running in development mode on port 5000","timestamp":"2026-06-27 07:48:17"}
{"level":"info","message":"\u001b[0mPOST /api/v1/members/create \u001b[32m201\u001b[0m 9908.974 ms - 944\u001b[0m","timestamp":"2026-06-27 07:50:06"}
{"level":"info","message":"\u001b[0mGET /api/v1/admins/me \u001b[32m200\u001b[0m 93.001 ms - 435\u001b[0m","timestamp":"2026-06-27 07:50:17"}
{"level":"info","message":"\u001b[0mGET /api/v1/members?page=1&limit=12 \u001b[32m200\u001b[0m 55.951 ms - -\u001b[0m","timestamp":"2026-06-27 07:50:17"}
{"level":"info","message":"\u001b[0mGET /api/v1/members/pillars \u001b[32m200\u001b[0m 52.322 ms - 944\u001b[0m","timestamp":"2026-06-27 07:50:27"}
{"level":"info","message":"\u001b[0mGET /api/v1/events \u001b[32m200\u001b[0m 69.347 ms - -\u001b[0m","timestamp":"2026-06-27 07:50:27"}
{"level":"info","message":"\u001b[0mGET /api/v1/members/pillars \u001b[32m200\u001b[0m 66.536 ms - 944\u001b[0m","timestamp":"2026-06-27 07:50:27"}
{"level":"info","message":"\u001b[0mGET /api/v1/events \u001b[32m200\u001b[0m 118.348 ms - -\u001b[0m","timestamp":"2026-06-27 07:50:27"}
{"level":"info","message":"\u001b[0mGET /api/v1/members \u001b[32m200\u001b[0m 43.203 ms - -\u001b[0m","timestamp":"2026-06-27 07:50:40"}
{"level":"info","message":"\u001b[0mGET /api/v1/members \u001b[32m200\u001b[0m 75.256 ms - -\u001b[0m","timestamp":"2026-06-27 07:50:40"}
{"level":"info","message":"\u001b[0mPOST /api/v1/members/create \u001b[32m201\u001b[0m 3660.735 ms - 940\u001b[0m","timestamp":"2026-06-27 07:51:59"}
{"level":"info","message":"\u001b[0mGET /api/v1/members \u001b[32m200\u001b[0m 52.006 ms - -\u001b[0m","timestamp":"2026-06-27 07:52:11"}
{"level":"info","message":"\u001b[0mGET /api/v1/members \u001b[32m200\u001b[0m 60.974 ms - -\u001b[0m","timestamp":"2026-06-27 07:52:11"}
{"level":"info","message":"\u001b[0mGET /api/v1/events \u001b[32m200\u001b[0m 77.608 ms - -\u001b[0m","timestamp":"2026-06-27 07:52:17"}
{"level":"info","message":"\u001b[0mGET /api/v1/members/pillars \u001b[32m200\u001b[0m 70.507 ms - -\u001b[0m","timestamp":"2026-06-27 07:52:17"}
{"level":"info","message":"\u001b[0mGET /api/v1/events \u001b[32m200\u001b[0m 84.708 ms - -\u001b[0m","timestamp":"2026-06-27 07:52:17"}
{"level":"info","message":"\u001b[0mGET /api/v1/members/pillars \u001b[32m200\u001b[0m 86.225 ms - -\u001b[0m","timestamp":"2026-06-27 07:52:17"}
{"level":"info","message":"\u001b[0mPOST /api/v1/members/create \u001b[32m201\u001b[0m 4751.005 ms - 941\u001b[0m","timestamp":"2026-06-27 07:53:43"}
