{"level":"info","message":"MongoDB connected successfully","timestamp":"2026-07-09 05:23:10"}
{"level":"info","message":"Server running in development mode on port 5000","timestamp":"2026-07-09 05:23:10"}
{"level":"info","message":"\u001b[0mGET /api/v1/events \u001b[32m200\u001b[0m 155.699 ms - -\u001b[0m","timestamp":"2026-07-09 05:23:45"}
{"level":"info","message":"\u001b[0mGET /api/v1/events \u001b[32m200\u001b[0m 56.432 ms - -\u001b[0m","timestamp":"2026-07-09 05:23:46"}
{"level":"info","message":"\u001b[0mGET /api/v1/events \u001b[32m200\u001b[0m 104.355 ms - -\u001b[0m","timestamp":"2026-07-09 05:24:06"}
{"level":"info","message":"\u001b[0mGET /api/v1/events \u001b[32m200\u001b[0m 49.629 ms - -\u001b[0m","timestamp":"2026-07-09 05:24:06"}
{"level":"info","message":"\u001b[0mGET /api/v1/events \u001b[32m200\u001b[0m 400.153 ms - -\u001b[0m","timestamp":"2026-07-09 05:28:57"}
{"level":"info","message":"\u001b[0mGET /api/v1/events \u001b[32m200\u001b[0m 61.814 ms - -\u001b[0m","timestamp":"2026-07-09 05:28:57"}
{"level":"info","message":"\u001b[0mGET /api/v1/events \u001b[32m200\u001b[0m 73.486 ms - -\u001b[0m","timestamp":"2026-07-09 05:29:51"}
{"level":"info","message":"\u001b[0mGET /api/v1/events \u001b[32m200\u001b[0m 85.021 ms - -\u001b[0m","timestamp":"2026-07-09 05:29:51"}
{"level":"info","message":"\u001b[0mGET /api/v1/members \u001b[32m200\u001b[0m 227.661 ms - -\u001b[0m","timestamp":"2026-07-09 05:33:05"}
{"level":"info","message":"\u001b[0mGET /api/v1/members \u001b[32m200\u001b[0m 77.485 ms - -\u001b[0m","timestamp":"2026-07-09 05:33:06"}
{"level":"info","message":"\u001b[0mGET /api/v1/gallery?type=guest \u001b[32m200\u001b[0m 94.275 ms - 36\u001b[0m","timestamp":"2026-07-09 05:37:13"}
{"level":"info","message":"\u001b[0mGET /api/v1/gallery?type=guest \u001b[32m200\u001b[0m 43.442 ms - 36\u001b[0m","timestamp":"2026-07-09 05:37:13"}
{"level":"info","message":"\u001b[0mGET /api/v1/events \u001b[32m200\u001b[0m 63.678 ms - -\u001b[0m","timestamp":"2026-07-09 05:37:19"}
{"level":"info","message":"\u001b[0mGET /api/v1/members \u001b[32m200\u001b[0m 55.454 ms - -\u001b[0m","timestamp":"2026-07-09 05:37:30"}
{"level":"info","message":"\u001b[0mGET /api/v1/members \u001b[32m200\u001b[0m 106.221 ms - -\u001b[0m","timestamp":"2026-07-09 05:37:30"}
{"level":"info","message":"\u001b[0mGET /api/v1/events \u001b[32m200\u001b[0m 80.572 ms - -\u001b[0m","timestamp":"2026-07-09 05:40:11"}
{"level":"info","message":"\u001b[0mGET /api/v1/events \u001b[32m200\u001b[0m 43.853 ms - -\u001b[0m","timestamp":"2026-07-09 05:40:11"}
{"level":"info","message":"\u001b[0mGET /api/v1/events \u001b[32m200\u001b[0m 134.641 ms - -\u001b[0m","timestamp":"2026-07-09 05:42:43"}
{"level":"info","message":"\u001b[0mGET /api/v1/events \u001b[32m200\u001b[0m 53.476 ms - -\u001b[0m","timestamp":"2026-07-09 05:42:43"}
{"level":"info","message":"\u001b[0mGET /api/v1/events \u001b[32m200\u001b[0m 60.033 ms - -\u001b[0m","timestamp":"2026-07-09 05:42:56"}
{"level":"info","message":"\u001b[0mGET /api/v1/events \u001b[32m200\u001b[0m 53.134 ms - -\u001b[0m","timestamp":"2026-07-09 05:42:56"}
{"level":"info","message":"\u001b[0mGET /api/v1/events \u001b[32m200\u001b[0m 63.082 ms - -\u001b[0m","timestamp":"2026-07-09 05:43:05"}
{"level":"info","message":"\u001b[0mGET /api/v1/events \u001b[32m200\u001b[0m 122.542 ms - -\u001b[0m","timestamp":"2026-07-09 05:43:05"}
{"level":"info","message":"\u001b[0mGET /api/v1/events \u001b[32m200\u001b[0m 57.253 ms - -\u001b[0m","timestamp":"2026-07-09 05:43:18"}
{"level":"info","message":"\u001b[0mGET /api/v1/events \u001b[32m200\u001b[0m 59.767 ms - -\u001b[0m","timestamp":"2026-07-09 05:43:18"}
{"level":"info","message":"\u001b[0mGET /api/v1/events \u001b[32m200\u001b[0m 128.729 ms - -\u001b[0m","timestamp":"2026-07-09 05:44:28"}
{"level":"info","message":"\u001b[0mGET /api/v1/events \u001b[32m200\u001b[0m 104.942 ms - -\u001b[0m","timestamp":"2026-07-09 05:44:28"}
{"level":"info","message":"\u001b[0mGET /api/v1/events \u001b[32m200\u001b[0m 97.132 ms - -\u001b[0m","timestamp":"2026-07-09 05:49:46"}
{"level":"info","message":"\u001b[0mGET /api/v1/events \u001b[32m200\u001b[0m 89.583 ms - -\u001b[0m","timestamp":"2026-07-09 05:49:46"}
{"level":"info","message":"\u001b[0mGET /api/v1/events \u001b[32m200\u001b[0m 75.160 ms - -\u001b[0m","timestamp":"2026-07-09 05:50:04"}
{"level":"info","message":"\u001b[0mGET /api/v1/events \u001b[32m200\u001b[0m 49.983 ms - -\u001b[0m","timestamp":"2026-07-09 05:50:04"}
{"level":"info","message":"\u001b[0mGET /api/v1/events \u001b[0m-\u001b[0m - ms - -\u001b[0m","timestamp":"2026-07-09 05:57:20"}
{"level":"info","message":"\u001b[0mGET /api/v1/members \u001b[32m200\u001b[0m 3857.440 ms - -\u001b[0m","timestamp":"2026-07-09 05:57:21"}
{"level":"info","message":"\u001b[0mGET /api/v1/members \u001b[32m200\u001b[0m 203.642 ms - -\u001b[0m","timestamp":"2026-07-09 05:57:22"}
{"level":"info","message":"\u001b[0mGET /api/v1/events \u001b[32m200\u001b[0m 143.964 ms - -\u001b[0m","timestamp":"2026-07-09 05:57:22"}
{"level":"info","message":"\u001b[0mGET /api/v1/events \u001b[32m200\u001b[0m 49.299 ms - -\u001b[0m","timestamp":"2026-07-09 05:57:54"}
{"level":"info","message":"\u001b[0mGET /api/v1/events \u001b[32m200\u001b[0m 56.940 ms - -\u001b[0m","timestamp":"2026-07-09 05:57:58"}
{"level":"info","message":"\u001b[0mGET /api/v1/events \u001b[32m200\u001b[0m 63.298 ms - -\u001b[0m","timestamp":"2026-07-09 05:57:58"}
{"level":"info","message":"\u001b[0mGET /api/v1/events \u001b[32m200\u001b[0m 56.597 ms - -\u001b[0m","timestamp":"2026-07-09 05:57:58"}
{"level":"info","message":"\u001b[0mGET /api/v1/events \u001b[32m200\u001b[0m 43.898 ms - -\u001b[0m","timestamp":"2026-07-09 05:57:58"}
{"level":"info","message":"\u001b[0mGET /api/v1/events \u001b[32m200\u001b[0m 72.054 ms - -\u001b[0m","timestamp":"2026-07-09 06:00:10"}
{"level":"info","message":"\u001b[0mGET /api/v1/events \u001b[32m200\u001b[0m 96.125 ms - -\u001b[0m","timestamp":"2026-07-09 06:00:10"}
{"level":"info","message":"\u001b[0mGET /api/v1/gallery?type=video \u001b[32m200\u001b[0m 94.644 ms - 36\u001b[0m","timestamp":"2026-07-09 06:02:59"}
{"level":"info","message":"\u001b[0mGET /api/v1/gallery?type=video \u001b[32m200\u001b[0m 56.513 ms - 36\u001b[0m","timestamp":"2026-07-09 06:02:59"}
{"level":"info","message":"\u001b[0mGET /api/v1/gallery?type=photo \u001b[32m200\u001b[0m 47.990 ms - 36\u001b[0m","timestamp":"2026-07-09 06:03:01"}
{"level":"info","message":"\u001b[0mGET /api/v1/gallery?type=photo \u001b[32m200\u001b[0m 35.392 ms - 36\u001b[0m","timestamp":"2026-07-09 06:03:02"}
{"level":"info","message":"\u001b[0mGET /api/v1/gallery?type=guest \u001b[32m200\u001b[0m 39.359 ms - 36\u001b[0m","timestamp":"2026-07-09 06:03:20"}
{"level":"info","message":"\u001b[0mGET /api/v1/gallery?type=guest \u001b[32m200\u001b[0m 36.445 ms - 36\u001b[0m","timestamp":"2026-07-09 06:03:20"}
{"level":"info","message":"\u001b[0mGET /api/v1/events \u001b[32m200\u001b[0m 68.043 ms - -\u001b[0m","timestamp":"2026-07-09 06:03:35"}
{"level":"info","message":"\u001b[0mGET /api/v1/members \u001b[32m200\u001b[0m 36.786 ms - -\u001b[0m","timestamp":"2026-07-09 06:03:45"}
{"level":"info","message":"\u001b[0mGET /api/v1/members \u001b[32m200\u001b[0m 84.253 ms - -\u001b[0m","timestamp":"2026-07-09 06:03:46"}
{"level":"info","message":"\u001b[0mGET /api/v1/members/6a3f80ae1dc14d52c9567faa \u001b[32m200\u001b[0m 116.887 ms - 686\u001b[0m","timestamp":"2026-07-09 06:03:58"}
{"level":"info","message":"\u001b[0mGET /api/v1/members/6a3f80ae1dc14d52c9567faa \u001b[32m200\u001b[0m 49.271 ms - 686\u001b[0m","timestamp":"2026-07-09 06:03:59"}
{"level":"info","message":"\u001b[0mGET /api/v1/events \u001b[32m200\u001b[0m 130.738 ms - -\u001b[0m","timestamp":"2026-07-09 06:07:24"}
{"level":"info","message":"\u001b[0mGET /api/v1/events \u001b[32m200\u001b[0m 84.474 ms - -\u001b[0m","timestamp":"2026-07-09 06:07:24"}
{"level":"info","message":"\u001b[0mGET /api/v1/members \u001b[32m200\u001b[0m 79.056 ms - -\u001b[0m","timestamp":"2026-07-09 06:08:20"}
{"level":"info","message":"\u001b[0mGET /api/v1/members \u001b[32m200\u001b[0m 104.302 ms - -\u001b[0m","timestamp":"2026-07-09 06:08:20"}
{"level":"info","message":"\u001b[0mGET /api/v1/gallery?type=video \u001b[32m200\u001b[0m 131.759 ms - 36\u001b[0m","timestamp":"2026-07-09 06:11:39"}
{"level":"info","message":"\u001b[0mGET /api/v1/gallery?type=video \u001b[32m200\u001b[0m 32.814 ms - 36\u001b[0m","timestamp":"2026-07-09 06:11:39"}
{"level":"info","message":"\u001b[0mGET /api/v1/gallery?type=photo \u001b[32m200\u001b[0m 42.185 ms - 36\u001b[0m","timestamp":"2026-07-09 06:11:50"}
{"level":"info","message":"\u001b[0mGET /api/v1/gallery?type=photo \u001b[32m200\u001b[0m 48.748 ms - 36\u001b[0m","timestamp":"2026-07-09 06:11:50"}
{"level":"info","message":"\u001b[0mGET /api/v1/members \u001b[32m200\u001b[0m 44.690 ms - -\u001b[0m","timestamp":"2026-07-09 06:12:03"}
{"level":"info","message":"\u001b[0mGET /api/v1/members \u001b[32m200\u001b[0m 62.892 ms - -\u001b[0m","timestamp":"2026-07-09 06:12:03"}
{"level":"info","message":"\u001b[0mGET /api/v1/members \u001b[32m200\u001b[0m 50.480 ms - -\u001b[0m","timestamp":"2026-07-09 06:12:42"}
{"level":"info","message":"\u001b[0mGET /api/v1/members \u001b[32m200\u001b[0m 96.233 ms - -\u001b[0m","timestamp":"2026-07-09 06:12:42"}
{"level":"info","message":"\u001b[0mGET /api/v1/gallery?type=guest \u001b[32m200\u001b[0m 37.539 ms - 36\u001b[0m","timestamp":"2026-07-09 06:12:50"}
{"level":"info","message":"\u001b[0mGET /api/v1/gallery?type=guest \u001b[32m200\u001b[0m 45.359 ms - 36\u001b[0m","timestamp":"2026-07-09 06:12:50"}
{"level":"info","message":"\u001b[0mGET /api/v1/events \u001b[32m200\u001b[0m 61.162 ms - -\u001b[0m","timestamp":"2026-07-09 06:13:19"}
{"level":"info","message":"\u001b[0mGET /api/v1/gallery?type=video \u001b[32m200\u001b[0m 38.365 ms - 36\u001b[0m","timestamp":"2026-07-09 06:13:32"}
{"level":"info","message":"\u001b[0mGET /api/v1/gallery?type=video \u001b[32m200\u001b[0m 33.164 ms - 36\u001b[0m","timestamp":"2026-07-09 06:13:32"}
{"level":"info","message":"\u001b[0mGET /api/v1/gallery?type=photo \u001b[32m200\u001b[0m 61.802 ms - 36\u001b[0m","timestamp":"2026-07-09 06:13:50"}
{"level":"info","message":"\u001b[0mGET /api/v1/gallery?type=photo \u001b[32m200\u001b[0m 37.506 ms - 36\u001b[0m","timestamp":"2026-07-09 06:13:50"}
{"level":"info","message":"\u001b[0mGET /api/v1/events \u001b[32m200\u001b[0m 172.681 ms - -\u001b[0m","timestamp":"2026-07-09 06:14:33"}
{"level":"info","message":"\u001b[0mGET /api/v1/events \u001b[32m200\u001b[0m 180.467 ms - -\u001b[0m","timestamp":"2026-07-09 06:14:33"}
{"level":"info","message":"\u001b[0mGET /api/v1/gallery?type=guest \u001b[32m200\u001b[0m 219.204 ms - 36\u001b[0m","timestamp":"2026-07-09 06:19:11"}
{"level":"info","message":"\u001b[0mGET /api/v1/gallery?type=guest \u001b[32m200\u001b[0m 38.804 ms - 36\u001b[0m","timestamp":"2026-07-09 06:19:11"}
{"level":"info","message":"\u001b[0mGET /api/v1/events \u001b[32m200\u001b[0m 79.892 ms - -\u001b[0m","timestamp":"2026-07-09 06:19:16"}
{"level":"info","message":"\u001b[0mGET /api/v1/events \u001b[32m200\u001b[0m 54.275 ms - -\u001b[0m","timestamp":"2026-07-09 06:19:16"}
{"level":"info","message":"\u001b[0mGET /api/v1/members \u001b[32m200\u001b[0m 126.055 ms - -\u001b[0m","timestamp":"2026-07-09 06:19:36"}
{"level":"info","message":"\u001b[0mGET /api/v1/members \u001b[32m200\u001b[0m 60.507 ms - -\u001b[0m","timestamp":"2026-07-09 06:19:36"}
{"level":"info","message":"\u001b[0mGET /api/v1/events \u001b[32m200\u001b[0m 62.839 ms - -\u001b[0m","timestamp":"2026-07-09 06:20:50"}
{"level":"info","message":"\u001b[0mGET /api/v1/events \u001b[32m200\u001b[0m 53.523 ms - -\u001b[0m","timestamp":"2026-07-09 06:21:03"}
{"level":"info","message":"\u001b[0mGET /api/v1/events \u001b[32m200\u001b[0m 50.491 ms - -\u001b[0m","timestamp":"2026-07-09 06:21:03"}
{"level":"info","message":"\u001b[0mGET /api/v1/members \u001b[32m200\u001b[0m 72.402 ms - -\u001b[0m","timestamp":"2026-07-09 06:21:20"}
{"level":"info","message":"\u001b[0mGET /api/v1/members \u001b[32m200\u001b[0m 50.603 ms - -\u001b[0m","timestamp":"2026-07-09 06:21:21"}
{"level":"info","message":"\u001b[0mGET /api/v1/gallery?type=video \u001b[32m200\u001b[0m 56.358 ms - 36\u001b[0m","timestamp":"2026-07-09 06:21:46"}
{"level":"info","message":"\u001b[0mGET /api/v1/gallery?type=video \u001b[32m200\u001b[0m 35.343 ms - 36\u001b[0m","timestamp":"2026-07-09 06:21:46"}
{"level":"info","message":"\u001b[0mGET /api/v1/gallery?type=photo \u001b[32m200\u001b[0m 47.059 ms - 36\u001b[0m","timestamp":"2026-07-09 06:22:13"}
{"level":"info","message":"\u001b[0mGET /api/v1/gallery?type=photo \u001b[32m200\u001b[0m 65.115 ms - 36\u001b[0m","timestamp":"2026-07-09 06:22:13"}
{"level":"info","message":"\u001b[0mGET /api/v1/events \u001b[32m200\u001b[0m 105.786 ms - -\u001b[0m","timestamp":"2026-07-09 06:22:36"}
{"level":"info","message":"\u001b[0mGET /api/v1/events \u001b[32m200\u001b[0m 127.327 ms - -\u001b[0m","timestamp":"2026-07-09 06:22:36"}
{"level":"info","message":"\u001b[0mGET /api/v1/gallery?type=guest \u001b[32m200\u001b[0m 47.476 ms - 36\u001b[0m","timestamp":"2026-07-09 06:23:21"}
{"level":"info","message":"\u001b[0mGET /api/v1/gallery?type=guest \u001b[32m200\u001b[0m 41.194 ms - 36\u001b[0m","timestamp":"2026-07-09 06:23:21"}
{"level":"info","message":"\u001b[0mGET /api/v1/events \u001b[32m200\u001b[0m 41.888 ms - -\u001b[0m","timestamp":"2026-07-09 06:23:24"}
{"level":"info","message":"\u001b[0mGET /api/v1/members \u001b[32m200\u001b[0m 66.820 ms - -\u001b[0m","timestamp":"2026-07-09 06:24:23"}
{"level":"info","message":"\u001b[0mGET /api/v1/members \u001b[32m200\u001b[0m 121.829 ms - -\u001b[0m","timestamp":"2026-07-09 06:24:23"}
{"level":"info","message":"\u001b[0mGET /api/v1/members/6a3f80ae1dc14d52c9567faa \u001b[32m200\u001b[0m 158.676 ms - 686\u001b[0m","timestamp":"2026-07-09 06:25:40"}
{"level":"info","message":"\u001b[0mGET /api/v1/members/6a3f80ae1dc14d52c9567faa \u001b[32m200\u001b[0m 47.342 ms - 686\u001b[0m","timestamp":"2026-07-09 06:25:40"}
{"level":"info","message":"\u001b[0mGET /api/v1/members \u001b[32m200\u001b[0m 56.234 ms - -\u001b[0m","timestamp":"2026-07-09 06:26:17"}
{"level":"info","message":"\u001b[0mGET /api/v1/members \u001b[32m200\u001b[0m 68.169 ms - -\u001b[0m","timestamp":"2026-07-09 06:26:17"}
{"level":"info","message":"\u001b[0mGET /api/v1/members \u001b[32m200\u001b[0m 56.803 ms - -\u001b[0m","timestamp":"2026-07-09 06:26:48"}
{"level":"info","message":"\u001b[0mGET /api/v1/members \u001b[32m200\u001b[0m 81.842 ms - -\u001b[0m","timestamp":"2026-07-09 06:26:48"}
{"level":"info","message":"\u001b[0mGET /api/v1/gallery?type=guest \u001b[32m200\u001b[0m 49.577 ms - 36\u001b[0m","timestamp":"2026-07-09 06:27:00"}
{"level":"info","message":"\u001b[0mGET /api/v1/gallery?type=guest \u001b[32m200\u001b[0m 45.412 ms - 36\u001b[0m","timestamp":"2026-07-09 06:27:00"}
{"level":"info","message":"\u001b[0mGET /api/v1/events \u001b[32m200\u001b[0m 66.254 ms - -\u001b[0m","timestamp":"2026-07-09 06:29:49"}
{"level":"info","message":"\u001b[0mGET /api/v1/events \u001b[32m200\u001b[0m 50.905 ms - -\u001b[0m","timestamp":"2026-07-09 06:29:58"}
{"level":"info","message":"\u001b[0mGET /api/v1/events \u001b[32m200\u001b[0m 46.647 ms - -\u001b[0m","timestamp":"2026-07-09 06:29:59"}
{"level":"info","message":"\u001b[0mGET /api/v1/events \u001b[32m200\u001b[0m 43.232 ms - -\u001b[0m","timestamp":"2026-07-09 06:29:59"}
{"level":"info","message":"\u001b[0mGET /api/v1/events \u001b[32m200\u001b[0m 56.051 ms - -\u001b[0m","timestamp":"2026-07-09 06:29:59"}
{"level":"info","message":"\u001b[0mGET /api/v1/members \u001b[32m200\u001b[0m 43.149 ms - -\u001b[0m","timestamp":"2026-07-09 06:31:02"}
{"level":"info","message":"\u001b[0mGET /api/v1/members \u001b[32m200\u001b[0m 47.039 ms - -\u001b[0m","timestamp":"2026-07-09 06:31:02"}
{"level":"info","message":"\u001b[0mGET /api/v1/members \u001b[32m200\u001b[0m 162.778 ms - -\u001b[0m","timestamp":"2026-07-09 06:32:22"}
{"level":"info","message":"\u001b[0mGET /api/v1/members \u001b[32m200\u001b[0m 140.641 ms - -\u001b[0m","timestamp":"2026-07-09 06:32:22"}
{"level":"info","message":"\u001b[0mGET /api/v1/events \u001b[32m200\u001b[0m 69.974 ms - -\u001b[0m","timestamp":"2026-07-09 06:32:36"}
{"level":"info","message":"\u001b[0mGET /api/v1/events \u001b[32m200\u001b[0m 45.266 ms - -\u001b[0m","timestamp":"2026-07-09 06:32:36"}
{"level":"info","message":"\u001b[0mGET /api/v1/admins/me \u001b[32m200\u001b[0m 383.363 ms - 435\u001b[0m","timestamp":"2026-07-09 06:32:40"}
{"level":"info","message":"\u001b[0mGET /api/v1/members?page=1&limit=1 \u001b[32m200\u001b[0m 299.374 ms - -\u001b[0m","timestamp":"2026-07-09 06:32:41"}
{"level":"info","message":"\u001b[0mGET /api/v1/payments?page=1&limit=1 \u001b[32m200\u001b[0m 235.479 ms - 152\u001b[0m","timestamp":"2026-07-09 06:32:41"}
{"level":"info","message":"\u001b[0mGET /api/v1/admins \u001b[32m200\u001b[0m 240.094 ms - -\u001b[0m","timestamp":"2026-07-09 06:32:41"}
{"level":"info","message":"\u001b[0mGET /api/v1/contacts?page=1&limit=1&isResolved=false \u001b[32m200\u001b[0m 1044.685 ms - 451\u001b[0m","timestamp":"2026-07-09 06:32:41"}
{"level":"info","message":"\u001b[0mGET /api/v1/members?page=1&limit=12 \u001b[32m200\u001b[0m 116.381 ms - -\u001b[0m","timestamp":"2026-07-09 06:32:43"}
{"level":"info","message":"\u001b[0mGET /api/v1/payments?page=1&limit=12 \u001b[32m200\u001b[0m 145.480 ms - 153\u001b[0m","timestamp":"2026-07-09 06:32:47"}
{"level":"info","message":"\u001b[0mGET /api/v1/events \u001b[32m200\u001b[0m 66.616 ms - -\u001b[0m","timestamp":"2026-07-09 06:32:47"}
{"level":"info","message":"\u001b[0mGET /api/v1/events \u001b[32m200\u001b[0m 67.545 ms - -\u001b[0m","timestamp":"2026-07-09 06:32:54"}
{"level":"info","message":"\u001b[0mGET /api/v1/members \u001b[32m200\u001b[0m 57.346 ms - -\u001b[0m","timestamp":"2026-07-09 06:32:58"}
{"level":"info","message":"\u001b[0mGET /api/v1/members \u001b[32m200\u001b[0m 125.268 ms - -\u001b[0m","timestamp":"2026-07-09 06:32:58"}
{"level":"info","message":"\u001b[0mGET /api/v1/enquiry?page=1&limit=12 \u001b[32m200\u001b[0m 179.585 ms - -\u001b[0m","timestamp":"2026-07-09 06:33:02"}
{"level":"info","message":"\u001b[0mGET /api/v1/gallery \u001b[32m200\u001b[0m 52.181 ms - 36\u001b[0m","timestamp":"2026-07-09 06:34:05"}
{"level":"info","message":"\u001b[0mGET /api/v1/gallery?type=guest \u001b[32m200\u001b[0m 45.281 ms - 36\u001b[0m","timestamp":"2026-07-09 06:34:09"}
{"level":"info","message":"\u001b[0mGET /api/v1/sponsor \u001b[32m200\u001b[0m 68.108 ms - -\u001b[0m","timestamp":"2026-07-09 06:36:04"}
{"level":"info","message":"\u001b[0mGET /api/v1/enquiry?page=1&limit=12 \u001b[32m200\u001b[0m 144.390 ms - -\u001b[0m","timestamp":"2026-07-09 06:36:07"}
{"level":"info","message":"\u001b[0mGET /api/v1/events \u001b[32m200\u001b[0m 64.785 ms - -\u001b[0m","timestamp":"2026-07-09 06:36:08"}
{"level":"info","message":"\u001b[0mGET /api/v1/members?page=1&limit=12 \u001b[32m200\u001b[0m 222.160 ms - -\u001b[0m","timestamp":"2026-07-09 06:36:10"}
{"level":"info","message":"\u001b[0mGET /api/v1/payments?page=1&limit=12 \u001b[32m200\u001b[0m 1337.520 ms - 153\u001b[0m","timestamp":"2026-07-09 06:36:14"}
{"level":"info","message":"\u001b[0mGET /api/v1/contacts?page=1&limit=10 \u001b[32m200\u001b[0m 238.930 ms - -\u001b[0m","timestamp":"2026-07-09 06:36:14"}
{"level":"info","message":"\u001b[0mGET /api/v1/contacts?page=1&limit=1&isResolved=false \u001b[32m200\u001b[0m 137.665 ms - 451\u001b[0m","timestamp":"2026-07-09 06:36:26"}
{"level":"info","message":"\u001b[0mGET /api/v1/admins \u001b[32m200\u001b[0m 147.534 ms - -\u001b[0m","timestamp":"2026-07-09 06:36:26"}
{"level":"info","message":"\u001b[0mGET /api/v1/members?page=1&limit=1 \u001b[32m200\u001b[0m 149.986 ms - -\u001b[0m","timestamp":"2026-07-09 06:36:26"}
{"level":"info","message":"\u001b[0mGET /api/v1/payments?page=1&limit=1 \u001b[32m200\u001b[0m 711.976 ms - 152\u001b[0m","timestamp":"2026-07-09 06:36:27"}
{"level":"info","message":"\u001b[0mGET /api/v1/gallery \u001b[32m200\u001b[0m 52.227 ms - 36\u001b[0m","timestamp":"2026-07-09 06:36:33"}
{"level":"info","message":"\u001b[0mGET /api/v1/gallery?type=photo \u001b[32m200\u001b[0m 44.267 ms - 36\u001b[0m","timestamp":"2026-07-09 06:38:06"}
{"level":"info","message":"\u001b[0mGET /api/v1/gallery?type=video \u001b[32m200\u001b[0m 34.322 ms - 36\u001b[0m","timestamp":"2026-07-09 06:38:08"}
{"level":"info","message":"\u001b[0mGET /api/v1/contacts?page=1&limit=10 \u001b[32m200\u001b[0m 108.815 ms - -\u001b[0m","timestamp":"2026-07-09 06:38:12"}
{"level":"info","message":"\u001b[0mGET /api/v1/payments?page=1&limit=12 \u001b[32m200\u001b[0m 85.897 ms - 153\u001b[0m","timestamp":"2026-07-09 06:38:14"}
{"level":"info","message":"\u001b[0mGET /api/v1/events \u001b[32m200\u001b[0m 48.742 ms - -\u001b[0m","timestamp":"2026-07-09 06:38:16"}
{"level":"info","message":"\u001b[0mGET /api/v1/members?page=1&limit=12 \u001b[32m200\u001b[0m 148.286 ms - -\u001b[0m","timestamp":"2026-07-09 06:38:20"}
{"level":"info","message":"\u001b[0mGET /api/v1/members?page=1&limit=1 \u001b[32m200\u001b[0m 110.678 ms - -\u001b[0m","timestamp":"2026-07-09 06:38:20"}
{"level":"info","message":"\u001b[0mGET /api/v1/payments?page=1&limit=1 \u001b[32m200\u001b[0m 126.560 ms - 152\u001b[0m","timestamp":"2026-07-09 06:38:20"}
{"level":"info","message":"\u001b[0mGET /api/v1/contacts?page=1&limit=1&isResolved=false \u001b[32m200\u001b[0m 131.923 ms - 451\u001b[0m","timestamp":"2026-07-09 06:38:20"}
{"level":"info","message":"\u001b[0mGET /api/v1/admins \u001b[32m200\u001b[0m 130.605 ms - -\u001b[0m","timestamp":"2026-07-09 06:38:20"}
{"level":"info","message":"\u001b[0mGET /api/v1/events \u001b[32m200\u001b[0m 44.554 ms - -\u001b[0m","timestamp":"2026-07-09 06:38:55"}
{"level":"info","message":"\u001b[0mGET /api/v1/events \u001b[32m200\u001b[0m 61.285 ms - -\u001b[0m","timestamp":"2026-07-09 06:38:55"}
{"level":"info","message":"\u001b[0mGET /api/v1/events \u001b[32m200\u001b[0m 77.186 ms - -\u001b[0m","timestamp":"2026-07-09 06:41:21"}
{"level":"info","message":"\u001b[0mGET /api/v1/events \u001b[32m200\u001b[0m 42.525 ms - -\u001b[0m","timestamp":"2026-07-09 06:41:21"}
{"level":"info","message":"\u001b[0mGET /api/v1/events \u001b[32m200\u001b[0m 99.795 ms - -\u001b[0m","timestamp":"2026-07-09 06:43:01"}
{"level":"info","message":"\u001b[0mGET /api/v1/events \u001b[32m200\u001b[0m 92.530 ms - -\u001b[0m","timestamp":"2026-07-09 06:43:01"}
{"level":"info","message":"\u001b[0mGET /api/v1/events \u001b[32m200\u001b[0m 118.720 ms - -\u001b[0m","timestamp":"2026-07-09 06:51:05"}
{"level":"info","message":"\u001b[0mGET /api/v1/events \u001b[32m200\u001b[0m 77.645 ms - -\u001b[0m","timestamp":"2026-07-09 06:51:06"}
{"level":"info","message":"\u001b[0mGET /api/v1/events \u001b[32m200\u001b[0m 102.984 ms - -\u001b[0m","timestamp":"2026-07-09 06:56:24"}
{"level":"info","message":"\u001b[0mGET /api/v1/events \u001b[32m200\u001b[0m 58.761 ms - -\u001b[0m","timestamp":"2026-07-09 06:56:24"}
{"level":"info","message":"\u001b[0mGET /api/v1/events \u001b[32m200\u001b[0m 94.796 ms - -\u001b[0m","timestamp":"2026-07-09 06:56:58"}
{"level":"info","message":"\u001b[0mGET /api/v1/events \u001b[32m200\u001b[0m 49.608 ms - -\u001b[0m","timestamp":"2026-07-09 06:56:58"}
{"level":"info","message":"\u001b[0mGET /api/v1/members \u001b[32m200\u001b[0m 94.236 ms - -\u001b[0m","timestamp":"2026-07-09 07:00:01"}
{"level":"info","message":"\u001b[0mGET /api/v1/members \u001b[32m200\u001b[0m 35.910 ms - -\u001b[0m","timestamp":"2026-07-09 07:00:01"}
{"level":"info","message":"\u001b[0mGET /api/v1/members \u001b[32m200\u001b[0m 56.571 ms - -\u001b[0m","timestamp":"2026-07-09 07:02:11"}
{"level":"info","message":"\u001b[0mGET /api/v1/members \u001b[32m200\u001b[0m 88.662 ms - -\u001b[0m","timestamp":"2026-07-09 07:02:11"}
{"level":"info","message":"\u001b[0mGET /api/v1/members \u001b[32m200\u001b[0m 103.621 ms - -\u001b[0m","timestamp":"2026-07-09 07:03:14"}
{"level":"info","message":"\u001b[0mGET /api/v1/members \u001b[32m200\u001b[0m 39.004 ms - -\u001b[0m","timestamp":"2026-07-09 07:03:14"}
{"level":"info","message":"\u001b[0mGET /api/v1/events \u001b[32m200\u001b[0m 49.126 ms - -\u001b[0m","timestamp":"2026-07-09 07:06:01"}
{"level":"info","message":"\u001b[0mGET /api/v1/gallery?type=video \u001b[32m200\u001b[0m 39.926 ms - 36\u001b[0m","timestamp":"2026-07-09 07:06:05"}
{"level":"info","message":"\u001b[0mGET /api/v1/gallery?type=video \u001b[32m200\u001b[0m 30.211 ms - 36\u001b[0m","timestamp":"2026-07-09 07:06:05"}
{"level":"info","message":"\u001b[0mGET /api/v1/gallery?type=photo \u001b[32m200\u001b[0m 38.595 ms - 36\u001b[0m","timestamp":"2026-07-09 07:06:09"}
{"level":"info","message":"\u001b[0mGET /api/v1/gallery?type=photo \u001b[32m200\u001b[0m 45.148 ms - 36\u001b[0m","timestamp":"2026-07-09 07:06:10"}
{"level":"info","message":"\u001b[0mGET /api/v1/members \u001b[32m200\u001b[0m 143.512 ms - -\u001b[0m","timestamp":"2026-07-09 07:07:24"}
{"level":"info","message":"\u001b[0mGET /api/v1/members \u001b[32m200\u001b[0m 61.136 ms - -\u001b[0m","timestamp":"2026-07-09 07:07:24"}
{"level":"info","message":"\u001b[0mGET /api/v1/members/6a3f80ae1dc14d52c9567faa \u001b[32m200\u001b[0m 81.378 ms - 686\u001b[0m","timestamp":"2026-07-09 07:08:15"}
{"level":"info","message":"\u001b[0mGET /api/v1/members/6a3f80ae1dc14d52c9567faa \u001b[32m200\u001b[0m 75.465 ms - 686\u001b[0m","timestamp":"2026-07-09 07:08:15"}
{"level":"info","message":"\u001b[0mGET /api/v1/members \u001b[32m200\u001b[0m 62.856 ms - -\u001b[0m","timestamp":"2026-07-09 07:08:26"}
{"level":"info","message":"\u001b[0mGET /api/v1/members \u001b[32m200\u001b[0m 56.690 ms - -\u001b[0m","timestamp":"2026-07-09 07:08:26"}
{"level":"info","message":"\u001b[0mGET /api/v1/events \u001b[32m200\u001b[0m 52.792 ms - -\u001b[0m","timestamp":"2026-07-09 07:08:30"}
{"level":"info","message":"\u001b[0mGET /api/v1/members \u001b[32m200\u001b[0m 44.287 ms - -\u001b[0m","timestamp":"2026-07-09 07:10:55"}
{"level":"info","message":"\u001b[0mGET /api/v1/members \u001b[32m200\u001b[0m 36.604 ms - -\u001b[0m","timestamp":"2026-07-09 07:10:55"}
{"level":"info","message":"MongoDB connected successfully","timestamp":"2026-07-09 09:33:15"}
{"level":"info","message":"Server running in development mode on port 5000","timestamp":"2026-07-09 09:33:15"}
{"level":"info","message":"MongoDB connected successfully","timestamp":"2026-07-09 15:06:07"}
{"level":"info","message":"Server running in development mode on port 5000","timestamp":"2026-07-09 15:06:07"}
{"level":"info","message":"\u001b[0mGET /api/v1/admins/me \u001b[32m200\u001b[0m 190.201 ms - 435\u001b[0m","timestamp":"2026-07-09 09:36:19"}
{"level":"info","message":"\u001b[0mGET /api/v1/contacts?page=1&limit=1&isResolved=false \u001b[32m200\u001b[0m 192.801 ms - 451\u001b[0m","timestamp":"2026-07-09 09:36:19"}
{"level":"info","message":"\u001b[0mGET /api/v1/members?page=1&limit=1 \u001b[32m200\u001b[0m 181.363 ms - -\u001b[0m","timestamp":"2026-07-09 09:36:19"}
{"level":"info","message":"\u001b[0mGET /api/v1/admins \u001b[32m200\u001b[0m 197.401 ms - -\u001b[0m","timestamp":"2026-07-09 09:36:19"}
{"level":"info","message":"\u001b[0mGET /api/v1/payments?page=1&limit=1 \u001b[32m200\u001b[0m 491.982 ms - 152\u001b[0m","timestamp":"2026-07-09 09:36:19"}
{"level":"info","message":"\u001b[0mGET /api/v1/events \u001b[32m200\u001b[0m 80.321 ms - -\u001b[0m","timestamp":"2026-07-09 09:36:32"}
{"level":"info","message":"\u001b[0mGET /api/v1/events \u001b[32m200\u001b[0m 51.065 ms - -\u001b[0m","timestamp":"2026-07-09 09:36:32"}
{"level":"info","message":"\u001b[0mGET /api/v1/members \u001b[32m200\u001b[0m 49.176 ms - -\u001b[0m","timestamp":"2026-07-09 09:36:50"}
{"level":"info","message":"\u001b[0mGET /api/v1/members \u001b[32m200\u001b[0m 62.671 ms - -\u001b[0m","timestamp":"2026-07-09 09:36:50"}
{"level":"info","message":"\u001b[0mGET /api/v1/gallery?type=photo \u001b[32m200\u001b[0m 51.335 ms - 36\u001b[0m","timestamp":"2026-07-09 09:37:01"}
{"level":"info","message":"\u001b[0mGET /api/v1/gallery?type=photo \u001b[32m200\u001b[0m 36.641 ms - 36\u001b[0m","timestamp":"2026-07-09 09:37:01"}
{"level":"info","message":"\u001b[0mGET /api/v1/events \u001b[32m200\u001b[0m 197.494 ms - -\u001b[0m","timestamp":"2026-07-09 09:48:23"}
{"level":"info","message":"\u001b[0mGET /api/v1/events \u001b[32m200\u001b[0m 84.816 ms - -\u001b[0m","timestamp":"2026-07-09 09:48:23"}
{"level":"info","message":"\u001b[0mGET /api/v1/members \u001b[32m200\u001b[0m 94.241 ms - -\u001b[0m","timestamp":"2026-07-09 09:48:30"}
{"level":"info","message":"\u001b[0mGET /api/v1/members \u001b[32m200\u001b[0m 82.214 ms - -\u001b[0m","timestamp":"2026-07-09 09:48:30"}
{"level":"info","message":"\u001b[0mGET /api/v1/gallery?type=video \u001b[32m200\u001b[0m 54.802 ms - 36\u001b[0m","timestamp":"2026-07-09 09:48:37"}
{"level":"info","message":"\u001b[0mGET /api/v1/gallery?type=video \u001b[32m200\u001b[0m 44.269 ms - 36\u001b[0m","timestamp":"2026-07-09 09:48:37"}
{"level":"info","message":"\u001b[0mGET /api/v1/gallery?type=photo \u001b[32m200\u001b[0m 59.141 ms - 36\u001b[0m","timestamp":"2026-07-09 09:48:39"}
{"level":"info","message":"\u001b[0mGET /api/v1/gallery?type=photo \u001b[32m200\u001b[0m 46.677 ms - 36\u001b[0m","timestamp":"2026-07-09 09:48:39"}
{"level":"info","message":"\u001b[0mGET /api/v1/events \u001b[32m200\u001b[0m 53.412 ms - -\u001b[0m","timestamp":"2026-07-09 09:48:45"}
{"level":"info","message":"\u001b[0mGET /api/v1/members \u001b[32m200\u001b[0m 49.404 ms - -\u001b[0m","timestamp":"2026-07-09 09:48:49"}
{"level":"info","message":"\u001b[0mGET /api/v1/members \u001b[32m200\u001b[0m 118.476 ms - -\u001b[0m","timestamp":"2026-07-09 09:48:49"}
{"level":"info","message":"\u001b[0mGET /api/v1/events \u001b[32m200\u001b[0m 129.021 ms - -\u001b[0m","timestamp":"2026-07-09 10:00:36"}
{"level":"info","message":"\u001b[0mGET /api/v1/members \u001b[32m200\u001b[0m 96.323 ms - -\u001b[0m","timestamp":"2026-07-09 10:09:20"}
{"level":"info","message":"\u001b[0mGET /api/v1/members \u001b[32m200\u001b[0m 106.796 ms - -\u001b[0m","timestamp":"2026-07-09 10:09:20"}
{"level":"info","message":"MongoDB connected successfully","timestamp":"2026-07-09 15:52:22"}
{"level":"info","message":"Server running in development mode on port 5000","timestamp":"2026-07-09 15:52:22"}
{"level":"info","message":"MongoDB connected successfully","timestamp":"2026-07-09 16:14:18"}
{"level":"info","message":"Server running in development mode on port 5000","timestamp":"2026-07-09 16:14:18"}
