{"level":"info","message":"MongoDB connected successfully","timestamp":"2026-07-11 10:20:42"}
{"level":"info","message":"Server running in development mode on port 5000","timestamp":"2026-07-11 10:20:42"}
{"level":"info","message":"\u001b[0mGET /api/v1/events/upcoming \u001b[32m200\u001b[0m 160.863 ms - -\u001b[0m","timestamp":"2026-07-11 10:20:45"}
{"level":"info","message":"\u001b[0mGET /api/v1/events/upcoming \u001b[32m200\u001b[0m 455.591 ms - -\u001b[0m","timestamp":"2026-07-11 10:20:45"}
{"level":"info","message":"\u001b[0mGET /api/v1/events/upcoming \u001b[32m200\u001b[0m 147.766 ms - -\u001b[0m","timestamp":"2026-07-11 10:20:46"}
{"level":"info","message":"\u001b[0mGET /api/v1/events/upcoming \u001b[32m200\u001b[0m 104.079 ms - -\u001b[0m","timestamp":"2026-07-11 10:20:46"}
{"level":"info","message":"\u001b[0mGET /api/v1/gallery?type=video \u001b[32m200\u001b[0m 49.589 ms - 444\u001b[0m","timestamp":"2026-07-11 10:25:40"}
{"level":"info","message":"\u001b[0mGET /api/v1/gallery?type=video \u001b[32m200\u001b[0m 40.814 ms - 444\u001b[0m","timestamp":"2026-07-11 10:25:40"}
{"level":"info","message":"\u001b[0mGET /api/v1/events \u001b[32m200\u001b[0m 56.091 ms - -\u001b[0m","timestamp":"2026-07-11 10:25:56"}
{"level":"info","message":"\u001b[0mGET /api/v1/members \u001b[32m200\u001b[0m 42.089 ms - -\u001b[0m","timestamp":"2026-07-11 10:26:10"}
{"level":"info","message":"\u001b[0mGET /api/v1/members \u001b[32m200\u001b[0m 52.070 ms - -\u001b[0m","timestamp":"2026-07-11 10:26:10"}
{"level":"info","message":"\u001b[0mGET /api/v1/events/upcoming \u001b[32m200\u001b[0m 70.107 ms - -\u001b[0m","timestamp":"2026-07-11 10:32:05"}
{"level":"info","message":"\u001b[0mGET /api/v1/events/upcoming \u001b[32m200\u001b[0m 45.413 ms - -\u001b[0m","timestamp":"2026-07-11 10:32:05"}
{"level":"info","message":"\u001b[0mGET /api/v1/admins/me \u001b[32m200\u001b[0m 121.820 ms - 435\u001b[0m","timestamp":"2026-07-11 10:33:05"}
{"level":"info","message":"\u001b[0mGET /api/v1/members?page=1&limit=1 \u001b[32m200\u001b[0m 148.484 ms - -\u001b[0m","timestamp":"2026-07-11 10:33:05"}
{"level":"info","message":"\u001b[0mGET /api/v1/admins \u001b[32m200\u001b[0m 122.478 ms - -\u001b[0m","timestamp":"2026-07-11 10:33:05"}
{"level":"info","message":"\u001b[0mGET /api/v1/payments?page=1&limit=1 \u001b[32m200\u001b[0m 412.589 ms - 152\u001b[0m","timestamp":"2026-07-11 10:33:05"}
{"level":"info","message":"\u001b[0mGET /api/v1/contacts?page=1&limit=1&isResolved=false \u001b[32m200\u001b[0m 442.884 ms - 451\u001b[0m","timestamp":"2026-07-11 10:33:05"}
{"level":"info","message":"\u001b[0mGET /api/v1/members?page=1&limit=12 \u001b[32m200\u001b[0m 88.143 ms - -\u001b[0m","timestamp":"2026-07-11 10:33:09"}
{"level":"info","message":"\u001b[0mGET /api/v1/events \u001b[32m200\u001b[0m 51.031 ms - -\u001b[0m","timestamp":"2026-07-11 10:33:13"}
{"level":"info","message":"\u001b[0mGET /api/v1/payments?page=1&limit=12 \u001b[32m200\u001b[0m 127.611 ms - 153\u001b[0m","timestamp":"2026-07-11 10:33:14"}
{"level":"info","message":"\u001b[0mGET /api/v1/contacts?page=1&limit=10 \u001b[32m200\u001b[0m 109.126 ms - -\u001b[0m","timestamp":"2026-07-11 10:33:16"}
{"level":"info","message":"\u001b[0mGET /api/v1/enquiry?page=1&limit=12 \u001b[32m200\u001b[0m 105.075 ms - -\u001b[0m","timestamp":"2026-07-11 10:33:17"}
{"level":"info","message":"\u001b[0mGET /api/v1/sponsor/admin \u001b[32m200\u001b[0m 102.080 ms - -\u001b[0m","timestamp":"2026-07-11 10:33:18"}
{"level":"info","message":"\u001b[0mGET /api/v1/gallery \u001b[32m200\u001b[0m 33.415 ms - 846\u001b[0m","timestamp":"2026-07-11 10:33:20"}
{"level":"info","message":"\u001b[0mDELETE /api/v1/events/6a50a23e17515909dc321403 \u001b[32m200\u001b[0m 217.499 ms - 55\u001b[0m","timestamp":"2026-07-11 10:33:36"}
{"level":"info","message":"\u001b[0mGET /api/v1/events \u001b[32m200\u001b[0m 74.416 ms - -\u001b[0m","timestamp":"2026-07-11 10:33:36"}
{"level":"info","message":"\u001b[0mDELETE /api/v1/events/6a50c5227ee1afff4bb10b4e \u001b[32m200\u001b[0m 86.275 ms - 55\u001b[0m","timestamp":"2026-07-11 10:33:43"}
{"level":"info","message":"\u001b[0mGET /api/v1/events \u001b[32m200\u001b[0m 41.206 ms - -\u001b[0m","timestamp":"2026-07-11 10:33:43"}
{"level":"info","message":"\u001b[0mPOST /api/v1/events/create \u001b[32m201\u001b[0m 26979.043 ms - -\u001b[0m","timestamp":"2026-07-11 10:37:18"}
{"level":"info","message":"\u001b[0mGET /api/v1/events \u001b[32m200\u001b[0m 48.840 ms - -\u001b[0m","timestamp":"2026-07-11 10:37:18"}
{"level":"info","message":"\u001b[0mPOST /api/v1/events/create \u001b[32m201\u001b[0m 14527.563 ms - 877\u001b[0m","timestamp":"2026-07-11 10:38:45"}
{"level":"info","message":"\u001b[0mGET /api/v1/events \u001b[32m200\u001b[0m 45.712 ms - -\u001b[0m","timestamp":"2026-07-11 10:38:46"}
{"level":"info","message":"\u001b[0mGET /api/v1/events/upcoming \u001b[32m200\u001b[0m 57.411 ms - -\u001b[0m","timestamp":"2026-07-11 10:38:55"}
{"level":"info","message":"\u001b[0mGET /api/v1/events/upcoming \u001b[32m200\u001b[0m 37.537 ms - -\u001b[0m","timestamp":"2026-07-11 10:38:55"}
{"level":"info","message":"\u001b[0mGET /api/v1/events/upcoming \u001b[32m200\u001b[0m 54.269 ms - -\u001b[0m","timestamp":"2026-07-11 10:39:00"}
{"level":"info","message":"\u001b[0mGET /api/v1/events/upcoming \u001b[32m200\u001b[0m 68.224 ms - -\u001b[0m","timestamp":"2026-07-11 10:39:00"}
{"level":"info","message":"\u001b[0mGET /api/v1/admins/me \u001b[32m200\u001b[0m 74.247 ms - 435\u001b[0m","timestamp":"2026-07-11 10:39:11"}
{"level":"info","message":"\u001b[0mGET /api/v1/events \u001b[32m200\u001b[0m 53.415 ms - -\u001b[0m","timestamp":"2026-07-11 10:39:11"}
{"level":"info","message":"\u001b[0mGET /api/v1/events/upcoming \u001b[32m200\u001b[0m 51.963 ms - -\u001b[0m","timestamp":"2026-07-11 10:39:18"}
{"level":"info","message":"\u001b[0mGET /api/v1/events/upcoming \u001b[32m200\u001b[0m 55.363 ms - -\u001b[0m","timestamp":"2026-07-11 10:39:18"}
{"level":"info","message":"\u001b[0mGET /api/v1/events \u001b[32m200\u001b[0m 81.624 ms - -\u001b[0m","timestamp":"2026-07-11 10:39:20"}
{"level":"info","message":"\u001b[0mGET /api/v1/events/upcoming \u001b[32m200\u001b[0m 41.549 ms - -\u001b[0m","timestamp":"2026-07-11 10:39:52"}
{"level":"info","message":"\u001b[0mGET /api/v1/events/upcoming \u001b[32m200\u001b[0m 36.093 ms - -\u001b[0m","timestamp":"2026-07-11 10:39:52"}
{"level":"info","message":"\u001b[0mDELETE /api/v1/events/6a51cf855f11bfd6594f9f14 \u001b[32m200\u001b[0m 142.966 ms - 55\u001b[0m","timestamp":"2026-07-11 10:40:13"}
{"level":"info","message":"\u001b[0mGET /api/v1/events \u001b[32m200\u001b[0m 32.386 ms - -\u001b[0m","timestamp":"2026-07-11 10:40:13"}
{"level":"info","message":"\u001b[0mPOST /api/v1/events/create \u001b[32m201\u001b[0m 7151.690 ms - 878\u001b[0m","timestamp":"2026-07-11 10:41:23"}
{"level":"info","message":"\u001b[0mGET /api/v1/events \u001b[32m200\u001b[0m 46.130 ms - -\u001b[0m","timestamp":"2026-07-11 10:41:23"}
{"level":"info","message":"\u001b[0mGET /api/v1/events/upcoming \u001b[32m200\u001b[0m 46.669 ms - -\u001b[0m","timestamp":"2026-07-11 10:41:30"}
{"level":"info","message":"\u001b[0mGET /api/v1/events/upcoming \u001b[32m200\u001b[0m 79.784 ms - -\u001b[0m","timestamp":"2026-07-11 10:41:30"}
{"level":"info","message":"\u001b[0mGET /api/v1/events \u001b[32m200\u001b[0m 38.007 ms - -\u001b[0m","timestamp":"2026-07-11 10:41:36"}
{"level":"info","message":"\u001b[0mGET /api/v1/events/upcoming \u001b[32m200\u001b[0m 36.896 ms - -\u001b[0m","timestamp":"2026-07-11 10:41:46"}
{"level":"info","message":"\u001b[0mGET /api/v1/events/upcoming \u001b[32m200\u001b[0m 56.874 ms - -\u001b[0m","timestamp":"2026-07-11 10:41:46"}
{"level":"warn","message":"POST /api/v1/enquiry/create - Validation failed","timestamp":"2026-07-11 10:42:31"}
{"level":"info","message":"\u001b[0mPOST /api/v1/enquiry/create \u001b[33m422\u001b[0m 54.209 ms - 332\u001b[0m","timestamp":"2026-07-11 10:42:31"}
{"level":"warn","message":"POST /api/v1/enquiry/create - Validation failed","timestamp":"2026-07-11 10:42:31"}
{"level":"info","message":"\u001b[0mPOST /api/v1/enquiry/create \u001b[33m422\u001b[0m 31.198 ms - 332\u001b[0m","timestamp":"2026-07-11 10:42:31"}
{"level":"info","message":"\u001b[0mGET /api/v1/members \u001b[32m200\u001b[0m 58.516 ms - -\u001b[0m","timestamp":"2026-07-11 10:45:21"}
{"level":"info","message":"\u001b[0mGET /api/v1/members \u001b[32m200\u001b[0m 36.269 ms - -\u001b[0m","timestamp":"2026-07-11 10:45:21"}
{"level":"info","message":"\u001b[0mGET /api/v1/members/6a50beff42620c065d9eb018 \u001b[32m200\u001b[0m 36.374 ms - 644\u001b[0m","timestamp":"2026-07-11 10:45:24"}
{"level":"info","message":"\u001b[0mGET /api/v1/members/6a50beff42620c065d9eb018 \u001b[32m200\u001b[0m 34.435 ms - 644\u001b[0m","timestamp":"2026-07-11 10:45:24"}
{"level":"info","message":"\u001b[0mGET /api/v1/members \u001b[32m200\u001b[0m 35.043 ms - -\u001b[0m","timestamp":"2026-07-11 10:45:30"}
{"level":"info","message":"\u001b[0mGET /api/v1/members \u001b[32m200\u001b[0m 44.255 ms - -\u001b[0m","timestamp":"2026-07-11 10:45:30"}
{"level":"info","message":"\u001b[0mGET /api/v1/members/6a50beff42620c065d9eb018 \u001b[32m200\u001b[0m 43.315 ms - 644\u001b[0m","timestamp":"2026-07-11 10:45:33"}
{"level":"info","message":"\u001b[0mGET /api/v1/members/6a50beff42620c065d9eb018 \u001b[32m200\u001b[0m 34.225 ms - 644\u001b[0m","timestamp":"2026-07-11 10:45:33"}
{"level":"info","message":"\u001b[0mGET /api/v1/members \u001b[32m200\u001b[0m 37.488 ms - -\u001b[0m","timestamp":"2026-07-11 10:45:36"}
{"level":"info","message":"\u001b[0mGET /api/v1/members \u001b[32m200\u001b[0m 37.058 ms - -\u001b[0m","timestamp":"2026-07-11 10:45:36"}
{"level":"info","message":"\u001b[0mGET /api/v1/members \u001b[32m200\u001b[0m 40.468 ms - -\u001b[0m","timestamp":"2026-07-11 10:49:00"}
{"level":"info","message":"\u001b[0mGET /api/v1/members \u001b[32m200\u001b[0m 39.018 ms - -\u001b[0m","timestamp":"2026-07-11 10:49:00"}
{"level":"info","message":"\u001b[0mGET /api/v1/events/upcoming \u001b[32m200\u001b[0m 67.087 ms - -\u001b[0m","timestamp":"2026-07-11 10:49:58"}
{"level":"info","message":"\u001b[0mGET /api/v1/events/upcoming \u001b[32m200\u001b[0m 32.337 ms - -\u001b[0m","timestamp":"2026-07-11 10:49:58"}
{"level":"info","message":"\u001b[0mGET /api/v1/events \u001b[32m200\u001b[0m 46.161 ms - -\u001b[0m","timestamp":"2026-07-11 10:50:14"}
{"level":"info","message":"\u001b[0mGET /api/v1/sponsor \u001b[32m200\u001b[0m 86.852 ms - -\u001b[0m","timestamp":"2026-07-11 10:50:29"}
{"level":"info","message":"\u001b[0mGET /api/v1/sponsor \u001b[32m200\u001b[0m 48.193 ms - -\u001b[0m","timestamp":"2026-07-11 10:50:29"}
{"level":"info","message":"\u001b[0mGET /api/v1/gallery?type=photo \u001b[32m200\u001b[0m 41.153 ms - 437\u001b[0m","timestamp":"2026-07-11 10:50:41"}
{"level":"info","message":"\u001b[0mGET /api/v1/gallery?type=photo \u001b[32m200\u001b[0m 52.529 ms - 437\u001b[0m","timestamp":"2026-07-11 10:50:41"}
{"level":"info","message":"\u001b[0mGET /api/v1/gallery?type=video \u001b[32m200\u001b[0m 32.636 ms - 444\u001b[0m","timestamp":"2026-07-11 10:50:45"}
{"level":"info","message":"\u001b[0mGET /api/v1/gallery?type=video \u001b[32m200\u001b[0m 39.583 ms - 444\u001b[0m","timestamp":"2026-07-11 10:50:45"}
{"level":"info","message":"\u001b[0mGET /api/v1/events/upcoming \u001b[32m200\u001b[0m 34.630 ms - -\u001b[0m","timestamp":"2026-07-11 10:50:47"}
{"level":"info","message":"\u001b[0mGET /api/v1/events/upcoming \u001b[32m200\u001b[0m 37.932 ms - -\u001b[0m","timestamp":"2026-07-11 10:50:48"}
{"level":"info","message":"\u001b[0mGET /api/v1/events/upcoming \u001b[32m200\u001b[0m 84.273 ms - -\u001b[0m","timestamp":"2026-07-11 10:58:58"}
{"level":"info","message":"\u001b[0mGET /api/v1/events/upcoming \u001b[32m200\u001b[0m 41.004 ms - -\u001b[0m","timestamp":"2026-07-11 10:58:58"}
{"level":"info","message":"\u001b[0mGET /api/v1/events/upcoming \u001b[32m200\u001b[0m 49.867 ms - -\u001b[0m","timestamp":"2026-07-11 10:59:35"}
{"level":"info","message":"\u001b[0mGET /api/v1/events/upcoming \u001b[32m200\u001b[0m 70.763 ms - -\u001b[0m","timestamp":"2026-07-11 10:59:35"}
{"level":"info","message":"\u001b[0mGET /api/v1/events/upcoming \u001b[32m200\u001b[0m 133.794 ms - -\u001b[0m","timestamp":"2026-07-11 11:05:32"}
{"level":"info","message":"\u001b[0mGET /api/v1/events/upcoming \u001b[32m200\u001b[0m 40.724 ms - -\u001b[0m","timestamp":"2026-07-11 11:05:32"}
