{"level":"info","message":"\u001b[0mPOST /api/v1/enquiry/create \u001b[32m201\u001b[0m 80.750 ms - 397\u001b[0m","timestamp":"2026-06-19 00:06:55"}
{"level":"info","message":"\u001b[0mGET /api/v1/admins/me \u001b[32m200\u001b[0m 219.211 ms - 435\u001b[0m","timestamp":"2026-06-19 00:07:07"}
{"level":"info","message":"\u001b[0mGET /api/v1/enquiry?page=1&limit=12 \u001b[32m200\u001b[0m 332.484 ms - -\u001b[0m","timestamp":"2026-06-19 00:07:07"}
{"level":"info","message":"\u001b[0mGET /api/v1/enquiry?page=1&limit=12&status=resolved \u001b[32m200\u001b[0m 107.675 ms - -\u001b[0m","timestamp":"2026-06-19 00:07:17"}
{"level":"info","message":"\u001b[0mGET /api/v1/enquiry?page=1&limit=12&status=pending \u001b[32m200\u001b[0m 130.241 ms - -\u001b[0m","timestamp":"2026-06-19 00:07:20"}
{"level":"info","message":"\u001b[0mGET /api/v1/enquiry?page=1&limit=12&status=rejected \u001b[32m200\u001b[0m 98.066 ms - -\u001b[0m","timestamp":"2026-06-19 00:07:23"}
{"level":"info","message":"\u001b[0mGET /api/v1/admins/me \u001b[32m200\u001b[0m 199.249 ms - 435\u001b[0m","timestamp":"2026-06-19 00:09:57"}
{"level":"info","message":"\u001b[0mGET /api/v1/enquiry?page=1&limit=12 \u001b[32m200\u001b[0m 306.864 ms - -\u001b[0m","timestamp":"2026-06-19 00:09:57"}
{"level":"info","message":"\u001b[0mGET /api/v1/enquiry?page=1&limit=12&status=pending \u001b[32m200\u001b[0m 125.126 ms - -\u001b[0m","timestamp":"2026-06-19 00:10:00"}
{"level":"info","message":"\u001b[0mGET /api/v1/enquiry?page=1&limit=12&status=resolved \u001b[32m200\u001b[0m 131.302 ms - -\u001b[0m","timestamp":"2026-06-19 00:10:04"}
{"level":"info","message":"\u001b[0mGET /api/v1/enquiry?page=1&limit=12&status=rejected \u001b[32m200\u001b[0m 175.134 ms - -\u001b[0m","timestamp":"2026-06-19 00:10:09"}
{"level":"info","message":"\u001b[0mPOST /api/sponsor/create \u001b[32m201\u001b[0m 204.113 ms - 514\u001b[0m","timestamp":"2026-06-19 00:17:15"}
{"level":"info","message":"MongoDB connected successfully","timestamp":"2026-06-19 11:07:39"}
{"level":"info","message":"Server running in development mode on port 5000","timestamp":"2026-06-19 11:07:39"}
{"level":"info","message":"\u001b[0mGET /api/v1/admins/me \u001b[32m200\u001b[0m 163.870 ms - 435\u001b[0m","timestamp":"2026-06-19 11:08:38"}
{"level":"info","message":"\u001b[0mGET /api/v1/enquiry?page=1&limit=12 \u001b[32m200\u001b[0m 72.296 ms - -\u001b[0m","timestamp":"2026-06-19 11:08:40"}
{"level":"info","message":"\u001b[0mGET /api/v1/members?page=1&limit=12 \u001b[32m200\u001b[0m 119.098 ms - -\u001b[0m","timestamp":"2026-06-19 11:08:46"}
{"level":"info","message":"\u001b[0mGET /api/v1/members?page=1&limit=1 \u001b[31m500\u001b[0m 5113.407 ms - 94\u001b[0m","timestamp":"2026-06-19 11:36:27"}
{"level":"error","message":"GET /api/v1/contacts?page=1&limit=1&isResolved=false - getaddrinfo ENOTFOUND ac-uvh36qw-shard-00-01.qpvywp0.mongodb.net","stack":"MongoServerSelectionError: getaddrinfo ENOTFOUND ac-uvh36qw-shard-00-01.qpvywp0.mongodb.net\n    at Topology.selectServer (C:\\Users\\ekta3\\OneDrive\\Desktop\\New folder\\Khatu-Shyam-web\\backend\\node_modules\\mongodb\\lib\\sdam\\topology.js:348:38)\n    at async executeOperationWithRetries (C:\\Users\\ekta3\\OneDrive\\Desktop\\New folder\\Khatu-Shyam-web\\backend\\node_modules\\mongodb\\lib\\operations\\execute_operation.js:157:18)\n    at async executeOperation (C:\\Users\\ekta3\\OneDrive\\Desktop\\New folder\\Khatu-Shyam-web\\backend\\node_modules\\mongodb\\lib\\operations\\execute_operation.js:83:16)\n    at async FindCursor._initialize (C:\\Users\\ekta3\\OneDrive\\Desktop\\New folder\\Khatu-Shyam-web\\backend\\node_modules\\mongodb\\lib\\cursor\\find_cursor.js:62:26)\n    at async FindCursor.cursorInit (C:\\Users\\ekta3\\OneDrive\\Desktop\\New folder\\Khatu-Shyam-web\\backend\\node_modules\\mongodb\\lib\\cursor\\abstract_cursor.js:620:27)\n    at async FindCursor.fetchBatch (C:\\Users\\ekta3\\OneDrive\\Desktop\\New folder\\Khatu-Shyam-web\\backend\\node_modules\\mongodb\\lib\\cursor\\abstract_cursor.js:654:13)\n    at async FindCursor.next (C:\\Users\\ekta3\\OneDrive\\Desktop\\New folder\\Khatu-Shyam-web\\backend\\node_modules\\mongodb\\lib\\cursor\\abstract_cursor.js:326:17)\n    at async Collection.findOne (C:\\Users\\ekta3\\OneDrive\\Desktop\\New folder\\Khatu-Shyam-web\\backend\\node_modules\\mongodb\\lib\\collection.js:313:24)\n    at async model.Query._findOne (C:\\Users\\ekta3\\OneDrive\\Desktop\\New folder\\Khatu-Shyam-web\\backend\\node_modules\\mongoose\\lib\\query.js:2771:15)\n    at async model.Query.exec (C:\\Users\\ekta3\\OneDrive\\Desktop\\New folder\\Khatu-Shyam-web\\backend\\node_modules\\mongoose\\lib\\query.js:4797:63)","timestamp":"2026-06-19 11:36:27"}
{"level":"info","message":"\u001b[0mGET /api/v1/contacts?page=1&limit=1&isResolved=false \u001b[31m500\u001b[0m 5094.368 ms - 182\u001b[0m","timestamp":"2026-06-19 11:36:27"}
{"level":"error","message":"GET /api/v1/payments?page=1&limit=1 - getaddrinfo ENOTFOUND ac-uvh36qw-shard-00-01.qpvywp0.mongodb.net","stack":"MongoServerSelectionError: getaddrinfo ENOTFOUND ac-uvh36qw-shard-00-01.qpvywp0.mongodb.net\n    at Topology.selectServer (C:\\Users\\ekta3\\OneDrive\\Desktop\\New folder\\Khatu-Shyam-web\\backend\\node_modules\\mongodb\\lib\\sdam\\topology.js:348:38)\n    at async executeOperationWithRetries (C:\\Users\\ekta3\\OneDrive\\Desktop\\New folder\\Khatu-Shyam-web\\backend\\node_modules\\mongodb\\lib\\operations\\execute_operation.js:157:18)\n    at async executeOperation (C:\\Users\\ekta3\\OneDrive\\Desktop\\New folder\\Khatu-Shyam-web\\backend\\node_modules\\mongodb\\lib\\operations\\execute_operation.js:83:16)\n    at async FindCursor._initialize (C:\\Users\\ekta3\\OneDrive\\Desktop\\New folder\\Khatu-Shyam-web\\backend\\node_modules\\mongodb\\lib\\cursor\\find_cursor.js:62:26)\n    at async FindCursor.cursorInit (C:\\Users\\ekta3\\OneDrive\\Desktop\\New folder\\Khatu-Shyam-web\\backend\\node_modules\\mongodb\\lib\\cursor\\abstract_cursor.js:620:27)\n    at async FindCursor.fetchBatch (C:\\Users\\ekta3\\OneDrive\\Desktop\\New folder\\Khatu-Shyam-web\\backend\\node_modules\\mongodb\\lib\\cursor\\abstract_cursor.js:654:13)\n    at async FindCursor.next (C:\\Users\\ekta3\\OneDrive\\Desktop\\New folder\\Khatu-Shyam-web\\backend\\node_modules\\mongodb\\lib\\cursor\\abstract_cursor.js:326:17)\n    at async Collection.findOne (C:\\Users\\ekta3\\OneDrive\\Desktop\\New folder\\Khatu-Shyam-web\\backend\\node_modules\\mongodb\\lib\\collection.js:313:24)\n    at async model.Query._findOne (C:\\Users\\ekta3\\OneDrive\\Desktop\\New folder\\Khatu-Shyam-web\\backend\\node_modules\\mongoose\\lib\\query.js:2771:15)\n    at async model.Query.exec (C:\\Users\\ekta3\\OneDrive\\Desktop\\New folder\\Khatu-Shyam-web\\backend\\node_modules\\mongoose\\lib\\query.js:4797:63)","timestamp":"2026-06-19 11:36:27"}
{"level":"info","message":"\u001b[0mGET /api/v1/payments?page=1&limit=1 \u001b[31m500\u001b[0m 5026.467 ms - 182\u001b[0m","timestamp":"2026-06-19 11:36:27"}
{"level":"error","message":"GET /api/v1/admins - getaddrinfo ENOTFOUND ac-uvh36qw-shard-00-01.qpvywp0.mongodb.net","stack":"MongoServerSelectionError: getaddrinfo ENOTFOUND ac-uvh36qw-shard-00-01.qpvywp0.mongodb.net\n    at Topology.selectServer (C:\\Users\\ekta3\\OneDrive\\Desktop\\New folder\\Khatu-Shyam-web\\backend\\node_modules\\mongodb\\lib\\sdam\\topology.js:348:38)\n    at async executeOperationWithRetries (C:\\Users\\ekta3\\OneDrive\\Desktop\\New folder\\Khatu-Shyam-web\\backend\\node_modules\\mongodb\\lib\\operations\\execute_operation.js:157:18)\n    at async executeOperation (C:\\Users\\ekta3\\OneDrive\\Desktop\\New folder\\Khatu-Shyam-web\\backend\\node_modules\\mongodb\\lib\\operations\\execute_operation.js:83:16)\n    at async FindCursor._initialize (C:\\Users\\ekta3\\OneDrive\\Desktop\\New folder\\Khatu-Shyam-web\\backend\\node_modules\\mongodb\\lib\\cursor\\find_cursor.js:62:26)\n    at async FindCursor.cursorInit (C:\\Users\\ekta3\\OneDrive\\Desktop\\New folder\\Khatu-Shyam-web\\backend\\node_modules\\mongodb\\lib\\cursor\\abstract_cursor.js:620:27)\n    at async FindCursor.fetchBatch (C:\\Users\\ekta3\\OneDrive\\Desktop\\New folder\\Khatu-Shyam-web\\backend\\node_modules\\mongodb\\lib\\cursor\\abstract_cursor.js:654:13)\n    at async FindCursor.next (C:\\Users\\ekta3\\OneDrive\\Desktop\\New folder\\Khatu-Shyam-web\\backend\\node_modules\\mongodb\\lib\\cursor\\abstract_cursor.js:326:17)\n    at async Collection.findOne (C:\\Users\\ekta3\\OneDrive\\Desktop\\New folder\\Khatu-Shyam-web\\backend\\node_modules\\mongodb\\lib\\collection.js:313:24)\n    at async model.Query._findOne (C:\\Users\\ekta3\\OneDrive\\Desktop\\New folder\\Khatu-Shyam-web\\backend\\node_modules\\mongoose\\lib\\query.js:2771:15)\n    at async model.Query.exec (C:\\Users\\ekta3\\OneDrive\\Desktop\\New folder\\Khatu-Shyam-web\\backend\\node_modules\\mongoose\\lib\\query.js:4797:63)","timestamp":"2026-06-19 11:36:27"}
{"level":"info","message":"\u001b[0mGET /api/v1/admins \u001b[31m500\u001b[0m 5042.530 ms - 182\u001b[0m","timestamp":"2026-06-19 11:36:27"}
{"level":"info","message":"\u001b[0mGET /api/v1/members?page=1&limit=12 \u001b[31m500\u001b[0m 5020.163 ms - 94\u001b[0m","timestamp":"2026-06-19 11:36:28"}
{"level":"error","message":"GET /api/v1/payments?page=1&limit=12 - getaddrinfo ENOTFOUND ac-uvh36qw-shard-00-01.qpvywp0.mongodb.net","stack":"MongoServerSelectionError: getaddrinfo ENOTFOUND ac-uvh36qw-shard-00-01.qpvywp0.mongodb.net\n    at Topology.selectServer (C:\\Users\\ekta3\\OneDrive\\Desktop\\New folder\\Khatu-Shyam-web\\backend\\node_modules\\mongodb\\lib\\sdam\\topology.js:348:38)\n    at async executeOperationWithRetries (C:\\Users\\ekta3\\OneDrive\\Desktop\\New folder\\Khatu-Shyam-web\\backend\\node_modules\\mongodb\\lib\\operations\\execute_operation.js:157:18)\n    at async executeOperation (C:\\Users\\ekta3\\OneDrive\\Desktop\\New folder\\Khatu-Shyam-web\\backend\\node_modules\\mongodb\\lib\\operations\\execute_operation.js:83:16)\n    at async FindCursor._initialize (C:\\Users\\ekta3\\OneDrive\\Desktop\\New folder\\Khatu-Shyam-web\\backend\\node_modules\\mongodb\\lib\\cursor\\find_cursor.js:62:26)\n    at async FindCursor.cursorInit (C:\\Users\\ekta3\\OneDrive\\Desktop\\New folder\\Khatu-Shyam-web\\backend\\node_modules\\mongodb\\lib\\cursor\\abstract_cursor.js:620:27)\n    at async FindCursor.fetchBatch (C:\\Users\\ekta3\\OneDrive\\Desktop\\New folder\\Khatu-Shyam-web\\backend\\node_modules\\mongodb\\lib\\cursor\\abstract_cursor.js:654:13)\n    at async FindCursor.next (C:\\Users\\ekta3\\OneDrive\\Desktop\\New folder\\Khatu-Shyam-web\\backend\\node_modules\\mongodb\\lib\\cursor\\abstract_cursor.js:326:17)\n    at async Collection.findOne (C:\\Users\\ekta3\\OneDrive\\Desktop\\New folder\\Khatu-Shyam-web\\backend\\node_modules\\mongodb\\lib\\collection.js:313:24)\n    at async model.Query._findOne (C:\\Users\\ekta3\\OneDrive\\Desktop\\New folder\\Khatu-Shyam-web\\backend\\node_modules\\mongoose\\lib\\query.js:2771:15)\n    at async model.Query.exec (C:\\Users\\ekta3\\OneDrive\\Desktop\\New folder\\Khatu-Shyam-web\\backend\\node_modules\\mongoose\\lib\\query.js:4797:63)","timestamp":"2026-06-19 11:36:30"}
{"level":"info","message":"\u001b[0mGET /api/v1/payments?page=1&limit=12 \u001b[31m500\u001b[0m 5018.230 ms - 182\u001b[0m","timestamp":"2026-06-19 11:36:30"}
{"level":"error","message":"GET /api/v1/contacts?page=1&limit=10 - getaddrinfo ENOTFOUND ac-uvh36qw-shard-00-01.qpvywp0.mongodb.net","stack":"MongoServerSelectionError: getaddrinfo ENOTFOUND ac-uvh36qw-shard-00-01.qpvywp0.mongodb.net\n    at Topology.selectServer (C:\\Users\\ekta3\\OneDrive\\Desktop\\New folder\\Khatu-Shyam-web\\backend\\node_modules\\mongodb\\lib\\sdam\\topology.js:348:38)\n    at async executeOperationWithRetries (C:\\Users\\ekta3\\OneDrive\\Desktop\\New folder\\Khatu-Shyam-web\\backend\\node_modules\\mongodb\\lib\\operations\\execute_operation.js:157:18)\n    at async executeOperation (C:\\Users\\ekta3\\OneDrive\\Desktop\\New folder\\Khatu-Shyam-web\\backend\\node_modules\\mongodb\\lib\\operations\\execute_operation.js:83:16)\n    at async FindCursor._initialize (C:\\Users\\ekta3\\OneDrive\\Desktop\\New folder\\Khatu-Shyam-web\\backend\\node_modules\\mongodb\\lib\\cursor\\find_cursor.js:62:26)\n    at async FindCursor.cursorInit (C:\\Users\\ekta3\\OneDrive\\Desktop\\New folder\\Khatu-Shyam-web\\backend\\node_modules\\mongodb\\lib\\cursor\\abstract_cursor.js:620:27)\n    at async FindCursor.fetchBatch (C:\\Users\\ekta3\\OneDrive\\Desktop\\New folder\\Khatu-Shyam-web\\backend\\node_modules\\mongodb\\lib\\cursor\\abstract_cursor.js:654:13)\n    at async FindCursor.next (C:\\Users\\ekta3\\OneDrive\\Desktop\\New folder\\Khatu-Shyam-web\\backend\\node_modules\\mongodb\\lib\\cursor\\abstract_cursor.js:326:17)\n    at async Collection.findOne (C:\\Users\\ekta3\\OneDrive\\Desktop\\New folder\\Khatu-Shyam-web\\backend\\node_modules\\mongodb\\lib\\collection.js:313:24)\n    at async model.Query._findOne (C:\\Users\\ekta3\\OneDrive\\Desktop\\New folder\\Khatu-Shyam-web\\backend\\node_modules\\mongoose\\lib\\query.js:2771:15)\n    at async model.Query.exec (C:\\Users\\ekta3\\OneDrive\\Desktop\\New folder\\Khatu-Shyam-web\\backend\\node_modules\\mongoose\\lib\\query.js:4797:63)","timestamp":"2026-06-19 11:36:32"}
{"level":"info","message":"\u001b[0mGET /api/v1/contacts?page=1&limit=10 \u001b[31m500\u001b[0m 5021.596 ms - 182\u001b[0m","timestamp":"2026-06-19 11:36:32"}
{"level":"info","message":"\u001b[0mGET /api/v1/enquiry?page=1&limit=12 \u001b[31m500\u001b[0m 5014.395 ms - 94\u001b[0m","timestamp":"2026-06-19 11:36:33"}
{"level":"info","message":"\u001b[0mPOST /api/sponsor/create \u001b[32m201\u001b[0m 482.195 ms - 509\u001b[0m","timestamp":"2026-06-19 11:38:12"}
{"level":"info","message":"MongoDB connected successfully","timestamp":"2026-06-19 11:50:51"}
{"level":"info","message":"Server running in development mode on port 5000","timestamp":"2026-06-19 11:50:51"}
{"level":"info","message":"\u001b[0mGET /api/v1/enquiry?page=1&limit=12 \u001b[32m200\u001b[0m 93.921 ms - -\u001b[0m","timestamp":"2026-06-19 11:51:12"}
{"level":"info","message":"\u001b[0mGET /api/v1/admins/me \u001b[32m200\u001b[0m 305.843 ms - 435\u001b[0m","timestamp":"2026-06-19 11:53:24"}
{"level":"info","message":"\u001b[0mGET /api/v1/members?page=1&limit=1 \u001b[32m200\u001b[0m 300.991 ms - -\u001b[0m","timestamp":"2026-06-19 11:53:24"}
{"level":"info","message":"\u001b[0mGET /api/v1/payments?page=1&limit=1 \u001b[32m200\u001b[0m 303.073 ms - 152\u001b[0m","timestamp":"2026-06-19 11:53:24"}
{"level":"info","message":"\u001b[0mGET /api/v1/contacts?page=1&limit=1&isResolved=false \u001b[32m200\u001b[0m 265.986 ms - 455\u001b[0m","timestamp":"2026-06-19 11:53:24"}
{"level":"info","message":"\u001b[0mGET /api/v1/admins \u001b[32m200\u001b[0m 472.085 ms - 447\u001b[0m","timestamp":"2026-06-19 11:53:24"}
{"level":"info","message":"\u001b[0mGET /api/v1/admins/me \u001b[32m200\u001b[0m 37.206 ms - 435\u001b[0m","timestamp":"2026-06-19 11:55:03"}
{"level":"info","message":"\u001b[0mGET /api/v1/admins/me \u001b[32m200\u001b[0m 43.822 ms - 435\u001b[0m","timestamp":"2026-06-19 11:55:14"}
{"level":"info","message":"\u001b[0mGET /api/v1/admins/me \u001b[32m200\u001b[0m 48.325 ms - 435\u001b[0m","timestamp":"2026-06-19 11:55:17"}
{"level":"info","message":"\u001b[0mGET /api/v1/sponsor \u001b[32m200\u001b[0m 49.574 ms - 930\u001b[0m","timestamp":"2026-06-19 11:55:17"}
{"level":"info","message":"\u001b[0mGET /api/v1/admins \u001b[32m200\u001b[0m 252.097 ms - 447\u001b[0m","timestamp":"2026-06-19 11:55:35"}
{"level":"info","message":"\u001b[0mGET /api/v1/admins/me \u001b[32m200\u001b[0m 63.922 ms - 435\u001b[0m","timestamp":"2026-06-19 11:57:39"}
{"level":"info","message":"\u001b[0mGET /api/v1/admins/me \u001b[32m200\u001b[0m 44.764 ms - 435\u001b[0m","timestamp":"2026-06-19 11:57:43"}
{"level":"info","message":"\u001b[0mGET /api/v1/sponsor \u001b[32m200\u001b[0m 37.277 ms - 930\u001b[0m","timestamp":"2026-06-19 11:57:43"}
{"level":"info","message":"\u001b[0mGET /api/v1/admins/me \u001b[32m200\u001b[0m 45.200 ms - 435\u001b[0m","timestamp":"2026-06-19 11:58:06"}
{"level":"info","message":"\u001b[0mGET /api/v1/admins/me \u001b[32m200\u001b[0m 45.711 ms - 435\u001b[0m","timestamp":"2026-06-19 11:59:52"}
{"level":"info","message":"\u001b[0mGET /api/v1/sponsor \u001b[32m200\u001b[0m 38.256 ms - 930\u001b[0m","timestamp":"2026-06-19 11:59:53"}
{"level":"info","message":"\u001b[0mGET /api/v1/enquiry?page=1&limit=12 \u001b[32m200\u001b[0m 46.800 ms - -\u001b[0m","timestamp":"2026-06-19 11:59:57"}
{"level":"info","message":"\u001b[0mGET /api/v1/members?page=1&limit=12 \u001b[32m200\u001b[0m 101.155 ms - -\u001b[0m","timestamp":"2026-06-19 12:04:06"}
{"level":"info","message":"MongoDB connected successfully","timestamp":"2026-06-19 12:13:53"}
{"level":"info","message":"Server running in development mode on port 5000","timestamp":"2026-06-19 12:13:53"}
{"level":"info","message":"\u001b[0mGET /api/v1/admins/me \u001b[32m200\u001b[0m 103.296 ms - 435\u001b[0m","timestamp":"2026-06-19 12:13:56"}
{"level":"info","message":"\u001b[0mGET /api/v1/sponsor \u001b[32m200\u001b[0m 49.043 ms - 930\u001b[0m","timestamp":"2026-06-19 12:13:57"}
{"level":"info","message":"\u001b[0mGET /api/v1/enquiry?page=1&limit=12 \u001b[32m200\u001b[0m 50.084 ms - -\u001b[0m","timestamp":"2026-06-19 12:20:24"}
{"level":"info","message":"\u001b[0mGET /api/v1/contacts?page=1&limit=10 \u001b[32m200\u001b[0m 94.308 ms - 456\u001b[0m","timestamp":"2026-06-19 12:20:25"}
{"level":"info","message":"\u001b[0mGET /api/v1/payments?page=1&limit=12 \u001b[32m200\u001b[0m 88.444 ms - 153\u001b[0m","timestamp":"2026-06-19 12:20:26"}
{"level":"info","message":"\u001b[0mGET /api/v1/members?page=1&limit=1 \u001b[32m200\u001b[0m 120.712 ms - -\u001b[0m","timestamp":"2026-06-19 12:20:28"}
{"level":"info","message":"\u001b[0mGET /api/v1/payments?page=1&limit=1 \u001b[32m200\u001b[0m 140.458 ms - 152\u001b[0m","timestamp":"2026-06-19 12:20:28"}
{"level":"info","message":"\u001b[0mGET /api/v1/admins \u001b[32m200\u001b[0m 128.535 ms - 447\u001b[0m","timestamp":"2026-06-19 12:20:28"}
{"level":"info","message":"\u001b[0mGET /api/v1/contacts?page=1&limit=1&isResolved=false \u001b[32m200\u001b[0m 358.168 ms - 455\u001b[0m","timestamp":"2026-06-19 12:20:29"}
{"level":"info","message":"\u001b[0mGET /api/v1/members?page=1&limit=12 \u001b[32m200\u001b[0m 57.440 ms - -\u001b[0m","timestamp":"2026-06-19 12:20:29"}
{"level":"info","message":"\u001b[0mGET /api/v1/payments?page=1&limit=1 \u001b[32m200\u001b[0m 632.735 ms - 152\u001b[0m","timestamp":"2026-06-19 12:24:56"}
{"level":"info","message":"\u001b[0mGET /api/v1/contacts?page=1&limit=1&isResolved=false \u001b[32m200\u001b[0m 548.520 ms - 455\u001b[0m","timestamp":"2026-06-19 12:24:56"}
{"level":"info","message":"\u001b[0mGET /api/v1/members?page=1&limit=1 \u001b[32m200\u001b[0m 598.828 ms - -\u001b[0m","timestamp":"2026-06-19 12:24:56"}
{"level":"info","message":"\u001b[0mGET /api/v1/admins \u001b[32m200\u001b[0m 528.673 ms - 447\u001b[0m","timestamp":"2026-06-19 12:24:56"}
{"level":"info","message":"\u001b[0mGET /api/v1/payments?page=1&limit=12 \u001b[32m200\u001b[0m 200.796 ms - 153\u001b[0m","timestamp":"2026-06-19 12:24:56"}
{"level":"info","message":"\u001b[0mGET /api/v1/members?page=1&limit=1 \u001b[32m200\u001b[0m 147.929 ms - -\u001b[0m","timestamp":"2026-06-19 12:30:50"}
{"level":"info","message":"\u001b[0mGET /api/v1/payments?page=1&limit=1 \u001b[32m200\u001b[0m 174.041 ms - 152\u001b[0m","timestamp":"2026-06-19 12:30:50"}
{"level":"info","message":"\u001b[0mGET /api/v1/contacts?page=1&limit=1&isResolved=false \u001b[32m200\u001b[0m 149.605 ms - 455\u001b[0m","timestamp":"2026-06-19 12:30:50"}
{"level":"info","message":"\u001b[0mGET /api/v1/admins \u001b[32m200\u001b[0m 121.714 ms - 447\u001b[0m","timestamp":"2026-06-19 12:30:50"}
{"level":"info","message":"\u001b[0mGET /api/v1/admins/me \u001b[32m200\u001b[0m 81.723 ms - 435\u001b[0m","timestamp":"2026-06-19 12:45:06"}
{"level":"info","message":"\u001b[0mGET /api/v1/admins/me \u001b[32m200\u001b[0m 59.861 ms - 435\u001b[0m","timestamp":"2026-06-19 12:51:07"}
{"level":"info","message":"\u001b[0mGET /api/v1/members?page=1&limit=1 \u001b[32m200\u001b[0m 78.159 ms - -\u001b[0m","timestamp":"2026-06-19 12:51:07"}
{"level":"info","message":"\u001b[0mGET /api/v1/payments?page=1&limit=1 \u001b[32m200\u001b[0m 89.009 ms - 152\u001b[0m","timestamp":"2026-06-19 12:51:07"}
{"level":"info","message":"\u001b[0mGET /api/v1/contacts?page=1&limit=1&isResolved=false \u001b[32m200\u001b[0m 89.659 ms - 455\u001b[0m","timestamp":"2026-06-19 12:51:07"}
{"level":"info","message":"\u001b[0mGET /api/v1/admins \u001b[32m200\u001b[0m 91.013 ms - 447\u001b[0m","timestamp":"2026-06-19 12:51:07"}
{"level":"info","message":"\u001b[0mGET /api/v1/admins/me \u001b[32m200\u001b[0m 64.120 ms - 435\u001b[0m","timestamp":"2026-06-19 12:51:26"}
{"level":"info","message":"\u001b[0mGET /api/v1/members?page=1&limit=1 \u001b[32m200\u001b[0m 62.495 ms - -\u001b[0m","timestamp":"2026-06-19 12:51:27"}
{"level":"info","message":"\u001b[0mGET /api/v1/payments?page=1&limit=1 \u001b[32m200\u001b[0m 101.926 ms - 152\u001b[0m","timestamp":"2026-06-19 12:51:27"}
{"level":"info","message":"\u001b[0mGET /api/v1/contacts?page=1&limit=1&isResolved=false \u001b[32m200\u001b[0m 99.974 ms - 455\u001b[0m","timestamp":"2026-06-19 12:51:27"}
{"level":"info","message":"\u001b[0mGET /api/v1/admins \u001b[32m200\u001b[0m 95.298 ms - 447\u001b[0m","timestamp":"2026-06-19 12:51:27"}
{"level":"info","message":"\u001b[0mGET /api/v1/admins/me \u001b[32m200\u001b[0m 81.386 ms - 435\u001b[0m","timestamp":"2026-06-19 12:56:39"}
{"level":"info","message":"\u001b[0mGET /api/v1/payments?page=1&limit=1 \u001b[32m200\u001b[0m 116.671 ms - 152\u001b[0m","timestamp":"2026-06-19 12:56:39"}
{"level":"info","message":"\u001b[0mGET /api/v1/members?page=1&limit=1 \u001b[32m200\u001b[0m 118.115 ms - -\u001b[0m","timestamp":"2026-06-19 12:56:39"}
{"level":"info","message":"\u001b[0mGET /api/v1/admins \u001b[32m200\u001b[0m 146.155 ms - 447\u001b[0m","timestamp":"2026-06-19 12:56:39"}
{"level":"info","message":"\u001b[0mGET /api/v1/contacts?page=1&limit=1&isResolved=false \u001b[32m200\u001b[0m 520.690 ms - 455\u001b[0m","timestamp":"2026-06-19 12:56:39"}
{"level":"info","message":"MongoDB connected successfully","timestamp":"2026-06-19 13:03:14"}
{"level":"info","message":"Server running in development mode on port 5000","timestamp":"2026-06-19 13:03:14"}
{"level":"info","message":"\u001b[0mGET /api/v1/admins/me \u001b[32m200\u001b[0m 376.117 ms - 435\u001b[0m","timestamp":"2026-06-19 13:13:26"}
{"level":"info","message":"\u001b[0mGET /api/v1/payments?page=1&limit=1 \u001b[32m200\u001b[0m 122.135 ms - 152\u001b[0m","timestamp":"2026-06-19 13:13:27"}
{"level":"info","message":"\u001b[0mGET /api/v1/contacts?page=1&limit=1&isResolved=false \u001b[32m200\u001b[0m 498.753 ms - 455\u001b[0m","timestamp":"2026-06-19 13:13:27"}
{"level":"info","message":"\u001b[0mGET /api/v1/admins \u001b[32m200\u001b[0m 485.801 ms - 447\u001b[0m","timestamp":"2026-06-19 13:13:27"}
{"level":"info","message":"\u001b[0mGET /api/v1/members?page=1&limit=1 \u001b[32m200\u001b[0m 979.193 ms - -\u001b[0m","timestamp":"2026-06-19 13:13:28"}
{"level":"info","message":"MongoDB connected successfully","timestamp":"2026-06-19 13:27:07"}
{"level":"info","message":"Server running in development mode on port 5000","timestamp":"2026-06-19 13:27:07"}
{"level":"info","message":"\u001b[0mGET /api/v1/contacts?page=1&limit=1&isResolved=false \u001b[32m200\u001b[0m 187.030 ms - 455\u001b[0m","timestamp":"2026-06-19 13:27:28"}
{"level":"info","message":"\u001b[0mGET /api/v1/members?page=1&limit=1 \u001b[32m200\u001b[0m 247.129 ms - -\u001b[0m","timestamp":"2026-06-19 13:27:28"}
{"level":"info","message":"\u001b[0mGET /api/v1/admins/me \u001b[32m200\u001b[0m 743.460 ms - 435\u001b[0m","timestamp":"2026-06-19 13:27:28"}
{"level":"info","message":"\u001b[0mGET /api/v1/members?page=1&limit=12 \u001b[32m200\u001b[0m 230.232 ms - -\u001b[0m","timestamp":"2026-06-19 13:27:29"}
{"level":"info","message":"\u001b[0mGET /api/v1/admins \u001b[32m200\u001b[0m 1636.657 ms - 447\u001b[0m","timestamp":"2026-06-19 13:27:29"}
{"level":"info","message":"\u001b[0mGET /api/v1/payments?page=1&limit=1 \u001b[32m200\u001b[0m 2089.768 ms - 152\u001b[0m","timestamp":"2026-06-19 13:27:30"}
{"level":"info","message":"\u001b[0mGET /api/v1/events \u001b[32m200\u001b[0m 233.779 ms - 36\u001b[0m","timestamp":"2026-06-19 13:27:30"}
{"level":"info","message":"\u001b[0mPOST /api/v1/events/create \u001b[32m201\u001b[0m 246.710 ms - 471\u001b[0m","timestamp":"2026-06-19 13:28:14"}
{"level":"info","message":"\u001b[0mGET /api/v1/events \u001b[32m200\u001b[0m 231.525 ms - 444\u001b[0m","timestamp":"2026-06-19 13:28:14"}
{"level":"info","message":"\u001b[0mGET /api/v1/events \u001b[32m200\u001b[0m 218.039 ms - 444\u001b[0m","timestamp":"2026-06-19 13:29:01"}
{"level":"info","message":"\u001b[0mGET /api/v1/contacts?page=1&limit=10 \u001b[32m200\u001b[0m 920.787 ms - 456\u001b[0m","timestamp":"2026-06-19 13:29:21"}
{"level":"info","message":"\u001b[0mGET /api/v1/sponsor \u001b[32m200\u001b[0m 226.227 ms - 930\u001b[0m","timestamp":"2026-06-19 13:29:23"}
{"level":"info","message":"\u001b[0mGET /api/v1/admins \u001b[32m200\u001b[0m 462.916 ms - 447\u001b[0m","timestamp":"2026-06-19 13:29:26"}
{"level":"info","message":"\u001b[0mGET /api/v1/members?page=1&limit=12 \u001b[32m200\u001b[0m 534.823 ms - -\u001b[0m","timestamp":"2026-06-19 13:29:28"}
{"level":"info","message":"\u001b[0mGET /api/v1/admins/me \u001b[32m200\u001b[0m 334.059 ms - 435\u001b[0m","timestamp":"2026-06-19 13:29:30"}
{"level":"info","message":"\u001b[0mGET /api/v1/members?page=1&limit=1 \u001b[32m200\u001b[0m 361.604 ms - -\u001b[0m","timestamp":"2026-06-19 13:29:30"}
{"level":"info","message":"\u001b[0mGET /api/v1/payments?page=1&limit=1 \u001b[32m200\u001b[0m 521.667 ms - 152\u001b[0m","timestamp":"2026-06-19 13:29:31"}
{"level":"info","message":"\u001b[0mGET /api/v1/contacts?page=1&limit=1&isResolved=false \u001b[32m200\u001b[0m 548.165 ms - 455\u001b[0m","timestamp":"2026-06-19 13:29:31"}
{"level":"info","message":"\u001b[0mGET /api/v1/payments?page=1&limit=12 \u001b[32m200\u001b[0m 465.404 ms - 153\u001b[0m","timestamp":"2026-06-19 13:30:14"}
{"level":"info","message":"\u001b[0mGET /api/v1/admins \u001b[32m200\u001b[0m 185.490 ms - 447\u001b[0m","timestamp":"2026-06-19 13:44:13"}
{"level":"info","message":"\u001b[0mGET /api/v1/members?page=1&limit=1 \u001b[32m200\u001b[0m 330.222 ms - -\u001b[0m","timestamp":"2026-06-19 13:44:13"}
{"level":"info","message":"\u001b[0mGET /api/v1/contacts?page=1&limit=1&isResolved=false \u001b[32m200\u001b[0m 333.459 ms - 455\u001b[0m","timestamp":"2026-06-19 13:44:13"}
{"level":"info","message":"\u001b[0mGET /api/v1/payments?page=1&limit=1 \u001b[32m200\u001b[0m 481.510 ms - 152\u001b[0m","timestamp":"2026-06-19 13:44:13"}
{"level":"info","message":"\u001b[0mGET /api/v1/members?page=1&limit=12 \u001b[32m200\u001b[0m 237.248 ms - -\u001b[0m","timestamp":"2026-06-19 13:44:20"}
{"level":"info","message":"\u001b[0mGET /api/v1/payments?page=1&limit=12 \u001b[32m200\u001b[0m 502.039 ms - 153\u001b[0m","timestamp":"2026-06-19 13:44:22"}
{"level":"info","message":"\u001b[0mGET /api/v1/contacts?page=1&limit=10 \u001b[32m200\u001b[0m 476.022 ms - 456\u001b[0m","timestamp":"2026-06-19 13:44:24"}
{"level":"info","message":"\u001b[0mGET /api/v1/enquiry?page=1&limit=12 \u001b[32m200\u001b[0m 299.453 ms - -\u001b[0m","timestamp":"2026-06-19 13:44:25"}
{"level":"info","message":"\u001b[0mGET /api/v1/sponsor \u001b[32m200\u001b[0m 234.805 ms - 930\u001b[0m","timestamp":"2026-06-19 13:44:28"}
{"level":"warn","message":"GET /api/v1/api/v1/events/upcoming - Route not found: /api/v1/api/v1/events/upcoming","timestamp":"2026-06-19 13:45:17"}
{"level":"info","message":"\u001b[0mGET /api/v1/api/v1/events/upcoming \u001b[33m404\u001b[0m 9.458 ms - 148\u001b[0m","timestamp":"2026-06-19 13:45:17"}
{"level":"warn","message":"GET /api/v1/api/v1/events/upcoming - Route not found: /api/v1/api/v1/events/upcoming","timestamp":"2026-06-19 13:45:17"}
{"level":"info","message":"\u001b[0mGET /api/v1/api/v1/events/upcoming \u001b[33m404\u001b[0m 6.788 ms - 148\u001b[0m","timestamp":"2026-06-19 13:45:17"}
{"level":"info","message":"\u001b[0mGET /api/v1/admins/me \u001b[32m200\u001b[0m 266.131 ms - 435\u001b[0m","timestamp":"2026-06-19 13:45:27"}
{"level":"info","message":"\u001b[0mGET /api/v1/sponsor \u001b[32m200\u001b[0m 392.339 ms - 930\u001b[0m","timestamp":"2026-06-19 13:45:28"}
{"level":"info","message":"\u001b[0mGET /api/v1/events \u001b[32m200\u001b[0m 217.938 ms - 444\u001b[0m","timestamp":"2026-06-19 13:45:32"}
{"level":"info","message":"\u001b[0mPOST /api/v1/events/create \u001b[32m201\u001b[0m 291.686 ms - 463\u001b[0m","timestamp":"2026-06-19 13:46:40"}
{"level":"info","message":"\u001b[0mGET /api/v1/events \u001b[32m200\u001b[0m 297.724 ms - 845\u001b[0m","timestamp":"2026-06-19 13:46:41"}
{"level":"warn","message":"GET /api/v1/api/v1/events/upcoming - Route not found: /api/v1/api/v1/events/upcoming","timestamp":"2026-06-19 13:46:51"}
{"level":"info","message":"\u001b[0mGET /api/v1/api/v1/events/upcoming \u001b[33m404\u001b[0m 2.302 ms - 148\u001b[0m","timestamp":"2026-06-19 13:46:51"}
{"level":"warn","message":"GET /api/v1/api/v1/events/upcoming - Route not found: /api/v1/api/v1/events/upcoming","timestamp":"2026-06-19 13:46:51"}
{"level":"info","message":"\u001b[0mGET /api/v1/api/v1/events/upcoming \u001b[33m404\u001b[0m 0.809 ms - 148\u001b[0m","timestamp":"2026-06-19 13:46:51"}
{"level":"warn","message":"GET /api/v1/api/v1/events/upcoming - Route not found: /api/v1/api/v1/events/upcoming","timestamp":"2026-06-19 13:47:40"}
{"level":"info","message":"\u001b[0mGET /api/v1/api/v1/events/upcoming \u001b[33m404\u001b[0m 25.360 ms - 148\u001b[0m","timestamp":"2026-06-19 13:47:40"}
{"level":"warn","message":"GET /api/v1/api/v1/events/upcoming - Route not found: /api/v1/api/v1/events/upcoming","timestamp":"2026-06-19 13:47:40"}
{"level":"info","message":"\u001b[0mGET /api/v1/api/v1/events/upcoming \u001b[33m404\u001b[0m 12.582 ms - 148\u001b[0m","timestamp":"2026-06-19 13:47:40"}
{"level":"warn","message":"GET /api/v1/api/v1/events/upcoming - Route not found: /api/v1/api/v1/events/upcoming","timestamp":"2026-06-19 13:51:41"}
{"level":"info","message":"\u001b[0mGET /api/v1/api/v1/events/upcoming \u001b[33m404\u001b[0m 16.520 ms - 148\u001b[0m","timestamp":"2026-06-19 13:51:41"}
{"level":"warn","message":"GET /api/v1/api/v1/events/upcoming - Route not found: /api/v1/api/v1/events/upcoming","timestamp":"2026-06-19 13:51:41"}
{"level":"info","message":"\u001b[0mGET /api/v1/api/v1/events/upcoming \u001b[33m404\u001b[0m 33.992 ms - 148\u001b[0m","timestamp":"2026-06-19 13:51:41"}
{"level":"warn","message":"GET /admins/me - Route not found: /admins/me","timestamp":"2026-06-19 13:52:10"}
{"level":"info","message":"\u001b[0mGET /admins/me \u001b[33m404\u001b[0m 2.748 ms - 108\u001b[0m","timestamp":"2026-06-19 13:52:10"}
{"level":"warn","message":"GET //api/v1/events/upcoming - Route not found: //api/v1/events/upcoming","timestamp":"2026-06-19 13:52:10"}
{"level":"info","message":"\u001b[0mGET //api/v1/events/upcoming \u001b[33m404\u001b[0m 0.855 ms - 136\u001b[0m","timestamp":"2026-06-19 13:52:10"}
{"level":"warn","message":"GET //api/v1/events/upcoming - Route not found: //api/v1/events/upcoming","timestamp":"2026-06-19 13:52:10"}
{"level":"info","message":"\u001b[0mGET //api/v1/events/upcoming \u001b[33m404\u001b[0m 2.139 ms - 136\u001b[0m","timestamp":"2026-06-19 13:52:10"}
{"level":"warn","message":"GET /events - Route not found: /events","timestamp":"2026-06-19 13:52:10"}
{"level":"info","message":"\u001b[0mGET /events \u001b[33m404\u001b[0m 0.790 ms - 102\u001b[0m","timestamp":"2026-06-19 13:52:10"}
{"level":"warn","message":"GET //api/v1/events/upcoming - Route not found: //api/v1/events/upcoming","timestamp":"2026-06-19 13:52:12"}
{"level":"info","message":"\u001b[0mGET //api/v1/events/upcoming \u001b[33m404\u001b[0m 0.821 ms - 136\u001b[0m","timestamp":"2026-06-19 13:52:12"}
{"level":"warn","message":"GET //api/v1/events/upcoming - Route not found: //api/v1/events/upcoming","timestamp":"2026-06-19 13:52:12"}
{"level":"info","message":"\u001b[0mGET //api/v1/events/upcoming \u001b[33m404\u001b[0m 1.136 ms - 136\u001b[0m","timestamp":"2026-06-19 13:52:12"}
{"level":"warn","message":"GET //api/v1/events/upcoming - Route not found: //api/v1/events/upcoming","timestamp":"2026-06-19 13:52:19"}
{"level":"info","message":"\u001b[0mGET //api/v1/events/upcoming \u001b[33m404\u001b[0m 2.354 ms - 136\u001b[0m","timestamp":"2026-06-19 13:52:19"}
{"level":"warn","message":"GET //api/v1/events/upcoming - Route not found: //api/v1/events/upcoming","timestamp":"2026-06-19 13:52:19"}
{"level":"info","message":"\u001b[0mGET //api/v1/events/upcoming \u001b[33m404\u001b[0m 34.654 ms - 136\u001b[0m","timestamp":"2026-06-19 13:52:19"}
{"level":"warn","message":"GET /admins/me - Route not found: /admins/me","timestamp":"2026-06-19 13:52:30"}
{"level":"info","message":"\u001b[0mGET /admins/me \u001b[33m404\u001b[0m 0.794 ms - 108\u001b[0m","timestamp":"2026-06-19 13:52:30"}
{"level":"info","message":"\u001b[0mGET /api/v1/events/upcoming \u001b[32m200\u001b[0m 256.800 ms - 434\u001b[0m","timestamp":"2026-06-19 13:52:30"}
{"level":"info","message":"\u001b[0mGET /api/v1/events/upcoming \u001b[32m200\u001b[0m 230.927 ms - 434\u001b[0m","timestamp":"2026-06-19 13:52:31"}
{"level":"info","message":"\u001b[0mGET /api/v1/events/upcoming \u001b[32m200\u001b[0m 231.626 ms - 434\u001b[0m","timestamp":"2026-06-19 13:52:31"}
{"level":"info","message":"\u001b[0mGET /api/v1/events/upcoming \u001b[32m200\u001b[0m 213.779 ms - 434\u001b[0m","timestamp":"2026-06-19 13:52:31"}
{"level":"warn","message":"GET /events - Route not found: /events","timestamp":"2026-06-19 13:52:31"}
{"level":"info","message":"\u001b[0mGET /events \u001b[33m404\u001b[0m 1.134 ms - 102\u001b[0m","timestamp":"2026-06-19 13:52:31"}
{"level":"info","message":"\u001b[0mGET /api/v1/events/upcoming \u001b[32m200\u001b[0m 240.102 ms - 434\u001b[0m","timestamp":"2026-06-19 13:53:23"}
{"level":"info","message":"\u001b[0mGET /api/v1/events/upcoming \u001b[32m200\u001b[0m 229.368 ms - 434\u001b[0m","timestamp":"2026-06-19 13:53:23"}
{"level":"info","message":"\u001b[0mGET /api/v1/admins/me \u001b[32m200\u001b[0m 131.968 ms - 435\u001b[0m","timestamp":"2026-06-19 13:53:23"}
{"level":"info","message":"\u001b[0mGET /api/v1/events \u001b[32m200\u001b[0m 101.640 ms - 845\u001b[0m","timestamp":"2026-06-19 13:53:23"}
{"level":"info","message":"\u001b[0mGET /api/v1/events/upcoming \u001b[32m200\u001b[0m 717.444 ms - 434\u001b[0m","timestamp":"2026-06-19 13:53:24"}
{"level":"info","message":"\u001b[0mGET /api/v1/events/upcoming \u001b[32m200\u001b[0m 191.913 ms - 434\u001b[0m","timestamp":"2026-06-19 13:53:24"}
{"level":"info","message":"\u001b[0mGET /api/v1/members?page=1&limit=12 \u001b[32m200\u001b[0m 246.611 ms - -\u001b[0m","timestamp":"2026-06-19 13:53:50"}
{"level":"info","message":"\u001b[0mGET /api/v1/events/upcoming \u001b[32m200\u001b[0m 274.079 ms - 434\u001b[0m","timestamp":"2026-06-19 14:10:12"}
{"level":"info","message":"\u001b[0mGET /api/v1/events/upcoming \u001b[32m200\u001b[0m 226.167 ms - 434\u001b[0m","timestamp":"2026-06-19 14:10:12"}
{"level":"warn","message":"GET /api/v1/api/v1/members - Route not found: /api/v1/api/v1/members","timestamp":"2026-06-19 14:20:56"}
{"level":"info","message":"\u001b[0mGET /api/v1/api/v1/members \u001b[33m404\u001b[0m 15.541 ms - 132\u001b[0m","timestamp":"2026-06-19 14:20:56"}
{"level":"warn","message":"GET /api/v1/api/v1/members - Route not found: /api/v1/api/v1/members","timestamp":"2026-06-19 14:20:56"}
{"level":"info","message":"\u001b[0mGET /api/v1/api/v1/members \u001b[33m404\u001b[0m 2.730 ms - 132\u001b[0m","timestamp":"2026-06-19 14:20:56"}
{"level":"warn","message":"GET /api/v1/api/v1/members - Route not found: /api/v1/api/v1/members","timestamp":"2026-06-19 14:20:59"}
{"level":"info","message":"\u001b[0mGET /api/v1/api/v1/members \u001b[33m404\u001b[0m 0.786 ms - 132\u001b[0m","timestamp":"2026-06-19 14:20:59"}
{"level":"warn","message":"GET /api/v1/api/v1/members - Route not found: /api/v1/api/v1/members","timestamp":"2026-06-19 14:20:59"}
{"level":"info","message":"\u001b[0mGET /api/v1/api/v1/members \u001b[33m404\u001b[0m 3.163 ms - 132\u001b[0m","timestamp":"2026-06-19 14:20:59"}
{"level":"info","message":"\u001b[0mGET /api/v1/events/upcoming \u001b[32m200\u001b[0m 343.864 ms - 434\u001b[0m","timestamp":"2026-06-19 14:21:27"}
{"level":"info","message":"\u001b[0mGET /api/v1/events/upcoming \u001b[32m200\u001b[0m 257.450 ms - 434\u001b[0m","timestamp":"2026-06-19 14:21:27"}
{"level":"warn","message":"GET /api/v1/api/v1/members - Route not found: /api/v1/api/v1/members","timestamp":"2026-06-19 14:32:49"}
{"level":"info","message":"\u001b[0mGET /api/v1/api/v1/members \u001b[33m404\u001b[0m 12.382 ms - 132\u001b[0m","timestamp":"2026-06-19 14:32:49"}
{"level":"warn","message":"GET /api/v1/api/v1/members - Route not found: /api/v1/api/v1/members","timestamp":"2026-06-19 14:32:49"}
{"level":"info","message":"\u001b[0mGET /api/v1/api/v1/members \u001b[33m404\u001b[0m 7.026 ms - 132\u001b[0m","timestamp":"2026-06-19 14:32:49"}
{"level":"info","message":"\u001b[0mGET /api/v1/admins/me \u001b[32m200\u001b[0m 299.906 ms - 435\u001b[0m","timestamp":"2026-06-19 14:41:53"}
{"level":"info","message":"\u001b[0mGET /api/v1/members?page=1&limit=12 \u001b[32m200\u001b[0m 297.365 ms - -\u001b[0m","timestamp":"2026-06-19 14:41:54"}
{"level":"warn","message":"GET /api/v1/api/v1/members - Route not found: /api/v1/api/v1/members","timestamp":"2026-06-19 14:42:43"}
{"level":"info","message":"\u001b[0mGET /api/v1/api/v1/members \u001b[33m404\u001b[0m 6.825 ms - 132\u001b[0m","timestamp":"2026-06-19 14:42:43"}
{"level":"warn","message":"GET /api/v1/api/v1/members - Route not found: /api/v1/api/v1/members","timestamp":"2026-06-19 14:42:43"}
{"level":"info","message":"\u001b[0mGET /api/v1/api/v1/members \u001b[33m404\u001b[0m 21.991 ms - 132\u001b[0m","timestamp":"2026-06-19 14:42:43"}
{"level":"info","message":"\u001b[0mGET /api/v1/members \u001b[32m200\u001b[0m 243.474 ms - -\u001b[0m","timestamp":"2026-06-19 14:43:29"}
{"level":"info","message":"\u001b[0mGET /api/v1/members \u001b[32m200\u001b[0m 1161.882 ms - -\u001b[0m","timestamp":"2026-06-19 14:43:30"}
{"level":"info","message":"\u001b[0mGET /api/v1/members \u001b[32m200\u001b[0m 500.687 ms - -\u001b[0m","timestamp":"2026-06-19 14:45:11"}
{"level":"info","message":"\u001b[0mGET /api/v1/members \u001b[32m200\u001b[0m 470.610 ms - -\u001b[0m","timestamp":"2026-06-19 14:45:11"}
{"level":"info","message":"\u001b[0mGET /api/v1/members \u001b[32m200\u001b[0m 475.206 ms - -\u001b[0m","timestamp":"2026-06-19 14:46:01"}
{"level":"info","message":"\u001b[0mGET /api/v1/members \u001b[32m200\u001b[0m 884.238 ms - -\u001b[0m","timestamp":"2026-06-19 14:46:02"}
{"level":"info","message":"\u001b[0mGET /api/v1/members \u001b[32m200\u001b[0m 718.444 ms - -\u001b[0m","timestamp":"2026-06-19 14:46:22"}
{"level":"info","message":"\u001b[0mGET /api/v1/members \u001b[32m200\u001b[0m 454.890 ms - -\u001b[0m","timestamp":"2026-06-19 14:46:22"}
{"level":"info","message":"\u001b[0mGET /api/v1/members \u001b[32m200\u001b[0m 464.911 ms - -\u001b[0m","timestamp":"2026-06-19 14:46:34"}
{"level":"info","message":"\u001b[0mGET /api/v1/members \u001b[32m200\u001b[0m 456.700 ms - -\u001b[0m","timestamp":"2026-06-19 14:46:35"}
{"level":"info","message":"\u001b[0mGET /api/v1/events/upcoming \u001b[32m200\u001b[0m 233.338 ms - 434\u001b[0m","timestamp":"2026-06-19 14:46:55"}
{"level":"info","message":"\u001b[0mGET /api/v1/events/upcoming \u001b[32m200\u001b[0m 231.262 ms - 434\u001b[0m","timestamp":"2026-06-19 14:46:55"}
{"level":"info","message":"\u001b[0mGET /api/v1/members \u001b[32m200\u001b[0m 453.625 ms - -\u001b[0m","timestamp":"2026-06-19 14:46:58"}
{"level":"info","message":"\u001b[0mGET /api/v1/members \u001b[32m200\u001b[0m 445.673 ms - -\u001b[0m","timestamp":"2026-06-19 14:46:59"}
{"level":"info","message":"\u001b[0mGET /api/v1/members \u001b[32m200\u001b[0m 471.262 ms - -\u001b[0m","timestamp":"2026-06-19 14:47:21"}
{"level":"info","message":"\u001b[0mGET /api/v1/members \u001b[32m200\u001b[0m 782.964 ms - -\u001b[0m","timestamp":"2026-06-19 14:47:21"}
{"level":"info","message":"\u001b[0mGET /api/v1/admins/me \u001b[32m200\u001b[0m 406.926 ms - 435\u001b[0m","timestamp":"2026-06-19 15:03:55"}
{"level":"info","message":"\u001b[0mGET /api/v1/members?page=1&limit=12 \u001b[32m200\u001b[0m 705.860 ms - -\u001b[0m","timestamp":"2026-06-19 15:03:56"}
{"level":"info","message":"\u001b[0mGET /api/v1/members \u001b[32m200\u001b[0m 649.476 ms - -\u001b[0m","timestamp":"2026-06-19 15:04:05"}
{"level":"info","message":"\u001b[0mGET /api/v1/members \u001b[32m200\u001b[0m 1932.696 ms - -\u001b[0m","timestamp":"2026-06-19 15:04:07"}
{"level":"info","message":"\u001b[0mGET /api/v1/members \u001b[32m200\u001b[0m 2141.352 ms - -\u001b[0m","timestamp":"2026-06-19 15:07:01"}
{"level":"info","message":"\u001b[0mGET /api/v1/members \u001b[32m200\u001b[0m 853.739 ms - -\u001b[0m","timestamp":"2026-06-19 15:07:02"}
{"level":"info","message":"\u001b[0mGET /api/v1/members \u001b[32m200\u001b[0m 587.225 ms - -\u001b[0m","timestamp":"2026-06-19 15:07:42"}
{"level":"info","message":"\u001b[0mGET /api/v1/members \u001b[32m200\u001b[0m 547.788 ms - -\u001b[0m","timestamp":"2026-06-19 15:07:43"}
{"level":"info","message":"\u001b[0mGET /api/v1/members \u001b[32m200\u001b[0m 667.200 ms - -\u001b[0m","timestamp":"2026-06-19 15:08:07"}
{"level":"info","message":"\u001b[0mGET /api/v1/members \u001b[32m200\u001b[0m 588.995 ms - -\u001b[0m","timestamp":"2026-06-19 15:08:08"}
{"level":"info","message":"\u001b[0mGET /api/v1/members \u001b[32m200\u001b[0m 619.867 ms - -\u001b[0m","timestamp":"2026-06-19 15:08:12"}
{"level":"info","message":"\u001b[0mGET /api/v1/members \u001b[32m200\u001b[0m 656.894 ms - -\u001b[0m","timestamp":"2026-06-19 15:08:13"}
{"level":"info","message":"\u001b[0mGET /api/v1/members \u001b[32m200\u001b[0m 663.923 ms - -\u001b[0m","timestamp":"2026-06-19 15:08:15"}
{"level":"info","message":"\u001b[0mGET /api/v1/members \u001b[32m200\u001b[0m 597.679 ms - -\u001b[0m","timestamp":"2026-06-19 15:08:16"}
{"level":"info","message":"\u001b[0mGET /api/v1/members \u001b[32m200\u001b[0m 579.352 ms - -\u001b[0m","timestamp":"2026-06-19 15:08:39"}
{"level":"info","message":"\u001b[0mGET /api/v1/members \u001b[32m200\u001b[0m 582.619 ms - -\u001b[0m","timestamp":"2026-06-19 15:08:40"}
{"level":"info","message":"\u001b[0mGET /api/v1/members \u001b[0m-\u001b[0m - ms - -\u001b[0m","timestamp":"2026-06-19 15:08:52"}
{"level":"info","message":"\u001b[0mGET /api/v1/members \u001b[0m-\u001b[0m - ms - -\u001b[0m","timestamp":"2026-06-19 15:08:52"}
{"level":"info","message":"\u001b[0mGET /api/v1/members \u001b[32m200\u001b[0m 1589.310 ms - -\u001b[0m","timestamp":"2026-06-19 15:08:54"}
{"level":"info","message":"\u001b[0mGET /api/v1/members \u001b[32m200\u001b[0m 1085.454 ms - -\u001b[0m","timestamp":"2026-06-19 15:08:55"}
{"level":"info","message":"\u001b[0mGET /api/v1/members \u001b[32m200\u001b[0m 706.444 ms - -\u001b[0m","timestamp":"2026-06-19 15:09:14"}
{"level":"info","message":"\u001b[0mGET /api/v1/members \u001b[32m200\u001b[0m 592.291 ms - -\u001b[0m","timestamp":"2026-06-19 15:09:14"}
{"level":"info","message":"\u001b[0mGET /api/v1/members \u001b[32m200\u001b[0m 647.669 ms - -\u001b[0m","timestamp":"2026-06-19 15:09:31"}
{"level":"info","message":"\u001b[0mGET /api/v1/members \u001b[32m200\u001b[0m 620.270 ms - -\u001b[0m","timestamp":"2026-06-19 15:09:31"}
{"level":"info","message":"\u001b[0mGET /api/v1/members \u001b[32m200\u001b[0m 825.344 ms - -\u001b[0m","timestamp":"2026-06-19 15:09:36"}
{"level":"info","message":"\u001b[0mGET /api/v1/members \u001b[32m200\u001b[0m 665.125 ms - -\u001b[0m","timestamp":"2026-06-19 15:09:36"}
{"level":"info","message":"\u001b[0mGET /api/v1/members \u001b[32m200\u001b[0m 2192.066 ms - -\u001b[0m","timestamp":"2026-06-19 15:09:43"}
{"level":"info","message":"\u001b[0mGET /api/v1/members \u001b[32m200\u001b[0m 867.676 ms - -\u001b[0m","timestamp":"2026-06-19 15:09:44"}
{"level":"info","message":"\u001b[0mGET /api/v1/members \u001b[32m200\u001b[0m 565.923 ms - -\u001b[0m","timestamp":"2026-06-19 15:09:50"}
{"level":"info","message":"\u001b[0mGET /api/v1/members \u001b[32m200\u001b[0m 1246.945 ms - -\u001b[0m","timestamp":"2026-06-19 15:09:52"}
{"level":"info","message":"\u001b[0mGET /api/v1/members \u001b[32m200\u001b[0m 1712.991 ms - -\u001b[0m","timestamp":"2026-06-19 15:10:28"}
{"level":"info","message":"\u001b[0mGET /api/v1/members \u001b[32m200\u001b[0m 1147.617 ms - -\u001b[0m","timestamp":"2026-06-19 15:10:29"}
{"level":"info","message":"\u001b[0mGET /api/v1/members \u001b[32m200\u001b[0m 863.713 ms - -\u001b[0m","timestamp":"2026-06-19 15:12:31"}
{"level":"info","message":"\u001b[0mGET /api/v1/members \u001b[32m200\u001b[0m 1633.446 ms - -\u001b[0m","timestamp":"2026-06-19 15:12:33"}
{"level":"info","message":"\u001b[0mGET /api/v1/admins/me \u001b[32m200\u001b[0m 430.669 ms - 435\u001b[0m","timestamp":"2026-06-19 15:18:03"}
{"level":"info","message":"\u001b[0mGET /api/v1/members \u001b[32m200\u001b[0m 1214.238 ms - -\u001b[0m","timestamp":"2026-06-19 15:18:03"}
{"level":"info","message":"\u001b[0mGET /api/v1/members \u001b[32m200\u001b[0m 414.747 ms - -\u001b[0m","timestamp":"2026-06-19 15:18:04"}
{"level":"info","message":"\u001b[0mGET /api/v1/members \u001b[32m200\u001b[0m 321.642 ms - -\u001b[0m","timestamp":"2026-06-19 15:18:04"}
{"level":"info","message":"\u001b[0mGET /api/v1/members \u001b[32m200\u001b[0m 355.572 ms - -\u001b[0m","timestamp":"2026-06-19 15:18:05"}
{"level":"info","message":"\u001b[0mGET /api/v1/members?page=1&limit=12 \u001b[32m200\u001b[0m 1299.176 ms - -\u001b[0m","timestamp":"2026-06-19 15:18:06"}
{"level":"info","message":"\u001b[0mGET /api/v1/members \u001b[32m200\u001b[0m 1583.994 ms - -\u001b[0m","timestamp":"2026-06-19 15:22:04"}
{"level":"info","message":"\u001b[0mGET /api/v1/members \u001b[32m200\u001b[0m 914.414 ms - -\u001b[0m","timestamp":"2026-06-19 15:22:05"}
{"level":"info","message":"\u001b[0mGET /api/v1/members \u001b[32m200\u001b[0m 574.347 ms - -\u001b[0m","timestamp":"2026-06-19 15:22:33"}
{"level":"info","message":"\u001b[0mGET /api/v1/members \u001b[32m200\u001b[0m 590.201 ms - -\u001b[0m","timestamp":"2026-06-19 15:22:34"}
{"level":"info","message":"\u001b[0mGET /api/v1/members \u001b[32m200\u001b[0m 662.141 ms - -\u001b[0m","timestamp":"2026-06-19 15:23:08"}
{"level":"info","message":"\u001b[0mGET /api/v1/members \u001b[32m200\u001b[0m 2059.598 ms - -\u001b[0m","timestamp":"2026-06-19 15:23:10"}
{"level":"info","message":"\u001b[0mGET /api/v1/members \u001b[32m200\u001b[0m 1705.416 ms - -\u001b[0m","timestamp":"2026-06-19 15:23:14"}
{"level":"info","message":"\u001b[0mGET /api/v1/members \u001b[32m200\u001b[0m 1434.519 ms - -\u001b[0m","timestamp":"2026-06-19 15:23:16"}
{"level":"info","message":"\u001b[0mGET /api/v1/events/upcoming \u001b[32m200\u001b[0m 847.028 ms - 434\u001b[0m","timestamp":"2026-06-19 15:23:19"}
{"level":"info","message":"\u001b[0mGET /api/v1/events/upcoming \u001b[32m200\u001b[0m 270.325 ms - 434\u001b[0m","timestamp":"2026-06-19 15:23:19"}
{"level":"info","message":"\u001b[0mGET /api/v1/members \u001b[32m200\u001b[0m 1011.607 ms - -\u001b[0m","timestamp":"2026-06-19 15:23:22"}
{"level":"info","message":"\u001b[0mGET /api/v1/members \u001b[32m200\u001b[0m 869.648 ms - -\u001b[0m","timestamp":"2026-06-19 15:23:23"}
{"level":"info","message":"\u001b[0mGET /api/v1/events/upcoming \u001b[32m200\u001b[0m 298.382 ms - 434\u001b[0m","timestamp":"2026-06-19 15:24:16"}
{"level":"info","message":"\u001b[0mGET /api/v1/events/upcoming \u001b[32m200\u001b[0m 291.006 ms - 434\u001b[0m","timestamp":"2026-06-19 15:24:16"}
{"level":"info","message":"\u001b[0mGET /api/v1/members \u001b[32m200\u001b[0m 576.907 ms - -\u001b[0m","timestamp":"2026-06-19 15:24:20"}
{"level":"info","message":"\u001b[0mGET /api/v1/members \u001b[32m200\u001b[0m 901.119 ms - -\u001b[0m","timestamp":"2026-06-19 15:24:21"}
{"level":"info","message":"\u001b[0mGET /api/v1/members \u001b[32m200\u001b[0m 633.589 ms - -\u001b[0m","timestamp":"2026-06-19 15:24:24"}
{"level":"info","message":"\u001b[0mGET /api/v1/members \u001b[32m200\u001b[0m 645.170 ms - -\u001b[0m","timestamp":"2026-06-19 15:24:24"}
{"level":"info","message":"\u001b[0mGET /api/v1/members \u001b[32m200\u001b[0m 578.420 ms - -\u001b[0m","timestamp":"2026-06-19 15:24:41"}
{"level":"info","message":"\u001b[0mGET /api/v1/members \u001b[32m200\u001b[0m 652.592 ms - -\u001b[0m","timestamp":"2026-06-19 15:24:41"}
{"level":"info","message":"\u001b[0mGET /api/v1/members \u001b[32m200\u001b[0m 601.480 ms - -\u001b[0m","timestamp":"2026-06-19 15:31:17"}
{"level":"info","message":"\u001b[0mGET /api/v1/members \u001b[32m200\u001b[0m 554.276 ms - -\u001b[0m","timestamp":"2026-06-19 15:31:17"}
{"level":"info","message":"\u001b[0mGET /api/v1/members \u001b[32m200\u001b[0m 297.179 ms - -\u001b[0m","timestamp":"2026-06-19 15:32:44"}
{"level":"info","message":"\u001b[0mGET /api/v1/members \u001b[32m200\u001b[0m 248.359 ms - -\u001b[0m","timestamp":"2026-06-19 15:32:44"}
{"level":"info","message":"\u001b[0mGET /api/v1/members \u001b[32m200\u001b[0m 1060.091 ms - -\u001b[0m","timestamp":"2026-06-19 15:32:56"}
{"level":"info","message":"\u001b[0mGET /api/v1/members \u001b[32m200\u001b[0m 567.511 ms - -\u001b[0m","timestamp":"2026-06-19 15:32:56"}
{"level":"warn","message":"GET /api/v1/members/undefined - Route not found: /api/v1/members/undefined","timestamp":"2026-06-19 15:32:59"}
{"level":"info","message":"\u001b[0mGET /api/v1/members/undefined \u001b[33m404\u001b[0m 17.516 ms - 138\u001b[0m","timestamp":"2026-06-19 15:32:59"}
{"level":"warn","message":"GET /api/v1/members/undefined - Route not found: /api/v1/members/undefined","timestamp":"2026-06-19 15:32:59"}
{"level":"info","message":"\u001b[0mGET /api/v1/members/undefined \u001b[33m404\u001b[0m 6.407 ms - 138\u001b[0m","timestamp":"2026-06-19 15:32:59"}
{"level":"info","message":"\u001b[0mGET /api/v1/members \u001b[32m200\u001b[0m 266.389 ms - -\u001b[0m","timestamp":"2026-06-19 15:33:11"}
{"level":"info","message":"\u001b[0mGET /api/v1/members \u001b[32m200\u001b[0m 313.150 ms - -\u001b[0m","timestamp":"2026-06-19 15:33:12"}
{"level":"warn","message":"GET /api/v1/members/6a3396eb7bf6e8e7af04d452 - Route not found: /api/v1/members/6a3396eb7bf6e8e7af04d452","timestamp":"2026-06-19 15:42:59"}
{"level":"info","message":"\u001b[0mGET /api/v1/members/6a3396eb7bf6e8e7af04d452 \u001b[33m404\u001b[0m 30.241 ms - 168\u001b[0m","timestamp":"2026-06-19 15:42:59"}
{"level":"warn","message":"GET /api/v1/members/6a3396eb7bf6e8e7af04d452 - Route not found: /api/v1/members/6a3396eb7bf6e8e7af04d452","timestamp":"2026-06-19 15:42:59"}
{"level":"info","message":"\u001b[0mGET /api/v1/members/6a3396eb7bf6e8e7af04d452 \u001b[33m404\u001b[0m 10.600 ms - 168\u001b[0m","timestamp":"2026-06-19 15:42:59"}
{"level":"info","message":"\u001b[0mGET /api/v1/members \u001b[32m200\u001b[0m 201.299 ms - -\u001b[0m","timestamp":"2026-06-19 15:43:00"}
{"level":"info","message":"\u001b[0mGET /api/v1/members \u001b[32m200\u001b[0m 367.228 ms - -\u001b[0m","timestamp":"2026-06-19 15:43:00"}
{"level":"info","message":"\u001b[0mGET /api/v1/members \u001b[32m200\u001b[0m 385.378 ms - -\u001b[0m","timestamp":"2026-06-19 15:43:04"}
{"level":"info","message":"\u001b[0mGET /api/v1/members \u001b[32m200\u001b[0m 273.413 ms - -\u001b[0m","timestamp":"2026-06-19 15:43:04"}
{"level":"warn","message":"GET /api/v1/members/6a3396eb7bf6e8e7af04d452 - Route not found: /api/v1/members/6a3396eb7bf6e8e7af04d452","timestamp":"2026-06-19 15:43:07"}
{"level":"info","message":"\u001b[0mGET /api/v1/members/6a3396eb7bf6e8e7af04d452 \u001b[33m404\u001b[0m 6.454 ms - 168\u001b[0m","timestamp":"2026-06-19 15:43:07"}
{"level":"warn","message":"GET /api/v1/members/6a3396eb7bf6e8e7af04d452 - Route not found: /api/v1/members/6a3396eb7bf6e8e7af04d452","timestamp":"2026-06-19 15:43:07"}
{"level":"info","message":"\u001b[0mGET /api/v1/members/6a3396eb7bf6e8e7af04d452 \u001b[33m404\u001b[0m 25.562 ms - 168\u001b[0m","timestamp":"2026-06-19 15:43:07"}
{"level":"info","message":"\u001b[0mGET /api/v1/members \u001b[32m200\u001b[0m 54.929 ms - -\u001b[0m","timestamp":"2026-06-19 15:43:07"}
{"level":"info","message":"\u001b[0mGET /api/v1/members \u001b[32m200\u001b[0m 99.701 ms - -\u001b[0m","timestamp":"2026-06-19 15:43:07"}
{"level":"info","message":"\u001b[0mGET /api/v1/admins/me \u001b[32m200\u001b[0m 169.668 ms - 435\u001b[0m","timestamp":"2026-06-19 15:43:44"}
{"level":"info","message":"\u001b[0mGET /api/v1/events \u001b[32m200\u001b[0m 63.194 ms - 845\u001b[0m","timestamp":"2026-06-19 15:43:45"}
{"level":"info","message":"\u001b[0mGET /api/v1/members?page=1&limit=12 \u001b[32m200\u001b[0m 65.075 ms - -\u001b[0m","timestamp":"2026-06-19 15:43:49"}
{"level":"info","message":"\u001b[0mGET /api/v1/payments?page=1&limit=1 \u001b[32m200\u001b[0m 260.500 ms - 152\u001b[0m","timestamp":"2026-06-19 15:43:51"}
{"level":"info","message":"\u001b[0mGET /api/v1/members?page=1&limit=1 \u001b[32m200\u001b[0m 188.802 ms - -\u001b[0m","timestamp":"2026-06-19 15:43:51"}
{"level":"info","message":"\u001b[0mGET /api/v1/contacts?page=1&limit=1&isResolved=false \u001b[32m200\u001b[0m 259.221 ms - 455\u001b[0m","timestamp":"2026-06-19 15:43:51"}
{"level":"info","message":"\u001b[0mGET /api/v1/admins \u001b[32m200\u001b[0m 203.974 ms - 447\u001b[0m","timestamp":"2026-06-19 15:43:51"}
{"level":"info","message":"\u001b[0mGET /api/v1/enquiry?page=1&limit=12 \u001b[32m200\u001b[0m 47.540 ms - -\u001b[0m","timestamp":"2026-06-19 15:43:53"}
{"level":"info","message":"\u001b[0mGET /api/v1/members \u001b[32m200\u001b[0m 72.425 ms - -\u001b[0m","timestamp":"2026-06-19 15:44:19"}
{"level":"info","message":"\u001b[0mGET /api/v1/members \u001b[32m200\u001b[0m 76.184 ms - -\u001b[0m","timestamp":"2026-06-19 15:44:19"}
{"level":"warn","message":"GET /api/v1/members/6a3396eb7bf6e8e7af04d452 - Route not found: /api/v1/members/6a3396eb7bf6e8e7af04d452","timestamp":"2026-06-19 15:44:35"}
{"level":"info","message":"\u001b[0mGET /api/v1/members/6a3396eb7bf6e8e7af04d452 \u001b[33m404\u001b[0m 41.219 ms - 168\u001b[0m","timestamp":"2026-06-19 15:44:35"}
{"level":"warn","message":"GET /api/v1/members/6a3396eb7bf6e8e7af04d452 - Route not found: /api/v1/members/6a3396eb7bf6e8e7af04d452","timestamp":"2026-06-19 15:44:35"}
{"level":"info","message":"\u001b[0mGET /api/v1/members/6a3396eb7bf6e8e7af04d452 \u001b[33m404\u001b[0m 5.913 ms - 168\u001b[0m","timestamp":"2026-06-19 15:44:35"}
{"level":"info","message":"\u001b[0mGET /api/v1/members \u001b[32m200\u001b[0m 71.921 ms - -\u001b[0m","timestamp":"2026-06-19 15:44:35"}
{"level":"info","message":"\u001b[0mGET /api/v1/members \u001b[32m200\u001b[0m 87.115 ms - -\u001b[0m","timestamp":"2026-06-19 15:44:35"}
{"level":"info","message":"\u001b[0mGET /api/v1/members \u001b[32m200\u001b[0m 59.762 ms - -\u001b[0m","timestamp":"2026-06-19 15:44:42"}
{"level":"info","message":"\u001b[0mGET /api/v1/members \u001b[32m200\u001b[0m 60.377 ms - -\u001b[0m","timestamp":"2026-06-19 15:44:42"}
{"level":"info","message":"\u001b[0mGET /api/v1/members \u001b[32m200\u001b[0m 58.365 ms - -\u001b[0m","timestamp":"2026-06-19 15:44:46"}
{"level":"info","message":"\u001b[0mGET /api/v1/members \u001b[32m200\u001b[0m 86.129 ms - -\u001b[0m","timestamp":"2026-06-19 15:44:46"}
{"level":"warn","message":"GET /api/v1/members/6a3396eb7bf6e8e7af04d452 - Route not found: /api/v1/members/6a3396eb7bf6e8e7af04d452","timestamp":"2026-06-19 15:44:49"}
{"level":"info","message":"\u001b[0mGET /api/v1/members/6a3396eb7bf6e8e7af04d452 \u001b[33m404\u001b[0m 19.293 ms - 168\u001b[0m","timestamp":"2026-06-19 15:44:49"}
{"level":"warn","message":"GET /api/v1/members/6a3396eb7bf6e8e7af04d452 - Route not found: /api/v1/members/6a3396eb7bf6e8e7af04d452","timestamp":"2026-06-19 15:44:49"}
{"level":"info","message":"\u001b[0mGET /api/v1/members/6a3396eb7bf6e8e7af04d452 \u001b[33m404\u001b[0m 10.893 ms - 168\u001b[0m","timestamp":"2026-06-19 15:44:49"}
{"level":"info","message":"\u001b[0mGET /api/v1/members \u001b[32m200\u001b[0m 114.789 ms - -\u001b[0m","timestamp":"2026-06-19 15:44:49"}
{"level":"info","message":"\u001b[0mGET /api/v1/members \u001b[32m200\u001b[0m 81.655 ms - -\u001b[0m","timestamp":"2026-06-19 15:44:49"}
{"level":"info","message":"\u001b[0mGET /api/v1/members \u001b[32m200\u001b[0m 176.142 ms - -\u001b[0m","timestamp":"2026-06-19 15:45:27"}
{"level":"info","message":"\u001b[0mGET /api/v1/members \u001b[32m200\u001b[0m 199.505 ms - -\u001b[0m","timestamp":"2026-06-19 15:45:28"}
{"level":"info","message":"\u001b[0mGET /api/v1/members \u001b[32m200\u001b[0m 105.343 ms - -\u001b[0m","timestamp":"2026-06-19 15:45:30"}
{"level":"info","message":"\u001b[0mGET /api/v1/members \u001b[32m200\u001b[0m 95.066 ms - -\u001b[0m","timestamp":"2026-06-19 15:45:30"}
{"level":"warn","message":"GET /api/v1/members/6a3396eb7bf6e8e7af04d452 - Route not found: /api/v1/members/6a3396eb7bf6e8e7af04d452","timestamp":"2026-06-19 15:45:33"}
{"level":"info","message":"\u001b[0mGET /api/v1/members/6a3396eb7bf6e8e7af04d452 \u001b[33m404\u001b[0m 12.102 ms - 168\u001b[0m","timestamp":"2026-06-19 15:45:33"}
{"level":"warn","message":"GET /api/v1/members/6a3396eb7bf6e8e7af04d452 - Route not found: /api/v1/members/6a3396eb7bf6e8e7af04d452","timestamp":"2026-06-19 15:45:33"}
{"level":"info","message":"\u001b[0mGET /api/v1/members/6a3396eb7bf6e8e7af04d452 \u001b[33m404\u001b[0m 3.806 ms - 168\u001b[0m","timestamp":"2026-06-19 15:45:33"}
{"level":"info","message":"\u001b[0mGET /api/v1/members \u001b[32m200\u001b[0m 74.925 ms - -\u001b[0m","timestamp":"2026-06-19 15:45:33"}
{"level":"info","message":"\u001b[0mGET /api/v1/members \u001b[32m200\u001b[0m 103.396 ms - -\u001b[0m","timestamp":"2026-06-19 15:45:33"}
{"level":"info","message":"\u001b[0mGET /api/v1/members \u001b[32m200\u001b[0m 74.346 ms - -\u001b[0m","timestamp":"2026-06-19 15:47:28"}
{"level":"info","message":"\u001b[0mGET /api/v1/members \u001b[32m200\u001b[0m 76.545 ms - -\u001b[0m","timestamp":"2026-06-19 15:47:28"}
{"level":"info","message":"\u001b[0mGET /api/v1/members \u001b[32m200\u001b[0m 68.219 ms - -\u001b[0m","timestamp":"2026-06-19 15:47:30"}
{"level":"info","message":"\u001b[0mGET /api/v1/members \u001b[32m200\u001b[0m 87.529 ms - -\u001b[0m","timestamp":"2026-06-19 15:47:30"}
{"level":"warn","message":"GET /api/v1/members/6a3396eb7bf6e8e7af04d452 - Route not found: /api/v1/members/6a3396eb7bf6e8e7af04d452","timestamp":"2026-06-19 15:47:33"}
{"level":"info","message":"\u001b[0mGET /api/v1/members/6a3396eb7bf6e8e7af04d452 \u001b[33m404\u001b[0m 5.010 ms - 168\u001b[0m","timestamp":"2026-06-19 15:47:33"}
{"level":"warn","message":"GET /api/v1/members/6a3396eb7bf6e8e7af04d452 - Route not found: /api/v1/members/6a3396eb7bf6e8e7af04d452","timestamp":"2026-06-19 15:47:33"}
{"level":"info","message":"\u001b[0mGET /api/v1/members/6a3396eb7bf6e8e7af04d452 \u001b[33m404\u001b[0m 3.776 ms - 168\u001b[0m","timestamp":"2026-06-19 15:47:33"}
{"level":"info","message":"\u001b[0mGET /api/v1/members \u001b[32m200\u001b[0m 84.747 ms - -\u001b[0m","timestamp":"2026-06-19 15:47:34"}
{"level":"info","message":"\u001b[0mGET /api/v1/members \u001b[32m200\u001b[0m 85.864 ms - -\u001b[0m","timestamp":"2026-06-19 15:47:34"}
{"level":"warn","message":"GET /api/v1/members/6a3396eb7bf6e8e7af04d452 - Route not found: /api/v1/members/6a3396eb7bf6e8e7af04d452","timestamp":"2026-06-19 15:48:06"}
{"level":"info","message":"\u001b[0mGET /api/v1/members/6a3396eb7bf6e8e7af04d452 \u001b[33m404\u001b[0m 8.818 ms - 168\u001b[0m","timestamp":"2026-06-19 15:48:06"}
{"level":"warn","message":"GET /favicon.ico - Route not found: /favicon.ico","timestamp":"2026-06-19 15:48:06"}
{"level":"info","message":"\u001b[0mGET /favicon.ico \u001b[33m404\u001b[0m 14.600 ms - 112\u001b[0m","timestamp":"2026-06-19 15:48:06"}
{"level":"info","message":"\u001b[0mGET /api/v1/health \u001b[32m200\u001b[0m 18.958 ms - 86\u001b[0m","timestamp":"2026-06-19 15:48:31"}
{"level":"info","message":"\u001b[0mGET /api/v1/members \u001b[32m200\u001b[0m 49.324 ms - 10518\u001b[0m","timestamp":"2026-06-19 15:48:31"}
{"level":"warn","message":"GET /api/v1/members/6a3396eb7bf6e8e7af04d452 - Route not found: /api/v1/members/6a3396eb7bf6e8e7af04d452","timestamp":"2026-06-19 15:48:31"}
{"level":"info","message":"\u001b[0mGET /api/v1/members/6a3396eb7bf6e8e7af04d452 \u001b[33m404\u001b[0m 1.086 ms - 168\u001b[0m","timestamp":"2026-06-19 15:48:31"}
{"level":"info","message":"\u001b[0mGET /api/v1/members \u001b[32m200\u001b[0m 73.938 ms - -\u001b[0m","timestamp":"2026-06-19 15:49:35"}
{"level":"info","message":"\u001b[0mGET /api/v1/members \u001b[32m200\u001b[0m 65.160 ms - -\u001b[0m","timestamp":"2026-06-19 15:49:35"}
{"level":"info","message":"\u001b[0mGET /api/v1/members \u001b[32m200\u001b[0m 87.973 ms - -\u001b[0m","timestamp":"2026-06-19 15:49:37"}
{"level":"info","message":"\u001b[0mGET /api/v1/members \u001b[32m200\u001b[0m 74.730 ms - -\u001b[0m","timestamp":"2026-06-19 15:49:37"}
{"level":"warn","message":"GET /api/v1/members/6a3396a27bf6e8e7af04d451 - Route not found: /api/v1/members/6a3396a27bf6e8e7af04d451","timestamp":"2026-06-19 15:49:42"}
{"level":"info","message":"\u001b[0mGET /api/v1/members/6a3396a27bf6e8e7af04d451 \u001b[33m404\u001b[0m 8.080 ms - 168\u001b[0m","timestamp":"2026-06-19 15:49:42"}
{"level":"warn","message":"GET /api/v1/members/6a3396a27bf6e8e7af04d451 - Route not found: /api/v1/members/6a3396a27bf6e8e7af04d451","timestamp":"2026-06-19 15:49:42"}
{"level":"info","message":"\u001b[0mGET /api/v1/members/6a3396a27bf6e8e7af04d451 \u001b[33m404\u001b[0m 5.194 ms - 168\u001b[0m","timestamp":"2026-06-19 15:49:42"}
{"level":"info","message":"\u001b[0mGET /api/v1/members \u001b[32m200\u001b[0m 114.394 ms - -\u001b[0m","timestamp":"2026-06-19 15:49:42"}
{"level":"info","message":"\u001b[0mGET /api/v1/members \u001b[32m200\u001b[0m 74.126 ms - -\u001b[0m","timestamp":"2026-06-19 15:49:42"}
{"level":"info","message":"\u001b[0mGET /api/v1/events/upcoming \u001b[32m200\u001b[0m 79.763 ms - 434\u001b[0m","timestamp":"2026-06-19 15:51:37"}
{"level":"info","message":"\u001b[0mGET /api/v1/events/upcoming \u001b[32m200\u001b[0m 38.466 ms - 434\u001b[0m","timestamp":"2026-06-19 15:51:37"}
{"level":"info","message":"\u001b[0mGET /api/v1/members \u001b[32m200\u001b[0m 61.618 ms - -\u001b[0m","timestamp":"2026-06-19 15:51:38"}
{"level":"info","message":"\u001b[0mGET /api/v1/members \u001b[32m200\u001b[0m 48.838 ms - -\u001b[0m","timestamp":"2026-06-19 15:51:38"}
{"level":"warn","message":"GET /api/v1/members/6a3396eb7bf6e8e7af04d452 - Route not found: /api/v1/members/6a3396eb7bf6e8e7af04d452","timestamp":"2026-06-19 15:52:06"}
{"level":"info","message":"\u001b[0mGET /api/v1/members/6a3396eb7bf6e8e7af04d452 \u001b[33m404\u001b[0m 4.788 ms - 168\u001b[0m","timestamp":"2026-06-19 15:52:06"}
{"level":"warn","message":"GET /api/v1/members/6a3396eb7bf6e8e7af04d452 - Route not found: /api/v1/members/6a3396eb7bf6e8e7af04d452","timestamp":"2026-06-19 15:52:06"}
{"level":"info","message":"\u001b[0mGET /api/v1/members/6a3396eb7bf6e8e7af04d452 \u001b[33m404\u001b[0m 23.774 ms - 168\u001b[0m","timestamp":"2026-06-19 15:52:06"}
{"level":"info","message":"\u001b[0mGET /api/v1/members \u001b[32m200\u001b[0m 91.858 ms - -\u001b[0m","timestamp":"2026-06-19 15:52:06"}
{"level":"info","message":"\u001b[0mGET /api/v1/members \u001b[32m200\u001b[0m 88.092 ms - -\u001b[0m","timestamp":"2026-06-19 15:52:06"}
{"level":"warn","message":"GET /api/v1/members/rameshwar-agarwal - Route not found: /api/v1/members/rameshwar-agarwal","timestamp":"2026-06-19 15:53:56"}
{"level":"info","message":"\u001b[0mGET /api/v1/members/rameshwar-agarwal \u001b[33m404\u001b[0m 4.829 ms - 154\u001b[0m","timestamp":"2026-06-19 15:53:56"}
{"level":"warn","message":"GET /api/v1/members/rameshwar-agarwal - Route not found: /api/v1/members/rameshwar-agarwal","timestamp":"2026-06-19 15:53:56"}
{"level":"info","message":"\u001b[0mGET /api/v1/members/rameshwar-agarwal \u001b[33m404\u001b[0m 6.851 ms - 154\u001b[0m","timestamp":"2026-06-19 15:53:56"}
{"level":"info","message":"\u001b[0mGET /api/v1/members \u001b[32m200\u001b[0m 52.310 ms - -\u001b[0m","timestamp":"2026-06-19 15:53:56"}
{"level":"info","message":"\u001b[0mGET /api/v1/members \u001b[32m200\u001b[0m 78.575 ms - -\u001b[0m","timestamp":"2026-06-19 15:53:56"}
{"level":"info","message":"\u001b[0mGET /api/v1/members \u001b[32m200\u001b[0m 36.626 ms - -\u001b[0m","timestamp":"2026-06-19 15:53:56"}
{"level":"info","message":"\u001b[0mGET /api/v1/members \u001b[32m200\u001b[0m 43.993 ms - -\u001b[0m","timestamp":"2026-06-19 15:53:56"}
{"level":"info","message":"\u001b[0mGET /api/v1/events/upcoming \u001b[32m200\u001b[0m 46.304 ms - 434\u001b[0m","timestamp":"2026-06-19 15:56:34"}
{"level":"info","message":"\u001b[0mGET /api/v1/members \u001b[32m200\u001b[0m 47.370 ms - -\u001b[0m","timestamp":"2026-06-19 15:56:34"}
{"level":"info","message":"\u001b[0mGET /api/v1/events/upcoming \u001b[32m200\u001b[0m 31.859 ms - 434\u001b[0m","timestamp":"2026-06-19 15:56:34"}
{"level":"info","message":"\u001b[0mGET /api/v1/members \u001b[32m200\u001b[0m 54.394 ms - -\u001b[0m","timestamp":"2026-06-19 15:56:34"}
{"level":"warn","message":"GET /api/v1/members/6a3396a27bf6e8e7af04d451 - Route not found: /api/v1/members/6a3396a27bf6e8e7af04d451","timestamp":"2026-06-19 15:58:34"}
{"level":"info","message":"\u001b[0mGET /api/v1/members/6a3396a27bf6e8e7af04d451 \u001b[33m404\u001b[0m 10.434 ms - 168\u001b[0m","timestamp":"2026-06-19 15:58:34"}
{"level":"warn","message":"GET /api/v1/members/6a3396a27bf6e8e7af04d451 - Route not found: /api/v1/members/6a3396a27bf6e8e7af04d451","timestamp":"2026-06-19 15:58:35"}
{"level":"info","message":"\u001b[0mGET /api/v1/members/6a3396a27bf6e8e7af04d451 \u001b[33m404\u001b[0m 14.326 ms - 168\u001b[0m","timestamp":"2026-06-19 15:58:35"}
{"level":"info","message":"\u001b[0mGET /api/v1/members \u001b[32m200\u001b[0m 53.730 ms - -\u001b[0m","timestamp":"2026-06-19 15:58:35"}
{"level":"info","message":"\u001b[0mGET /api/v1/members \u001b[32m200\u001b[0m 68.663 ms - -\u001b[0m","timestamp":"2026-06-19 15:58:35"}
{"level":"info","message":"\u001b[0mGET /api/v1/events/upcoming \u001b[32m200\u001b[0m 62.988 ms - 434\u001b[0m","timestamp":"2026-06-19 15:58:40"}
{"level":"info","message":"\u001b[0mGET /api/v1/events/upcoming \u001b[32m200\u001b[0m 83.977 ms - 434\u001b[0m","timestamp":"2026-06-19 15:58:40"}
{"level":"info","message":"\u001b[0mGET /api/v1/members \u001b[32m200\u001b[0m 157.344 ms - -\u001b[0m","timestamp":"2026-06-19 15:58:40"}
{"level":"info","message":"\u001b[0mGET /api/v1/members \u001b[32m200\u001b[0m 74.538 ms - -\u001b[0m","timestamp":"2026-06-19 15:58:40"}
{"level":"info","message":"\u001b[0mGET /api/v1/members \u001b[32m200\u001b[0m 54.495 ms - -\u001b[0m","timestamp":"2026-06-19 15:59:07"}
{"level":"info","message":"\u001b[0mGET /api/v1/members \u001b[32m200\u001b[0m 51.227 ms - -\u001b[0m","timestamp":"2026-06-19 15:59:07"}
{"level":"info","message":"\u001b[0mGET /api/v1/events/upcoming \u001b[32m200\u001b[0m 34.440 ms - 434\u001b[0m","timestamp":"2026-06-19 15:59:12"}
{"level":"info","message":"\u001b[0mGET /api/v1/events/upcoming \u001b[32m200\u001b[0m 33.766 ms - 434\u001b[0m","timestamp":"2026-06-19 15:59:12"}
{"level":"info","message":"\u001b[0mGET /api/v1/members \u001b[32m200\u001b[0m 54.898 ms - -\u001b[0m","timestamp":"2026-06-19 15:59:16"}
{"level":"info","message":"\u001b[0mGET /api/v1/members \u001b[32m200\u001b[0m 58.109 ms - -\u001b[0m","timestamp":"2026-06-19 15:59:16"}
{"level":"info","message":"\u001b[0mGET /api/v1/events/upcoming \u001b[32m200\u001b[0m 110.488 ms - 434\u001b[0m","timestamp":"2026-06-19 16:00:16"}
{"level":"info","message":"\u001b[0mGET /api/v1/members \u001b[32m200\u001b[0m 118.320 ms - -\u001b[0m","timestamp":"2026-06-19 16:00:16"}
{"level":"info","message":"\u001b[0mGET /api/v1/events/upcoming \u001b[32m200\u001b[0m 38.895 ms - 434\u001b[0m","timestamp":"2026-06-19 16:00:16"}
{"level":"info","message":"\u001b[0mGET /api/v1/members \u001b[32m200\u001b[0m 58.797 ms - -\u001b[0m","timestamp":"2026-06-19 16:00:16"}
{"level":"info","message":"\u001b[0mGET /api/v1/members \u001b[32m200\u001b[0m 58.950 ms - -\u001b[0m","timestamp":"2026-06-19 16:00:53"}
{"level":"info","message":"\u001b[0mGET /api/v1/members \u001b[32m200\u001b[0m 60.038 ms - -\u001b[0m","timestamp":"2026-06-19 16:00:53"}
{"level":"info","message":"\u001b[0mGET /api/v1/events/upcoming \u001b[32m200\u001b[0m 34.913 ms - 434\u001b[0m","timestamp":"2026-06-19 16:01:12"}
{"level":"info","message":"\u001b[0mGET /api/v1/events/upcoming \u001b[32m200\u001b[0m 34.069 ms - 434\u001b[0m","timestamp":"2026-06-19 16:01:12"}
{"level":"info","message":"\u001b[0mPOST /api/v1/contacts \u001b[32m201\u001b[0m 155.082 ms - 409\u001b[0m","timestamp":"2026-06-19 16:01:34"}
{"level":"info","message":"\u001b[0mGET /api/v1/members \u001b[32m200\u001b[0m 70.709 ms - -\u001b[0m","timestamp":"2026-06-19 16:01:39"}
{"level":"info","message":"\u001b[0mGET /api/v1/members \u001b[32m200\u001b[0m 67.012 ms - -\u001b[0m","timestamp":"2026-06-19 16:01:39"}
{"level":"info","message":"\u001b[0mGET /api/v1/members \u001b[32m200\u001b[0m 73.235 ms - -\u001b[0m","timestamp":"2026-06-19 16:01:55"}
{"level":"info","message":"\u001b[0mGET /api/v1/members \u001b[32m200\u001b[0m 56.591 ms - -\u001b[0m","timestamp":"2026-06-19 16:01:55"}
{"level":"info","message":"\u001b[0mGET /api/v1/events/upcoming \u001b[32m200\u001b[0m 50.466 ms - 434\u001b[0m","timestamp":"2026-06-19 16:01:58"}
{"level":"info","message":"\u001b[0mGET /api/v1/members \u001b[32m200\u001b[0m 58.063 ms - -\u001b[0m","timestamp":"2026-06-19 16:01:58"}
{"level":"info","message":"\u001b[0mGET /api/v1/events/upcoming \u001b[32m200\u001b[0m 36.562 ms - 434\u001b[0m","timestamp":"2026-06-19 16:01:58"}
{"level":"info","message":"\u001b[0mGET /api/v1/members \u001b[32m200\u001b[0m 77.443 ms - -\u001b[0m","timestamp":"2026-06-19 16:01:58"}
{"level":"warn","message":"GET /api/v1/members/6a339e1339131dc9bb857b50 - Route not found: /api/v1/members/6a339e1339131dc9bb857b50","timestamp":"2026-06-19 16:02:12"}
{"level":"info","message":"\u001b[0mGET /api/v1/members/6a339e1339131dc9bb857b50 \u001b[33m404\u001b[0m 5.368 ms - 168\u001b[0m","timestamp":"2026-06-19 16:02:12"}
{"level":"warn","message":"GET /api/v1/members/6a339e1339131dc9bb857b50 - Route not found: /api/v1/members/6a339e1339131dc9bb857b50","timestamp":"2026-06-19 16:02:12"}
{"level":"info","message":"\u001b[0mGET /api/v1/members/6a339e1339131dc9bb857b50 \u001b[33m404\u001b[0m 10.537 ms - 168\u001b[0m","timestamp":"2026-06-19 16:02:12"}
{"level":"info","message":"\u001b[0mGET /api/v1/members \u001b[32m200\u001b[0m 56.812 ms - -\u001b[0m","timestamp":"2026-06-19 16:02:12"}
{"level":"info","message":"\u001b[0mGET /api/v1/members \u001b[32m200\u001b[0m 54.506 ms - -\u001b[0m","timestamp":"2026-06-19 16:02:12"}
{"level":"info","message":"\u001b[0mGET /api/v1/events/upcoming \u001b[32m200\u001b[0m 139.751 ms - 434\u001b[0m","timestamp":"2026-06-19 16:02:27"}
{"level":"info","message":"\u001b[0mGET /api/v1/members \u001b[32m200\u001b[0m 151.736 ms - -\u001b[0m","timestamp":"2026-06-19 16:02:27"}
{"level":"info","message":"\u001b[0mGET /api/v1/events/upcoming \u001b[32m200\u001b[0m 111.034 ms - 434\u001b[0m","timestamp":"2026-06-19 16:02:27"}
{"level":"info","message":"\u001b[0mGET /api/v1/members \u001b[32m200\u001b[0m 92.269 ms - -\u001b[0m","timestamp":"2026-06-19 16:02:27"}
{"level":"info","message":"\u001b[0mGET /api/v1/members \u001b[32m200\u001b[0m 80.125 ms - -\u001b[0m","timestamp":"2026-06-19 16:02:34"}
{"level":"info","message":"\u001b[0mGET /api/v1/members \u001b[32m200\u001b[0m 63.533 ms - -\u001b[0m","timestamp":"2026-06-19 16:02:34"}
{"level":"info","message":"\u001b[0mGET /api/v1/events/upcoming \u001b[32m200\u001b[0m 32.851 ms - 434\u001b[0m","timestamp":"2026-06-19 16:02:47"}
{"level":"info","message":"\u001b[0mGET /api/v1/events/upcoming \u001b[32m200\u001b[0m 35.046 ms - 434\u001b[0m","timestamp":"2026-06-19 16:02:47"}
{"level":"info","message":"\u001b[0mGET /api/v1/members \u001b[32m200\u001b[0m 50.240 ms - -\u001b[0m","timestamp":"2026-06-19 16:02:49"}
{"level":"info","message":"\u001b[0mGET /api/v1/members \u001b[32m200\u001b[0m 55.896 ms - -\u001b[0m","timestamp":"2026-06-19 16:02:49"}
{"level":"info","message":"\u001b[0mGET /api/v1/events/upcoming \u001b[32m200\u001b[0m 48.822 ms - 434\u001b[0m","timestamp":"2026-06-19 16:03:07"}
{"level":"info","message":"\u001b[0mGET /api/v1/members \u001b[32m200\u001b[0m 75.726 ms - -\u001b[0m","timestamp":"2026-06-19 16:03:07"}
{"level":"info","message":"\u001b[0mGET /api/v1/events/upcoming \u001b[32m200\u001b[0m 33.495 ms - 434\u001b[0m","timestamp":"2026-06-19 16:03:07"}
{"level":"info","message":"\u001b[0mGET /api/v1/members \u001b[32m200\u001b[0m 94.713 ms - -\u001b[0m","timestamp":"2026-06-19 16:03:07"}
{"level":"info","message":"\u001b[0mGET /api/v1/contacts?page=1&limit=10 \u001b[32m200\u001b[0m 104.073 ms - 744\u001b[0m","timestamp":"2026-06-19 16:03:19"}
{"level":"info","message":"\u001b[0mGET /api/v1/payments?page=1&limit=12 \u001b[32m200\u001b[0m 86.250 ms - 153\u001b[0m","timestamp":"2026-06-19 16:03:24"}
{"level":"info","message":"\u001b[0mGET /api/v1/events \u001b[32m200\u001b[0m 40.104 ms - 845\u001b[0m","timestamp":"2026-06-19 16:03:25"}
{"level":"info","message":"\u001b[0mGET /api/v1/sponsor \u001b[32m200\u001b[0m 35.320 ms - 930\u001b[0m","timestamp":"2026-06-19 16:03:26"}
{"level":"info","message":"\u001b[0mGET /api/v1/admins \u001b[32m200\u001b[0m 79.995 ms - 447\u001b[0m","timestamp":"2026-06-19 16:03:30"}
{"level":"warn","message":"POST /api/v1/admins/create - Validation failed","timestamp":"2026-06-19 16:03:40"}
{"level":"info","message":"\u001b[0mPOST /api/v1/admins/create \u001b[33m422\u001b[0m 185.073 ms - 194\u001b[0m","timestamp":"2026-06-19 16:03:40"}
{"level":"info","message":"\u001b[0mGET /api/v1/admins/me \u001b[32m200\u001b[0m 58.060 ms - 435\u001b[0m","timestamp":"2026-06-19 16:03:40"}
{"level":"info","message":"\u001b[0mGET /api/v1/admins \u001b[32m200\u001b[0m 108.220 ms - 447\u001b[0m","timestamp":"2026-06-19 16:03:40"}
{"level":"info","message":"\u001b[0mPOST /api/v1/admins/create \u001b[32m201\u001b[0m 795.530 ms - 434\u001b[0m","timestamp":"2026-06-19 16:03:50"}
{"level":"info","message":"\u001b[0mGET /api/v1/admins/me \u001b[32m200\u001b[0m 49.563 ms - 435\u001b[0m","timestamp":"2026-06-19 16:03:50"}
{"level":"info","message":"\u001b[0mGET /api/v1/admins \u001b[32m200\u001b[0m 111.490 ms - 797\u001b[0m","timestamp":"2026-06-19 16:03:51"}
{"level":"info","message":"\u001b[0mGET /api/v1/members?page=1&limit=1 \u001b[32m200\u001b[0m 182.835 ms - -\u001b[0m","timestamp":"2026-06-19 16:09:45"}
{"level":"info","message":"\u001b[0mGET /api/v1/payments?page=1&limit=1 \u001b[32m200\u001b[0m 149.471 ms - 152\u001b[0m","timestamp":"2026-06-19 16:09:45"}
{"level":"info","message":"\u001b[0mGET /api/v1/contacts?page=1&limit=1&isResolved=false \u001b[32m200\u001b[0m 99.552 ms - 447\u001b[0m","timestamp":"2026-06-19 16:09:45"}
{"level":"info","message":"\u001b[0mGET /api/v1/members?page=1&limit=12 \u001b[32m200\u001b[0m 59.537 ms - -\u001b[0m","timestamp":"2026-06-19 16:10:09"}
{"level":"info","message":"\u001b[0mGET /api/v1/events \u001b[32m200\u001b[0m 49.710 ms - 845\u001b[0m","timestamp":"2026-06-19 16:11:15"}
{"level":"info","message":"\u001b[0mGET /api/v1/payments?page=1&limit=12 \u001b[32m200\u001b[0m 91.546 ms - 153\u001b[0m","timestamp":"2026-06-19 16:11:16"}
{"level":"info","message":"\u001b[0mGET /api/v1/contacts?page=1&limit=10 \u001b[32m200\u001b[0m 78.036 ms - 744\u001b[0m","timestamp":"2026-06-19 16:11:18"}
{"level":"info","message":"\u001b[0mGET /api/v1/enquiry?page=1&limit=12 \u001b[32m200\u001b[0m 42.236 ms - -\u001b[0m","timestamp":"2026-06-19 16:11:19"}
{"level":"info","message":"\u001b[0mGET /api/v1/sponsor \u001b[32m200\u001b[0m 41.950 ms - 930\u001b[0m","timestamp":"2026-06-19 16:11:22"}
{"level":"info","message":"\u001b[0mGET /api/v1/members?page=1&limit=12 \u001b[32m200\u001b[0m 77.324 ms - -\u001b[0m","timestamp":"2026-06-19 16:13:08"}
{"level":"info","message":"\u001b[0mGET /api/v1/events \u001b[32m200\u001b[0m 35.471 ms - 845\u001b[0m","timestamp":"2026-06-19 16:13:15"}
{"level":"info","message":"\u001b[0mGET /api/v1/admins/me \u001b[32m200\u001b[0m 47.413 ms - 435\u001b[0m","timestamp":"2026-06-19 16:14:50"}
{"level":"info","message":"\u001b[0mGET /api/v1/events \u001b[32m200\u001b[0m 34.903 ms - 845\u001b[0m","timestamp":"2026-06-19 16:14:50"}
{"level":"info","message":"\u001b[0mGET /api/v1/members?page=1&limit=1 \u001b[32m200\u001b[0m 86.372 ms - -\u001b[0m","timestamp":"2026-06-19 16:14:52"}
{"level":"info","message":"\u001b[0mGET /api/v1/payments?page=1&limit=1 \u001b[32m200\u001b[0m 107.425 ms - 152\u001b[0m","timestamp":"2026-06-19 16:14:52"}
{"level":"info","message":"\u001b[0mGET /api/v1/contacts?page=1&limit=1&isResolved=false \u001b[32m200\u001b[0m 104.277 ms - 447\u001b[0m","timestamp":"2026-06-19 16:14:52"}
{"level":"info","message":"\u001b[0mGET /api/v1/admins \u001b[32m200\u001b[0m 103.291 ms - 797\u001b[0m","timestamp":"2026-06-19 16:14:52"}
{"level":"info","message":"\u001b[0mGET /api/v1/members?page=1&limit=12 \u001b[32m200\u001b[0m 65.273 ms - -\u001b[0m","timestamp":"2026-06-19 16:14:53"}
{"level":"info","message":"\u001b[0mGET /api/v1/payments?page=1&limit=12 \u001b[32m200\u001b[0m 82.725 ms - 153\u001b[0m","timestamp":"2026-06-19 16:14:56"}
{"level":"info","message":"\u001b[0mGET /api/v1/contacts?page=1&limit=10 \u001b[32m200\u001b[0m 83.119 ms - 744\u001b[0m","timestamp":"2026-06-19 16:14:57"}
{"level":"info","message":"\u001b[0mGET /api/v1/sponsor \u001b[32m200\u001b[0m 37.983 ms - 930\u001b[0m","timestamp":"2026-06-19 16:14:58"}
{"level":"info","message":"\u001b[0mGET /api/v1/enquiry?page=1&limit=12 \u001b[32m200\u001b[0m 61.263 ms - -\u001b[0m","timestamp":"2026-06-19 16:15:01"}
{"level":"info","message":"\u001b[0mGET /api/v1/members \u001b[32m200\u001b[0m 87.751 ms - -\u001b[0m","timestamp":"2026-06-19 16:15:11"}
{"level":"info","message":"\u001b[0mGET /api/v1/members \u001b[32m200\u001b[0m 120.869 ms - -\u001b[0m","timestamp":"2026-06-19 16:15:11"}
{"level":"info","message":"\u001b[0mGET /api/v1/members \u001b[32m200\u001b[0m 64.804 ms - -\u001b[0m","timestamp":"2026-06-19 16:15:28"}
{"level":"info","message":"\u001b[0mGET /api/v1/members \u001b[32m200\u001b[0m 74.404 ms - -\u001b[0m","timestamp":"2026-06-19 16:15:28"}
{"level":"info","message":"\u001b[0mGET /api/v1/members \u001b[32m200\u001b[0m 64.375 ms - -\u001b[0m","timestamp":"2026-06-19 16:15:32"}
{"level":"info","message":"\u001b[0mGET /api/v1/members \u001b[32m200\u001b[0m 75.231 ms - -\u001b[0m","timestamp":"2026-06-19 16:15:32"}
{"level":"info","message":"\u001b[0mGET /api/v1/events/upcoming \u001b[32m200\u001b[0m 83.323 ms - 434\u001b[0m","timestamp":"2026-06-19 16:15:39"}
{"level":"info","message":"\u001b[0mGET /api/v1/members \u001b[32m200\u001b[0m 82.284 ms - -\u001b[0m","timestamp":"2026-06-19 16:15:39"}
{"level":"info","message":"\u001b[0mGET /api/v1/events/upcoming \u001b[32m200\u001b[0m 34.352 ms - 434\u001b[0m","timestamp":"2026-06-19 16:15:39"}
{"level":"info","message":"\u001b[0mGET /api/v1/members \u001b[32m200\u001b[0m 86.921 ms - -\u001b[0m","timestamp":"2026-06-19 16:15:39"}
{"level":"info","message":"\u001b[0mGET /api/v1/members \u001b[32m200\u001b[0m 66.226 ms - -\u001b[0m","timestamp":"2026-06-19 16:15:59"}
{"level":"info","message":"\u001b[0mGET /api/v1/members \u001b[32m200\u001b[0m 56.356 ms - -\u001b[0m","timestamp":"2026-06-19 16:15:59"}
{"level":"info","message":"\u001b[0mGET /api/v1/members \u001b[32m200\u001b[0m 64.372 ms - -\u001b[0m","timestamp":"2026-06-19 16:19:10"}
{"level":"info","message":"\u001b[0mGET /api/v1/events/upcoming \u001b[32m200\u001b[0m 56.009 ms - 434\u001b[0m","timestamp":"2026-06-19 16:19:10"}
{"level":"info","message":"\u001b[0mGET /api/v1/events/upcoming \u001b[32m200\u001b[0m 51.056 ms - 434\u001b[0m","timestamp":"2026-06-19 16:19:10"}
{"level":"info","message":"\u001b[0mGET /api/v1/members \u001b[32m200\u001b[0m 55.567 ms - -\u001b[0m","timestamp":"2026-06-19 16:19:10"}
{"level":"info","message":"\u001b[0mGET /api/v1/events/upcoming \u001b[32m200\u001b[0m 41.390 ms - 434\u001b[0m","timestamp":"2026-06-19 16:19:16"}
{"level":"info","message":"\u001b[0mGET /api/v1/events/upcoming \u001b[32m200\u001b[0m 47.119 ms - 434\u001b[0m","timestamp":"2026-06-19 16:19:16"}
{"level":"info","message":"\u001b[0mGET /api/v1/members \u001b[32m200\u001b[0m 48.961 ms - -\u001b[0m","timestamp":"2026-06-19 16:19:18"}
{"level":"info","message":"\u001b[0mGET /api/v1/members \u001b[32m200\u001b[0m 43.148 ms - -\u001b[0m","timestamp":"2026-06-19 16:19:19"}
{"level":"info","message":"\u001b[0mGET /api/v1/events/upcoming \u001b[32m200\u001b[0m 41.764 ms - 434\u001b[0m","timestamp":"2026-06-19 16:19:20"}
{"level":"info","message":"\u001b[0mGET /api/v1/events/upcoming \u001b[32m200\u001b[0m 34.141 ms - 434\u001b[0m","timestamp":"2026-06-19 16:19:20"}
{"level":"info","message":"\u001b[0mGET /api/v1/events/upcoming \u001b[32m200\u001b[0m 40.178 ms - 434\u001b[0m","timestamp":"2026-06-19 16:19:24"}
{"level":"info","message":"\u001b[0mGET /api/v1/members \u001b[32m200\u001b[0m 58.451 ms - -\u001b[0m","timestamp":"2026-06-19 16:19:24"}
{"level":"info","message":"\u001b[0mGET /api/v1/events/upcoming \u001b[32m200\u001b[0m 31.678 ms - 434\u001b[0m","timestamp":"2026-06-19 16:19:25"}
{"level":"info","message":"\u001b[0mGET /api/v1/members \u001b[32m200\u001b[0m 36.934 ms - -\u001b[0m","timestamp":"2026-06-19 16:19:25"}
{"level":"info","message":"\u001b[0mGET /api/v1/contacts?page=1&limit=10 \u001b[32m200\u001b[0m 182.662 ms - 744\u001b[0m","timestamp":"2026-06-19 16:22:58"}
{"level":"info","message":"\u001b[0mGET /api/v1/sponsor \u001b[32m200\u001b[0m 87.959 ms - 930\u001b[0m","timestamp":"2026-06-19 16:23:00"}
{"level":"info","message":"\u001b[0mGET /api/v1/admins \u001b[32m200\u001b[0m 100.942 ms - 797\u001b[0m","timestamp":"2026-06-19 16:23:29"}
{"level":"info","message":"\u001b[0mGET /api/v1/events \u001b[32m200\u001b[0m 30.073 ms - 845\u001b[0m","timestamp":"2026-06-19 16:23:34"}
{"level":"info","message":"\u001b[0mGET /api/v1/payments?page=1&limit=12 \u001b[32m200\u001b[0m 132.188 ms - 153\u001b[0m","timestamp":"2026-06-19 16:28:25"}
{"level":"info","message":"\u001b[0mGET /api/v1/contacts?page=1&limit=10 \u001b[32m200\u001b[0m 89.400 ms - 744\u001b[0m","timestamp":"2026-06-19 16:28:27"}
{"level":"info","message":"\u001b[0mGET /api/v1/contacts?page=1&limit=10&isRead=false \u001b[32m200\u001b[0m 81.243 ms - 448\u001b[0m","timestamp":"2026-06-19 16:28:34"}
{"level":"info","message":"\u001b[0mGET /api/v1/contacts?page=1&limit=10&isRead=true \u001b[32m200\u001b[0m 79.791 ms - 456\u001b[0m","timestamp":"2026-06-19 16:28:38"}
{"level":"info","message":"\u001b[0mGET /api/v1/contacts?page=1&limit=10&isResolved=false \u001b[32m200\u001b[0m 87.721 ms - 744\u001b[0m","timestamp":"2026-06-19 16:28:43"}
{"level":"info","message":"\u001b[0mGET /api/v1/contacts?page=1&limit=10&isResolved=true \u001b[32m200\u001b[0m 75.410 ms - 161\u001b[0m","timestamp":"2026-06-19 16:28:46"}
{"level":"info","message":"\u001b[0mGET /api/v1/contacts?page=1&limit=10&isRead=false&isResolved=true \u001b[32m200\u001b[0m 69.235 ms - 161\u001b[0m","timestamp":"2026-06-19 16:28:50"}
{"level":"info","message":"\u001b[0mGET /api/v1/contacts?page=1&limit=10&isResolved=true \u001b[32m200\u001b[0m 100.811 ms - 161\u001b[0m","timestamp":"2026-06-19 16:30:06"}
{"level":"info","message":"\u001b[0mGET /api/v1/contacts?page=1&limit=10 \u001b[32m200\u001b[0m 96.156 ms - 744\u001b[0m","timestamp":"2026-06-19 16:30:09"}
{"level":"info","message":"\u001b[0mGET /api/v1/enquiry?page=1&limit=12 \u001b[32m200\u001b[0m 46.339 ms - -\u001b[0m","timestamp":"2026-06-19 16:30:12"}
{"level":"info","message":"\u001b[0mGET /api/v1/sponsor \u001b[32m200\u001b[0m 37.813 ms - 930\u001b[0m","timestamp":"2026-06-19 16:30:14"}
{"level":"info","message":"\u001b[0mGET /api/v1/admins \u001b[32m200\u001b[0m 81.387 ms - 797\u001b[0m","timestamp":"2026-06-19 16:30:22"}
{"level":"warn","message":"POST /api/v1/admins/create - Validation failed","timestamp":"2026-06-19 16:30:42"}
{"level":"info","message":"\u001b[0mPOST /api/v1/admins/create \u001b[33m422\u001b[0m 64.117 ms - 194\u001b[0m","timestamp":"2026-06-19 16:30:42"}
{"level":"info","message":"\u001b[0mGET /api/v1/admins/me \u001b[32m200\u001b[0m 36.845 ms - 435\u001b[0m","timestamp":"2026-06-19 16:30:42"}
{"level":"info","message":"\u001b[0mGET /api/v1/admins \u001b[32m200\u001b[0m 69.944 ms - 797\u001b[0m","timestamp":"2026-06-19 16:30:42"}
{"level":"warn","message":"POST /api/v1/admins/create - An admin with this email or phone number already exists","timestamp":"2026-06-19 16:30:47"}
{"level":"info","message":"\u001b[0mPOST /api/v1/admins/create \u001b[33m409\u001b[0m 72.992 ms - 164\u001b[0m","timestamp":"2026-06-19 16:30:47"}
{"level":"info","message":"\u001b[0mGET /api/v1/admins/me \u001b[32m200\u001b[0m 35.324 ms - 435\u001b[0m","timestamp":"2026-06-19 16:30:47"}
{"level":"info","message":"\u001b[0mGET /api/v1/admins \u001b[32m200\u001b[0m 79.807 ms - 797\u001b[0m","timestamp":"2026-06-19 16:30:47"}
{"level":"info","message":"\u001b[0mGET /api/v1/sponsor \u001b[32m200\u001b[0m 109.374 ms - 930\u001b[0m","timestamp":"2026-06-19 16:31:41"}
{"level":"info","message":"\u001b[0mGET /api/v1/members \u001b[32m200\u001b[0m 49.164 ms - -\u001b[0m","timestamp":"2026-06-19 16:33:31"}
{"level":"info","message":"\u001b[0mGET /api/v1/members \u001b[32m200\u001b[0m 44.950 ms - -\u001b[0m","timestamp":"2026-06-19 16:33:31"}
{"level":"info","message":"\u001b[0mGET /api/v1/events/upcoming \u001b[32m200\u001b[0m 99.572 ms - 434\u001b[0m","timestamp":"2026-06-19 16:33:56"}
{"level":"info","message":"\u001b[0mGET /api/v1/members \u001b[32m200\u001b[0m 83.398 ms - -\u001b[0m","timestamp":"2026-06-19 16:33:56"}
{"level":"info","message":"\u001b[0mGET /api/v1/events/upcoming \u001b[32m200\u001b[0m 38.140 ms - 434\u001b[0m","timestamp":"2026-06-19 16:33:56"}
{"level":"info","message":"\u001b[0mGET /api/v1/members \u001b[32m200\u001b[0m 57.571 ms - -\u001b[0m","timestamp":"2026-06-19 16:33:57"}
{"level":"info","message":"\u001b[0mGET /api/v1/events/upcoming \u001b[32m200\u001b[0m 83.319 ms - 434\u001b[0m","timestamp":"2026-06-19 16:34:20"}
{"level":"info","message":"\u001b[0mGET /api/v1/events/upcoming \u001b[32m200\u001b[0m 80.826 ms - 434\u001b[0m","timestamp":"2026-06-19 16:34:20"}
{"level":"info","message":"\u001b[0mGET /api/v1/members \u001b[32m200\u001b[0m 60.581 ms - -\u001b[0m","timestamp":"2026-06-19 16:34:27"}
{"level":"info","message":"\u001b[0mGET /api/v1/members \u001b[32m200\u001b[0m 55.397 ms - -\u001b[0m","timestamp":"2026-06-19 16:34:27"}
{"level":"info","message":"\u001b[0mGET /api/v1/events \u001b[32m200\u001b[0m 32.353 ms - 845\u001b[0m","timestamp":"2026-06-19 16:34:57"}
{"level":"info","message":"\u001b[0mGET /api/v1/members?page=1&limit=1 \u001b[32m200\u001b[0m 63.097 ms - -\u001b[0m","timestamp":"2026-06-19 16:35:00"}
{"level":"info","message":"\u001b[0mGET /api/v1/payments?page=1&limit=1 \u001b[32m200\u001b[0m 144.662 ms - 152\u001b[0m","timestamp":"2026-06-19 16:35:00"}
{"level":"info","message":"\u001b[0mGET /api/v1/contacts?page=1&limit=1&isResolved=false \u001b[32m200\u001b[0m 116.944 ms - 447\u001b[0m","timestamp":"2026-06-19 16:35:00"}
{"level":"info","message":"\u001b[0mGET /api/v1/admins \u001b[32m200\u001b[0m 118.188 ms - 797\u001b[0m","timestamp":"2026-06-19 16:35:00"}
{"level":"info","message":"\u001b[0mGET /api/v1/members \u001b[32m200\u001b[0m 56.985 ms - -\u001b[0m","timestamp":"2026-06-19 16:36:33"}
{"level":"info","message":"\u001b[0mGET /api/v1/members \u001b[32m200\u001b[0m 37.567 ms - -\u001b[0m","timestamp":"2026-06-19 16:36:33"}
{"level":"warn","message":"GET /api/v1/members/6a33a960ccdbf031c65a3c0e - Route not found: /api/v1/members/6a33a960ccdbf031c65a3c0e","timestamp":"2026-06-19 16:36:36"}
{"level":"info","message":"\u001b[0mGET /api/v1/members/6a33a960ccdbf031c65a3c0e \u001b[33m404\u001b[0m 2.029 ms - 168\u001b[0m","timestamp":"2026-06-19 16:36:36"}
{"level":"warn","message":"GET /api/v1/members/6a33a960ccdbf031c65a3c0e - Route not found: /api/v1/members/6a33a960ccdbf031c65a3c0e","timestamp":"2026-06-19 16:36:36"}
{"level":"info","message":"\u001b[0mGET /api/v1/members/6a33a960ccdbf031c65a3c0e \u001b[33m404\u001b[0m 1.647 ms - 168\u001b[0m","timestamp":"2026-06-19 16:36:36"}
{"level":"info","message":"\u001b[0mGET /api/v1/members \u001b[32m200\u001b[0m 46.425 ms - -\u001b[0m","timestamp":"2026-06-19 16:36:36"}
{"level":"info","message":"\u001b[0mGET /api/v1/members \u001b[32m200\u001b[0m 40.256 ms - -\u001b[0m","timestamp":"2026-06-19 16:36:36"}
{"level":"info","message":"\u001b[0mGET /api/v1/admins/me \u001b[32m200\u001b[0m 161.940 ms - 435\u001b[0m","timestamp":"2026-06-19 16:41:05"}
{"level":"info","message":"\u001b[0mGET /api/v1/payments?page=1&limit=1 \u001b[32m200\u001b[0m 350.455 ms - 152\u001b[0m","timestamp":"2026-06-19 16:41:06"}
{"level":"info","message":"\u001b[0mGET /api/v1/contacts?page=1&limit=1&isResolved=false \u001b[32m200\u001b[0m 359.936 ms - 447\u001b[0m","timestamp":"2026-06-19 16:41:06"}
{"level":"info","message":"\u001b[0mGET /api/v1/members?page=1&limit=1 \u001b[32m200\u001b[0m 255.973 ms - -\u001b[0m","timestamp":"2026-06-19 16:41:06"}
{"level":"info","message":"\u001b[0mGET /api/v1/admins \u001b[32m200\u001b[0m 368.042 ms - 797\u001b[0m","timestamp":"2026-06-19 16:41:06"}
{"level":"info","message":"\u001b[0mGET /api/v1/payments?page=1&limit=12 \u001b[32m200\u001b[0m 96.003 ms - 153\u001b[0m","timestamp":"2026-06-19 16:41:07"}
{"level":"info","message":"\u001b[0mGET /api/v1/contacts?page=1&limit=10 \u001b[32m200\u001b[0m 85.624 ms - 744\u001b[0m","timestamp":"2026-06-19 16:41:08"}
{"level":"info","message":"\u001b[0mGET /api/v1/enquiry?page=1&limit=12 \u001b[32m200\u001b[0m 39.184 ms - -\u001b[0m","timestamp":"2026-06-19 16:41:10"}
{"level":"info","message":"\u001b[0mGET /api/v1/sponsor \u001b[32m200\u001b[0m 43.500 ms - 930\u001b[0m","timestamp":"2026-06-19 16:41:12"}
{"level":"info","message":"\u001b[0mGET /api/v1/members?page=1&limit=12 \u001b[32m200\u001b[0m 65.046 ms - -\u001b[0m","timestamp":"2026-06-19 16:42:31"}
{"level":"info","message":"\u001b[0mGET /api/v1/events \u001b[32m200\u001b[0m 33.450 ms - 845\u001b[0m","timestamp":"2026-06-19 16:42:34"}
{"level":"info","message":"\u001b[0mGET /api/v1/contacts?page=1&limit=10 \u001b[32m200\u001b[0m 68.310 ms - 744\u001b[0m","timestamp":"2026-06-19 16:42:38"}
{"level":"info","message":"\u001b[0mGET /api/v1/members \u001b[32m200\u001b[0m 53.253 ms - -\u001b[0m","timestamp":"2026-06-19 16:42:45"}
{"level":"info","message":"\u001b[0mGET /api/v1/members \u001b[32m200\u001b[0m 44.010 ms - -\u001b[0m","timestamp":"2026-06-19 16:42:45"}
{"level":"info","message":"\u001b[0mGET /api/v1/events/upcoming \u001b[32m200\u001b[0m 56.060 ms - 434\u001b[0m","timestamp":"2026-06-19 16:42:56"}
{"level":"info","message":"\u001b[0mGET /api/v1/members \u001b[32m200\u001b[0m 70.306 ms - -\u001b[0m","timestamp":"2026-06-19 16:42:56"}
{"level":"info","message":"\u001b[0mGET /api/v1/events/upcoming \u001b[32m200\u001b[0m 32.724 ms - 434\u001b[0m","timestamp":"2026-06-19 16:42:56"}
{"level":"info","message":"\u001b[0mGET /api/v1/members \u001b[32m200\u001b[0m 39.430 ms - -\u001b[0m","timestamp":"2026-06-19 16:42:56"}
{"level":"info","message":"\u001b[0mGET /api/v1/events/upcoming \u001b[32m200\u001b[0m 34.448 ms - 434\u001b[0m","timestamp":"2026-06-19 16:42:59"}
{"level":"info","message":"\u001b[0mGET /api/v1/events/upcoming \u001b[32m200\u001b[0m 30.617 ms - 434\u001b[0m","timestamp":"2026-06-19 16:42:59"}
{"level":"info","message":"\u001b[0mGET /api/v1/events/upcoming \u001b[32m200\u001b[0m 60.667 ms - 434\u001b[0m","timestamp":"2026-06-19 16:43:05"}
{"level":"info","message":"\u001b[0mGET /api/v1/members \u001b[32m200\u001b[0m 77.598 ms - -\u001b[0m","timestamp":"2026-06-19 16:43:05"}
{"level":"info","message":"\u001b[0mGET /api/v1/events/upcoming \u001b[32m200\u001b[0m 36.319 ms - 434\u001b[0m","timestamp":"2026-06-19 16:43:05"}
{"level":"info","message":"\u001b[0mGET /api/v1/members \u001b[32m200\u001b[0m 60.270 ms - -\u001b[0m","timestamp":"2026-06-19 16:43:05"}
