{"level":"warn","message":"GET /api/v1/admins/me - You are not logged in. Please log in to continue","timestamp":"2026-06-18 15:30:15"}
{"level":"info","message":"\u001b[0mGET /api/v1/admins/me \u001b[33m401\u001b[0m 113.211 ms - 150\u001b[0m","timestamp":"2026-06-18 15:30:15"}
{"level":"info","message":"\u001b[0mPOST /api/v1/admins/login \u001b[32m200\u001b[0m 1466.987 ms - 633\u001b[0m","timestamp":"2026-06-18 15:30:33"}
{"level":"warn","message":"GET /api/v1/admins/me - You are not logged in. Please log in to continue","timestamp":"2026-06-18 15:30:33"}
{"level":"info","message":"\u001b[0mGET /api/v1/admins/me \u001b[33m401\u001b[0m 66.792 ms - 150\u001b[0m","timestamp":"2026-06-18 15:30:33"}
{"level":"warn","message":"GET /api/v1/payments?page=1&limit=1 - You are not logged in. Please log in to continue","timestamp":"2026-06-18 15:30:34"}
{"level":"info","message":"\u001b[0mGET /api/v1/payments?page=1&limit=1 \u001b[33m401\u001b[0m 36.978 ms - 150\u001b[0m","timestamp":"2026-06-18 15:30:34"}
{"level":"info","message":"\u001b[0mGET /api/v1/members?page=1&limit=1 \u001b[36m304\u001b[0m 289.344 ms - -\u001b[0m","timestamp":"2026-06-18 15:30:34"}
{"level":"warn","message":"GET /api/v1/admins - You are not logged in. Please log in to continue","timestamp":"2026-06-18 15:30:34"}
{"level":"info","message":"\u001b[0mGET /api/v1/admins \u001b[33m401\u001b[0m 15.691 ms - 150\u001b[0m","timestamp":"2026-06-18 15:30:34"}
{"level":"warn","message":"GET /api/v1/contacts?page=1&limit=1&isResolved=false - You are not logged in. Please log in to continue","timestamp":"2026-06-18 15:30:34"}
{"level":"info","message":"\u001b[0mGET /api/v1/contacts?page=1&limit=1&isResolved=false \u001b[33m401\u001b[0m 64.044 ms - 150\u001b[0m","timestamp":"2026-06-18 15:30:34"}
{"level":"warn","message":"GET /api/v1/admins/me - You are not logged in. Please log in to continue","timestamp":"2026-06-18 15:33:22"}
{"level":"info","message":"\u001b[0mGET /api/v1/admins/me \u001b[33m401\u001b[0m 40.517 ms - 150\u001b[0m","timestamp":"2026-06-18 15:33:22"}
{"level":"info","message":"\u001b[0mPOST /api/v1/admins/login \u001b[32m200\u001b[0m 1282.601 ms - 633\u001b[0m","timestamp":"2026-06-18 15:33:32"}
{"level":"warn","message":"GET /api/v1/admins/me - You are not logged in. Please log in to continue","timestamp":"2026-06-18 15:33:32"}
{"level":"info","message":"\u001b[0mGET /api/v1/admins/me \u001b[33m401\u001b[0m 62.482 ms - 150\u001b[0m","timestamp":"2026-06-18 15:33:32"}
{"level":"warn","message":"GET /api/v1/admins/me - You are not logged in. Please log in to continue","timestamp":"2026-06-18 15:36:16"}
{"level":"info","message":"\u001b[0mGET /api/v1/admins/me \u001b[33m401\u001b[0m 119.895 ms - 150\u001b[0m","timestamp":"2026-06-18 15:36:16"}
{"level":"info","message":"\u001b[0mPOST /api/v1/admins/login \u001b[32m200\u001b[0m 1115.486 ms - 633\u001b[0m","timestamp":"2026-06-18 15:36:26"}
{"level":"warn","message":"GET /api/v1/admins/me - You are not logged in. Please log in to continue","timestamp":"2026-06-18 15:36:26"}
{"level":"info","message":"\u001b[0mGET /api/v1/admins/me \u001b[33m401\u001b[0m 119.763 ms - 150\u001b[0m","timestamp":"2026-06-18 15:36:26"}
{"level":"warn","message":"GET /api/v1/payments?page=1&limit=1 - You are not logged in. Please log in to continue","timestamp":"2026-06-18 15:36:27"}
{"level":"info","message":"\u001b[0mGET /api/v1/payments?page=1&limit=1 \u001b[33m401\u001b[0m 148.617 ms - 150\u001b[0m","timestamp":"2026-06-18 15:36:27"}
{"level":"warn","message":"GET /api/v1/admins - You are not logged in. Please log in to continue","timestamp":"2026-06-18 15:36:27"}
{"level":"info","message":"\u001b[0mGET /api/v1/admins \u001b[33m401\u001b[0m 13.337 ms - 150\u001b[0m","timestamp":"2026-06-18 15:36:27"}
{"level":"warn","message":"GET /api/v1/contacts?page=1&limit=1&isResolved=false - You are not logged in. Please log in to continue","timestamp":"2026-06-18 15:36:27"}
{"level":"info","message":"\u001b[0mGET /api/v1/contacts?page=1&limit=1&isResolved=false \u001b[33m401\u001b[0m 91.709 ms - 150\u001b[0m","timestamp":"2026-06-18 15:36:27"}
{"level":"info","message":"\u001b[0mGET /api/v1/members?page=1&limit=1 \u001b[36m304\u001b[0m 84.154 ms - -\u001b[0m","timestamp":"2026-06-18 15:36:27"}
{"level":"warn","message":"GET /api/v1/admins/me - You are not logged in. Please log in to continue","timestamp":"2026-06-18 15:39:32"}
{"level":"info","message":"\u001b[0mGET /api/v1/admins/me \u001b[33m401\u001b[0m 131.315 ms - 150\u001b[0m","timestamp":"2026-06-18 15:39:32"}
{"level":"info","message":"\u001b[0mPOST /api/v1/admins/login \u001b[32m200\u001b[0m 1284.603 ms - 633\u001b[0m","timestamp":"2026-06-18 15:39:43"}
{"level":"warn","message":"GET /api/v1/admins/me - You are not logged in. Please log in to continue","timestamp":"2026-06-18 15:39:43"}
{"level":"info","message":"\u001b[0mGET /api/v1/admins/me \u001b[33m401\u001b[0m 27.431 ms - 150\u001b[0m","timestamp":"2026-06-18 15:39:43"}
{"level":"warn","message":"GET /api/v1/admins/me - You are not logged in. Please log in to continue","timestamp":"2026-06-18 15:39:43"}
{"level":"info","message":"\u001b[0mGET /api/v1/admins/me \u001b[33m401\u001b[0m 160.002 ms - 150\u001b[0m","timestamp":"2026-06-18 15:39:43"}
{"level":"warn","message":"GET /api/v1/payments?page=1&limit=1 - You are not logged in. Please log in to continue","timestamp":"2026-06-18 15:39:43"}
{"level":"info","message":"\u001b[0mGET /api/v1/payments?page=1&limit=1 \u001b[33m401\u001b[0m 111.463 ms - 150\u001b[0m","timestamp":"2026-06-18 15:39:43"}
{"level":"warn","message":"GET /api/v1/admins - You are not logged in. Please log in to continue","timestamp":"2026-06-18 15:39:43"}
{"level":"info","message":"\u001b[0mGET /api/v1/admins \u001b[33m401\u001b[0m 46.465 ms - 150\u001b[0m","timestamp":"2026-06-18 15:39:43"}
{"level":"warn","message":"GET /api/v1/contacts?page=1&limit=1&isResolved=false - You are not logged in. Please log in to continue","timestamp":"2026-06-18 15:39:43"}
{"level":"info","message":"\u001b[0mGET /api/v1/contacts?page=1&limit=1&isResolved=false \u001b[33m401\u001b[0m 147.544 ms - 150\u001b[0m","timestamp":"2026-06-18 15:39:44"}
{"level":"info","message":"\u001b[0mGET /api/v1/members?page=1&limit=1 \u001b[36m304\u001b[0m 619.035 ms - -\u001b[0m","timestamp":"2026-06-18 15:39:44"}
{"level":"warn","message":"GET /api/v1/admins/me - You are not logged in. Please log in to continue","timestamp":"2026-06-18 15:40:38"}
{"level":"info","message":"\u001b[0mGET /api/v1/admins/me \u001b[33m401\u001b[0m 81.196 ms - 150\u001b[0m","timestamp":"2026-06-18 15:40:39"}
{"level":"info","message":"\u001b[0mPOST /api/v1/admins/login \u001b[32m200\u001b[0m 1174.855 ms - 633\u001b[0m","timestamp":"2026-06-18 15:40:51"}
{"level":"warn","message":"GET /api/v1/admins/me - You are not logged in. Please log in to continue","timestamp":"2026-06-18 15:40:51"}
{"level":"info","message":"\u001b[0mGET /api/v1/admins/me \u001b[33m401\u001b[0m 61.169 ms - 150\u001b[0m","timestamp":"2026-06-18 15:40:51"}
{"level":"warn","message":"GET /api/v1/admins/me - You are not logged in. Please log in to continue","timestamp":"2026-06-18 15:59:18"}
{"level":"info","message":"\u001b[0mGET /api/v1/admins/me \u001b[33m401\u001b[0m 40.834 ms - 150\u001b[0m","timestamp":"2026-06-18 15:59:18"}
{"level":"warn","message":"GET /api/v1/admins/me - You are not logged in. Please log in to continue","timestamp":"2026-06-18 15:59:44"}
{"level":"info","message":"\u001b[0mGET /api/v1/admins/me \u001b[33m401\u001b[0m 8.074 ms - 150\u001b[0m","timestamp":"2026-06-18 15:59:44"}
{"level":"warn","message":"GET /api/v1/admins/me - You are not logged in. Please log in to continue","timestamp":"2026-06-18 16:01:19"}
{"level":"info","message":"\u001b[0mGET /api/v1/admins/me \u001b[33m401\u001b[0m 9.296 ms - 150\u001b[0m","timestamp":"2026-06-18 16:01:19"}
{"level":"warn","message":"GET /api/v1/admins/me - You are not logged in. Please log in to continue","timestamp":"2026-06-18 16:01:23"}
{"level":"info","message":"\u001b[0mGET /api/v1/admins/me \u001b[33m401\u001b[0m 8.044 ms - 150\u001b[0m","timestamp":"2026-06-18 16:01:23"}
{"level":"warn","message":"GET /api/v1/admins/me - You are not logged in. Please log in to continue","timestamp":"2026-06-18 16:01:30"}
{"level":"info","message":"\u001b[0mGET /api/v1/admins/me \u001b[33m401\u001b[0m 4.653 ms - 150\u001b[0m","timestamp":"2026-06-18 16:01:30"}
{"level":"warn","message":"POST /api/v1/admins/login - Validation failed","timestamp":"2026-06-18 16:01:38"}
{"level":"info","message":"\u001b[0mPOST /api/v1/admins/login \u001b[33m422\u001b[0m 51.593 ms - 222\u001b[0m","timestamp":"2026-06-18 16:01:38"}
{"level":"warn","message":"GET /api/v1/admins/me - You are not logged in. Please log in to continue","timestamp":"2026-06-18 16:01:38"}
{"level":"info","message":"\u001b[0mGET /api/v1/admins/me \u001b[33m401\u001b[0m 4.933 ms - 150\u001b[0m","timestamp":"2026-06-18 16:01:38"}
{"level":"info","message":"\u001b[0mPOST /api/v1/admins/login \u001b[32m200\u001b[0m 1310.864 ms - 633\u001b[0m","timestamp":"2026-06-18 16:01:48"}
{"level":"warn","message":"GET /api/v1/admins/me - You are not logged in. Please log in to continue","timestamp":"2026-06-18 16:01:48"}
{"level":"info","message":"\u001b[0mGET /api/v1/admins/me \u001b[33m401\u001b[0m 61.157 ms - 150\u001b[0m","timestamp":"2026-06-18 16:01:48"}
{"level":"warn","message":"GET /api/v1/payments?page=1&limit=1 - You are not logged in. Please log in to continue","timestamp":"2026-06-18 16:01:48"}
{"level":"info","message":"\u001b[0mGET /api/v1/payments?page=1&limit=1 \u001b[33m401\u001b[0m 41.741 ms - 150\u001b[0m","timestamp":"2026-06-18 16:01:48"}
{"level":"warn","message":"GET /api/v1/admins - You are not logged in. Please log in to continue","timestamp":"2026-06-18 16:01:48"}
{"level":"info","message":"\u001b[0mGET /api/v1/admins \u001b[33m401\u001b[0m 59.770 ms - 150\u001b[0m","timestamp":"2026-06-18 16:01:48"}
{"level":"warn","message":"GET /api/v1/contacts?page=1&limit=1&isResolved=false - You are not logged in. Please log in to continue","timestamp":"2026-06-18 16:01:48"}
{"level":"info","message":"\u001b[0mGET /api/v1/contacts?page=1&limit=1&isResolved=false \u001b[33m401\u001b[0m 35.440 ms - 150\u001b[0m","timestamp":"2026-06-18 16:01:48"}
{"level":"info","message":"\u001b[0mGET /api/v1/members?page=1&limit=1 \u001b[36m304\u001b[0m 243.711 ms - -\u001b[0m","timestamp":"2026-06-18 16:01:48"}
{"level":"info","message":"MongoDB connected successfully","timestamp":"2026-06-18 16:02:23"}
{"level":"info","message":"Server running in development mode on port 5000","timestamp":"2026-06-18 16:02:23"}
{"level":"info","message":"\u001b[0mGET /api/v1/admins/me \u001b[32m200\u001b[0m 13.122 ms - 79\u001b[0m","timestamp":"2026-06-18 16:02:50"}
{"level":"info","message":"\u001b[0mPOST /api/v1/admins/login \u001b[32m200\u001b[0m 1255.692 ms - 633\u001b[0m","timestamp":"2026-06-18 16:03:07"}
{"level":"info","message":"\u001b[0mGET /api/v1/admins/me \u001b[36m304\u001b[0m 5.850 ms - -\u001b[0m","timestamp":"2026-06-18 16:03:07"}
{"level":"warn","message":"GET /api/v1/admins - You are not logged in. Please log in to continue","timestamp":"2026-06-18 16:03:07"}
{"level":"info","message":"\u001b[0mGET /api/v1/admins \u001b[33m401\u001b[0m 31.278 ms - 150\u001b[0m","timestamp":"2026-06-18 16:03:07"}
{"level":"info","message":"\u001b[0mGET /api/v1/members?page=1&limit=1 \u001b[36m304\u001b[0m 593.337 ms - -\u001b[0m","timestamp":"2026-06-18 16:03:08"}
{"level":"info","message":"\u001b[0mGET /api/v1/payments?page=1&limit=1 \u001b[36m304\u001b[0m 695.366 ms - -\u001b[0m","timestamp":"2026-06-18 16:03:08"}
{"level":"info","message":"\u001b[0mGET /api/v1/contacts?page=1&limit=1&isResolved=false \u001b[36m304\u001b[0m 689.837 ms - -\u001b[0m","timestamp":"2026-06-18 16:03:08"}
{"level":"info","message":"\u001b[0mGET /api/v1/admins/me \u001b[36m304\u001b[0m 1.614 ms - -\u001b[0m","timestamp":"2026-06-18 16:04:42"}
{"level":"info","message":"\u001b[0mGET /api/v1/admins/me \u001b[36m304\u001b[0m 46.066 ms - -\u001b[0m","timestamp":"2026-06-18 16:06:29"}
{"level":"info","message":"MongoDB connected successfully","timestamp":"2026-06-18 16:11:46"}
{"level":"info","message":"Server running in development mode on port 5000","timestamp":"2026-06-18 16:11:46"}
{"level":"info","message":"\u001b[0mGET /api/v1/admins/me \u001b[36m304\u001b[0m 17.097 ms - -\u001b[0m","timestamp":"2026-06-18 16:12:59"}
{"level":"info","message":"\u001b[0mGET /api/v1/admins/me \u001b[36m304\u001b[0m 11.458 ms - -\u001b[0m","timestamp":"2026-06-18 16:20:12"}
{"level":"info","message":"\u001b[0mGET /api/v1/admins/me \u001b[36m304\u001b[0m 6.383 ms - -\u001b[0m","timestamp":"2026-06-18 16:20:33"}
{"level":"info","message":"\u001b[0mPOST /api/v1/admins/login \u001b[32m200\u001b[0m 1445.161 ms - 633\u001b[0m","timestamp":"2026-06-18 16:20:44"}
{"level":"info","message":"\u001b[0mGET /api/v1/admins/me \u001b[36m304\u001b[0m 10.899 ms - -\u001b[0m","timestamp":"2026-06-18 16:20:44"}
{"level":"warn","message":"GET /api/v1/admins - You are not logged in. Please log in to continue","timestamp":"2026-06-18 16:20:44"}
{"level":"info","message":"\u001b[0mGET /api/v1/admins \u001b[33m401\u001b[0m 10.410 ms - 150\u001b[0m","timestamp":"2026-06-18 16:20:44"}
{"level":"info","message":"\u001b[0mGET /api/v1/members?page=1&limit=1 \u001b[36m304\u001b[0m 242.842 ms - -\u001b[0m","timestamp":"2026-06-18 16:20:44"}
{"level":"info","message":"\u001b[0mGET /api/v1/payments?page=1&limit=1 \u001b[36m304\u001b[0m 359.023 ms - -\u001b[0m","timestamp":"2026-06-18 16:20:44"}
{"level":"info","message":"\u001b[0mGET /api/v1/contacts?page=1&limit=1&isResolved=false \u001b[36m304\u001b[0m 348.780 ms - -\u001b[0m","timestamp":"2026-06-18 16:20:44"}
{"level":"info","message":"MongoDB connected successfully","timestamp":"2026-06-18 16:26:44"}
{"level":"info","message":"Server running in development mode on port 5000","timestamp":"2026-06-18 16:26:44"}
{"level":"info","message":"\u001b[0mGET /api/v1/admins/me \u001b[36m304\u001b[0m 12.250 ms - -\u001b[0m","timestamp":"2026-06-18 16:27:15"}
{"level":"info","message":"\u001b[0mPOST /api/v1/admins/login \u001b[32m200\u001b[0m 1197.847 ms - 633\u001b[0m","timestamp":"2026-06-18 16:27:25"}
{"level":"info","message":"\u001b[0mGET /api/v1/admins/me \u001b[36m304\u001b[0m 41.489 ms - -\u001b[0m","timestamp":"2026-06-18 16:27:26"}
{"level":"warn","message":"GET /api/v1/admins - You are not logged in. Please log in to continue","timestamp":"2026-06-18 16:27:26"}
{"level":"info","message":"\u001b[0mGET /api/v1/admins \u001b[33m401\u001b[0m 12.865 ms - 150\u001b[0m","timestamp":"2026-06-18 16:27:26"}
{"level":"info","message":"\u001b[0mGET /api/v1/members?page=1&limit=1 \u001b[36m304\u001b[0m 486.074 ms - -\u001b[0m","timestamp":"2026-06-18 16:27:26"}
{"level":"info","message":"\u001b[0mGET /api/v1/payments?page=1&limit=1 \u001b[36m304\u001b[0m 528.545 ms - -\u001b[0m","timestamp":"2026-06-18 16:27:26"}
{"level":"info","message":"\u001b[0mGET /api/v1/contacts?page=1&limit=1&isResolved=false \u001b[36m304\u001b[0m 427.536 ms - -\u001b[0m","timestamp":"2026-06-18 16:27:26"}
{"level":"info","message":"MongoDB connected successfully","timestamp":"2026-06-18 16:57:08"}
{"level":"info","message":"Server running in development mode on port 5000","timestamp":"2026-06-18 16:57:08"}
{"level":"info","message":"\u001b[0mGET /api/v1/admins/me \u001b[32m200\u001b[0m 150.753 ms - 435\u001b[0m","timestamp":"2026-06-18 16:57:13"}
{"level":"info","message":"\u001b[0mGET /api/v1/admins \u001b[32m200\u001b[0m 139.564 ms - 447\u001b[0m","timestamp":"2026-06-18 16:57:14"}
{"level":"info","message":"\u001b[0mGET /api/v1/members?page=1&limit=1 \u001b[32m200\u001b[0m 103.873 ms - -\u001b[0m","timestamp":"2026-06-18 16:57:14"}
{"level":"info","message":"\u001b[0mGET /api/v1/payments?page=1&limit=1 \u001b[32m200\u001b[0m 162.888 ms - 152\u001b[0m","timestamp":"2026-06-18 16:57:14"}
{"level":"info","message":"\u001b[0mGET /api/v1/contacts?page=1&limit=1&isResolved=false \u001b[32m200\u001b[0m 367.092 ms - 160\u001b[0m","timestamp":"2026-06-18 16:57:14"}
{"level":"info","message":"\u001b[0mGET /api/v1/members?page=1&limit=12 \u001b[32m200\u001b[0m 174.036 ms - -\u001b[0m","timestamp":"2026-06-18 16:57:32"}
{"level":"info","message":"\u001b[0mGET /api/v1/payments?page=1&limit=12 \u001b[32m200\u001b[0m 82.616 ms - 153\u001b[0m","timestamp":"2026-06-18 16:57:34"}
{"level":"info","message":"\u001b[0mGET /api/v1/contacts?page=1&limit=10 \u001b[32m200\u001b[0m 80.098 ms - 161\u001b[0m","timestamp":"2026-06-18 16:57:36"}
{"level":"info","message":"\u001b[0mPOST /api/v1/contacts \u001b[32m201\u001b[0m 79.639 ms - 418\u001b[0m","timestamp":"2026-06-18 16:58:19"}
{"level":"info","message":"\u001b[0mGET /api/v1/admins/me \u001b[32m200\u001b[0m 40.541 ms - 435\u001b[0m","timestamp":"2026-06-18 16:58:23"}
{"level":"info","message":"\u001b[0mGET /api/v1/contacts?page=1&limit=10 \u001b[32m200\u001b[0m 86.264 ms - 457\u001b[0m","timestamp":"2026-06-18 16:58:23"}
{"level":"info","message":"\u001b[0mGET /api/v1/admins \u001b[32m200\u001b[0m 92.770 ms - 447\u001b[0m","timestamp":"2026-06-18 16:58:28"}
{"level":"info","message":"\u001b[0mGET /api/v1/payments?page=1&limit=12 \u001b[32m200\u001b[0m 81.303 ms - 153\u001b[0m","timestamp":"2026-06-18 16:58:32"}
{"level":"info","message":"\u001b[0mGET /api/v1/members?page=1&limit=12 \u001b[32m200\u001b[0m 62.243 ms - -\u001b[0m","timestamp":"2026-06-18 16:58:33"}
{"level":"info","message":"\u001b[0mGET /api/v1/members?page=1&limit=1 \u001b[32m200\u001b[0m 97.442 ms - -\u001b[0m","timestamp":"2026-06-18 16:58:34"}
{"level":"info","message":"\u001b[0mGET /api/v1/payments?page=1&limit=1 \u001b[32m200\u001b[0m 114.945 ms - 152\u001b[0m","timestamp":"2026-06-18 16:58:35"}
{"level":"info","message":"\u001b[0mGET /api/v1/contacts?page=1&limit=1&isResolved=false \u001b[32m200\u001b[0m 132.593 ms - 456\u001b[0m","timestamp":"2026-06-18 16:58:35"}
{"level":"warn","message":"POST /api/v1/members - Route not found: /api/v1/members","timestamp":"2026-06-18 16:59:26"}
{"level":"info","message":"\u001b[0mPOST /api/v1/members \u001b[33m404\u001b[0m 5.150 ms - 118\u001b[0m","timestamp":"2026-06-18 16:59:26"}
{"level":"warn","message":"POST /api/v1/members - Route not found: /api/v1/members","timestamp":"2026-06-18 16:59:38"}
{"level":"info","message":"\u001b[0mPOST /api/v1/members \u001b[33m404\u001b[0m 4.333 ms - 118\u001b[0m","timestamp":"2026-06-18 16:59:38"}
{"level":"info","message":"\u001b[0mGET /api/v1/members?page=1&limit=12 \u001b[32m200\u001b[0m 80.694 ms - -\u001b[0m","timestamp":"2026-06-18 17:00:12"}
{"level":"info","message":"\u001b[0mGET /api/v1/admins/me \u001b[32m200\u001b[0m 61.966 ms - 435\u001b[0m","timestamp":"2026-06-18 17:05:09"}
{"level":"info","message":"\u001b[0mGET /api/v1/members?page=1&limit=12 \u001b[32m200\u001b[0m 56.709 ms - -\u001b[0m","timestamp":"2026-06-18 17:05:09"}
{"level":"warn","message":"POST /api/v1/members - Route not found: /api/v1/members","timestamp":"2026-06-18 17:05:26"}
{"level":"info","message":"\u001b[0mPOST /api/v1/members \u001b[33m404\u001b[0m 5.507 ms - 118\u001b[0m","timestamp":"2026-06-18 17:05:26"}
{"level":"info","message":"MongoDB connected successfully","timestamp":"2026-06-18 17:10:38"}
{"level":"info","message":"Server running in development mode on port 5000","timestamp":"2026-06-18 17:10:38"}
{"level":"info","message":"\u001b[0mGET /api/v1/members \u001b[32m200\u001b[0m 77.125 ms - -\u001b[0m","timestamp":"2026-06-18 17:11:04"}
{"level":"info","message":"MongoDB connected successfully","timestamp":"2026-06-18 17:15:01"}
{"level":"info","message":"Server running in development mode on port 5000","timestamp":"2026-06-18 17:15:01"}
{"level":"info","message":"\u001b[0mGET /api/v1/admins/me \u001b[32m200\u001b[0m 183.506 ms - 435\u001b[0m","timestamp":"2026-06-18 17:25:49"}
{"level":"info","message":"\u001b[0mGET /api/v1/members?page=1&limit=1 \u001b[32m200\u001b[0m 86.134 ms - -\u001b[0m","timestamp":"2026-06-18 17:25:49"}
{"level":"info","message":"\u001b[0mGET /api/v1/payments?page=1&limit=1 \u001b[32m200\u001b[0m 176.751 ms - 152\u001b[0m","timestamp":"2026-06-18 17:25:49"}
{"level":"info","message":"\u001b[0mGET /api/v1/admins \u001b[32m200\u001b[0m 156.961 ms - 447\u001b[0m","timestamp":"2026-06-18 17:25:49"}
{"level":"info","message":"\u001b[0mGET /api/v1/contacts?page=1&limit=1&isResolved=false \u001b[32m200\u001b[0m 441.589 ms - 456\u001b[0m","timestamp":"2026-06-18 17:25:50"}
{"level":"info","message":"\u001b[0mGET /api/v1/admins/me \u001b[32m200\u001b[0m 53.325 ms - 435\u001b[0m","timestamp":"2026-06-18 17:25:55"}
{"level":"info","message":"\u001b[0mGET /api/v1/members?page=1&limit=1 \u001b[32m200\u001b[0m 83.050 ms - -\u001b[0m","timestamp":"2026-06-18 17:25:55"}
{"level":"info","message":"\u001b[0mGET /api/v1/payments?page=1&limit=1 \u001b[32m200\u001b[0m 124.005 ms - 152\u001b[0m","timestamp":"2026-06-18 17:25:55"}
{"level":"info","message":"\u001b[0mGET /api/v1/admins \u001b[32m200\u001b[0m 100.526 ms - 447\u001b[0m","timestamp":"2026-06-18 17:25:55"}
{"level":"info","message":"\u001b[0mGET /api/v1/contacts?page=1&limit=1&isResolved=false \u001b[32m200\u001b[0m 127.271 ms - 456\u001b[0m","timestamp":"2026-06-18 17:25:55"}
{"level":"info","message":"\u001b[0mGET /api/v1/members?page=1&limit=12 \u001b[32m200\u001b[0m 96.123 ms - -\u001b[0m","timestamp":"2026-06-18 17:26:03"}
{"level":"info","message":"\u001b[0mGET /api/v1/payments?page=1&limit=12 \u001b[32m200\u001b[0m 113.877 ms - 153\u001b[0m","timestamp":"2026-06-18 17:26:43"}
{"level":"info","message":"\u001b[0mGET /api/v1/contacts?page=1&limit=10 \u001b[32m200\u001b[0m 82.944 ms - 457\u001b[0m","timestamp":"2026-06-18 17:26:44"}
{"level":"info","message":"\u001b[0mGET /api/v1/admins/me \u001b[32m200\u001b[0m 68.788 ms - 435\u001b[0m","timestamp":"2026-06-18 17:28:38"}
{"level":"info","message":"\u001b[0mGET /api/v1/members?page=1&limit=1 \u001b[32m200\u001b[0m 91.740 ms - -\u001b[0m","timestamp":"2026-06-18 17:28:38"}
{"level":"info","message":"\u001b[0mGET /api/v1/payments?page=1&limit=1 \u001b[32m200\u001b[0m 128.281 ms - 152\u001b[0m","timestamp":"2026-06-18 17:28:38"}
{"level":"info","message":"\u001b[0mGET /api/v1/admins \u001b[32m200\u001b[0m 120.242 ms - 447\u001b[0m","timestamp":"2026-06-18 17:28:38"}
{"level":"info","message":"\u001b[0mGET /api/v1/contacts?page=1&limit=1&isResolved=false \u001b[32m200\u001b[0m 103.649 ms - 456\u001b[0m","timestamp":"2026-06-18 17:28:38"}
{"level":"info","message":"\u001b[0mGET /api/v1/members?page=1&limit=12 \u001b[32m200\u001b[0m 51.473 ms - -\u001b[0m","timestamp":"2026-06-18 17:28:42"}
{"level":"info","message":"\u001b[0mGET /api/v1/payments?page=1&limit=12 \u001b[32m200\u001b[0m 82.710 ms - 153\u001b[0m","timestamp":"2026-06-18 17:28:47"}
{"level":"info","message":"\u001b[0mGET /api/v1/contacts?page=1&limit=10 \u001b[32m200\u001b[0m 86.165 ms - 457\u001b[0m","timestamp":"2026-06-18 17:28:48"}
{"level":"info","message":"\u001b[0mPATCH /api/v1/contacts/6a33d653a770fa193fb4303f/read \u001b[32m200\u001b[0m 238.653 ms - 386\u001b[0m","timestamp":"2026-06-18 17:28:58"}
{"level":"info","message":"\u001b[0mGET /api/v1/contacts?page=1&limit=10 \u001b[32m200\u001b[0m 106.125 ms - 456\u001b[0m","timestamp":"2026-06-18 17:28:58"}
{"level":"info","message":"\u001b[0mGET /api/v1/admins/me \u001b[32m200\u001b[0m 48.140 ms - 435\u001b[0m","timestamp":"2026-06-18 17:29:18"}
{"level":"info","message":"\u001b[0mGET /api/v1/contacts?page=1&limit=10 \u001b[32m200\u001b[0m 114.578 ms - 456\u001b[0m","timestamp":"2026-06-18 17:29:18"}
{"level":"info","message":"\u001b[0mGET /api/v1/contacts?page=1&limit=10&isRead=false \u001b[32m200\u001b[0m 88.855 ms - 161\u001b[0m","timestamp":"2026-06-18 17:32:20"}
{"level":"info","message":"\u001b[0mGET /api/v1/contacts?page=1&limit=10&isRead=true \u001b[32m200\u001b[0m 96.529 ms - 456\u001b[0m","timestamp":"2026-06-18 17:32:23"}
{"level":"info","message":"\u001b[0mGET /api/v1/members?page=1&limit=1 \u001b[32m200\u001b[0m 50.318 ms - -\u001b[0m","timestamp":"2026-06-18 17:32:28"}
{"level":"info","message":"\u001b[0mGET /api/v1/payments?page=1&limit=1 \u001b[32m200\u001b[0m 92.703 ms - 152\u001b[0m","timestamp":"2026-06-18 17:32:28"}
{"level":"info","message":"\u001b[0mGET /api/v1/contacts?page=1&limit=1&isResolved=false \u001b[32m200\u001b[0m 91.352 ms - 455\u001b[0m","timestamp":"2026-06-18 17:32:28"}
{"level":"info","message":"\u001b[0mGET /api/v1/admins \u001b[32m200\u001b[0m 89.042 ms - 447\u001b[0m","timestamp":"2026-06-18 17:32:28"}
{"level":"info","message":"\u001b[0mGET /api/v1/members?page=1&limit=12 \u001b[32m200\u001b[0m 61.395 ms - -\u001b[0m","timestamp":"2026-06-18 17:32:44"}
{"level":"info","message":"\u001b[0mGET /api/v1/payments?page=1&limit=12 \u001b[32m200\u001b[0m 94.640 ms - 153\u001b[0m","timestamp":"2026-06-18 17:32:50"}
{"level":"info","message":"\u001b[0mGET /api/v1/admins/me \u001b[32m200\u001b[0m 82.424 ms - 435\u001b[0m","timestamp":"2026-06-18 17:47:37"}
{"level":"info","message":"\u001b[0mGET /api/v1/members?page=1&limit=1 \u001b[32m200\u001b[0m 66.160 ms - -\u001b[0m","timestamp":"2026-06-18 17:47:37"}
{"level":"info","message":"\u001b[0mGET /api/v1/contacts?page=1&limit=1&isResolved=false \u001b[32m200\u001b[0m 101.146 ms - 455\u001b[0m","timestamp":"2026-06-18 17:47:37"}
{"level":"info","message":"\u001b[0mGET /api/v1/payments?page=1&limit=1 \u001b[32m200\u001b[0m 110.258 ms - 152\u001b[0m","timestamp":"2026-06-18 17:47:37"}
{"level":"info","message":"\u001b[0mGET /api/v1/admins \u001b[32m200\u001b[0m 95.182 ms - 447\u001b[0m","timestamp":"2026-06-18 17:47:37"}
{"level":"info","message":"\u001b[0mGET /api/v1/admins/me \u001b[32m200\u001b[0m 55.688 ms - 435\u001b[0m","timestamp":"2026-06-18 17:48:31"}
{"level":"info","message":"\u001b[0mGET /api/v1/members?page=1&limit=1 \u001b[32m200\u001b[0m 159.609 ms - -\u001b[0m","timestamp":"2026-06-18 17:48:32"}
{"level":"info","message":"\u001b[0mGET /api/v1/payments?page=1&limit=1 \u001b[32m200\u001b[0m 195.115 ms - 152\u001b[0m","timestamp":"2026-06-18 17:48:32"}
{"level":"info","message":"\u001b[0mGET /api/v1/contacts?page=1&limit=1&isResolved=false \u001b[32m200\u001b[0m 180.764 ms - 455\u001b[0m","timestamp":"2026-06-18 17:48:32"}
{"level":"info","message":"\u001b[0mGET /api/v1/admins \u001b[32m200\u001b[0m 141.873 ms - 447\u001b[0m","timestamp":"2026-06-18 17:48:32"}
{"level":"info","message":"\u001b[0mGET /api/v1/members?page=1&limit=12 \u001b[32m200\u001b[0m 164.950 ms - -\u001b[0m","timestamp":"2026-06-18 17:48:36"}
{"level":"info","message":"\u001b[0mGET /api/v1/members?page=1&limit=12&search=ektapawar0001%40gmail.com \u001b[32m200\u001b[0m 74.429 ms - -\u001b[0m","timestamp":"2026-06-18 17:48:54"}
{"level":"info","message":"\u001b[0mGET /api/v1/payments?page=1&limit=12 \u001b[32m200\u001b[0m 86.749 ms - 153\u001b[0m","timestamp":"2026-06-18 17:48:57"}
{"level":"info","message":"\u001b[0mGET /api/v1/contacts?page=1&limit=10 \u001b[32m200\u001b[0m 118.555 ms - 456\u001b[0m","timestamp":"2026-06-18 17:49:00"}
{"level":"info","message":"\u001b[0mGET /api/v1/members?page=1&limit=1 \u001b[32m200\u001b[0m 58.428 ms - -\u001b[0m","timestamp":"2026-06-18 17:50:17"}
{"level":"info","message":"\u001b[0mGET /api/v1/payments?page=1&limit=1 \u001b[32m200\u001b[0m 130.265 ms - 152\u001b[0m","timestamp":"2026-06-18 17:50:17"}
{"level":"info","message":"\u001b[0mGET /api/v1/contacts?page=1&limit=1&isResolved=false \u001b[32m200\u001b[0m 122.881 ms - 455\u001b[0m","timestamp":"2026-06-18 17:50:17"}
{"level":"info","message":"\u001b[0mGET /api/v1/members?page=1&limit=12 \u001b[32m200\u001b[0m 58.307 ms - -\u001b[0m","timestamp":"2026-06-18 17:50:28"}
{"level":"info","message":"\u001b[0mGET /api/v1/payments?page=1&limit=12 \u001b[32m200\u001b[0m 78.937 ms - 153\u001b[0m","timestamp":"2026-06-18 17:50:32"}
{"level":"info","message":"\u001b[0mGET /api/v1/contacts?page=1&limit=10 \u001b[32m200\u001b[0m 68.913 ms - 456\u001b[0m","timestamp":"2026-06-18 17:50:36"}
{"level":"info","message":"\u001b[0mGET /api/v1/admins/me \u001b[32m200\u001b[0m 126.501 ms - 435\u001b[0m","timestamp":"2026-06-18 18:00:07"}
{"level":"info","message":"\u001b[0mGET /api/v1/members?page=1&limit=1 \u001b[32m200\u001b[0m 99.109 ms - -\u001b[0m","timestamp":"2026-06-18 18:00:07"}
{"level":"info","message":"\u001b[0mGET /api/v1/payments?page=1&limit=1 \u001b[32m200\u001b[0m 155.126 ms - 152\u001b[0m","timestamp":"2026-06-18 18:00:07"}
{"level":"info","message":"\u001b[0mGET /api/v1/admins \u001b[32m200\u001b[0m 111.568 ms - 447\u001b[0m","timestamp":"2026-06-18 18:00:07"}
{"level":"info","message":"\u001b[0mGET /api/v1/contacts?page=1&limit=1&isResolved=false \u001b[32m200\u001b[0m 154.959 ms - 455\u001b[0m","timestamp":"2026-06-18 18:00:07"}
{"level":"info","message":"\u001b[0mGET /api/v1/admins/me \u001b[32m200\u001b[0m 201.560 ms - 435\u001b[0m","timestamp":"2026-06-18 18:08:19"}
{"level":"info","message":"\u001b[0mGET /api/v1/contacts?page=1&limit=1&isResolved=false \u001b[32m200\u001b[0m 193.189 ms - 455\u001b[0m","timestamp":"2026-06-18 18:08:19"}
{"level":"info","message":"\u001b[0mGET /api/v1/payments?page=1&limit=1 \u001b[32m200\u001b[0m 153.603 ms - 152\u001b[0m","timestamp":"2026-06-18 18:08:19"}
{"level":"info","message":"\u001b[0mGET /api/v1/admins \u001b[32m200\u001b[0m 156.823 ms - 447\u001b[0m","timestamp":"2026-06-18 18:08:19"}
{"level":"info","message":"\u001b[0mGET /api/v1/members?page=1&limit=1 \u001b[32m200\u001b[0m 120.625 ms - -\u001b[0m","timestamp":"2026-06-18 18:08:19"}
{"level":"info","message":"\u001b[0mGET /api/v1/admins/me \u001b[32m200\u001b[0m 76.147 ms - 435\u001b[0m","timestamp":"2026-06-18 18:10:53"}
{"level":"info","message":"\u001b[0mGET /api/v1/members?page=1&limit=1 \u001b[32m200\u001b[0m 118.127 ms - -\u001b[0m","timestamp":"2026-06-18 18:10:53"}
{"level":"info","message":"\u001b[0mGET /api/v1/payments?page=1&limit=1 \u001b[32m200\u001b[0m 154.892 ms - 152\u001b[0m","timestamp":"2026-06-18 18:10:53"}
{"level":"info","message":"\u001b[0mGET /api/v1/admins \u001b[32m200\u001b[0m 154.038 ms - 447\u001b[0m","timestamp":"2026-06-18 18:10:54"}
{"level":"info","message":"\u001b[0mGET /api/v1/contacts?page=1&limit=1&isResolved=false \u001b[32m200\u001b[0m 161.929 ms - 455\u001b[0m","timestamp":"2026-06-18 18:10:54"}
{"level":"info","message":"\u001b[0mGET /api/v1/admins/me \u001b[32m200\u001b[0m 46.997 ms - 435\u001b[0m","timestamp":"2026-06-18 18:11:36"}
{"level":"info","message":"\u001b[0mGET /api/v1/members?page=1&limit=1 \u001b[32m200\u001b[0m 59.745 ms - -\u001b[0m","timestamp":"2026-06-18 18:11:36"}
{"level":"info","message":"\u001b[0mGET /api/v1/payments?page=1&limit=1 \u001b[32m200\u001b[0m 105.332 ms - 152\u001b[0m","timestamp":"2026-06-18 18:11:36"}
{"level":"info","message":"\u001b[0mGET /api/v1/contacts?page=1&limit=1&isResolved=false \u001b[32m200\u001b[0m 102.710 ms - 455\u001b[0m","timestamp":"2026-06-18 18:11:36"}
{"level":"info","message":"\u001b[0mGET /api/v1/admins \u001b[32m200\u001b[0m 81.648 ms - 447\u001b[0m","timestamp":"2026-06-18 18:11:36"}
{"level":"info","message":"\u001b[0mGET /api/v1/admins/me \u001b[32m200\u001b[0m 69.906 ms - 435\u001b[0m","timestamp":"2026-06-18 18:11:44"}
{"level":"info","message":"\u001b[0mGET /api/v1/members?page=1&limit=1 \u001b[32m200\u001b[0m 128.815 ms - -\u001b[0m","timestamp":"2026-06-18 18:11:45"}
{"level":"info","message":"\u001b[0mGET /api/v1/payments?page=1&limit=1 \u001b[32m200\u001b[0m 218.706 ms - 152\u001b[0m","timestamp":"2026-06-18 18:11:45"}
{"level":"info","message":"\u001b[0mGET /api/v1/contacts?page=1&limit=1&isResolved=false \u001b[32m200\u001b[0m 239.315 ms - 455\u001b[0m","timestamp":"2026-06-18 18:11:45"}
{"level":"info","message":"\u001b[0mGET /api/v1/admins \u001b[32m200\u001b[0m 246.901 ms - 447\u001b[0m","timestamp":"2026-06-18 18:11:45"}
{"level":"info","message":"\u001b[0mGET /api/v1/admins/me \u001b[32m200\u001b[0m 70.715 ms - 435\u001b[0m","timestamp":"2026-06-18 18:11:47"}
{"level":"info","message":"\u001b[0mGET /api/v1/members?page=1&limit=1 \u001b[32m200\u001b[0m 254.755 ms - -\u001b[0m","timestamp":"2026-06-18 18:11:48"}
{"level":"info","message":"\u001b[0mGET /api/v1/payments?page=1&limit=1 \u001b[32m200\u001b[0m 306.664 ms - 152\u001b[0m","timestamp":"2026-06-18 18:11:48"}
{"level":"info","message":"\u001b[0mGET /api/v1/contacts?page=1&limit=1&isResolved=false \u001b[32m200\u001b[0m 220.547 ms - 455\u001b[0m","timestamp":"2026-06-18 18:11:48"}
{"level":"info","message":"\u001b[0mGET /api/v1/admins \u001b[32m200\u001b[0m 200.169 ms - 447\u001b[0m","timestamp":"2026-06-18 18:11:48"}
{"level":"info","message":"\u001b[0mGET /api/v1/members?page=1&limit=12 \u001b[32m200\u001b[0m 65.490 ms - -\u001b[0m","timestamp":"2026-06-18 18:11:55"}
{"level":"info","message":"\u001b[0mGET /api/v1/payments?page=1&limit=12 \u001b[32m200\u001b[0m 79.890 ms - 153\u001b[0m","timestamp":"2026-06-18 18:11:57"}
{"level":"info","message":"\u001b[0mGET /api/v1/contacts?page=1&limit=10 \u001b[32m200\u001b[0m 121.001 ms - 456\u001b[0m","timestamp":"2026-06-18 18:11:59"}
{"level":"info","message":"\u001b[0mGET /api/v1/admins/me \u001b[32m200\u001b[0m 100.803 ms - 435\u001b[0m","timestamp":"2026-06-18 18:19:40"}
{"level":"info","message":"\u001b[0mGET /api/v1/members?page=1&limit=1 \u001b[32m200\u001b[0m 46.542 ms - -\u001b[0m","timestamp":"2026-06-18 18:19:40"}
{"level":"info","message":"\u001b[0mGET /api/v1/payments?page=1&limit=1 \u001b[32m200\u001b[0m 79.876 ms - 152\u001b[0m","timestamp":"2026-06-18 18:19:40"}
{"level":"info","message":"\u001b[0mGET /api/v1/contacts?page=1&limit=1&isResolved=false \u001b[32m200\u001b[0m 82.185 ms - 455\u001b[0m","timestamp":"2026-06-18 18:19:40"}
{"level":"info","message":"\u001b[0mGET /api/v1/admins \u001b[32m200\u001b[0m 81.403 ms - 447\u001b[0m","timestamp":"2026-06-18 18:19:40"}
{"level":"info","message":"\u001b[0mGET /api/v1/admins/me \u001b[32m200\u001b[0m 39.761 ms - 435\u001b[0m","timestamp":"2026-06-18 18:19:44"}
{"level":"info","message":"\u001b[0mGET /api/v1/members?page=1&limit=1 \u001b[32m200\u001b[0m 43.091 ms - -\u001b[0m","timestamp":"2026-06-18 18:19:44"}
{"level":"info","message":"\u001b[0mGET /api/v1/payments?page=1&limit=1 \u001b[32m200\u001b[0m 77.029 ms - 152\u001b[0m","timestamp":"2026-06-18 18:19:44"}
{"level":"info","message":"\u001b[0mGET /api/v1/contacts?page=1&limit=1&isResolved=false \u001b[32m200\u001b[0m 73.982 ms - 455\u001b[0m","timestamp":"2026-06-18 18:19:44"}
{"level":"info","message":"\u001b[0mGET /api/v1/admins \u001b[32m200\u001b[0m 75.528 ms - 447\u001b[0m","timestamp":"2026-06-18 18:19:44"}
{"level":"info","message":"\u001b[0mGET /api/v1/admins/me \u001b[32m200\u001b[0m 43.329 ms - 435\u001b[0m","timestamp":"2026-06-18 18:19:56"}
{"level":"info","message":"\u001b[0mGET /api/v1/members?page=1&limit=1 \u001b[32m200\u001b[0m 125.440 ms - -\u001b[0m","timestamp":"2026-06-18 18:19:56"}
{"level":"info","message":"\u001b[0mGET /api/v1/contacts?page=1&limit=1&isResolved=false \u001b[32m200\u001b[0m 170.619 ms - 455\u001b[0m","timestamp":"2026-06-18 18:19:56"}
{"level":"info","message":"\u001b[0mGET /api/v1/payments?page=1&limit=1 \u001b[32m200\u001b[0m 167.082 ms - 152\u001b[0m","timestamp":"2026-06-18 18:19:56"}
{"level":"info","message":"\u001b[0mGET /api/v1/admins \u001b[32m200\u001b[0m 116.050 ms - 447\u001b[0m","timestamp":"2026-06-18 18:19:56"}
{"level":"info","message":"\u001b[0mGET /api/v1/members?page=1&limit=12 \u001b[32m200\u001b[0m 35.301 ms - -\u001b[0m","timestamp":"2026-06-18 18:20:01"}
{"level":"info","message":"\u001b[0mGET /api/v1/payments?page=1&limit=12 \u001b[32m200\u001b[0m 73.772 ms - 153\u001b[0m","timestamp":"2026-06-18 18:20:05"}
{"level":"info","message":"\u001b[0mGET /api/v1/contacts?page=1&limit=10 \u001b[32m200\u001b[0m 74.735 ms - 456\u001b[0m","timestamp":"2026-06-18 18:20:06"}
{"level":"info","message":"\u001b[0mGET /api/v1/admins/me \u001b[32m200\u001b[0m 36.046 ms - 435\u001b[0m","timestamp":"2026-06-18 18:24:06"}
{"level":"info","message":"\u001b[0mGET /api/v1/members?page=1&limit=1 \u001b[32m200\u001b[0m 49.855 ms - -\u001b[0m","timestamp":"2026-06-18 18:24:07"}
{"level":"info","message":"\u001b[0mGET /api/v1/payments?page=1&limit=1 \u001b[32m200\u001b[0m 88.963 ms - 152\u001b[0m","timestamp":"2026-06-18 18:24:07"}
{"level":"info","message":"\u001b[0mGET /api/v1/contacts?page=1&limit=1&isResolved=false \u001b[32m200\u001b[0m 87.923 ms - 455\u001b[0m","timestamp":"2026-06-18 18:24:07"}
{"level":"info","message":"\u001b[0mGET /api/v1/admins \u001b[32m200\u001b[0m 87.141 ms - 447\u001b[0m","timestamp":"2026-06-18 18:24:07"}
{"level":"info","message":"\u001b[0mGET /api/v1/members?page=1&limit=1 \u001b[32m200\u001b[0m 72.791 ms - -\u001b[0m","timestamp":"2026-06-18 18:26:57"}
{"level":"info","message":"\u001b[0mGET /api/v1/payments?page=1&limit=1 \u001b[32m200\u001b[0m 109.424 ms - 152\u001b[0m","timestamp":"2026-06-18 18:26:58"}
{"level":"info","message":"\u001b[0mGET /api/v1/admins \u001b[32m200\u001b[0m 95.076 ms - 447\u001b[0m","timestamp":"2026-06-18 18:26:58"}
{"level":"info","message":"\u001b[0mGET /api/v1/contacts?page=1&limit=1&isResolved=false \u001b[32m200\u001b[0m 103.407 ms - 455\u001b[0m","timestamp":"2026-06-18 18:26:58"}
{"level":"info","message":"\u001b[0mGET /api/v1/payments?page=1&limit=12 \u001b[32m200\u001b[0m 68.552 ms - 153\u001b[0m","timestamp":"2026-06-18 18:27:10"}
{"level":"info","message":"\u001b[0mGET /api/v1/admins/me \u001b[32m200\u001b[0m 79.726 ms - 435\u001b[0m","timestamp":"2026-06-18 18:32:11"}
{"level":"info","message":"\u001b[0mGET /api/v1/members?page=1&limit=1 \u001b[32m200\u001b[0m 59.118 ms - -\u001b[0m","timestamp":"2026-06-18 18:32:12"}
{"level":"info","message":"\u001b[0mGET /api/v1/payments?page=1&limit=1 \u001b[32m200\u001b[0m 98.266 ms - 152\u001b[0m","timestamp":"2026-06-18 18:32:12"}
{"level":"info","message":"\u001b[0mGET /api/v1/contacts?page=1&limit=1&isResolved=false \u001b[32m200\u001b[0m 92.998 ms - 455\u001b[0m","timestamp":"2026-06-18 18:32:12"}
{"level":"info","message":"\u001b[0mGET /api/v1/admins \u001b[32m200\u001b[0m 89.062 ms - 447\u001b[0m","timestamp":"2026-06-18 18:32:12"}
{"level":"info","message":"\u001b[0mGET /api/v1/members?page=1&limit=12 \u001b[32m200\u001b[0m 67.125 ms - -\u001b[0m","timestamp":"2026-06-18 18:33:23"}
{"level":"info","message":"\u001b[0mGET /api/v1/payments?page=1&limit=12 \u001b[32m200\u001b[0m 71.547 ms - 153\u001b[0m","timestamp":"2026-06-18 18:33:26"}
{"level":"info","message":"\u001b[0mGET /api/v1/contacts?page=1&limit=10 \u001b[32m200\u001b[0m 68.408 ms - 456\u001b[0m","timestamp":"2026-06-18 18:33:27"}
{"level":"info","message":"MongoDB connected successfully","timestamp":"2026-06-18 21:53:21"}
{"level":"info","message":"Server running in development mode on port 5000","timestamp":"2026-06-18 21:53:21"}
{"level":"info","message":"\u001b[0mGET /api/v1/admins/me \u001b[32m200\u001b[0m 150.968 ms - 435\u001b[0m","timestamp":"2026-06-18 21:54:09"}
{"level":"info","message":"\u001b[0mGET /api/v1/members?page=1&limit=1 \u001b[32m200\u001b[0m 108.672 ms - -\u001b[0m","timestamp":"2026-06-18 21:54:09"}
{"level":"info","message":"\u001b[0mGET /api/v1/payments?page=1&limit=1 \u001b[32m200\u001b[0m 172.032 ms - 152\u001b[0m","timestamp":"2026-06-18 21:54:09"}
{"level":"info","message":"\u001b[0mGET /api/v1/contacts?page=1&limit=1&isResolved=false \u001b[32m200\u001b[0m 173.968 ms - 455\u001b[0m","timestamp":"2026-06-18 21:54:09"}
{"level":"info","message":"\u001b[0mGET /api/v1/admins \u001b[32m200\u001b[0m 94.351 ms - 447\u001b[0m","timestamp":"2026-06-18 21:54:09"}
{"level":"info","message":"\u001b[0mGET /api/v1/admins/me \u001b[32m200\u001b[0m 328.645 ms - 435\u001b[0m","timestamp":"2026-06-18 21:54:25"}
{"level":"info","message":"\u001b[0mGET /api/v1/admins/me \u001b[32m200\u001b[0m 43.291 ms - 435\u001b[0m","timestamp":"2026-06-18 21:54:33"}
{"level":"info","message":"\u001b[0mGET /api/v1/members?page=1&limit=1 \u001b[32m200\u001b[0m 77.338 ms - -\u001b[0m","timestamp":"2026-06-18 21:54:33"}
{"level":"info","message":"\u001b[0mGET /api/v1/payments?page=1&limit=1 \u001b[32m200\u001b[0m 114.361 ms - 152\u001b[0m","timestamp":"2026-06-18 21:54:33"}
{"level":"info","message":"\u001b[0mGET /api/v1/admins \u001b[32m200\u001b[0m 97.242 ms - 447\u001b[0m","timestamp":"2026-06-18 21:54:33"}
{"level":"info","message":"\u001b[0mGET /api/v1/contacts?page=1&limit=1&isResolved=false \u001b[32m200\u001b[0m 468.221 ms - 455\u001b[0m","timestamp":"2026-06-18 21:54:34"}
{"level":"info","message":"\u001b[0mGET /api/v1/admins/me \u001b[32m200\u001b[0m 71.843 ms - 435\u001b[0m","timestamp":"2026-06-18 21:54:36"}
{"level":"info","message":"\u001b[0mGET /api/v1/members?page=1&limit=1 \u001b[32m200\u001b[0m 231.969 ms - -\u001b[0m","timestamp":"2026-06-18 21:54:37"}
{"level":"info","message":"\u001b[0mGET /api/v1/payments?page=1&limit=1 \u001b[32m200\u001b[0m 302.826 ms - 152\u001b[0m","timestamp":"2026-06-18 21:54:37"}
{"level":"info","message":"\u001b[0mGET /api/v1/admins \u001b[32m200\u001b[0m 230.584 ms - 447\u001b[0m","timestamp":"2026-06-18 21:54:37"}
{"level":"info","message":"\u001b[0mGET /api/v1/contacts?page=1&limit=1&isResolved=false \u001b[32m200\u001b[0m 286.602 ms - 455\u001b[0m","timestamp":"2026-06-18 21:54:37"}
{"level":"info","message":"\u001b[0mGET /api/v1/members?page=1&limit=12 \u001b[32m200\u001b[0m 121.481 ms - -\u001b[0m","timestamp":"2026-06-18 21:54:42"}
{"level":"info","message":"\u001b[0mGET /api/v1/payments?page=1&limit=12 \u001b[32m200\u001b[0m 105.645 ms - 153\u001b[0m","timestamp":"2026-06-18 21:54:46"}
{"level":"info","message":"\u001b[0mGET /api/v1/contacts?page=1&limit=10 \u001b[32m200\u001b[0m 79.960 ms - 456\u001b[0m","timestamp":"2026-06-18 21:54:47"}
{"level":"info","message":"\u001b[0mGET /api/v1/members?page=1&limit=1 \u001b[32m200\u001b[0m 207.509 ms - -\u001b[0m","timestamp":"2026-06-18 21:57:55"}
{"level":"info","message":"\u001b[0mGET /api/v1/payments?page=1&limit=1 \u001b[32m200\u001b[0m 226.473 ms - 152\u001b[0m","timestamp":"2026-06-18 21:57:55"}
{"level":"info","message":"\u001b[0mGET /api/v1/contacts?page=1&limit=1&isResolved=false \u001b[32m200\u001b[0m 174.502 ms - 455\u001b[0m","timestamp":"2026-06-18 21:57:55"}
{"level":"info","message":"\u001b[0mGET /api/v1/admins \u001b[32m200\u001b[0m 224.691 ms - 447\u001b[0m","timestamp":"2026-06-18 21:57:55"}
{"level":"info","message":"\u001b[0mGET /api/v1/members?page=1&limit=12 \u001b[32m200\u001b[0m 9270.294 ms - -\u001b[0m","timestamp":"2026-06-18 22:01:50"}
{"level":"info","message":"\u001b[0mGET /api/v1/payments?page=1&limit=1 \u001b[32m200\u001b[0m 444.909 ms - 152\u001b[0m","timestamp":"2026-06-18 22:04:17"}
{"level":"info","message":"\u001b[0mGET /api/v1/contacts?page=1&limit=1&isResolved=false \u001b[32m200\u001b[0m 459.859 ms - 455\u001b[0m","timestamp":"2026-06-18 22:04:18"}
{"level":"info","message":"\u001b[0mGET /api/v1/members?page=1&limit=1 \u001b[32m200\u001b[0m 411.301 ms - -\u001b[0m","timestamp":"2026-06-18 22:04:18"}
{"level":"info","message":"\u001b[0mGET /api/v1/admins \u001b[32m200\u001b[0m 464.797 ms - 447\u001b[0m","timestamp":"2026-06-18 22:04:18"}
{"level":"info","message":"\u001b[0mGET /api/v1/payments?page=1&limit=12 \u001b[32m200\u001b[0m 146.653 ms - 153\u001b[0m","timestamp":"2026-06-18 22:04:31"}
{"level":"info","message":"\u001b[0mGET /api/v1/contacts?page=1&limit=10 \u001b[32m200\u001b[0m 145.579 ms - 456\u001b[0m","timestamp":"2026-06-18 22:04:37"}
{"level":"info","message":"\u001b[0mGET /api/v1/admins/me \u001b[32m200\u001b[0m 455.795 ms - 435\u001b[0m","timestamp":"2026-06-18 22:04:42"}
{"level":"info","message":"\u001b[0mGET /api/v1/admins/me \u001b[32m200\u001b[0m 215.456 ms - 435\u001b[0m","timestamp":"2026-06-18 22:04:56"}
{"level":"info","message":"\u001b[0mGET /api/v1/admins/me \u001b[32m200\u001b[0m 40.823 ms - 435\u001b[0m","timestamp":"2026-06-18 22:05:46"}
{"level":"info","message":"\u001b[0mGET /api/v1/contacts?page=1&limit=10 \u001b[32m200\u001b[0m 81.215 ms - 456\u001b[0m","timestamp":"2026-06-18 22:05:46"}
{"level":"warn","message":"GET /api/v1/enquiry?page=1&limit=12 - Route not found: /api/v1/enquiry?page=1&limit=12","timestamp":"2026-06-18 22:07:54"}
{"level":"info","message":"\u001b[0mGET /api/v1/enquiry?page=1&limit=12 \u001b[33m404\u001b[0m 71.462 ms - 150\u001b[0m","timestamp":"2026-06-18 22:07:54"}
{"level":"warn","message":"GET /api/v1/enquiry?page=1&limit=12&status=pending - Route not found: /api/v1/enquiry?page=1&limit=12&status=pending","timestamp":"2026-06-18 22:08:30"}
{"level":"info","message":"\u001b[0mGET /api/v1/enquiry?page=1&limit=12&status=pending \u001b[33m404\u001b[0m 9.938 ms - 180\u001b[0m","timestamp":"2026-06-18 22:08:30"}
{"level":"warn","message":"GET /api/v1/enquiry?page=1&limit=12&status=resolved - Route not found: /api/v1/enquiry?page=1&limit=12&status=resolved","timestamp":"2026-06-18 22:08:33"}
{"level":"info","message":"\u001b[0mGET /api/v1/enquiry?page=1&limit=12&status=resolved \u001b[33m404\u001b[0m 5.348 ms - 182\u001b[0m","timestamp":"2026-06-18 22:08:33"}
{"level":"warn","message":"GET /api/v1/enquiry?page=1&limit=12&status=rejected - Route not found: /api/v1/enquiry?page=1&limit=12&status=rejected","timestamp":"2026-06-18 22:08:36"}
{"level":"info","message":"\u001b[0mGET /api/v1/enquiry?page=1&limit=12&status=rejected \u001b[33m404\u001b[0m 4.479 ms - 182\u001b[0m","timestamp":"2026-06-18 22:08:36"}
{"level":"info","message":"\u001b[0mGET /api/v1/members?page=1&limit=1 \u001b[31m500\u001b[0m 24491.960 ms - 81\u001b[0m","timestamp":"2026-06-18 22:09:15"}
{"level":"error","message":"GET /api/v1/payments?page=1&limit=1 - connection <monitor> to 159.41.225.179:27017 closed","stack":"MongoServerSelectionError: connection <monitor> to 159.41.225.179:27017 closed\n    at Topology.selectServer (C:\\Users\\ekta3\\OneDrive\\Desktop\\New folder\\Khatu-Shyam-web\\backend\\node_modules\\mongodb\\lib\\sdam\\topology.js:348:38)\n    at async executeOperationWithRetries (C:\\Users\\ekta3\\OneDrive\\Desktop\\New folder\\Khatu-Shyam-web\\backend\\node_modules\\mongodb\\lib\\operations\\execute_operation.js:260:22)\n    at async executeOperation (C:\\Users\\ekta3\\OneDrive\\Desktop\\New folder\\Khatu-Shyam-web\\backend\\node_modules\\mongodb\\lib\\operations\\execute_operation.js:83:16)\n    at async FindCursor._initialize (C:\\Users\\ekta3\\OneDrive\\Desktop\\New folder\\Khatu-Shyam-web\\backend\\node_modules\\mongodb\\lib\\cursor\\find_cursor.js:62:26)\n    at async FindCursor.cursorInit (C:\\Users\\ekta3\\OneDrive\\Desktop\\New folder\\Khatu-Shyam-web\\backend\\node_modules\\mongodb\\lib\\cursor\\abstract_cursor.js:620:27)\n    at async FindCursor.fetchBatch (C:\\Users\\ekta3\\OneDrive\\Desktop\\New folder\\Khatu-Shyam-web\\backend\\node_modules\\mongodb\\lib\\cursor\\abstract_cursor.js:654:13)\n    at async FindCursor.next (C:\\Users\\ekta3\\OneDrive\\Desktop\\New folder\\Khatu-Shyam-web\\backend\\node_modules\\mongodb\\lib\\cursor\\abstract_cursor.js:326:17)\n    at async Collection.findOne (C:\\Users\\ekta3\\OneDrive\\Desktop\\New folder\\Khatu-Shyam-web\\backend\\node_modules\\mongodb\\lib\\collection.js:313:24)\n    at async model.Query._findOne (C:\\Users\\ekta3\\OneDrive\\Desktop\\New folder\\Khatu-Shyam-web\\backend\\node_modules\\mongoose\\lib\\query.js:2771:15)\n    at async model.Query.exec (C:\\Users\\ekta3\\OneDrive\\Desktop\\New folder\\Khatu-Shyam-web\\backend\\node_modules\\mongoose\\lib\\query.js:4797:63)","timestamp":"2026-06-18 22:09:15"}
{"level":"info","message":"\u001b[0mGET /api/v1/payments?page=1&limit=1 \u001b[31m500\u001b[0m 24491.758 ms - 156\u001b[0m","timestamp":"2026-06-18 22:09:15"}
{"level":"warn","message":"GET /api/v1/enquiry?page=1&limit=12 - Route not found: /api/v1/enquiry?page=1&limit=12","timestamp":"2026-06-18 22:09:15"}
{"level":"info","message":"\u001b[0mGET /api/v1/enquiry?page=1&limit=12 \u001b[33m404\u001b[0m 3.276 ms - 150\u001b[0m","timestamp":"2026-06-18 22:09:15"}
{"level":"error","message":"GET /api/v1/contacts?page=1&limit=1&isResolved=false - connection <monitor> to 159.41.225.179:27017 closed","stack":"MongoServerSelectionError: connection <monitor> to 159.41.225.179:27017 closed\n    at Topology.selectServer (C:\\Users\\ekta3\\OneDrive\\Desktop\\New folder\\Khatu-Shyam-web\\backend\\node_modules\\mongodb\\lib\\sdam\\topology.js:348:38)\n    at async executeOperationWithRetries (C:\\Users\\ekta3\\OneDrive\\Desktop\\New folder\\Khatu-Shyam-web\\backend\\node_modules\\mongodb\\lib\\operations\\execute_operation.js:260:22)\n    at async executeOperation (C:\\Users\\ekta3\\OneDrive\\Desktop\\New folder\\Khatu-Shyam-web\\backend\\node_modules\\mongodb\\lib\\operations\\execute_operation.js:83:16)\n    at async FindCursor._initialize (C:\\Users\\ekta3\\OneDrive\\Desktop\\New folder\\Khatu-Shyam-web\\backend\\node_modules\\mongodb\\lib\\cursor\\find_cursor.js:62:26)\n    at async FindCursor.cursorInit (C:\\Users\\ekta3\\OneDrive\\Desktop\\New folder\\Khatu-Shyam-web\\backend\\node_modules\\mongodb\\lib\\cursor\\abstract_cursor.js:620:27)\n    at async FindCursor.fetchBatch (C:\\Users\\ekta3\\OneDrive\\Desktop\\New folder\\Khatu-Shyam-web\\backend\\node_modules\\mongodb\\lib\\cursor\\abstract_cursor.js:654:13)\n    at async FindCursor.next (C:\\Users\\ekta3\\OneDrive\\Desktop\\New folder\\Khatu-Shyam-web\\backend\\node_modules\\mongodb\\lib\\cursor\\abstract_cursor.js:326:17)\n    at async Collection.findOne (C:\\Users\\ekta3\\OneDrive\\Desktop\\New folder\\Khatu-Shyam-web\\backend\\node_modules\\mongodb\\lib\\collection.js:313:24)\n    at async model.Query._findOne (C:\\Users\\ekta3\\OneDrive\\Desktop\\New folder\\Khatu-Shyam-web\\backend\\node_modules\\mongoose\\lib\\query.js:2771:15)\n    at async model.Query.exec (C:\\Users\\ekta3\\OneDrive\\Desktop\\New folder\\Khatu-Shyam-web\\backend\\node_modules\\mongoose\\lib\\query.js:4797:63)","timestamp":"2026-06-18 22:09:15"}
{"level":"info","message":"\u001b[0mGET /api/v1/contacts?page=1&limit=1&isResolved=false \u001b[31m500\u001b[0m 24262.517 ms - 156\u001b[0m","timestamp":"2026-06-18 22:09:15"}
{"level":"error","message":"GET /api/v1/admins - connection <monitor> to 159.41.225.179:27017 closed","stack":"MongoServerSelectionError: connection <monitor> to 159.41.225.179:27017 closed\n    at Topology.selectServer (C:\\Users\\ekta3\\OneDrive\\Desktop\\New folder\\Khatu-Shyam-web\\backend\\node_modules\\mongodb\\lib\\sdam\\topology.js:348:38)\n    at async executeOperationWithRetries (C:\\Users\\ekta3\\OneDrive\\Desktop\\New folder\\Khatu-Shyam-web\\backend\\node_modules\\mongodb\\lib\\operations\\execute_operation.js:260:22)\n    at async executeOperation (C:\\Users\\ekta3\\OneDrive\\Desktop\\New folder\\Khatu-Shyam-web\\backend\\node_modules\\mongodb\\lib\\operations\\execute_operation.js:83:16)\n    at async FindCursor._initialize (C:\\Users\\ekta3\\OneDrive\\Desktop\\New folder\\Khatu-Shyam-web\\backend\\node_modules\\mongodb\\lib\\cursor\\find_cursor.js:62:26)\n    at async FindCursor.cursorInit (C:\\Users\\ekta3\\OneDrive\\Desktop\\New folder\\Khatu-Shyam-web\\backend\\node_modules\\mongodb\\lib\\cursor\\abstract_cursor.js:620:27)\n    at async FindCursor.fetchBatch (C:\\Users\\ekta3\\OneDrive\\Desktop\\New folder\\Khatu-Shyam-web\\backend\\node_modules\\mongodb\\lib\\cursor\\abstract_cursor.js:654:13)\n    at async FindCursor.next (C:\\Users\\ekta3\\OneDrive\\Desktop\\New folder\\Khatu-Shyam-web\\backend\\node_modules\\mongodb\\lib\\cursor\\abstract_cursor.js:326:17)\n    at async Collection.findOne (C:\\Users\\ekta3\\OneDrive\\Desktop\\New folder\\Khatu-Shyam-web\\backend\\node_modules\\mongodb\\lib\\collection.js:313:24)\n    at async model.Query._findOne (C:\\Users\\ekta3\\OneDrive\\Desktop\\New folder\\Khatu-Shyam-web\\backend\\node_modules\\mongoose\\lib\\query.js:2771:15)\n    at async model.Query.exec (C:\\Users\\ekta3\\OneDrive\\Desktop\\New folder\\Khatu-Shyam-web\\backend\\node_modules\\mongoose\\lib\\query.js:4797:63)","timestamp":"2026-06-18 22:09:15"}
{"level":"info","message":"\u001b[0mGET /api/v1/admins \u001b[31m500\u001b[0m 24257.054 ms - 156\u001b[0m","timestamp":"2026-06-18 22:09:15"}
{"level":"info","message":"\u001b[0mGET /api/v1/members?page=1&limit=12 \u001b[31m500\u001b[0m 24285.627 ms - 81\u001b[0m","timestamp":"2026-06-18 22:09:16"}
{"level":"error","message":"GET /api/v1/contacts?page=1&limit=10 - connection <monitor> to 159.41.225.179:27017 closed","stack":"MongoServerSelectionError: connection <monitor> to 159.41.225.179:27017 closed\n    at Topology.selectServer (C:\\Users\\ekta3\\OneDrive\\Desktop\\New folder\\Khatu-Shyam-web\\backend\\node_modules\\mongodb\\lib\\sdam\\topology.js:348:38)\n    at async executeOperationWithRetries (C:\\Users\\ekta3\\OneDrive\\Desktop\\New folder\\Khatu-Shyam-web\\backend\\node_modules\\mongodb\\lib\\operations\\execute_operation.js:157:18)\n    at async executeOperation (C:\\Users\\ekta3\\OneDrive\\Desktop\\New folder\\Khatu-Shyam-web\\backend\\node_modules\\mongodb\\lib\\operations\\execute_operation.js:83:16)\n    at async FindCursor._initialize (C:\\Users\\ekta3\\OneDrive\\Desktop\\New folder\\Khatu-Shyam-web\\backend\\node_modules\\mongodb\\lib\\cursor\\find_cursor.js:62:26)\n    at async FindCursor.cursorInit (C:\\Users\\ekta3\\OneDrive\\Desktop\\New folder\\Khatu-Shyam-web\\backend\\node_modules\\mongodb\\lib\\cursor\\abstract_cursor.js:620:27)\n    at async FindCursor.fetchBatch (C:\\Users\\ekta3\\OneDrive\\Desktop\\New folder\\Khatu-Shyam-web\\backend\\node_modules\\mongodb\\lib\\cursor\\abstract_cursor.js:654:13)\n    at async FindCursor.next (C:\\Users\\ekta3\\OneDrive\\Desktop\\New folder\\Khatu-Shyam-web\\backend\\node_modules\\mongodb\\lib\\cursor\\abstract_cursor.js:326:17)\n    at async Collection.findOne (C:\\Users\\ekta3\\OneDrive\\Desktop\\New folder\\Khatu-Shyam-web\\backend\\node_modules\\mongodb\\lib\\collection.js:313:24)\n    at async model.Query._findOne (C:\\Users\\ekta3\\OneDrive\\Desktop\\New folder\\Khatu-Shyam-web\\backend\\node_modules\\mongoose\\lib\\query.js:2771:15)\n    at async model.Query.exec (C:\\Users\\ekta3\\OneDrive\\Desktop\\New folder\\Khatu-Shyam-web\\backend\\node_modules\\mongoose\\lib\\query.js:4797:63)","timestamp":"2026-06-18 22:09:20"}
{"level":"info","message":"\u001b[0mGET /api/v1/contacts?page=1&limit=10 \u001b[31m500\u001b[0m 5046.223 ms - 156\u001b[0m","timestamp":"2026-06-18 22:09:20"}
{"level":"error","message":"GET /api/v1/payments?page=1&limit=12 - connection <monitor> to 159.41.225.179:27017 closed","stack":"MongoServerSelectionError: connection <monitor> to 159.41.225.179:27017 closed\n    at Topology.selectServer (C:\\Users\\ekta3\\OneDrive\\Desktop\\New folder\\Khatu-Shyam-web\\backend\\node_modules\\mongodb\\lib\\sdam\\topology.js:348:38)\n    at async executeOperationWithRetries (C:\\Users\\ekta3\\OneDrive\\Desktop\\New folder\\Khatu-Shyam-web\\backend\\node_modules\\mongodb\\lib\\operations\\execute_operation.js:260:22)\n    at async executeOperation (C:\\Users\\ekta3\\OneDrive\\Desktop\\New folder\\Khatu-Shyam-web\\backend\\node_modules\\mongodb\\lib\\operations\\execute_operation.js:83:16)\n    at async FindCursor._initialize (C:\\Users\\ekta3\\OneDrive\\Desktop\\New folder\\Khatu-Shyam-web\\backend\\node_modules\\mongodb\\lib\\cursor\\find_cursor.js:62:26)\n    at async FindCursor.cursorInit (C:\\Users\\ekta3\\OneDrive\\Desktop\\New folder\\Khatu-Shyam-web\\backend\\node_modules\\mongodb\\lib\\cursor\\abstract_cursor.js:620:27)\n    at async FindCursor.fetchBatch (C:\\Users\\ekta3\\OneDrive\\Desktop\\New folder\\Khatu-Shyam-web\\backend\\node_modules\\mongodb\\lib\\cursor\\abstract_cursor.js:654:13)\n    at async FindCursor.next (C:\\Users\\ekta3\\OneDrive\\Desktop\\New folder\\Khatu-Shyam-web\\backend\\node_modules\\mongodb\\lib\\cursor\\abstract_cursor.js:326:17)\n    at async Collection.findOne (C:\\Users\\ekta3\\OneDrive\\Desktop\\New folder\\Khatu-Shyam-web\\backend\\node_modules\\mongodb\\lib\\collection.js:313:24)\n    at async model.Query._findOne (C:\\Users\\ekta3\\OneDrive\\Desktop\\New folder\\Khatu-Shyam-web\\backend\\node_modules\\mongoose\\lib\\query.js:2771:15)\n    at async model.Query.exec (C:\\Users\\ekta3\\OneDrive\\Desktop\\New folder\\Khatu-Shyam-web\\backend\\node_modules\\mongoose\\lib\\query.js:4797:63)","timestamp":"2026-06-18 22:09:21"}
{"level":"info","message":"\u001b[0mGET /api/v1/payments?page=1&limit=12 \u001b[31m500\u001b[0m 26255.977 ms - 156\u001b[0m","timestamp":"2026-06-18 22:09:21"}
{"level":"warn","message":"GET /api/v1/enquiry?page=1&limit=12 - Route not found: /api/v1/enquiry?page=1&limit=12","timestamp":"2026-06-18 22:10:23"}
{"level":"info","message":"\u001b[0mGET /api/v1/enquiry?page=1&limit=12 \u001b[33m404\u001b[0m 3.689 ms - 150\u001b[0m","timestamp":"2026-06-18 22:10:23"}
{"level":"info","message":"\u001b[0mPOST /api/enquiry/create \u001b[32m201\u001b[0m 430.733 ms - 290\u001b[0m","timestamp":"2026-06-18 22:13:49"}
{"level":"warn","message":"GET /api/v1/enquiry - Route not found: /api/v1/enquiry","timestamp":"2026-06-18 22:22:13"}
{"level":"info","message":"\u001b[0mGET /api/v1/enquiry \u001b[33m404\u001b[0m 28.515 ms - 118\u001b[0m","timestamp":"2026-06-18 22:22:13"}
{"level":"warn","message":"GET /api/v1/enquiry - Route not found: /api/v1/enquiry","timestamp":"2026-06-18 22:24:36"}
{"level":"info","message":"\u001b[0mGET /api/v1/enquiry \u001b[33m404\u001b[0m 5.653 ms - 118\u001b[0m","timestamp":"2026-06-18 22:24:36"}
{"level":"warn","message":"GET /api/v1/enquiry - Route not found: /api/v1/enquiry","timestamp":"2026-06-18 22:26:55"}
{"level":"info","message":"\u001b[0mGET /api/v1/enquiry \u001b[33m404\u001b[0m 2.542 ms - 118\u001b[0m","timestamp":"2026-06-18 22:26:55"}
{"level":"warn","message":"GET /api/v1/enquiry - Route not found: /api/v1/enquiry","timestamp":"2026-06-18 22:27:50"}
{"level":"info","message":"\u001b[0mGET /api/v1/enquiry \u001b[33m404\u001b[0m 4.952 ms - 118\u001b[0m","timestamp":"2026-06-18 22:27:50"}
{"level":"warn","message":"GET /api/v1/enquiry - Route not found: /api/v1/enquiry","timestamp":"2026-06-18 22:28:31"}
{"level":"info","message":"\u001b[0mGET /api/v1/enquiry \u001b[33m404\u001b[0m 1.367 ms - 118\u001b[0m","timestamp":"2026-06-18 22:28:31"}
{"level":"info","message":"MongoDB connected successfully","timestamp":"2026-06-18 22:33:38"}
{"level":"info","message":"Server running in development mode on port 5000","timestamp":"2026-06-18 22:33:38"}
{"level":"info","message":"\u001b[0mGET /api/v1/enquiry \u001b[32m200\u001b[0m 4.591 ms - 35\u001b[0m","timestamp":"2026-06-18 22:35:19"}
{"level":"info","message":"\u001b[0mGET /api/v1/enquiry?page=1&limit=12 \u001b[32m200\u001b[0m 3.056 ms - 35\u001b[0m","timestamp":"2026-06-18 22:39:00"}
{"level":"info","message":"MongoDB connected successfully","timestamp":"2026-06-18 22:43:42"}
{"level":"info","message":"Server running in development mode on port 5000","timestamp":"2026-06-18 22:43:42"}
{"level":"info","message":"MongoDB connected successfully","timestamp":"2026-06-18 22:49:33"}
{"level":"info","message":"Server running in development mode on port 5000","timestamp":"2026-06-18 22:49:33"}
{"level":"info","message":"\u001b[0mPOST /api/v1/enquiry/create \u001b[32m201\u001b[0m 74.843 ms - 391\u001b[0m","timestamp":"2026-06-18 22:51:26"}
{"level":"info","message":"\u001b[0mGET /api/v1/enquiry \u001b[32m200\u001b[0m 112.765 ms - 627\u001b[0m","timestamp":"2026-06-18 22:52:43"}
{"level":"info","message":"\u001b[0mGET /api/v1/enquiry \u001b[32m200\u001b[0m 704.826 ms - 627\u001b[0m","timestamp":"2026-06-18 22:52:45"}
{"level":"info","message":"\u001b[0mGET /api/v1/enquiry \u001b[32m200\u001b[0m 90.374 ms - 627\u001b[0m","timestamp":"2026-06-18 22:52:54"}
{"level":"info","message":"\u001b[0mGET /api/v1/admins/me \u001b[32m200\u001b[0m 185.742 ms - 435\u001b[0m","timestamp":"2026-06-18 23:18:53"}
{"level":"info","message":"\u001b[0mGET /api/v1/admins/me \u001b[32m200\u001b[0m 65.236 ms - 435\u001b[0m","timestamp":"2026-06-18 23:19:05"}
{"level":"info","message":"\u001b[0mGET /api/v1/enquiry?page=1&limit=12 \u001b[32m200\u001b[0m 96.415 ms - 627\u001b[0m","timestamp":"2026-06-18 23:19:05"}
{"level":"info","message":"\u001b[0mGET /api/v1/enquiry?page=1&limit=12&status=resolved \u001b[32m200\u001b[0m 456.472 ms - 627\u001b[0m","timestamp":"2026-06-18 23:19:10"}
{"level":"warn","message":"POST /api/enquiry/create - Route not found: /api/enquiry/create","timestamp":"2026-06-18 23:19:44"}
{"level":"info","message":"\u001b[0mPOST /api/enquiry/create \u001b[33m404\u001b[0m 2.705 ms - 126\u001b[0m","timestamp":"2026-06-18 23:19:44"}
{"level":"warn","message":"POST /api/enquiry/create - Route not found: /api/enquiry/create","timestamp":"2026-06-18 23:19:44"}
{"level":"info","message":"\u001b[0mPOST /api/enquiry/create \u001b[33m404\u001b[0m 3.579 ms - 126\u001b[0m","timestamp":"2026-06-18 23:19:44"}
{"level":"warn","message":"POST /api/enquiry/create - Route not found: /api/enquiry/create","timestamp":"2026-06-18 23:21:30"}
{"level":"info","message":"\u001b[0mPOST /api/enquiry/create \u001b[33m404\u001b[0m 1.661 ms - 126\u001b[0m","timestamp":"2026-06-18 23:21:30"}
{"level":"warn","message":"POST /api/enquiry/create - Route not found: /api/enquiry/create","timestamp":"2026-06-18 23:21:43"}
{"level":"info","message":"\u001b[0mPOST /api/enquiry/create \u001b[33m404\u001b[0m 0.853 ms - 126\u001b[0m","timestamp":"2026-06-18 23:21:43"}
{"level":"warn","message":"POST /api/enquiry/create - Route not found: /api/enquiry/create","timestamp":"2026-06-18 23:21:55"}
{"level":"info","message":"\u001b[0mPOST /api/enquiry/create \u001b[33m404\u001b[0m 0.921 ms - 126\u001b[0m","timestamp":"2026-06-18 23:21:55"}
{"level":"warn","message":"POST /api/enquiry/create - Route not found: /api/enquiry/create","timestamp":"2026-06-18 23:22:08"}
{"level":"info","message":"\u001b[0mPOST /api/enquiry/create \u001b[33m404\u001b[0m 0.872 ms - 126\u001b[0m","timestamp":"2026-06-18 23:22:08"}
{"level":"warn","message":"POST /api/enquiry/create - Route not found: /api/enquiry/create","timestamp":"2026-06-18 23:29:54"}
{"level":"info","message":"\u001b[0mPOST /api/enquiry/create \u001b[33m404\u001b[0m 2.794 ms - 126\u001b[0m","timestamp":"2026-06-18 23:29:54"}
{"level":"warn","message":"POST /api/enquiry/create - Route not found: /api/enquiry/create","timestamp":"2026-06-18 23:30:16"}
{"level":"info","message":"\u001b[0mPOST /api/enquiry/create \u001b[33m404\u001b[0m 0.865 ms - 126\u001b[0m","timestamp":"2026-06-18 23:30:16"}
{"level":"info","message":"\u001b[0mPOST /api/v1/enquiry/create \u001b[32m201\u001b[0m 113.402 ms - 396\u001b[0m","timestamp":"2026-06-18 23:50:41"}
{"level":"info","message":"\u001b[0mGET /api/v1/admins/me \u001b[32m200\u001b[0m 69.653 ms - 435\u001b[0m","timestamp":"2026-06-18 23:51:00"}
{"level":"info","message":"\u001b[0mGET /api/v1/enquiry?page=1&limit=12 \u001b[32m200\u001b[0m 100.961 ms - 957\u001b[0m","timestamp":"2026-06-18 23:51:00"}
{"level":"info","message":"\u001b[0mGET /api/v1/admins/me \u001b[0m-\u001b[0m - ms - -\u001b[0m","timestamp":"2026-06-18 23:51:01"}
{"level":"info","message":"\u001b[0mGET /api/v1/admins/me \u001b[32m200\u001b[0m 48.426 ms - 435\u001b[0m","timestamp":"2026-06-18 23:51:01"}
{"level":"info","message":"\u001b[0mGET /api/v1/enquiry?page=1&limit=12 \u001b[0m-\u001b[0m - ms - -\u001b[0m","timestamp":"2026-06-18 23:51:01"}
{"level":"info","message":"\u001b[0mGET /api/v1/admins/me \u001b[32m200\u001b[0m 53.461 ms - 435\u001b[0m","timestamp":"2026-06-18 23:51:01"}
{"level":"info","message":"\u001b[0mGET /api/v1/enquiry?page=1&limit=12 \u001b[32m200\u001b[0m 87.007 ms - 957\u001b[0m","timestamp":"2026-06-18 23:51:01"}
{"level":"info","message":"\u001b[0mGET /api/v1/admins \u001b[32m200\u001b[0m 88.314 ms - 447\u001b[0m","timestamp":"2026-06-18 23:51:03"}
{"level":"info","message":"\u001b[0mGET /api/v1/members?page=1&limit=1 \u001b[32m200\u001b[0m 180.246 ms - -\u001b[0m","timestamp":"2026-06-18 23:51:03"}
{"level":"info","message":"\u001b[0mGET /api/v1/contacts?page=1&limit=1&isResolved=false \u001b[32m200\u001b[0m 418.363 ms - 455\u001b[0m","timestamp":"2026-06-18 23:51:03"}
{"level":"info","message":"\u001b[0mGET /api/v1/payments?page=1&limit=1 \u001b[32m200\u001b[0m 427.587 ms - 152\u001b[0m","timestamp":"2026-06-18 23:51:03"}
{"level":"info","message":"\u001b[0mGET /api/v1/members?page=1&limit=12 \u001b[32m200\u001b[0m 57.656 ms - -\u001b[0m","timestamp":"2026-06-18 23:51:11"}
{"level":"info","message":"\u001b[0mGET /api/v1/payments?page=1&limit=12 \u001b[32m200\u001b[0m 96.292 ms - 153\u001b[0m","timestamp":"2026-06-18 23:51:13"}
{"level":"info","message":"\u001b[0mGET /api/v1/contacts?page=1&limit=10 \u001b[32m200\u001b[0m 95.073 ms - 456\u001b[0m","timestamp":"2026-06-18 23:51:14"}
{"level":"info","message":"\u001b[0mGET /api/v1/enquiry?page=1&limit=12&status=pending \u001b[32m200\u001b[0m 88.483 ms - 957\u001b[0m","timestamp":"2026-06-18 23:51:27"}
{"level":"info","message":"\u001b[0mGET /api/v1/enquiry \u001b[32m200\u001b[0m 96.537 ms - 957\u001b[0m","timestamp":"2026-06-18 23:55:57"}
