{"level":"info","message":"MongoDB connected successfully","timestamp":"2026-07-07 05:03:29"}
{"level":"info","message":"Server running in development mode on port 5000","timestamp":"2026-07-07 05:03:29"}
{"level":"info","message":"\u001b[0mGET /api/v1/members/pillars \u001b[32m200\u001b[0m 589.125 ms - 1007\u001b[0m","timestamp":"2026-07-07 05:05:10"}
{"level":"info","message":"\u001b[0mGET /api/v1/members/pillars \u001b[32m200\u001b[0m 49.323 ms - 1007\u001b[0m","timestamp":"2026-07-07 05:05:10"}
{"level":"info","message":"\u001b[0mGET /api/v1/events \u001b[32m200\u001b[0m 339.053 ms - -\u001b[0m","timestamp":"2026-07-07 05:05:10"}
{"level":"info","message":"\u001b[0mGET /api/v1/events \u001b[32m200\u001b[0m 349.697 ms - -\u001b[0m","timestamp":"2026-07-07 05:05:11"}
{"level":"info","message":"MongoDB connected successfully","timestamp":"2026-07-07 10:35:17"}
{"level":"info","message":"Server running in development mode on port 5000","timestamp":"2026-07-07 10:35:17"}
{"level":"info","message":"\u001b[0mGET /api/v1/events \u001b[32m200\u001b[0m 93.576 ms - -\u001b[0m","timestamp":"2026-07-07 05:09:24"}
{"level":"info","message":"\u001b[0mGET /api/v1/members \u001b[32m200\u001b[0m 72.454 ms - -\u001b[0m","timestamp":"2026-07-07 05:09:29"}
{"level":"info","message":"\u001b[0mGET /api/v1/members \u001b[32m200\u001b[0m 49.608 ms - -\u001b[0m","timestamp":"2026-07-07 05:09:29"}
{"level":"info","message":"\u001b[0mGET /api/v1/members/pillars \u001b[32m200\u001b[0m 116.852 ms - 1007\u001b[0m","timestamp":"2026-07-07 05:13:34"}
{"level":"info","message":"\u001b[0mGET /api/v1/events \u001b[32m200\u001b[0m 92.016 ms - -\u001b[0m","timestamp":"2026-07-07 05:13:34"}
{"level":"info","message":"\u001b[0mGET /api/v1/members/pillars \u001b[32m200\u001b[0m 46.898 ms - 1007\u001b[0m","timestamp":"2026-07-07 05:13:34"}
{"level":"info","message":"\u001b[0mGET /api/v1/events \u001b[32m200\u001b[0m 104.493 ms - -\u001b[0m","timestamp":"2026-07-07 05:13:34"}
{"level":"info","message":"\u001b[0mGET /api/v1/members/pillars \u001b[32m200\u001b[0m 147.671 ms - 1007\u001b[0m","timestamp":"2026-07-07 05:26:48"}
{"level":"info","message":"\u001b[0mGET /api/v1/events \u001b[32m200\u001b[0m 70.272 ms - -\u001b[0m","timestamp":"2026-07-07 05:26:48"}
{"level":"info","message":"\u001b[0mGET /api/v1/members/pillars \u001b[32m200\u001b[0m 74.269 ms - 1007\u001b[0m","timestamp":"2026-07-07 05:26:48"}
{"level":"info","message":"\u001b[0mGET /api/v1/events \u001b[32m200\u001b[0m 54.239 ms - -\u001b[0m","timestamp":"2026-07-07 05:26:48"}
{"level":"info","message":"\u001b[0mGET /api/v1/members/pillars \u001b[32m200\u001b[0m 125.877 ms - 1007\u001b[0m","timestamp":"2026-07-07 05:37:53"}
{"level":"info","message":"\u001b[0mGET /api/v1/events \u001b[32m200\u001b[0m 118.629 ms - -\u001b[0m","timestamp":"2026-07-07 05:37:53"}
{"level":"info","message":"\u001b[0mGET /api/v1/members/pillars \u001b[32m200\u001b[0m 39.421 ms - 1007\u001b[0m","timestamp":"2026-07-07 05:37:53"}
{"level":"info","message":"\u001b[0mGET /api/v1/events \u001b[32m200\u001b[0m 124.502 ms - -\u001b[0m","timestamp":"2026-07-07 05:37:53"}
{"level":"info","message":"\u001b[0mGET /api/v1/events \u001b[32m200\u001b[0m 84.575 ms - -\u001b[0m","timestamp":"2026-07-07 06:04:17"}
{"level":"info","message":"\u001b[0mGET /api/v1/members/pillars \u001b[32m200\u001b[0m 92.380 ms - 1007\u001b[0m","timestamp":"2026-07-07 06:04:21"}
{"level":"info","message":"\u001b[0mGET /api/v1/events \u001b[32m200\u001b[0m 83.321 ms - -\u001b[0m","timestamp":"2026-07-07 06:04:21"}
{"level":"info","message":"\u001b[0mGET /api/v1/members/pillars \u001b[32m200\u001b[0m 52.271 ms - 1007\u001b[0m","timestamp":"2026-07-07 06:04:21"}
{"level":"info","message":"\u001b[0mGET /api/v1/events \u001b[32m200\u001b[0m 63.101 ms - -\u001b[0m","timestamp":"2026-07-07 06:04:21"}
{"level":"info","message":"\u001b[0mGET /api/v1/members/pillars \u001b[32m200\u001b[0m 114.773 ms - 1007\u001b[0m","timestamp":"2026-07-07 06:24:20"}
{"level":"info","message":"\u001b[0mGET /api/v1/events \u001b[32m200\u001b[0m 69.198 ms - -\u001b[0m","timestamp":"2026-07-07 06:24:20"}
{"level":"info","message":"\u001b[0mGET /api/v1/members/pillars \u001b[32m200\u001b[0m 62.577 ms - 1007\u001b[0m","timestamp":"2026-07-07 06:24:20"}
{"level":"info","message":"\u001b[0mGET /api/v1/events \u001b[32m200\u001b[0m 42.598 ms - -\u001b[0m","timestamp":"2026-07-07 06:24:21"}
{"level":"info","message":"\u001b[0mGET /api/v1/members/pillars \u001b[32m200\u001b[0m 79.830 ms - 1007\u001b[0m","timestamp":"2026-07-07 06:33:15"}
{"level":"info","message":"\u001b[0mGET /api/v1/events \u001b[32m200\u001b[0m 60.843 ms - -\u001b[0m","timestamp":"2026-07-07 06:33:15"}
{"level":"info","message":"\u001b[0mGET /api/v1/members/pillars \u001b[32m200\u001b[0m 83.098 ms - 1007\u001b[0m","timestamp":"2026-07-07 06:33:15"}
{"level":"info","message":"\u001b[0mGET /api/v1/members/pillars \u001b[32m200\u001b[0m 40.144 ms - 1007\u001b[0m","timestamp":"2026-07-07 06:33:15"}
{"level":"info","message":"\u001b[0mGET /api/v1/events \u001b[32m200\u001b[0m 47.019 ms - -\u001b[0m","timestamp":"2026-07-07 06:33:15"}
{"level":"info","message":"\u001b[0mGET /api/v1/members/pillars \u001b[32m200\u001b[0m 39.892 ms - 1007\u001b[0m","timestamp":"2026-07-07 06:33:16"}
{"level":"info","message":"\u001b[0mGET /api/v1/events \u001b[32m200\u001b[0m 55.016 ms - -\u001b[0m","timestamp":"2026-07-07 06:33:16"}
{"level":"info","message":"\u001b[0mGET /api/v1/events \u001b[32m200\u001b[0m 37.306 ms - -\u001b[0m","timestamp":"2026-07-07 06:33:16"}
{"level":"info","message":"\u001b[0mGET /api/v1/members/pillars \u001b[32m200\u001b[0m 88.156 ms - 1007\u001b[0m","timestamp":"2026-07-07 06:34:39"}
{"level":"info","message":"\u001b[0mGET /api/v1/events \u001b[32m200\u001b[0m 62.977 ms - -\u001b[0m","timestamp":"2026-07-07 06:34:39"}
{"level":"info","message":"\u001b[0mGET /api/v1/members/pillars \u001b[32m200\u001b[0m 46.637 ms - 1007\u001b[0m","timestamp":"2026-07-07 06:34:39"}
{"level":"info","message":"\u001b[0mGET /api/v1/events \u001b[32m200\u001b[0m 77.624 ms - -\u001b[0m","timestamp":"2026-07-07 06:34:39"}
{"level":"info","message":"\u001b[0mGET /api/v1/members/pillars \u001b[32m200\u001b[0m 64.241 ms - 1007\u001b[0m","timestamp":"2026-07-07 06:38:28"}
{"level":"info","message":"\u001b[0mGET /api/v1/events \u001b[32m200\u001b[0m 101.265 ms - -\u001b[0m","timestamp":"2026-07-07 06:38:28"}
{"level":"info","message":"\u001b[0mGET /api/v1/members/pillars \u001b[32m200\u001b[0m 51.076 ms - 1007\u001b[0m","timestamp":"2026-07-07 06:38:28"}
{"level":"info","message":"\u001b[0mGET /api/v1/events \u001b[32m200\u001b[0m 74.611 ms - -\u001b[0m","timestamp":"2026-07-07 06:38:29"}
{"level":"info","message":"\u001b[0mGET /api/v1/members/pillars \u001b[32m200\u001b[0m 44.427 ms - 1007\u001b[0m","timestamp":"2026-07-07 06:38:47"}
{"level":"info","message":"\u001b[0mGET /api/v1/events \u001b[32m200\u001b[0m 42.185 ms - -\u001b[0m","timestamp":"2026-07-07 06:38:47"}
{"level":"info","message":"\u001b[0mGET /api/v1/members/pillars \u001b[32m200\u001b[0m 49.964 ms - 1007\u001b[0m","timestamp":"2026-07-07 06:38:50"}
{"level":"info","message":"\u001b[0mGET /api/v1/events \u001b[32m200\u001b[0m 54.823 ms - -\u001b[0m","timestamp":"2026-07-07 06:38:50"}
{"level":"info","message":"\u001b[0mGET /api/v1/members/pillars \u001b[32m200\u001b[0m 202.980 ms - 1007\u001b[0m","timestamp":"2026-07-07 06:43:05"}
{"level":"info","message":"\u001b[0mGET /api/v1/events \u001b[32m200\u001b[0m 159.528 ms - -\u001b[0m","timestamp":"2026-07-07 06:43:05"}
{"level":"info","message":"\u001b[0mGET /api/v1/members/pillars \u001b[32m200\u001b[0m 48.720 ms - 1007\u001b[0m","timestamp":"2026-07-07 06:43:05"}
{"level":"info","message":"\u001b[0mGET /api/v1/events \u001b[32m200\u001b[0m 45.465 ms - -\u001b[0m","timestamp":"2026-07-07 06:43:05"}
{"level":"info","message":"\u001b[0mGET /api/v1/members/pillars \u001b[32m200\u001b[0m 35.154 ms - 1007\u001b[0m","timestamp":"2026-07-07 06:43:06"}
{"level":"info","message":"\u001b[0mGET /api/v1/events \u001b[32m200\u001b[0m 37.302 ms - -\u001b[0m","timestamp":"2026-07-07 06:43:06"}
{"level":"info","message":"\u001b[0mGET /api/v1/members/pillars \u001b[32m200\u001b[0m 52.919 ms - 1007\u001b[0m","timestamp":"2026-07-07 06:43:06"}
{"level":"info","message":"\u001b[0mGET /api/v1/events \u001b[32m200\u001b[0m 42.937 ms - -\u001b[0m","timestamp":"2026-07-07 06:43:06"}
{"level":"info","message":"\u001b[0mGET /api/v1/members/pillars \u001b[32m200\u001b[0m 77.048 ms - 1007\u001b[0m","timestamp":"2026-07-07 06:45:40"}
{"level":"info","message":"\u001b[0mGET /api/v1/events \u001b[32m200\u001b[0m 59.012 ms - -\u001b[0m","timestamp":"2026-07-07 06:45:40"}
{"level":"info","message":"\u001b[0mGET /api/v1/members/pillars \u001b[32m200\u001b[0m 52.736 ms - 1007\u001b[0m","timestamp":"2026-07-07 06:45:40"}
{"level":"info","message":"\u001b[0mGET /api/v1/events \u001b[32m200\u001b[0m 41.389 ms - -\u001b[0m","timestamp":"2026-07-07 06:45:40"}
{"level":"info","message":"\u001b[0mGET /api/v1/members/pillars \u001b[32m200\u001b[0m 100.862 ms - 1007\u001b[0m","timestamp":"2026-07-07 06:45:41"}
{"level":"info","message":"\u001b[0mGET /api/v1/events \u001b[32m200\u001b[0m 100.964 ms - -\u001b[0m","timestamp":"2026-07-07 06:45:41"}
{"level":"info","message":"\u001b[0mGET /api/v1/members/pillars \u001b[32m200\u001b[0m 32.378 ms - 1007\u001b[0m","timestamp":"2026-07-07 06:45:41"}
{"level":"info","message":"\u001b[0mGET /api/v1/events \u001b[32m200\u001b[0m 64.716 ms - -\u001b[0m","timestamp":"2026-07-07 06:45:41"}
{"level":"info","message":"\u001b[0mGET /api/v1/members/pillars \u001b[32m200\u001b[0m 1658.087 ms - 1007\u001b[0m","timestamp":"2026-07-07 08:25:13"}
{"level":"info","message":"\u001b[0mGET /api/v1/members/pillars \u001b[32m200\u001b[0m 39.799 ms - 1007\u001b[0m","timestamp":"2026-07-07 08:25:14"}
{"level":"info","message":"\u001b[0mGET /api/v1/events \u001b[32m200\u001b[0m 2037.092 ms - -\u001b[0m","timestamp":"2026-07-07 08:25:14"}
{"level":"info","message":"\u001b[0mGET /api/v1/events \u001b[32m200\u001b[0m 44.478 ms - -\u001b[0m","timestamp":"2026-07-07 08:25:14"}
{"level":"info","message":"\u001b[0mGET /api/v1/members/pillars \u001b[32m200\u001b[0m 110.186 ms - 1007\u001b[0m","timestamp":"2026-07-07 08:25:22"}
{"level":"info","message":"\u001b[0mGET /api/v1/events \u001b[32m200\u001b[0m 83.052 ms - -\u001b[0m","timestamp":"2026-07-07 08:25:22"}
{"level":"info","message":"\u001b[0mGET /api/v1/members/pillars \u001b[32m200\u001b[0m 103.106 ms - 1007\u001b[0m","timestamp":"2026-07-07 08:25:23"}
{"level":"info","message":"\u001b[0mGET /api/v1/events \u001b[32m200\u001b[0m 64.600 ms - -\u001b[0m","timestamp":"2026-07-07 08:25:23"}
{"level":"info","message":"\u001b[0mGET /api/v1/members/pillars \u001b[32m200\u001b[0m 215.498 ms - 1007\u001b[0m","timestamp":"2026-07-07 08:26:24"}
{"level":"info","message":"\u001b[0mGET /api/v1/members/pillars \u001b[32m200\u001b[0m 69.886 ms - 1007\u001b[0m","timestamp":"2026-07-07 08:26:24"}
{"level":"info","message":"\u001b[0mGET /api/v1/events \u001b[32m200\u001b[0m 138.931 ms - -\u001b[0m","timestamp":"2026-07-07 08:26:24"}
{"level":"info","message":"\u001b[0mGET /api/v1/events \u001b[32m200\u001b[0m 102.774 ms - -\u001b[0m","timestamp":"2026-07-07 08:26:24"}
{"level":"info","message":"MongoDB connected successfully","timestamp":"2026-07-07 13:56:31"}
{"level":"info","message":"Server running in development mode on port 5000","timestamp":"2026-07-07 13:56:31"}
{"level":"info","message":"MongoDB connected successfully","timestamp":"2026-07-07 15:05:18"}
{"level":"info","message":"Server running in development mode on port 5000","timestamp":"2026-07-07 15:05:18"}
{"level":"info","message":"\u001b[0mGET /api/v1/members/pillars \u001b[32m200\u001b[0m 356.471 ms - 1007\u001b[0m","timestamp":"2026-07-07 09:35:26"}
{"level":"info","message":"\u001b[0mGET /api/v1/events \u001b[32m200\u001b[0m 314.862 ms - -\u001b[0m","timestamp":"2026-07-07 09:35:27"}
{"level":"info","message":"\u001b[0mGET /api/v1/members/pillars \u001b[32m200\u001b[0m 62.049 ms - 1007\u001b[0m","timestamp":"2026-07-07 09:35:27"}
{"level":"info","message":"\u001b[0mGET /api/v1/events \u001b[32m200\u001b[0m 53.422 ms - -\u001b[0m","timestamp":"2026-07-07 09:35:27"}
{"level":"info","message":"\u001b[0mGET /api/v1/members/pillars \u001b[32m200\u001b[0m 90.761 ms - 1007\u001b[0m","timestamp":"2026-07-07 09:35:39"}
{"level":"info","message":"\u001b[0mGET /api/v1/members/pillars \u001b[32m200\u001b[0m 44.121 ms - 1007\u001b[0m","timestamp":"2026-07-07 09:35:39"}
{"level":"info","message":"\u001b[0mGET /api/v1/events \u001b[32m200\u001b[0m 87.655 ms - -\u001b[0m","timestamp":"2026-07-07 09:35:39"}
{"level":"info","message":"\u001b[0mGET /api/v1/events \u001b[32m200\u001b[0m 262.090 ms - -\u001b[0m","timestamp":"2026-07-07 09:35:39"}
{"level":"info","message":"\u001b[0mGET /api/v1/members/pillars \u001b[32m200\u001b[0m 68.265 ms - 1007\u001b[0m","timestamp":"2026-07-07 09:35:55"}
{"level":"info","message":"\u001b[0mGET /api/v1/events \u001b[32m200\u001b[0m 43.214 ms - -\u001b[0m","timestamp":"2026-07-07 09:35:55"}
{"level":"info","message":"\u001b[0mGET /api/v1/members/pillars \u001b[32m200\u001b[0m 51.227 ms - 1007\u001b[0m","timestamp":"2026-07-07 09:35:55"}
{"level":"info","message":"\u001b[0mGET /api/v1/events \u001b[32m200\u001b[0m 110.200 ms - -\u001b[0m","timestamp":"2026-07-07 09:35:55"}
{"level":"info","message":"\u001b[0mGET /api/v1/members/pillars \u001b[32m200\u001b[0m 66.853 ms - 1007\u001b[0m","timestamp":"2026-07-07 09:36:33"}
{"level":"info","message":"\u001b[0mGET /api/v1/events \u001b[32m200\u001b[0m 95.172 ms - -\u001b[0m","timestamp":"2026-07-07 09:36:33"}
{"level":"info","message":"\u001b[0mGET /api/v1/members/pillars \u001b[32m200\u001b[0m 49.607 ms - 1007\u001b[0m","timestamp":"2026-07-07 09:36:33"}
{"level":"info","message":"\u001b[0mGET /api/v1/events \u001b[32m200\u001b[0m 79.867 ms - -\u001b[0m","timestamp":"2026-07-07 09:36:33"}
{"level":"info","message":"\u001b[0mGET /api/v1/members/pillars \u001b[32m200\u001b[0m 49.173 ms - 1007\u001b[0m","timestamp":"2026-07-07 09:37:03"}
{"level":"info","message":"\u001b[0mGET /api/v1/events \u001b[32m200\u001b[0m 52.380 ms - -\u001b[0m","timestamp":"2026-07-07 09:37:03"}
{"level":"info","message":"\u001b[0mGET /api/v1/members/pillars \u001b[32m200\u001b[0m 36.745 ms - 1007\u001b[0m","timestamp":"2026-07-07 09:37:03"}
{"level":"info","message":"\u001b[0mGET /api/v1/events \u001b[32m200\u001b[0m 48.211 ms - -\u001b[0m","timestamp":"2026-07-07 09:37:03"}
{"level":"info","message":"\u001b[0mGET /api/v1/members/pillars \u001b[32m200\u001b[0m 95.522 ms - 1007\u001b[0m","timestamp":"2026-07-07 09:37:24"}
{"level":"info","message":"\u001b[0mGET /api/v1/events \u001b[32m200\u001b[0m 91.116 ms - -\u001b[0m","timestamp":"2026-07-07 09:37:24"}
{"level":"info","message":"\u001b[0mGET /api/v1/members/pillars \u001b[32m200\u001b[0m 98.479 ms - 1007\u001b[0m","timestamp":"2026-07-07 09:37:24"}
{"level":"info","message":"\u001b[0mGET /api/v1/events \u001b[32m200\u001b[0m 86.165 ms - -\u001b[0m","timestamp":"2026-07-07 09:37:24"}
{"level":"info","message":"\u001b[0mGET /api/v1/members/pillars \u001b[32m200\u001b[0m 97.850 ms - 1007\u001b[0m","timestamp":"2026-07-07 09:40:49"}
{"level":"info","message":"\u001b[0mGET /api/v1/events \u001b[32m200\u001b[0m 57.619 ms - -\u001b[0m","timestamp":"2026-07-07 09:40:49"}
{"level":"info","message":"\u001b[0mGET /api/v1/members/pillars \u001b[32m200\u001b[0m 53.288 ms - 1007\u001b[0m","timestamp":"2026-07-07 09:40:49"}
{"level":"info","message":"\u001b[0mGET /api/v1/events \u001b[32m200\u001b[0m 49.431 ms - -\u001b[0m","timestamp":"2026-07-07 09:40:49"}
{"level":"info","message":"\u001b[0mGET /api/v1/members/pillars \u001b[32m200\u001b[0m 58.154 ms - 1007\u001b[0m","timestamp":"2026-07-07 09:44:48"}
{"level":"info","message":"\u001b[0mGET /api/v1/events \u001b[32m200\u001b[0m 100.335 ms - -\u001b[0m","timestamp":"2026-07-07 09:44:48"}
{"level":"info","message":"\u001b[0mGET /api/v1/members/pillars \u001b[32m200\u001b[0m 61.865 ms - 1007\u001b[0m","timestamp":"2026-07-07 09:44:48"}
{"level":"info","message":"\u001b[0mGET /api/v1/events \u001b[32m200\u001b[0m 185.352 ms - -\u001b[0m","timestamp":"2026-07-07 09:44:48"}
{"level":"info","message":"\u001b[0mGET /api/v1/members/pillars \u001b[32m200\u001b[0m 73.229 ms - 1007\u001b[0m","timestamp":"2026-07-07 09:45:17"}
{"level":"info","message":"\u001b[0mGET /api/v1/members/pillars \u001b[32m200\u001b[0m 66.367 ms - 1007\u001b[0m","timestamp":"2026-07-07 09:45:17"}
{"level":"info","message":"\u001b[0mGET /api/v1/events \u001b[32m200\u001b[0m 83.110 ms - -\u001b[0m","timestamp":"2026-07-07 09:45:17"}
{"level":"info","message":"\u001b[0mGET /api/v1/events \u001b[32m200\u001b[0m 54.299 ms - -\u001b[0m","timestamp":"2026-07-07 09:45:17"}
{"level":"info","message":"\u001b[0mGET /api/v1/members/pillars \u001b[32m200\u001b[0m 56.222 ms - 1007\u001b[0m","timestamp":"2026-07-07 09:45:59"}
{"level":"info","message":"\u001b[0mGET /api/v1/events \u001b[32m200\u001b[0m 71.209 ms - -\u001b[0m","timestamp":"2026-07-07 09:45:59"}
{"level":"info","message":"\u001b[0mGET /api/v1/members/pillars \u001b[32m200\u001b[0m 37.389 ms - 1007\u001b[0m","timestamp":"2026-07-07 09:45:59"}
{"level":"info","message":"\u001b[0mGET /api/v1/events \u001b[32m200\u001b[0m 38.980 ms - -\u001b[0m","timestamp":"2026-07-07 09:45:59"}
{"level":"info","message":"\u001b[0mGET /api/v1/members/pillars \u001b[32m200\u001b[0m 54.280 ms - 1007\u001b[0m","timestamp":"2026-07-07 09:46:00"}
{"level":"info","message":"\u001b[0mGET /api/v1/events \u001b[32m200\u001b[0m 52.581 ms - -\u001b[0m","timestamp":"2026-07-07 09:46:00"}
{"level":"info","message":"\u001b[0mGET /api/v1/members/pillars \u001b[32m200\u001b[0m 36.402 ms - 1007\u001b[0m","timestamp":"2026-07-07 09:46:00"}
{"level":"info","message":"\u001b[0mGET /api/v1/events \u001b[32m200\u001b[0m 58.727 ms - -\u001b[0m","timestamp":"2026-07-07 09:46:00"}
{"level":"info","message":"\u001b[0mGET /api/v1/members/pillars \u001b[32m200\u001b[0m 114.269 ms - 1007\u001b[0m","timestamp":"2026-07-07 09:58:06"}
{"level":"info","message":"\u001b[0mGET /api/v1/events \u001b[32m200\u001b[0m 130.064 ms - -\u001b[0m","timestamp":"2026-07-07 09:58:06"}
{"level":"info","message":"\u001b[0mGET /api/v1/members/pillars \u001b[32m200\u001b[0m 56.987 ms - 1007\u001b[0m","timestamp":"2026-07-07 09:58:06"}
{"level":"info","message":"\u001b[0mGET /api/v1/events \u001b[32m200\u001b[0m 102.367 ms - -\u001b[0m","timestamp":"2026-07-07 09:58:06"}
{"level":"info","message":"\u001b[0mGET /api/v1/events \u001b[32m200\u001b[0m 90.887 ms - -\u001b[0m","timestamp":"2026-07-07 10:00:14"}
{"level":"info","message":"\u001b[0mGET /api/v1/members/pillars \u001b[32m200\u001b[0m 71.907 ms - 1007\u001b[0m","timestamp":"2026-07-07 10:00:42"}
{"level":"info","message":"\u001b[0mGET /api/v1/events \u001b[32m200\u001b[0m 32.635 ms - -\u001b[0m","timestamp":"2026-07-07 10:00:42"}
{"level":"info","message":"\u001b[0mGET /api/v1/members/pillars \u001b[32m200\u001b[0m 34.498 ms - 1007\u001b[0m","timestamp":"2026-07-07 10:00:42"}
{"level":"info","message":"\u001b[0mGET /api/v1/events \u001b[32m200\u001b[0m 112.005 ms - -\u001b[0m","timestamp":"2026-07-07 10:00:42"}
{"level":"info","message":"\u001b[0mGET /api/v1/members/pillars \u001b[32m200\u001b[0m 353.842 ms - 1007\u001b[0m","timestamp":"2026-07-07 10:13:24"}
{"level":"info","message":"\u001b[0mGET /api/v1/events \u001b[32m200\u001b[0m 142.578 ms - -\u001b[0m","timestamp":"2026-07-07 10:13:25"}
{"level":"info","message":"\u001b[0mGET /api/v1/members/pillars \u001b[32m200\u001b[0m 111.517 ms - 1007\u001b[0m","timestamp":"2026-07-07 10:13:25"}
{"level":"info","message":"\u001b[0mGET /api/v1/events \u001b[32m200\u001b[0m 58.212 ms - -\u001b[0m","timestamp":"2026-07-07 10:13:25"}
{"level":"info","message":"\u001b[0mGET /api/v1/members/6a3f811e1dc14d52c9567fab \u001b[32m200\u001b[0m 271.317 ms - 684\u001b[0m","timestamp":"2026-07-07 10:29:28"}
{"level":"info","message":"\u001b[0mGET /api/v1/members/6a3f811e1dc14d52c9567fab \u001b[32m200\u001b[0m 88.750 ms - 684\u001b[0m","timestamp":"2026-07-07 10:29:28"}
{"level":"info","message":"\u001b[0mGET /api/v1/members/pillars \u001b[32m200\u001b[0m 62.334 ms - 1007\u001b[0m","timestamp":"2026-07-07 10:29:31"}
{"level":"info","message":"\u001b[0mGET /api/v1/members/pillars \u001b[32m200\u001b[0m 36.203 ms - 1007\u001b[0m","timestamp":"2026-07-07 10:29:31"}
{"level":"info","message":"\u001b[0mGET /api/v1/events \u001b[32m200\u001b[0m 69.656 ms - -\u001b[0m","timestamp":"2026-07-07 10:29:31"}
{"level":"info","message":"\u001b[0mGET /api/v1/events \u001b[32m200\u001b[0m 37.967 ms - -\u001b[0m","timestamp":"2026-07-07 10:29:31"}
{"level":"info","message":"\u001b[0mGET /api/v1/members/pillars \u001b[32m200\u001b[0m 62.768 ms - 1007\u001b[0m","timestamp":"2026-07-07 10:30:40"}
{"level":"info","message":"\u001b[0mGET /api/v1/events \u001b[32m200\u001b[0m 59.026 ms - -\u001b[0m","timestamp":"2026-07-07 10:30:40"}
{"level":"info","message":"\u001b[0mGET /api/v1/members/pillars \u001b[32m200\u001b[0m 44.566 ms - 1007\u001b[0m","timestamp":"2026-07-07 10:30:40"}
{"level":"info","message":"\u001b[0mGET /api/v1/events \u001b[32m200\u001b[0m 116.218 ms - -\u001b[0m","timestamp":"2026-07-07 10:30:40"}
{"level":"info","message":"\u001b[0mGET /api/v1/members/pillars \u001b[32m200\u001b[0m 70.292 ms - 1007\u001b[0m","timestamp":"2026-07-07 10:31:35"}
{"level":"info","message":"\u001b[0mGET /api/v1/events \u001b[32m200\u001b[0m 86.115 ms - -\u001b[0m","timestamp":"2026-07-07 10:31:35"}
{"level":"info","message":"\u001b[0mGET /api/v1/members/pillars \u001b[32m200\u001b[0m 86.379 ms - 1007\u001b[0m","timestamp":"2026-07-07 10:31:35"}
{"level":"info","message":"\u001b[0mGET /api/v1/events \u001b[32m200\u001b[0m 138.180 ms - -\u001b[0m","timestamp":"2026-07-07 10:31:36"}
{"level":"info","message":"\u001b[0mGET /api/v1/members/pillars \u001b[32m200\u001b[0m 99.521 ms - 1007\u001b[0m","timestamp":"2026-07-07 10:35:40"}
{"level":"info","message":"\u001b[0mGET /api/v1/events \u001b[32m200\u001b[0m 113.209 ms - -\u001b[0m","timestamp":"2026-07-07 10:35:40"}
{"level":"info","message":"\u001b[0mGET /api/v1/members/pillars \u001b[32m200\u001b[0m 140.311 ms - 1007\u001b[0m","timestamp":"2026-07-07 10:35:40"}
{"level":"info","message":"\u001b[0mGET /api/v1/events \u001b[32m200\u001b[0m 369.835 ms - -\u001b[0m","timestamp":"2026-07-07 10:35:40"}
{"level":"info","message":"\u001b[0mGET /api/v1/members/6a3f811e1dc14d52c9567fab \u001b[32m200\u001b[0m 75.362 ms - 684\u001b[0m","timestamp":"2026-07-07 10:35:53"}
{"level":"info","message":"\u001b[0mGET /api/v1/members/6a3f811e1dc14d52c9567fab \u001b[32m200\u001b[0m 61.432 ms - 684\u001b[0m","timestamp":"2026-07-07 10:35:54"}
{"level":"info","message":"\u001b[0mGET /api/v1/members/pillars \u001b[32m200\u001b[0m 108.013 ms - 1007\u001b[0m","timestamp":"2026-07-07 10:36:13"}
{"level":"info","message":"\u001b[0mGET /api/v1/events \u001b[32m200\u001b[0m 99.804 ms - -\u001b[0m","timestamp":"2026-07-07 10:36:13"}
{"level":"info","message":"\u001b[0mGET /api/v1/members/pillars \u001b[32m200\u001b[0m 69.892 ms - 1007\u001b[0m","timestamp":"2026-07-07 10:36:13"}
{"level":"info","message":"\u001b[0mGET /api/v1/events \u001b[32m200\u001b[0m 139.493 ms - -\u001b[0m","timestamp":"2026-07-07 10:36:13"}
{"level":"info","message":"\u001b[0mGET /api/v1/members/pillars \u001b[32m200\u001b[0m 98.045 ms - 1007\u001b[0m","timestamp":"2026-07-07 10:37:07"}
{"level":"info","message":"\u001b[0mGET /api/v1/events \u001b[32m200\u001b[0m 78.474 ms - -\u001b[0m","timestamp":"2026-07-07 10:37:07"}
{"level":"info","message":"\u001b[0mGET /api/v1/members/pillars \u001b[32m200\u001b[0m 37.255 ms - 1007\u001b[0m","timestamp":"2026-07-07 10:37:07"}
{"level":"info","message":"\u001b[0mGET /api/v1/events \u001b[32m200\u001b[0m 129.414 ms - -\u001b[0m","timestamp":"2026-07-07 10:37:07"}
{"level":"info","message":"\u001b[0mGET /api/v1/members \u001b[32m200\u001b[0m 137.324 ms - -\u001b[0m","timestamp":"2026-07-07 10:37:33"}
{"level":"info","message":"\u001b[0mGET /api/v1/members \u001b[32m200\u001b[0m 64.635 ms - -\u001b[0m","timestamp":"2026-07-07 10:37:33"}
{"level":"info","message":"\u001b[0mGET /api/v1/events \u001b[32m200\u001b[0m 497.203 ms - -\u001b[0m","timestamp":"2026-07-07 10:42:42"}
{"level":"info","message":"\u001b[0mGET /api/v1/events \u001b[32m200\u001b[0m 75.683 ms - -\u001b[0m","timestamp":"2026-07-07 10:42:45"}
{"level":"info","message":"\u001b[0mGET /api/v1/events \u001b[32m200\u001b[0m 104.971 ms - -\u001b[0m","timestamp":"2026-07-07 10:44:09"}
{"level":"info","message":"\u001b[0mGET /api/v1/events \u001b[32m200\u001b[0m 63.283 ms - -\u001b[0m","timestamp":"2026-07-07 10:44:09"}
{"level":"info","message":"\u001b[0mGET /api/v1/events \u001b[32m200\u001b[0m 295.555 ms - -\u001b[0m","timestamp":"2026-07-07 10:44:41"}
{"level":"info","message":"\u001b[0mGET /api/v1/events \u001b[32m200\u001b[0m 128.201 ms - -\u001b[0m","timestamp":"2026-07-07 10:44:41"}
{"level":"info","message":"\u001b[0mGET /api/v1/events \u001b[32m200\u001b[0m 116.206 ms - -\u001b[0m","timestamp":"2026-07-07 11:00:05"}
{"level":"info","message":"\u001b[0mGET /api/v1/events \u001b[32m200\u001b[0m 45.873 ms - -\u001b[0m","timestamp":"2026-07-07 11:00:05"}
{"level":"info","message":"\u001b[0mGET /api/v1/members \u001b[32m200\u001b[0m 77.077 ms - -\u001b[0m","timestamp":"2026-07-07 11:04:27"}
{"level":"info","message":"\u001b[0mGET /api/v1/members \u001b[32m200\u001b[0m 46.688 ms - -\u001b[0m","timestamp":"2026-07-07 11:04:27"}
{"level":"info","message":"\u001b[0mGET /api/v1/events \u001b[32m200\u001b[0m 65.874 ms - -\u001b[0m","timestamp":"2026-07-07 11:05:01"}
{"level":"info","message":"\u001b[0mGET /api/v1/members \u001b[32m200\u001b[0m 55.609 ms - -\u001b[0m","timestamp":"2026-07-07 11:05:53"}
{"level":"info","message":"\u001b[0mGET /api/v1/members \u001b[32m200\u001b[0m 88.540 ms - -\u001b[0m","timestamp":"2026-07-07 11:05:53"}
{"level":"info","message":"\u001b[0mGET /api/v1/members \u001b[32m200\u001b[0m 91.045 ms - -\u001b[0m","timestamp":"2026-07-07 11:08:39"}
{"level":"info","message":"\u001b[0mGET /api/v1/members \u001b[32m200\u001b[0m 52.562 ms - -\u001b[0m","timestamp":"2026-07-07 11:08:39"}
{"level":"info","message":"\u001b[0mGET /api/v1/events \u001b[32m200\u001b[0m 55.475 ms - -\u001b[0m","timestamp":"2026-07-07 11:08:45"}
{"level":"info","message":"\u001b[0mGET /api/v1/events \u001b[32m200\u001b[0m 49.937 ms - -\u001b[0m","timestamp":"2026-07-07 11:08:54"}
{"level":"info","message":"\u001b[0mGET /api/v1/events \u001b[32m200\u001b[0m 42.639 ms - -\u001b[0m","timestamp":"2026-07-07 11:08:54"}
{"level":"info","message":"\u001b[0mGET /api/v1/events \u001b[32m200\u001b[0m 46.952 ms - -\u001b[0m","timestamp":"2026-07-07 11:09:06"}
{"level":"info","message":"\u001b[0mGET /api/v1/events \u001b[32m200\u001b[0m 51.593 ms - -\u001b[0m","timestamp":"2026-07-07 11:09:06"}
{"level":"info","message":"\u001b[0mGET /api/v1/members \u001b[32m200\u001b[0m 45.207 ms - -\u001b[0m","timestamp":"2026-07-07 11:09:10"}
{"level":"info","message":"\u001b[0mGET /api/v1/members \u001b[32m200\u001b[0m 52.436 ms - -\u001b[0m","timestamp":"2026-07-07 11:09:10"}
{"level":"info","message":"\u001b[0mGET /api/v1/events \u001b[32m200\u001b[0m 68.813 ms - -\u001b[0m","timestamp":"2026-07-07 11:15:48"}
{"level":"info","message":"\u001b[0mGET /api/v1/members \u001b[32m200\u001b[0m 146.603 ms - -\u001b[0m","timestamp":"2026-07-07 11:30:28"}
{"level":"info","message":"\u001b[0mGET /api/v1/members \u001b[32m200\u001b[0m 137.504 ms - -\u001b[0m","timestamp":"2026-07-07 11:30:29"}
{"level":"info","message":"\u001b[0mGET /api/v1/members \u001b[32m200\u001b[0m 40.490 ms - -\u001b[0m","timestamp":"2026-07-07 11:32:19"}
{"level":"info","message":"\u001b[0mGET /api/v1/members \u001b[32m200\u001b[0m 46.326 ms - -\u001b[0m","timestamp":"2026-07-07 11:32:19"}
{"level":"info","message":"\u001b[0mGET /api/v1/events \u001b[32m200\u001b[0m 590.620 ms - -\u001b[0m","timestamp":"2026-07-07 11:43:06"}
{"level":"info","message":"\u001b[0mGET /api/v1/events \u001b[32m200\u001b[0m 58.492 ms - -\u001b[0m","timestamp":"2026-07-07 11:43:07"}
{"level":"info","message":"\u001b[0mGET /api/v1/members/pillars \u001b[32m200\u001b[0m 128.004 ms - 1007\u001b[0m","timestamp":"2026-07-07 11:44:08"}
{"level":"info","message":"\u001b[0mGET /api/v1/events \u001b[32m200\u001b[0m 125.830 ms - -\u001b[0m","timestamp":"2026-07-07 11:44:08"}
{"level":"info","message":"\u001b[0mGET /api/v1/members/pillars \u001b[32m200\u001b[0m 104.781 ms - 1007\u001b[0m","timestamp":"2026-07-07 11:44:08"}
{"level":"info","message":"\u001b[0mGET /api/v1/events \u001b[32m200\u001b[0m 86.121 ms - -\u001b[0m","timestamp":"2026-07-07 11:44:08"}
{"level":"info","message":"\u001b[0mGET /api/v1/members/pillars \u001b[32m200\u001b[0m 91.111 ms - 1007\u001b[0m","timestamp":"2026-07-07 11:46:09"}
{"level":"info","message":"\u001b[0mGET /api/v1/events \u001b[32m200\u001b[0m 77.329 ms - -\u001b[0m","timestamp":"2026-07-07 11:46:09"}
{"level":"info","message":"\u001b[0mGET /api/v1/members/pillars \u001b[32m200\u001b[0m 37.239 ms - 1007\u001b[0m","timestamp":"2026-07-07 11:46:09"}
{"level":"info","message":"\u001b[0mGET /api/v1/events \u001b[32m200\u001b[0m 84.416 ms - -\u001b[0m","timestamp":"2026-07-07 11:46:10"}
{"level":"info","message":"\u001b[0mGET /api/v1/members/pillars \u001b[32m200\u001b[0m 90.269 ms - 1007\u001b[0m","timestamp":"2026-07-07 11:47:46"}
{"level":"info","message":"\u001b[0mGET /api/v1/events \u001b[32m200\u001b[0m 89.587 ms - -\u001b[0m","timestamp":"2026-07-07 11:47:46"}
{"level":"info","message":"\u001b[0mGET /api/v1/members/pillars \u001b[32m200\u001b[0m 58.028 ms - 1007\u001b[0m","timestamp":"2026-07-07 11:47:46"}
{"level":"info","message":"\u001b[0mGET /api/v1/events \u001b[32m200\u001b[0m 61.660 ms - -\u001b[0m","timestamp":"2026-07-07 11:47:46"}
{"level":"info","message":"\u001b[0mGET /api/v1/members/pillars \u001b[32m200\u001b[0m 56.360 ms - 1007\u001b[0m","timestamp":"2026-07-07 11:50:32"}
{"level":"info","message":"\u001b[0mGET /api/v1/events \u001b[32m200\u001b[0m 88.346 ms - -\u001b[0m","timestamp":"2026-07-07 11:50:32"}
{"level":"info","message":"\u001b[0mGET /api/v1/members/pillars \u001b[32m200\u001b[0m 71.931 ms - 1007\u001b[0m","timestamp":"2026-07-07 11:50:32"}
{"level":"info","message":"\u001b[0mGET /api/v1/events \u001b[32m200\u001b[0m 67.347 ms - -\u001b[0m","timestamp":"2026-07-07 11:50:32"}
{"level":"info","message":"\u001b[0mGET /api/v1/members/pillars \u001b[32m200\u001b[0m 62.410 ms - 1007\u001b[0m","timestamp":"2026-07-07 11:51:37"}
{"level":"info","message":"\u001b[0mGET /api/v1/events \u001b[32m200\u001b[0m 49.695 ms - -\u001b[0m","timestamp":"2026-07-07 11:51:37"}
{"level":"info","message":"\u001b[0mGET /api/v1/members/pillars \u001b[32m200\u001b[0m 46.689 ms - 1007\u001b[0m","timestamp":"2026-07-07 11:51:37"}
{"level":"info","message":"\u001b[0mGET /api/v1/events \u001b[32m200\u001b[0m 74.013 ms - -\u001b[0m","timestamp":"2026-07-07 11:51:37"}
{"level":"info","message":"\u001b[0mGET /api/v1/members/pillars \u001b[32m200\u001b[0m 50.327 ms - 1007\u001b[0m","timestamp":"2026-07-07 11:51:59"}
{"level":"info","message":"\u001b[0mGET /api/v1/events \u001b[32m200\u001b[0m 36.396 ms - -\u001b[0m","timestamp":"2026-07-07 11:51:59"}
{"level":"info","message":"\u001b[0mGET /api/v1/members/pillars \u001b[32m200\u001b[0m 49.421 ms - 1007\u001b[0m","timestamp":"2026-07-07 11:51:59"}
{"level":"info","message":"\u001b[0mGET /api/v1/events \u001b[32m200\u001b[0m 46.750 ms - -\u001b[0m","timestamp":"2026-07-07 11:51:59"}
{"level":"info","message":"\u001b[0mGET /api/v1/events \u001b[32m200\u001b[0m 59.809 ms - -\u001b[0m","timestamp":"2026-07-07 11:52:05"}
{"level":"info","message":"\u001b[0mGET /api/v1/members \u001b[32m200\u001b[0m 40.547 ms - -\u001b[0m","timestamp":"2026-07-07 11:52:42"}
{"level":"info","message":"\u001b[0mGET /api/v1/members \u001b[32m200\u001b[0m 90.952 ms - -\u001b[0m","timestamp":"2026-07-07 11:52:42"}
{"level":"info","message":"\u001b[0mGET /api/v1/members/pillars \u001b[32m200\u001b[0m 236.531 ms - 1007\u001b[0m","timestamp":"2026-07-07 11:53:32"}
{"level":"info","message":"\u001b[0mGET /api/v1/members/pillars \u001b[32m200\u001b[0m 112.309 ms - 1007\u001b[0m","timestamp":"2026-07-07 11:53:33"}
{"level":"info","message":"\u001b[0mGET /api/v1/events \u001b[32m200\u001b[0m 127.564 ms - -\u001b[0m","timestamp":"2026-07-07 11:53:33"}
{"level":"info","message":"\u001b[0mGET /api/v1/events \u001b[32m200\u001b[0m 263.781 ms - -\u001b[0m","timestamp":"2026-07-07 11:53:33"}
{"level":"info","message":"\u001b[0mGET /api/v1/members/pillars \u001b[32m200\u001b[0m 60.945 ms - 1007\u001b[0m","timestamp":"2026-07-07 11:56:23"}
{"level":"info","message":"\u001b[0mGET /api/v1/events \u001b[32m200\u001b[0m 124.050 ms - -\u001b[0m","timestamp":"2026-07-07 11:56:23"}
{"level":"info","message":"\u001b[0mGET /api/v1/members/pillars \u001b[32m200\u001b[0m 44.862 ms - 1007\u001b[0m","timestamp":"2026-07-07 11:56:23"}
{"level":"info","message":"\u001b[0mGET /api/v1/events \u001b[32m200\u001b[0m 70.237 ms - -\u001b[0m","timestamp":"2026-07-07 11:56:23"}
{"level":"info","message":"\u001b[0mGET /api/v1/members/pillars \u001b[32m200\u001b[0m 177.942 ms - 1007\u001b[0m","timestamp":"2026-07-07 12:02:17"}
{"level":"info","message":"\u001b[0mGET /api/v1/events \u001b[32m200\u001b[0m 165.343 ms - -\u001b[0m","timestamp":"2026-07-07 12:02:17"}
{"level":"info","message":"\u001b[0mGET /api/v1/members/pillars \u001b[32m200\u001b[0m 218.002 ms - 1007\u001b[0m","timestamp":"2026-07-07 12:02:18"}
{"level":"info","message":"\u001b[0mGET /api/v1/events \u001b[32m200\u001b[0m 887.082 ms - -\u001b[0m","timestamp":"2026-07-07 12:02:19"}
{"level":"info","message":"\u001b[0mGET /api/v1/members/pillars \u001b[32m200\u001b[0m 191.038 ms - 1007\u001b[0m","timestamp":"2026-07-07 12:04:17"}
{"level":"info","message":"\u001b[0mGET /api/v1/events \u001b[32m200\u001b[0m 164.342 ms - -\u001b[0m","timestamp":"2026-07-07 12:04:17"}
{"level":"info","message":"\u001b[0mGET /api/v1/members/pillars \u001b[32m200\u001b[0m 49.250 ms - 1007\u001b[0m","timestamp":"2026-07-07 12:04:17"}
{"level":"info","message":"\u001b[0mGET /api/v1/events \u001b[32m200\u001b[0m 315.059 ms - -\u001b[0m","timestamp":"2026-07-07 12:04:18"}
{"level":"info","message":"\u001b[0mGET /api/v1/members/pillars \u001b[32m200\u001b[0m 163.401 ms - 1007\u001b[0m","timestamp":"2026-07-07 12:09:03"}
{"level":"info","message":"\u001b[0mGET /api/v1/members/pillars \u001b[32m200\u001b[0m 38.426 ms - 1007\u001b[0m","timestamp":"2026-07-07 12:09:04"}
{"level":"info","message":"\u001b[0mGET /api/v1/events \u001b[32m200\u001b[0m 313.253 ms - -\u001b[0m","timestamp":"2026-07-07 12:09:04"}
{"level":"info","message":"\u001b[0mGET /api/v1/events \u001b[32m200\u001b[0m 43.470 ms - -\u001b[0m","timestamp":"2026-07-07 12:09:04"}
{"level":"info","message":"\u001b[0mGET /api/v1/events \u001b[32m200\u001b[0m 54.091 ms - -\u001b[0m","timestamp":"2026-07-07 12:09:19"}
{"level":"info","message":"\u001b[0mGET /api/v1/events \u001b[32m200\u001b[0m 45.204 ms - -\u001b[0m","timestamp":"2026-07-07 12:11:27"}
{"level":"info","message":"\u001b[0mGET /api/v1/events \u001b[32m200\u001b[0m 82.848 ms - -\u001b[0m","timestamp":"2026-07-07 12:11:27"}
{"level":"info","message":"\u001b[0mGET /api/v1/events \u001b[32m200\u001b[0m 126.663 ms - -\u001b[0m","timestamp":"2026-07-07 12:13:39"}
{"level":"info","message":"\u001b[0mGET /api/v1/events \u001b[32m200\u001b[0m 48.137 ms - -\u001b[0m","timestamp":"2026-07-07 12:13:39"}
{"level":"info","message":"\u001b[0mGET /api/v1/events \u001b[32m200\u001b[0m 130.679 ms - -\u001b[0m","timestamp":"2026-07-07 12:19:11"}
{"level":"info","message":"\u001b[0mGET /api/v1/members \u001b[32m200\u001b[0m 64.518 ms - -\u001b[0m","timestamp":"2026-07-07 12:19:11"}
{"level":"info","message":"\u001b[0mGET /api/v1/members \u001b[32m200\u001b[0m 399.737 ms - -\u001b[0m","timestamp":"2026-07-07 12:19:12"}
{"level":"info","message":"\u001b[0mGET /api/v1/events \u001b[32m200\u001b[0m 218.348 ms - -\u001b[0m","timestamp":"2026-07-07 12:19:31"}
{"level":"info","message":"\u001b[0mGET /api/v1/events \u001b[32m200\u001b[0m 69.086 ms - -\u001b[0m","timestamp":"2026-07-07 12:19:31"}
{"level":"info","message":"\u001b[0mGET /api/v1/members \u001b[32m200\u001b[0m 98.381 ms - -\u001b[0m","timestamp":"2026-07-07 12:19:57"}
{"level":"info","message":"\u001b[0mGET /api/v1/members \u001b[32m200\u001b[0m 55.882 ms - -\u001b[0m","timestamp":"2026-07-07 12:19:57"}
{"level":"info","message":"\u001b[0mGET /api/v1/events \u001b[32m200\u001b[0m 106.442 ms - -\u001b[0m","timestamp":"2026-07-07 12:26:13"}
{"level":"info","message":"\u001b[0mGET /api/v1/events \u001b[32m200\u001b[0m 64.500 ms - -\u001b[0m","timestamp":"2026-07-07 12:26:13"}
{"level":"info","message":"\u001b[0mGET /api/v1/members \u001b[32m200\u001b[0m 119.165 ms - -\u001b[0m","timestamp":"2026-07-07 12:26:33"}
{"level":"info","message":"\u001b[0mGET /api/v1/members \u001b[32m200\u001b[0m 55.758 ms - -\u001b[0m","timestamp":"2026-07-07 12:26:33"}
{"level":"info","message":"\u001b[0mGET /api/v1/events \u001b[32m200\u001b[0m 45.494 ms - -\u001b[0m","timestamp":"2026-07-07 12:26:41"}
{"level":"info","message":"\u001b[0mGET /api/v1/members \u001b[32m200\u001b[0m 61.102 ms - -\u001b[0m","timestamp":"2026-07-07 12:26:45"}
{"level":"info","message":"\u001b[0mGET /api/v1/members \u001b[32m200\u001b[0m 112.922 ms - -\u001b[0m","timestamp":"2026-07-07 12:26:45"}
{"level":"info","message":"\u001b[0mGET /api/v1/events \u001b[32m200\u001b[0m 136.558 ms - -\u001b[0m","timestamp":"2026-07-07 12:32:40"}
{"level":"info","message":"\u001b[0mGET /api/v1/events \u001b[32m200\u001b[0m 117.377 ms - -\u001b[0m","timestamp":"2026-07-07 12:32:50"}
{"level":"info","message":"\u001b[0mGET /api/v1/events \u001b[32m200\u001b[0m 48.085 ms - -\u001b[0m","timestamp":"2026-07-07 12:32:50"}
{"level":"info","message":"\u001b[0mGET /api/v1/events \u001b[32m200\u001b[0m 154.826 ms - -\u001b[0m","timestamp":"2026-07-07 12:42:20"}
{"level":"info","message":"\u001b[0mGET /api/v1/events \u001b[32m200\u001b[0m 58.753 ms - -\u001b[0m","timestamp":"2026-07-07 12:42:20"}
{"level":"info","message":"\u001b[0mGET /api/v1/events \u001b[32m200\u001b[0m 360.706 ms - -\u001b[0m","timestamp":"2026-07-07 12:54:07"}
{"level":"info","message":"\u001b[0mGET /api/v1/events \u001b[32m200\u001b[0m 84.200 ms - -\u001b[0m","timestamp":"2026-07-07 12:54:07"}
{"level":"info","message":"\u001b[0mGET /api/v1/events \u001b[32m200\u001b[0m 224.665 ms - -\u001b[0m","timestamp":"2026-07-07 12:58:53"}
{"level":"info","message":"\u001b[0mGET /api/v1/events \u001b[32m200\u001b[0m 45.689 ms - -\u001b[0m","timestamp":"2026-07-07 12:58:53"}
{"level":"info","message":"\u001b[0mGET /api/v1/events \u001b[32m200\u001b[0m 53.210 ms - -\u001b[0m","timestamp":"2026-07-07 12:59:11"}
{"level":"info","message":"\u001b[0mGET /api/v1/events \u001b[32m200\u001b[0m 43.103 ms - -\u001b[0m","timestamp":"2026-07-07 12:59:11"}
